========================================
Job ID       : 11039609
Node         : gilbreth-k043
GPU          : NVIDIA A100 80GB PCIe, 81920 MiB
Start time   : Thu Jun 18 04:25:35 EDT 2026
========================================

Dataset check (already pre-downloaded to ./data on the login node,
shared over /home — compute nodes may not have outbound internet):
total 331459
drwxr-xr-x 4 aelmersa student         6 Jun 18 03:35 .
drwxr-xr-x 9 aelmersa student        17 Jun 18 04:25 ..
drwxr-xr-x 2 aelmersa student        10 Jun  4  2009 cifar-10-batches-py
-rw-r--r-- 1 aelmersa student 170498071 Jun 18 03:33 cifar-10-python.tar.gz
drwxr-xr-x 2 aelmersa student         6 Feb 19  2010 cifar-100-python
-rw-r--r-- 1 aelmersa student 169001437 Jun 18 03:35 cifar-100-python.tar.gz

========================================
Running training-dynamics sweep (Phase 4)
========================================
[train-dyn] device=cuda  archs=['resnet18', 'resnet50', 'vgg11', 'vit_b_16', 'convnext_tiny']  datasets=['cifar10', 'cifar100']  seeds=[0, 1, 2]  epochs=25
[train-dyn] resnet18/cifar10 seed=0 epoch=  0/25 test_acc=0.439 active_frac=0.512 eff_rank=41.11 (39.6s)
[train-dyn] resnet18/cifar10 seed=0 epoch=  1/25 test_acc=0.513 active_frac=0.507 eff_rank=46.19 (15.4s)
[train-dyn] resnet18/cifar10 seed=0 epoch=  2/25 test_acc=0.610 active_frac=0.496 eff_rank=49.74 (15.4s)
[train-dyn] resnet18/cifar10 seed=0 epoch=  3/25 test_acc=0.619 active_frac=0.483 eff_rank=51.40 (15.1s)
[train-dyn] resnet18/cifar10 seed=0 epoch=  4/25 test_acc=0.714 active_frac=0.470 eff_rank=52.85 (15.1s)
[train-dyn] resnet18/cifar10 seed=0 epoch=  5/25 test_acc=0.710 active_frac=0.454 eff_rank=53.62 (15.2s)
[train-dyn] resnet18/cifar10 seed=0 epoch=  6/25 test_acc=0.768 active_frac=0.433 eff_rank=53.78 (15.2s)
[train-dyn] resnet18/cifar10 seed=0 epoch=  7/25 test_acc=0.751 active_frac=0.422 eff_rank=54.19 (15.1s)
[train-dyn] resnet18/cifar10 seed=0 epoch=  8/25 test_acc=0.800 active_frac=0.404 eff_rank=54.42 (15.4s)
[train-dyn] resnet18/cifar10 seed=0 epoch=  9/25 test_acc=0.782 active_frac=0.397 eff_rank=54.39 (15.4s)
[train-dyn] resnet18/cifar10 seed=0 epoch= 10/25 test_acc=0.819 active_frac=0.396 eff_rank=54.51 (15.4s)
[train-dyn] resnet18/cifar10 seed=0 epoch= 11/25 test_acc=0.835 active_frac=0.389 eff_rank=54.47 (15.4s)
[train-dyn] resnet18/cifar10 seed=0 epoch= 12/25 test_acc=0.823 active_frac=0.387 eff_rank=54.52 (15.4s)
[train-dyn] resnet18/cifar10 seed=0 epoch= 13/25 test_acc=0.850 active_frac=0.382 eff_rank=54.64 (15.4s)
[train-dyn] resnet18/cifar10 seed=0 epoch= 14/25 test_acc=0.837 active_frac=0.379 eff_rank=54.78 (15.4s)
[train-dyn] resnet18/cifar10 seed=0 epoch= 15/25 test_acc=0.870 active_frac=0.380 eff_rank=54.73 (15.4s)
[train-dyn] resnet18/cifar10 seed=0 epoch= 16/25 test_acc=0.884 active_frac=0.377 eff_rank=54.81 (15.4s)
[train-dyn] resnet18/cifar10 seed=0 epoch= 17/25 test_acc=0.883 active_frac=0.374 eff_rank=54.86 (15.3s)
[train-dyn] resnet18/cifar10 seed=0 epoch= 18/25 test_acc=0.898 active_frac=0.373 eff_rank=54.91 (15.2s)
[train-dyn] resnet18/cifar10 seed=0 epoch= 19/25 test_acc=0.909 active_frac=0.373 eff_rank=54.97 (15.1s)
[train-dyn] resnet18/cifar10 seed=0 epoch= 20/25 test_acc=0.910 active_frac=0.372 eff_rank=55.01 (15.2s)
[train-dyn] resnet18/cifar10 seed=0 epoch= 21/25 test_acc=0.918 active_frac=0.372 eff_rank=55.02 (15.0s)
[train-dyn] resnet18/cifar10 seed=0 epoch= 22/25 test_acc=0.922 active_frac=0.371 eff_rank=55.30 (15.1s)
[train-dyn] resnet18/cifar10 seed=0 epoch= 23/25 test_acc=0.923 active_frac=0.371 eff_rank=55.06 (15.0s)
[train-dyn] resnet18/cifar10 seed=0 epoch= 24/25 test_acc=0.925 active_frac=0.371 eff_rank=55.15 (15.1s)
[train-dyn] resnet18/cifar10 seed=0 done in 6.8 min
[train-dyn] resnet18/cifar10 seed=1 epoch=  0/25 test_acc=0.438 active_frac=0.523 eff_rank=39.66 (15.1s)
[train-dyn] resnet18/cifar10 seed=1 epoch=  1/25 test_acc=0.554 active_frac=0.503 eff_rank=45.89 (15.1s)
[train-dyn] resnet18/cifar10 seed=1 epoch=  2/25 test_acc=0.602 active_frac=0.486 eff_rank=49.91 (15.2s)
[train-dyn] resnet18/cifar10 seed=1 epoch=  3/25 test_acc=0.681 active_frac=0.462 eff_rank=51.01 (15.2s)
[train-dyn] resnet18/cifar10 seed=1 epoch=  4/25 test_acc=0.736 active_frac=0.447 eff_rank=53.15 (14.8s)
[train-dyn] resnet18/cifar10 seed=1 epoch=  5/25 test_acc=0.768 active_frac=0.429 eff_rank=53.78 (15.0s)
[train-dyn] resnet18/cifar10 seed=1 epoch=  6/25 test_acc=0.794 active_frac=0.410 eff_rank=53.99 (15.0s)
[train-dyn] resnet18/cifar10 seed=1 epoch=  7/25 test_acc=0.819 active_frac=0.398 eff_rank=54.13 (15.0s)
[train-dyn] resnet18/cifar10 seed=1 epoch=  8/25 test_acc=0.820 active_frac=0.387 eff_rank=54.41 (15.0s)
[train-dyn] resnet18/cifar10 seed=1 epoch=  9/25 test_acc=0.834 active_frac=0.381 eff_rank=54.38 (14.8s)
[train-dyn] resnet18/cifar10 seed=1 epoch= 10/25 test_acc=0.787 active_frac=0.377 eff_rank=54.57 (14.9s)
[train-dyn] resnet18/cifar10 seed=1 epoch= 11/25 test_acc=0.845 active_frac=0.375 eff_rank=54.49 (15.0s)
[train-dyn] resnet18/cifar10 seed=1 epoch= 12/25 test_acc=0.835 active_frac=0.374 eff_rank=54.74 (14.9s)
[train-dyn] resnet18/cifar10 seed=1 epoch= 13/25 test_acc=0.859 active_frac=0.372 eff_rank=54.60 (15.0s)
[train-dyn] resnet18/cifar10 seed=1 epoch= 14/25 test_acc=0.847 active_frac=0.369 eff_rank=54.98 (14.9s)
[train-dyn] resnet18/cifar10 seed=1 epoch= 15/25 test_acc=0.882 active_frac=0.366 eff_rank=54.77 (15.0s)
[train-dyn] resnet18/cifar10 seed=1 epoch= 16/25 test_acc=0.880 active_frac=0.369 eff_rank=54.96 (15.0s)
[train-dyn] resnet18/cifar10 seed=1 epoch= 17/25 test_acc=0.890 active_frac=0.366 eff_rank=55.02 (14.9s)
[train-dyn] resnet18/cifar10 seed=1 epoch= 18/25 test_acc=0.903 active_frac=0.365 eff_rank=55.06 (14.9s)
[train-dyn] resnet18/cifar10 seed=1 epoch= 19/25 test_acc=0.905 active_frac=0.364 eff_rank=55.13 (14.8s)
[train-dyn] resnet18/cifar10 seed=1 epoch= 20/25 test_acc=0.913 active_frac=0.364 eff_rank=55.08 (15.1s)
[train-dyn] resnet18/cifar10 seed=1 epoch= 21/25 test_acc=0.919 active_frac=0.364 eff_rank=55.09 (14.9s)
[train-dyn] resnet18/cifar10 seed=1 epoch= 22/25 test_acc=0.924 active_frac=0.364 eff_rank=55.08 (15.0s)
[train-dyn] resnet18/cifar10 seed=1 epoch= 23/25 test_acc=0.926 active_frac=0.364 eff_rank=55.35 (15.1s)
[train-dyn] resnet18/cifar10 seed=1 epoch= 24/25 test_acc=0.925 active_frac=0.364 eff_rank=55.18 (14.8s)
[train-dyn] resnet18/cifar10 seed=1 done in 6.3 min
[train-dyn] resnet18/cifar10 seed=2 epoch=  0/25 test_acc=0.426 active_frac=0.498 eff_rank=39.35 (14.7s)
[train-dyn] resnet18/cifar10 seed=2 epoch=  1/25 test_acc=0.541 active_frac=0.491 eff_rank=44.56 (14.8s)
[train-dyn] resnet18/cifar10 seed=2 epoch=  2/25 test_acc=0.617 active_frac=0.489 eff_rank=48.99 (14.7s)
[train-dyn] resnet18/cifar10 seed=2 epoch=  3/25 test_acc=0.683 active_frac=0.475 eff_rank=50.59 (14.8s)
[train-dyn] resnet18/cifar10 seed=2 epoch=  4/25 test_acc=0.722 active_frac=0.463 eff_rank=52.07 (14.8s)
[train-dyn] resnet18/cifar10 seed=2 epoch=  5/25 test_acc=0.688 active_frac=0.442 eff_rank=52.91 (14.7s)
[train-dyn] resnet18/cifar10 seed=2 epoch=  6/25 test_acc=0.791 active_frac=0.432 eff_rank=53.82 (14.7s)
[train-dyn] resnet18/cifar10 seed=2 epoch=  7/25 test_acc=0.762 active_frac=0.414 eff_rank=54.11 (14.8s)
[train-dyn] resnet18/cifar10 seed=2 epoch=  8/25 test_acc=0.766 active_frac=0.403 eff_rank=54.00 (14.8s)
[train-dyn] resnet18/cifar10 seed=2 epoch=  9/25 test_acc=0.785 active_frac=0.397 eff_rank=54.52 (14.8s)
[train-dyn] resnet18/cifar10 seed=2 epoch= 10/25 test_acc=0.836 active_frac=0.394 eff_rank=54.09 (14.8s)
[train-dyn] resnet18/cifar10 seed=2 epoch= 11/25 test_acc=0.822 active_frac=0.392 eff_rank=54.28 (14.8s)
[train-dyn] resnet18/cifar10 seed=2 epoch= 12/25 test_acc=0.834 active_frac=0.388 eff_rank=54.48 (14.8s)
[train-dyn] resnet18/cifar10 seed=2 epoch= 13/25 test_acc=0.848 active_frac=0.389 eff_rank=54.50 (14.8s)
[train-dyn] resnet18/cifar10 seed=2 epoch= 14/25 test_acc=0.849 active_frac=0.386 eff_rank=54.70 (14.8s)
[train-dyn] resnet18/cifar10 seed=2 epoch= 15/25 test_acc=0.838 active_frac=0.387 eff_rank=54.66 (14.9s)
[train-dyn] resnet18/cifar10 seed=2 epoch= 16/25 test_acc=0.859 active_frac=0.385 eff_rank=54.49 (15.0s)
[train-dyn] resnet18/cifar10 seed=2 epoch= 17/25 test_acc=0.890 active_frac=0.381 eff_rank=54.81 (14.9s)
[train-dyn] resnet18/cifar10 seed=2 epoch= 18/25 test_acc=0.894 active_frac=0.380 eff_rank=54.82 (14.9s)
[train-dyn] resnet18/cifar10 seed=2 epoch= 19/25 test_acc=0.902 active_frac=0.378 eff_rank=54.97 (15.0s)
[train-dyn] resnet18/cifar10 seed=2 epoch= 20/25 test_acc=0.915 active_frac=0.378 eff_rank=54.94 (14.8s)
[train-dyn] resnet18/cifar10 seed=2 epoch= 21/25 test_acc=0.921 active_frac=0.379 eff_rank=54.86 (14.8s)
[train-dyn] resnet18/cifar10 seed=2 epoch= 22/25 test_acc=0.922 active_frac=0.378 eff_rank=55.07 (14.8s)
[train-dyn] resnet18/cifar10 seed=2 epoch= 23/25 test_acc=0.926 active_frac=0.378 eff_rank=55.05 (14.8s)
[train-dyn] resnet18/cifar10 seed=2 epoch= 24/25 test_acc=0.925 active_frac=0.378 eff_rank=54.94 (14.9s)
[train-dyn] resnet18/cifar10 seed=2 done in 6.2 min
[train-dyn] resnet50/cifar10 seed=0 epoch=  0/25 test_acc=0.264 active_frac=0.536 eff_rank=22.81 (21.0s)
[train-dyn] resnet50/cifar10 seed=0 epoch=  1/25 test_acc=0.334 active_frac=0.509 eff_rank=25.00 (19.6s)
[train-dyn] resnet50/cifar10 seed=0 epoch=  2/25 test_acc=0.402 active_frac=0.504 eff_rank=29.42 (19.6s)
[train-dyn] resnet50/cifar10 seed=0 epoch=  3/25 test_acc=0.491 active_frac=0.499 eff_rank=33.51 (19.6s)
[train-dyn] resnet50/cifar10 seed=0 epoch=  4/25 test_acc=0.538 active_frac=0.495 eff_rank=37.02 (19.6s)
[train-dyn] resnet50/cifar10 seed=0 epoch=  5/25 test_acc=0.631 active_frac=0.491 eff_rank=39.79 (19.6s)
[train-dyn] resnet50/cifar10 seed=0 epoch=  6/25 test_acc=0.638 active_frac=0.486 eff_rank=42.10 (19.6s)
[train-dyn] resnet50/cifar10 seed=0 epoch=  7/25 test_acc=0.708 active_frac=0.480 eff_rank=44.56 (19.6s)
[train-dyn] resnet50/cifar10 seed=0 epoch=  8/25 test_acc=0.738 active_frac=0.472 eff_rank=45.37 (19.6s)
[train-dyn] resnet50/cifar10 seed=0 epoch=  9/25 test_acc=0.726 active_frac=0.469 eff_rank=47.02 (19.6s)
[train-dyn] resnet50/cifar10 seed=0 epoch= 10/25 test_acc=0.773 active_frac=0.463 eff_rank=47.66 (19.6s)
[train-dyn] resnet50/cifar10 seed=0 epoch= 11/25 test_acc=0.790 active_frac=0.463 eff_rank=49.00 (19.6s)
[train-dyn] resnet50/cifar10 seed=0 epoch= 12/25 test_acc=0.773 active_frac=0.453 eff_rank=48.72 (19.6s)
[train-dyn] resnet50/cifar10 seed=0 epoch= 13/25 test_acc=0.810 active_frac=0.453 eff_rank=49.42 (19.6s)
[train-dyn] resnet50/cifar10 seed=0 epoch= 14/25 test_acc=0.832 active_frac=0.452 eff_rank=49.97 (19.6s)
[train-dyn] resnet50/cifar10 seed=0 epoch= 15/25 test_acc=0.821 active_frac=0.452 eff_rank=50.13 (19.6s)
[train-dyn] resnet50/cifar10 seed=0 epoch= 16/25 test_acc=0.838 active_frac=0.454 eff_rank=51.17 (19.6s)
[train-dyn] resnet50/cifar10 seed=0 epoch= 17/25 test_acc=0.851 active_frac=0.451 eff_rank=50.99 (19.6s)
[train-dyn] resnet50/cifar10 seed=0 epoch= 18/25 test_acc=0.863 active_frac=0.451 eff_rank=51.23 (19.6s)
[train-dyn] resnet50/cifar10 seed=0 epoch= 19/25 test_acc=0.873 active_frac=0.448 eff_rank=51.03 (19.6s)
[train-dyn] resnet50/cifar10 seed=0 epoch= 20/25 test_acc=0.893 active_frac=0.450 eff_rank=51.35 (19.6s)
[train-dyn] resnet50/cifar10 seed=0 epoch= 21/25 test_acc=0.900 active_frac=0.449 eff_rank=51.60 (19.6s)
[train-dyn] resnet50/cifar10 seed=0 epoch= 22/25 test_acc=0.906 active_frac=0.449 eff_rank=51.59 (19.6s)
[train-dyn] resnet50/cifar10 seed=0 epoch= 23/25 test_acc=0.910 active_frac=0.449 eff_rank=51.60 (19.6s)
[train-dyn] resnet50/cifar10 seed=0 epoch= 24/25 test_acc=0.911 active_frac=0.449 eff_rank=51.76 (19.6s)
[train-dyn] resnet50/cifar10 seed=0 done in 8.2 min
[train-dyn] resnet50/cifar10 seed=1 epoch=  0/25 test_acc=0.278 active_frac=0.546 eff_rank=31.33 (19.7s)
[train-dyn] resnet50/cifar10 seed=1 epoch=  1/25 test_acc=0.403 active_frac=0.539 eff_rank=31.30 (19.6s)
[train-dyn] resnet50/cifar10 seed=1 epoch=  2/25 test_acc=0.460 active_frac=0.534 eff_rank=34.43 (19.6s)
[train-dyn] resnet50/cifar10 seed=1 epoch=  3/25 test_acc=0.531 active_frac=0.525 eff_rank=36.84 (19.6s)
[train-dyn] resnet50/cifar10 seed=1 epoch=  4/25 test_acc=0.616 active_frac=0.516 eff_rank=38.95 (19.6s)
[train-dyn] resnet50/cifar10 seed=1 epoch=  5/25 test_acc=0.680 active_frac=0.505 eff_rank=41.30 (19.6s)
[train-dyn] resnet50/cifar10 seed=1 epoch=  6/25 test_acc=0.630 active_frac=0.498 eff_rank=42.83 (19.6s)
[train-dyn] resnet50/cifar10 seed=1 epoch=  7/25 test_acc=0.719 active_frac=0.490 eff_rank=43.91 (19.6s)
[train-dyn] resnet50/cifar10 seed=1 epoch=  8/25 test_acc=0.689 active_frac=0.484 eff_rank=45.43 (19.6s)
[train-dyn] resnet50/cifar10 seed=1 epoch=  9/25 test_acc=0.724 active_frac=0.477 eff_rank=46.54 (19.6s)
[train-dyn] resnet50/cifar10 seed=1 epoch= 10/25 test_acc=0.777 active_frac=0.474 eff_rank=46.89 (19.6s)
[train-dyn] resnet50/cifar10 seed=1 epoch= 11/25 test_acc=0.752 active_frac=0.472 eff_rank=48.40 (19.6s)
[train-dyn] resnet50/cifar10 seed=1 epoch= 12/25 test_acc=0.785 active_frac=0.469 eff_rank=48.28 (19.6s)
[train-dyn] resnet50/cifar10 seed=1 epoch= 13/25 test_acc=0.821 active_frac=0.464 eff_rank=49.13 (19.6s)
[train-dyn] resnet50/cifar10 seed=1 epoch= 14/25 test_acc=0.816 active_frac=0.460 eff_rank=49.42 (19.6s)
[train-dyn] resnet50/cifar10 seed=1 epoch= 15/25 test_acc=0.843 active_frac=0.462 eff_rank=49.74 (19.6s)
[train-dyn] resnet50/cifar10 seed=1 epoch= 16/25 test_acc=0.810 active_frac=0.464 eff_rank=50.22 (19.6s)
[train-dyn] resnet50/cifar10 seed=1 epoch= 17/25 test_acc=0.865 active_frac=0.463 eff_rank=50.38 (19.6s)
[train-dyn] resnet50/cifar10 seed=1 epoch= 18/25 test_acc=0.880 active_frac=0.460 eff_rank=50.43 (19.6s)
[train-dyn] resnet50/cifar10 seed=1 epoch= 19/25 test_acc=0.886 active_frac=0.461 eff_rank=50.74 (19.6s)
[train-dyn] resnet50/cifar10 seed=1 epoch= 20/25 test_acc=0.885 active_frac=0.463 eff_rank=51.25 (19.6s)
[train-dyn] resnet50/cifar10 seed=1 epoch= 21/25 test_acc=0.907 active_frac=0.462 eff_rank=51.10 (19.6s)
[train-dyn] resnet50/cifar10 seed=1 epoch= 22/25 test_acc=0.907 active_frac=0.463 eff_rank=51.41 (19.6s)
[train-dyn] resnet50/cifar10 seed=1 epoch= 23/25 test_acc=0.912 active_frac=0.463 eff_rank=51.43 (19.6s)
[train-dyn] resnet50/cifar10 seed=1 epoch= 24/25 test_acc=0.916 active_frac=0.463 eff_rank=51.40 (19.6s)
[train-dyn] resnet50/cifar10 seed=1 done in 8.2 min
[train-dyn] resnet50/cifar10 seed=2 epoch=  0/25 test_acc=0.239 active_frac=0.545 eff_rank=22.17 (19.7s)
[train-dyn] resnet50/cifar10 seed=2 epoch=  1/25 test_acc=0.378 active_frac=0.540 eff_rank=28.67 (19.6s)
[train-dyn] resnet50/cifar10 seed=2 epoch=  2/25 test_acc=0.485 active_frac=0.522 eff_rank=30.56 (19.7s)
[train-dyn] resnet50/cifar10 seed=2 epoch=  3/25 test_acc=0.573 active_frac=0.515 eff_rank=36.14 (19.7s)
[train-dyn] resnet50/cifar10 seed=2 epoch=  4/25 test_acc=0.626 active_frac=0.512 eff_rank=40.67 (19.7s)
[train-dyn] resnet50/cifar10 seed=2 epoch=  5/25 test_acc=0.662 active_frac=0.494 eff_rank=41.22 (19.7s)
[train-dyn] resnet50/cifar10 seed=2 epoch=  6/25 test_acc=0.718 active_frac=0.488 eff_rank=43.91 (19.7s)
[train-dyn] resnet50/cifar10 seed=2 epoch=  7/25 test_acc=0.736 active_frac=0.478 eff_rank=44.82 (19.7s)
[train-dyn] resnet50/cifar10 seed=2 epoch=  8/25 test_acc=0.760 active_frac=0.470 eff_rank=46.46 (19.7s)
[train-dyn] resnet50/cifar10 seed=2 epoch=  9/25 test_acc=0.775 active_frac=0.467 eff_rank=47.66 (19.7s)
[train-dyn] resnet50/cifar10 seed=2 epoch= 10/25 test_acc=0.803 active_frac=0.462 eff_rank=48.33 (19.7s)
[train-dyn] resnet50/cifar10 seed=2 epoch= 11/25 test_acc=0.818 active_frac=0.458 eff_rank=48.98 (19.6s)
[train-dyn] resnet50/cifar10 seed=2 epoch= 12/25 test_acc=0.797 active_frac=0.459 eff_rank=49.70 (19.6s)
[train-dyn] resnet50/cifar10 seed=2 epoch= 13/25 test_acc=0.776 active_frac=0.456 eff_rank=50.17 (19.7s)
[train-dyn] resnet50/cifar10 seed=2 epoch= 14/25 test_acc=0.823 active_frac=0.455 eff_rank=51.24 (19.7s)
[train-dyn] resnet50/cifar10 seed=2 epoch= 15/25 test_acc=0.824 active_frac=0.450 eff_rank=51.05 (19.6s)
[train-dyn] resnet50/cifar10 seed=2 epoch= 16/25 test_acc=0.858 active_frac=0.452 eff_rank=51.66 (19.6s)
[train-dyn] resnet50/cifar10 seed=2 epoch= 17/25 test_acc=0.824 active_frac=0.451 eff_rank=51.84 (19.6s)
[train-dyn] resnet50/cifar10 seed=2 epoch= 18/25 test_acc=0.879 active_frac=0.450 eff_rank=52.02 (19.6s)
[train-dyn] resnet50/cifar10 seed=2 epoch= 19/25 test_acc=0.883 active_frac=0.451 eff_rank=52.40 (19.6s)
[train-dyn] resnet50/cifar10 seed=2 epoch= 20/25 test_acc=0.898 active_frac=0.452 eff_rank=52.51 (19.6s)
[train-dyn] resnet50/cifar10 seed=2 epoch= 21/25 test_acc=0.903 active_frac=0.452 eff_rank=52.61 (19.7s)
[train-dyn] resnet50/cifar10 seed=2 epoch= 22/25 test_acc=0.910 active_frac=0.452 eff_rank=52.80 (19.6s)
[train-dyn] resnet50/cifar10 seed=2 epoch= 23/25 test_acc=0.914 active_frac=0.452 eff_rank=52.69 (19.6s)
[train-dyn] resnet50/cifar10 seed=2 epoch= 24/25 test_acc=0.914 active_frac=0.452 eff_rank=52.95 (19.6s)
[train-dyn] resnet50/cifar10 seed=2 done in 8.2 min
[train-dyn] vgg11/cifar10 seed=0 epoch=  0/25 test_acc=0.415 active_frac=0.544 eff_rank=33.98 (13.7s)
[train-dyn] vgg11/cifar10 seed=0 epoch=  1/25 test_acc=0.583 active_frac=0.544 eff_rank=37.86 (13.3s)
[train-dyn] vgg11/cifar10 seed=0 epoch=  2/25 test_acc=0.609 active_frac=0.525 eff_rank=39.89 (13.5s)
[train-dyn] vgg11/cifar10 seed=0 epoch=  3/25 test_acc=0.733 active_frac=0.504 eff_rank=41.40 (13.3s)
[train-dyn] vgg11/cifar10 seed=0 epoch=  4/25 test_acc=0.768 active_frac=0.491 eff_rank=42.05 (13.3s)
[train-dyn] vgg11/cifar10 seed=0 epoch=  5/25 test_acc=0.759 active_frac=0.479 eff_rank=42.84 (13.4s)
[train-dyn] vgg11/cifar10 seed=0 epoch=  6/25 test_acc=0.735 active_frac=0.472 eff_rank=43.27 (13.4s)
[train-dyn] vgg11/cifar10 seed=0 epoch=  7/25 test_acc=0.792 active_frac=0.466 eff_rank=43.66 (13.3s)
[train-dyn] vgg11/cifar10 seed=0 epoch=  8/25 test_acc=0.729 active_frac=0.461 eff_rank=43.43 (13.3s)
[train-dyn] vgg11/cifar10 seed=0 epoch=  9/25 test_acc=0.822 active_frac=0.460 eff_rank=43.58 (13.4s)
[train-dyn] vgg11/cifar10 seed=0 epoch= 10/25 test_acc=0.806 active_frac=0.458 eff_rank=43.74 (13.4s)
[train-dyn] vgg11/cifar10 seed=0 epoch= 11/25 test_acc=0.795 active_frac=0.459 eff_rank=44.20 (13.3s)
[train-dyn] vgg11/cifar10 seed=0 epoch= 12/25 test_acc=0.831 active_frac=0.453 eff_rank=44.06 (13.3s)
[train-dyn] vgg11/cifar10 seed=0 epoch= 13/25 test_acc=0.840 active_frac=0.461 eff_rank=44.47 (13.4s)
[train-dyn] vgg11/cifar10 seed=0 epoch= 14/25 test_acc=0.833 active_frac=0.457 eff_rank=44.19 (13.5s)
[train-dyn] vgg11/cifar10 seed=0 epoch= 15/25 test_acc=0.849 active_frac=0.454 eff_rank=44.27 (13.4s)
[train-dyn] vgg11/cifar10 seed=0 epoch= 16/25 test_acc=0.859 active_frac=0.453 eff_rank=44.56 (13.4s)
[train-dyn] vgg11/cifar10 seed=0 epoch= 17/25 test_acc=0.866 active_frac=0.455 eff_rank=44.80 (13.4s)
[train-dyn] vgg11/cifar10 seed=0 epoch= 18/25 test_acc=0.868 active_frac=0.452 eff_rank=45.00 (13.5s)
[train-dyn] vgg11/cifar10 seed=0 epoch= 19/25 test_acc=0.888 active_frac=0.453 eff_rank=45.10 (13.4s)
[train-dyn] vgg11/cifar10 seed=0 epoch= 20/25 test_acc=0.896 active_frac=0.453 eff_rank=45.08 (13.4s)
[train-dyn] vgg11/cifar10 seed=0 epoch= 21/25 test_acc=0.898 active_frac=0.454 eff_rank=45.22 (13.3s)
[train-dyn] vgg11/cifar10 seed=0 epoch= 22/25 test_acc=0.904 active_frac=0.453 eff_rank=45.21 (13.5s)
[train-dyn] vgg11/cifar10 seed=0 epoch= 23/25 test_acc=0.907 active_frac=0.454 eff_rank=45.57 (13.4s)
[train-dyn] vgg11/cifar10 seed=0 epoch= 24/25 test_acc=0.910 active_frac=0.454 eff_rank=45.49 (13.4s)
[train-dyn] vgg11/cifar10 seed=0 done in 5.6 min
[train-dyn] vgg11/cifar10 seed=1 epoch=  0/25 test_acc=0.425 active_frac=0.541 eff_rank=33.91 (13.5s)
[train-dyn] vgg11/cifar10 seed=1 epoch=  1/25 test_acc=0.540 active_frac=0.538 eff_rank=37.50 (13.4s)
[train-dyn] vgg11/cifar10 seed=1 epoch=  2/25 test_acc=0.591 active_frac=0.530 eff_rank=40.41 (13.4s)
[train-dyn] vgg11/cifar10 seed=1 epoch=  3/25 test_acc=0.659 active_frac=0.509 eff_rank=41.27 (13.4s)
[train-dyn] vgg11/cifar10 seed=1 epoch=  4/25 test_acc=0.743 active_frac=0.486 eff_rank=41.72 (13.5s)
[train-dyn] vgg11/cifar10 seed=1 epoch=  5/25 test_acc=0.760 active_frac=0.476 eff_rank=42.51 (13.4s)
[train-dyn] vgg11/cifar10 seed=1 epoch=  6/25 test_acc=0.726 active_frac=0.467 eff_rank=43.03 (13.3s)
[train-dyn] vgg11/cifar10 seed=1 epoch=  7/25 test_acc=0.782 active_frac=0.460 eff_rank=43.05 (13.4s)
[train-dyn] vgg11/cifar10 seed=1 epoch=  8/25 test_acc=0.795 active_frac=0.458 eff_rank=43.79 (13.5s)
[train-dyn] vgg11/cifar10 seed=1 epoch=  9/25 test_acc=0.789 active_frac=0.456 eff_rank=43.72 (13.5s)
[train-dyn] vgg11/cifar10 seed=1 epoch= 10/25 test_acc=0.796 active_frac=0.451 eff_rank=43.57 (13.5s)
[train-dyn] vgg11/cifar10 seed=1 epoch= 11/25 test_acc=0.798 active_frac=0.453 eff_rank=43.93 (13.4s)
[train-dyn] vgg11/cifar10 seed=1 epoch= 12/25 test_acc=0.821 active_frac=0.450 eff_rank=43.90 (13.3s)
[train-dyn] vgg11/cifar10 seed=1 epoch= 13/25 test_acc=0.847 active_frac=0.450 eff_rank=43.95 (13.4s)
[train-dyn] vgg11/cifar10 seed=1 epoch= 14/25 test_acc=0.844 active_frac=0.450 eff_rank=44.31 (13.4s)
[train-dyn] vgg11/cifar10 seed=1 epoch= 15/25 test_acc=0.845 active_frac=0.453 eff_rank=44.44 (13.4s)
[train-dyn] vgg11/cifar10 seed=1 epoch= 16/25 test_acc=0.852 active_frac=0.450 eff_rank=44.69 (13.3s)
[train-dyn] vgg11/cifar10 seed=1 epoch= 17/25 test_acc=0.874 active_frac=0.450 eff_rank=44.65 (13.3s)
[train-dyn] vgg11/cifar10 seed=1 epoch= 18/25 test_acc=0.877 active_frac=0.448 eff_rank=44.96 (13.5s)
[train-dyn] vgg11/cifar10 seed=1 epoch= 19/25 test_acc=0.881 active_frac=0.449 eff_rank=45.06 (13.3s)
[train-dyn] vgg11/cifar10 seed=1 epoch= 20/25 test_acc=0.889 active_frac=0.450 eff_rank=45.39 (13.5s)
[train-dyn] vgg11/cifar10 seed=1 epoch= 21/25 test_acc=0.898 active_frac=0.451 eff_rank=45.31 (13.4s)
[train-dyn] vgg11/cifar10 seed=1 epoch= 22/25 test_acc=0.902 active_frac=0.451 eff_rank=45.41 (13.3s)
[train-dyn] vgg11/cifar10 seed=1 epoch= 23/25 test_acc=0.902 active_frac=0.452 eff_rank=45.48 (13.3s)
[train-dyn] vgg11/cifar10 seed=1 epoch= 24/25 test_acc=0.904 active_frac=0.452 eff_rank=45.51 (13.5s)
[train-dyn] vgg11/cifar10 seed=1 done in 5.6 min
[train-dyn] vgg11/cifar10 seed=2 epoch=  0/25 test_acc=0.399 active_frac=0.534 eff_rank=33.15 (13.4s)
[train-dyn] vgg11/cifar10 seed=2 epoch=  1/25 test_acc=0.602 active_frac=0.532 eff_rank=37.64 (13.3s)
[train-dyn] vgg11/cifar10 seed=2 epoch=  2/25 test_acc=0.603 active_frac=0.519 eff_rank=39.39 (13.4s)
[train-dyn] vgg11/cifar10 seed=2 epoch=  3/25 test_acc=0.660 active_frac=0.496 eff_rank=40.62 (13.4s)
[train-dyn] vgg11/cifar10 seed=2 epoch=  4/25 test_acc=0.711 active_frac=0.485 eff_rank=41.42 (13.4s)
[train-dyn] vgg11/cifar10 seed=2 epoch=  5/25 test_acc=0.766 active_frac=0.466 eff_rank=42.10 (13.3s)
[train-dyn] vgg11/cifar10 seed=2 epoch=  6/25 test_acc=0.745 active_frac=0.464 eff_rank=42.73 (13.5s)
[train-dyn] vgg11/cifar10 seed=2 epoch=  7/25 test_acc=0.787 active_frac=0.462 eff_rank=42.99 (13.4s)
[train-dyn] vgg11/cifar10 seed=2 epoch=  8/25 test_acc=0.775 active_frac=0.465 eff_rank=43.14 (13.3s)
[train-dyn] vgg11/cifar10 seed=2 epoch=  9/25 test_acc=0.799 active_frac=0.461 eff_rank=43.47 (13.3s)
[train-dyn] vgg11/cifar10 seed=2 epoch= 10/25 test_acc=0.782 active_frac=0.454 eff_rank=43.32 (13.5s)
[train-dyn] vgg11/cifar10 seed=2 epoch= 11/25 test_acc=0.824 active_frac=0.457 eff_rank=44.16 (13.4s)
[train-dyn] vgg11/cifar10 seed=2 epoch= 12/25 test_acc=0.815 active_frac=0.449 eff_rank=43.89 (13.3s)
[train-dyn] vgg11/cifar10 seed=2 epoch= 13/25 test_acc=0.833 active_frac=0.453 eff_rank=43.95 (13.3s)
[train-dyn] vgg11/cifar10 seed=2 epoch= 14/25 test_acc=0.847 active_frac=0.450 eff_rank=43.86 (13.5s)
[train-dyn] vgg11/cifar10 seed=2 epoch= 15/25 test_acc=0.820 active_frac=0.449 eff_rank=44.30 (13.4s)
[train-dyn] vgg11/cifar10 seed=2 epoch= 16/25 test_acc=0.847 active_frac=0.447 eff_rank=44.18 (13.3s)
[train-dyn] vgg11/cifar10 seed=2 epoch= 17/25 test_acc=0.871 active_frac=0.449 eff_rank=44.24 (13.3s)
[train-dyn] vgg11/cifar10 seed=2 epoch= 18/25 test_acc=0.880 active_frac=0.452 eff_rank=44.72 (13.5s)
[train-dyn] vgg11/cifar10 seed=2 epoch= 19/25 test_acc=0.877 active_frac=0.450 eff_rank=45.05 (13.3s)
[train-dyn] vgg11/cifar10 seed=2 epoch= 20/25 test_acc=0.889 active_frac=0.448 eff_rank=44.73 (13.5s)
[train-dyn] vgg11/cifar10 seed=2 epoch= 21/25 test_acc=0.897 active_frac=0.450 eff_rank=45.17 (13.4s)
[train-dyn] vgg11/cifar10 seed=2 epoch= 22/25 test_acc=0.903 active_frac=0.448 eff_rank=45.18 (13.3s)
[train-dyn] vgg11/cifar10 seed=2 epoch= 23/25 test_acc=0.905 active_frac=0.449 eff_rank=45.18 (13.3s)
[train-dyn] vgg11/cifar10 seed=2 epoch= 24/25 test_acc=0.908 active_frac=0.449 eff_rank=45.04 (13.3s)
[train-dyn] vgg11/cifar10 seed=2 done in 5.6 min
[train-dyn] vit_b_16/cifar10 seed=0 epoch=  0/25 test_acc=0.309 active_frac=0.989 eff_rank=47.44 (413.7s)
[train-dyn] vit_b_16/cifar10 seed=0 epoch=  1/25 test_acc=0.378 active_frac=0.996 eff_rank=50.90 (384.9s)
[train-dyn] vit_b_16/cifar10 seed=0 epoch=  2/25 test_acc=0.472 active_frac=0.999 eff_rank=54.76 (383.4s)
[train-dyn] vit_b_16/cifar10 seed=0 epoch=  3/25 test_acc=0.503 active_frac=1.000 eff_rank=56.60 (383.5s)
[train-dyn] vit_b_16/cifar10 seed=0 epoch=  4/25 test_acc=0.509 active_frac=1.000 eff_rank=56.83 (383.6s)
[train-dyn] vit_b_16/cifar10 seed=0 epoch=  5/25 test_acc=0.534 active_frac=1.000 eff_rank=57.21 (383.6s)
[train-dyn] vit_b_16/cifar10 seed=0 epoch=  6/25 test_acc=0.546 active_frac=1.000 eff_rank=56.25 (383.6s)
[train-dyn] vit_b_16/cifar10 seed=0 epoch=  7/25 test_acc=0.547 active_frac=1.000 eff_rank=57.18 (383.6s)
[train-dyn] vit_b_16/cifar10 seed=0 epoch=  8/25 test_acc=0.563 active_frac=1.000 eff_rank=56.74 (383.5s)
[train-dyn] vit_b_16/cifar10 seed=0 epoch=  9/25 test_acc=0.539 active_frac=1.000 eff_rank=56.28 (383.8s)
[train-dyn] vit_b_16/cifar10 seed=0 epoch= 10/25 test_acc=0.559 active_frac=1.000 eff_rank=55.49 (385.4s)
[train-dyn] vit_b_16/cifar10 seed=0 epoch= 11/25 test_acc=0.573 active_frac=1.000 eff_rank=55.40 (396.0s)
[train-dyn] vit_b_16/cifar10 seed=0 epoch= 12/25 test_acc=0.583 active_frac=1.000 eff_rank=56.01 (383.3s)
[train-dyn] vit_b_16/cifar10 seed=0 epoch= 13/25 test_acc=0.598 active_frac=1.000 eff_rank=54.41 (383.4s)
[train-dyn] vit_b_16/cifar10 seed=0 epoch= 14/25 test_acc=0.601 active_frac=1.000 eff_rank=55.86 (383.5s)
[train-dyn] vit_b_16/cifar10 seed=0 epoch= 15/25 test_acc=0.593 active_frac=1.000 eff_rank=56.18 (383.4s)
[train-dyn] vit_b_16/cifar10 seed=0 epoch= 16/25 test_acc=0.596 active_frac=1.000 eff_rank=56.21 (383.4s)
[train-dyn] vit_b_16/cifar10 seed=0 epoch= 17/25 test_acc=0.597 active_frac=1.000 eff_rank=56.11 (383.4s)
[train-dyn] vit_b_16/cifar10 seed=0 epoch= 18/25 test_acc=0.619 active_frac=1.000 eff_rank=56.64 (383.3s)
[train-dyn] vit_b_16/cifar10 seed=0 epoch= 19/25 test_acc=0.623 active_frac=1.000 eff_rank=57.11 (383.3s)
[train-dyn] vit_b_16/cifar10 seed=0 epoch= 20/25 test_acc=0.627 active_frac=1.000 eff_rank=57.61 (383.4s)
[train-dyn] vit_b_16/cifar10 seed=0 epoch= 21/25 test_acc=0.645 active_frac=1.000 eff_rank=57.62 (394.7s)
[train-dyn] vit_b_16/cifar10 seed=0 epoch= 22/25 test_acc=0.640 active_frac=1.000 eff_rank=57.08 (383.6s)
[train-dyn] vit_b_16/cifar10 seed=0 epoch= 23/25 test_acc=0.649 active_frac=1.000 eff_rank=56.83 (383.2s)
[train-dyn] vit_b_16/cifar10 seed=0 epoch= 24/25 test_acc=0.654 active_frac=1.000 eff_rank=57.76 (383.3s)
[train-dyn] vit_b_16/cifar10 seed=0 done in 160.8 min
[train-dyn] vit_b_16/cifar10 seed=1 epoch=  0/25 test_acc=0.362 active_frac=0.989 eff_rank=48.58 (383.1s)
[train-dyn] vit_b_16/cifar10 seed=1 epoch=  1/25 test_acc=0.472 active_frac=0.997 eff_rank=54.08 (406.7s)
[train-dyn] vit_b_16/cifar10 seed=1 epoch=  2/25 test_acc=0.485 active_frac=0.999 eff_rank=56.79 (383.5s)
[train-dyn] vit_b_16/cifar10 seed=1 epoch=  3/25 test_acc=0.519 active_frac=1.000 eff_rank=57.02 (383.7s)
[train-dyn] vit_b_16/cifar10 seed=1 epoch=  4/25 test_acc=0.529 active_frac=1.000 eff_rank=56.98 (383.8s)
[train-dyn] vit_b_16/cifar10 seed=1 epoch=  5/25 test_acc=0.556 active_frac=1.000 eff_rank=57.23 (383.8s)
[train-dyn] vit_b_16/cifar10 seed=1 epoch=  6/25 test_acc=0.568 active_frac=1.000 eff_rank=56.96 (383.6s)
[train-dyn] vit_b_16/cifar10 seed=1 epoch=  7/25 test_acc=0.572 active_frac=1.000 eff_rank=57.09 (386.1s)
[train-dyn] vit_b_16/cifar10 seed=1 epoch=  8/25 test_acc=0.561 active_frac=1.000 eff_rank=56.76 (383.7s)
[train-dyn] vit_b_16/cifar10 seed=1 epoch=  9/25 test_acc=0.584 active_frac=1.000 eff_rank=57.19 (383.7s)
[train-dyn] vit_b_16/cifar10 seed=1 epoch= 10/25 test_acc=0.593 active_frac=1.000 eff_rank=56.39 (384.1s)
[train-dyn] vit_b_16/cifar10 seed=1 epoch= 11/25 test_acc=0.601 active_frac=1.000 eff_rank=56.05 (392.4s)
[train-dyn] vit_b_16/cifar10 seed=1 epoch= 12/25 test_acc=0.601 active_frac=1.000 eff_rank=56.19 (383.7s)
[train-dyn] vit_b_16/cifar10 seed=1 epoch= 13/25 test_acc=0.602 active_frac=1.000 eff_rank=55.74 (383.8s)
[train-dyn] vit_b_16/cifar10 seed=1 epoch= 14/25 test_acc=0.606 active_frac=1.000 eff_rank=55.62 (383.8s)
[train-dyn] vit_b_16/cifar10 seed=1 epoch= 15/25 test_acc=0.616 active_frac=1.000 eff_rank=55.22 (383.8s)
[train-dyn] vit_b_16/cifar10 seed=1 epoch= 16/25 test_acc=0.626 active_frac=1.000 eff_rank=55.45 (393.8s)
[train-dyn] vit_b_16/cifar10 seed=1 epoch= 17/25 test_acc=0.637 active_frac=1.000 eff_rank=55.11 (385.8s)
[train-dyn] vit_b_16/cifar10 seed=1 epoch= 18/25 test_acc=0.645 active_frac=1.000 eff_rank=57.07 (383.7s)
[train-dyn] vit_b_16/cifar10 seed=1 epoch= 19/25 test_acc=0.647 active_frac=1.000 eff_rank=55.90 (383.6s)
[train-dyn] vit_b_16/cifar10 seed=1 epoch= 20/25 test_acc=0.654 active_frac=1.000 eff_rank=55.97 (383.5s)
[train-dyn] vit_b_16/cifar10 seed=1 epoch= 21/25 test_acc=0.659 active_frac=1.000 eff_rank=55.38 (395.6s)
[train-dyn] vit_b_16/cifar10 seed=1 epoch= 22/25 test_acc=0.665 active_frac=1.000 eff_rank=56.93 (383.5s)
[train-dyn] vit_b_16/cifar10 seed=1 epoch= 23/25 test_acc=0.672 active_frac=1.000 eff_rank=57.73 (383.5s)
[train-dyn] vit_b_16/cifar10 seed=1 epoch= 24/25 test_acc=0.672 active_frac=1.000 eff_rank=56.71 (383.6s)
[train-dyn] vit_b_16/cifar10 seed=1 done in 160.9 min
[train-dyn] vit_b_16/cifar10 seed=2 epoch=  0/25 test_acc=0.307 active_frac=0.987 eff_rank=44.97 (383.1s)
[train-dyn] vit_b_16/cifar10 seed=2 epoch=  1/25 test_acc=0.384 active_frac=0.995 eff_rank=48.09 (383.2s)
[train-dyn] vit_b_16/cifar10 seed=2 epoch=  2/25 test_acc=0.464 active_frac=0.999 eff_rank=51.20 (386.6s)
[train-dyn] vit_b_16/cifar10 seed=2 epoch=  3/25 test_acc=0.491 active_frac=1.000 eff_rank=55.00 (383.5s)
[train-dyn] vit_b_16/cifar10 seed=2 epoch=  4/25 test_acc=0.502 active_frac=1.000 eff_rank=55.03 (383.5s)
[train-dyn] vit_b_16/cifar10 seed=2 epoch=  5/25 test_acc=0.549 active_frac=1.000 eff_rank=56.48 (383.5s)
[train-dyn] vit_b_16/cifar10 seed=2 epoch=  6/25 test_acc=0.548 active_frac=1.000 eff_rank=56.88 (392.8s)
[train-dyn] vit_b_16/cifar10 seed=2 epoch=  7/25 test_acc=0.561 active_frac=1.000 eff_rank=56.95 (383.6s)
[train-dyn] vit_b_16/cifar10 seed=2 epoch=  8/25 test_acc=0.570 active_frac=1.000 eff_rank=56.42 (383.7s)
[train-dyn] vit_b_16/cifar10 seed=2 epoch=  9/25 test_acc=0.555 active_frac=1.000 eff_rank=56.18 (383.5s)
[train-dyn] vit_b_16/cifar10 seed=2 epoch= 10/25 test_acc=0.563 active_frac=1.000 eff_rank=56.03 (394.2s)
[train-dyn] vit_b_16/cifar10 seed=2 epoch= 11/25 test_acc=0.559 active_frac=1.000 eff_rank=56.72 (383.5s)
[train-dyn] vit_b_16/cifar10 seed=2 epoch= 12/25 test_acc=0.558 active_frac=1.000 eff_rank=57.36 (385.5s)
[train-dyn] vit_b_16/cifar10 seed=2 epoch= 13/25 test_acc=0.562 active_frac=1.000 eff_rank=56.85 (383.6s)
[train-dyn] vit_b_16/cifar10 seed=2 epoch= 14/25 test_acc=0.594 active_frac=1.000 eff_rank=54.79 (383.5s)
