Job ID: 11047159  Node: gilbreth-k003  Start: Fri Jun 19 02:46:39 EDT 2026
[pruning-exp] device=cuda activations=['relu', 'gelu', 'silu', 'mish'] seeds=[0, 1, 2] epochs=25 mech_epochs=(0, 6, 12, 18, 24)
[pruning-exp] relu seed=0 epoch=  0/25 [MECH] test_acc=0.413 gate_mean=0.5068 bn_gamma=0.8164 trace=286.23 top_eig=89.51 (54.5s)
[pruning-exp] relu seed=0 epoch=  1/25 test_acc=0.538 (15.5s)
[pruning-exp] relu seed=0 epoch=  2/25 test_acc=0.641 (15.6s)
[pruning-exp] relu seed=0 epoch=  3/25 test_acc=0.637 (15.6s)
[pruning-exp] relu seed=0 epoch=  4/25 test_acc=0.659 (15.6s)
[pruning-exp] relu seed=0 epoch=  5/25 test_acc=0.723 (15.5s)
[pruning-exp] relu seed=0 epoch=  6/25 [MECH] test_acc=0.771 gate_mean=0.4360 bn_gamma=0.2772 trace=451.45 top_eig=99.66 (16.1s)
[pruning-exp] relu seed=0 epoch=  7/25 test_acc=0.789 (15.5s)
[pruning-exp] relu seed=0 epoch=  8/25 test_acc=0.815 (15.5s)
[pruning-exp] relu seed=0 epoch=  9/25 test_acc=0.818 (15.5s)
[pruning-exp] relu seed=0 epoch= 10/25 test_acc=0.820 (15.5s)
[pruning-exp] relu seed=0 epoch= 11/25 test_acc=0.861 (15.6s)
[pruning-exp] relu seed=0 epoch= 12/25 [MECH] test_acc=0.836 gate_mean=0.3864 bn_gamma=0.1781 trace=1624.34 top_eig=183.19 (16.1s)
[pruning-exp] relu seed=0 epoch= 13/25 test_acc=0.854 (15.6s)
[pruning-exp] relu seed=0 epoch= 14/25 test_acc=0.835 (15.6s)
[pruning-exp] relu seed=0 epoch= 15/25 test_acc=0.861 (15.5s)
[pruning-exp] relu seed=0 epoch= 16/25 test_acc=0.878 (15.6s)
[pruning-exp] relu seed=0 epoch= 17/25 test_acc=0.889 (15.5s)
[pruning-exp] relu seed=0 epoch= 18/25 [MECH] test_acc=0.885 gate_mean=0.3768 bn_gamma=0.1592 trace=2040.58 top_eig=260.50 (16.1s)
[pruning-exp] relu seed=0 epoch= 19/25 test_acc=0.908 (15.5s)
[pruning-exp] relu seed=0 epoch= 20/25 test_acc=0.917 (15.5s)
[pruning-exp] relu seed=0 epoch= 21/25 test_acc=0.924 (15.5s)
[pruning-exp] relu seed=0 epoch= 22/25 test_acc=0.924 (15.5s)
[pruning-exp] relu seed=0 epoch= 23/25 test_acc=0.928 (15.5s)
[pruning-exp] relu seed=0 epoch= 24/25 [MECH] test_acc=0.927 gate_mean=0.3762 bn_gamma=0.1541 trace=1290.69 top_eig=239.24 (16.0s)
[pruning-exp] saved checkpoint -> /home/aelmersa/MMLS/gradient_gate/../gradient_gate_outputs/checkpoints/resnet18_relu_seed0.pt
[pruning-exp] relu seed=0 done in 7.2 min
[pruning-exp] relu seed=1 epoch=  0/25 [MECH] test_acc=0.400 gate_mean=0.5198 bn_gamma=0.8152 trace=264.00 top_eig=53.94 (16.0s)
[pruning-exp] relu seed=1 epoch=  1/25 test_acc=0.543 (15.4s)
[pruning-exp] relu seed=1 epoch=  2/25 test_acc=0.599 (15.4s)
[pruning-exp] relu seed=1 epoch=  3/25 test_acc=0.694 (15.4s)
[pruning-exp] relu seed=1 epoch=  4/25 test_acc=0.734 (15.4s)
[pruning-exp] relu seed=1 epoch=  5/25 test_acc=0.762 (15.4s)
[pruning-exp] relu seed=1 epoch=  6/25 [MECH] test_acc=0.756 gate_mean=0.4318 bn_gamma=0.2723 trace=642.02 top_eig=98.54 (16.0s)
[pruning-exp] relu seed=1 epoch=  7/25 test_acc=0.806 (15.3s)
[pruning-exp] relu seed=1 epoch=  8/25 test_acc=0.812 (15.4s)
[pruning-exp] relu seed=1 epoch=  9/25 test_acc=0.817 (15.4s)
[pruning-exp] relu seed=1 epoch= 10/25 test_acc=0.821 (15.4s)
[pruning-exp] relu seed=1 epoch= 11/25 test_acc=0.847 (15.5s)
[pruning-exp] relu seed=1 epoch= 12/25 [MECH] test_acc=0.835 gate_mean=0.3981 bn_gamma=0.1794 trace=770.29 top_eig=145.52 (16.0s)
[pruning-exp] relu seed=1 epoch= 13/25 test_acc=0.856 (15.4s)
[pruning-exp] relu seed=1 epoch= 14/25 test_acc=0.853 (15.4s)
[pruning-exp] relu seed=1 epoch= 15/25 test_acc=0.882 (15.5s)
[pruning-exp] relu seed=1 epoch= 16/25 test_acc=0.869 (15.5s)
[pruning-exp] relu seed=1 epoch= 17/25 test_acc=0.893 (15.4s)
[pruning-exp] relu seed=1 epoch= 18/25 [MECH] test_acc=0.899 gate_mean=0.3900 bn_gamma=0.1604 trace=1889.54 top_eig=231.75 (16.1s)
[pruning-exp] relu seed=1 epoch= 19/25 test_acc=0.907 (15.5s)
[pruning-exp] relu seed=1 epoch= 20/25 test_acc=0.912 (15.5s)
[pruning-exp] relu seed=1 epoch= 21/25 test_acc=0.920 (15.5s)
[pruning-exp] relu seed=1 epoch= 22/25 test_acc=0.921 (15.4s)
[pruning-exp] relu seed=1 epoch= 23/25 test_acc=0.922 (15.4s)
[pruning-exp] relu seed=1 epoch= 24/25 [MECH] test_acc=0.923 gate_mean=0.3879 bn_gamma=0.1548 trace=3792.92 top_eig=390.06 (16.0s)
[pruning-exp] saved checkpoint -> /home/aelmersa/MMLS/gradient_gate/../gradient_gate_outputs/checkpoints/resnet18_relu_seed1.pt
[pruning-exp] relu seed=1 done in 6.5 min
[pruning-exp] relu seed=2 epoch=  0/25 [MECH] test_acc=0.436 gate_mean=0.4977 bn_gamma=0.8068 trace=226.80 top_eig=113.09 (15.9s)
[pruning-exp] relu seed=2 epoch=  1/25 test_acc=0.545 (15.3s)
[pruning-exp] relu seed=2 epoch=  2/25 test_acc=0.661 (15.3s)
[pruning-exp] relu seed=2 epoch=  3/25 test_acc=0.697 (15.7s)
[pruning-exp] relu seed=2 epoch=  4/25 test_acc=0.710 (15.7s)
[pruning-exp] relu seed=2 epoch=  5/25 test_acc=0.745 (15.6s)
[pruning-exp] relu seed=2 epoch=  6/25 [MECH] test_acc=0.766 gate_mean=0.4168 bn_gamma=0.2700 trace=653.41 top_eig=90.56 (16.0s)
[pruning-exp] relu seed=2 epoch=  7/25 test_acc=0.781 (15.5s)
[pruning-exp] relu seed=2 epoch=  8/25 test_acc=0.796 (15.4s)
[pruning-exp] relu seed=2 epoch=  9/25 test_acc=0.827 (15.6s)
[pruning-exp] relu seed=2 epoch= 10/25 test_acc=0.825 (15.5s)
[pruning-exp] relu seed=2 epoch= 11/25 test_acc=0.830 (15.5s)
[pruning-exp] relu seed=2 epoch= 12/25 [MECH] test_acc=0.842 gate_mean=0.3824 bn_gamma=0.1781 trace=870.54 top_eig=106.93 (16.0s)
[pruning-exp] relu seed=2 epoch= 13/25 test_acc=0.831 (15.4s)
[pruning-exp] relu seed=2 epoch= 14/25 test_acc=0.863 (15.4s)
[pruning-exp] relu seed=2 epoch= 15/25 test_acc=0.859 (15.3s)
[pruning-exp] relu seed=2 epoch= 16/25 test_acc=0.864 (15.6s)
[pruning-exp] relu seed=2 epoch= 17/25 test_acc=0.899 (15.4s)
[pruning-exp] relu seed=2 epoch= 18/25 [MECH] test_acc=0.894 gate_mean=0.3758 bn_gamma=0.1597 trace=2044.56 top_eig=176.86 (15.9s)
[pruning-exp] relu seed=2 epoch= 19/25 test_acc=0.900 (15.3s)
[pruning-exp] relu seed=2 epoch= 20/25 test_acc=0.913 (15.4s)
[pruning-exp] relu seed=2 epoch= 21/25 test_acc=0.915 (15.3s)
[pruning-exp] relu seed=2 epoch= 22/25 test_acc=0.922 (15.3s)
[pruning-exp] relu seed=2 epoch= 23/25 test_acc=0.924 (15.4s)
[pruning-exp] relu seed=2 epoch= 24/25 [MECH] test_acc=0.922 gate_mean=0.3741 bn_gamma=0.1546 trace=2918.52 top_eig=313.27 (15.9s)
[pruning-exp] saved checkpoint -> /home/aelmersa/MMLS/gradient_gate/../gradient_gate_outputs/checkpoints/resnet18_relu_seed2.pt
[pruning-exp] relu seed=2 done in 6.5 min
[pruning-exp] gelu seed=0 epoch=  0/25 [MECH] test_acc=0.453 gate_mean=0.5415 bn_gamma=0.8197 trace=45.28 top_eig=64.62 (16.5s)
[pruning-exp] gelu seed=0 epoch=  1/25 test_acc=0.549 (15.4s)
[pruning-exp] gelu seed=0 epoch=  2/25 test_acc=0.682 (15.6s)
[pruning-exp] gelu seed=0 epoch=  3/25 test_acc=0.669 (15.3s)
[pruning-exp] gelu seed=0 epoch=  4/25 test_acc=0.726 (15.4s)
[pruning-exp] gelu seed=0 epoch=  5/25 test_acc=0.753 (15.4s)
[pruning-exp] gelu seed=0 epoch=  6/25 [MECH] test_acc=0.796 gate_mean=0.4689 bn_gamma=0.3166 trace=300.09 top_eig=65.76 (15.9s)
[pruning-exp] gelu seed=0 epoch=  7/25 test_acc=0.791 (15.3s)
[pruning-exp] gelu seed=0 epoch=  8/25 test_acc=0.815 (15.4s)
[pruning-exp] gelu seed=0 epoch=  9/25 test_acc=0.828 (15.3s)
[pruning-exp] gelu seed=0 epoch= 10/25 test_acc=0.838 (15.3s)
[pruning-exp] gelu seed=0 epoch= 11/25 test_acc=0.854 (15.3s)
[pruning-exp] gelu seed=0 epoch= 12/25 [MECH] test_acc=0.853 gate_mean=0.4538 bn_gamma=0.2387 trace=868.02 top_eig=95.71 (15.9s)
[pruning-exp] gelu seed=0 epoch= 13/25 test_acc=0.874 (15.3s)
[pruning-exp] gelu seed=0 epoch= 14/25 test_acc=0.869 (15.4s)
[pruning-exp] gelu seed=0 epoch= 15/25 test_acc=0.884 (15.4s)
[pruning-exp] gelu seed=0 epoch= 16/25 test_acc=0.885 (15.4s)
[pruning-exp] gelu seed=0 epoch= 17/25 test_acc=0.898 (15.3s)
[pruning-exp] gelu seed=0 epoch= 18/25 [MECH] test_acc=0.910 gate_mean=0.4513 bn_gamma=0.2191 trace=1385.31 top_eig=150.09 (15.9s)
[pruning-exp] gelu seed=0 epoch= 19/25 test_acc=0.909 (15.4s)
[pruning-exp] gelu seed=0 epoch= 20/25 test_acc=0.915 (15.3s)
[pruning-exp] gelu seed=0 epoch= 21/25 test_acc=0.922 (15.3s)
[pruning-exp] gelu seed=0 epoch= 22/25 test_acc=0.923 (15.3s)
[pruning-exp] gelu seed=0 epoch= 23/25 test_acc=0.927 (15.3s)
[pruning-exp] gelu seed=0 epoch= 24/25 [MECH] test_acc=0.926 gate_mean=0.4515 bn_gamma=0.2147 trace=1503.85 top_eig=169.06 (15.9s)
[pruning-exp] saved checkpoint -> /home/aelmersa/MMLS/gradient_gate/../gradient_gate_outputs/checkpoints/resnet18_gelu_seed0.pt
[pruning-exp] gelu seed=0 done in 6.5 min
[pruning-exp] gelu seed=1 epoch=  0/25 [MECH] test_acc=0.468 gate_mean=0.5417 bn_gamma=0.8186 trace=70.14 top_eig=37.84 (15.9s)
[pruning-exp] gelu seed=1 epoch=  1/25 test_acc=0.579 (15.4s)
[pruning-exp] gelu seed=1 epoch=  2/25 test_acc=0.653 (15.4s)
[pruning-exp] gelu seed=1 epoch=  3/25 test_acc=0.732 (15.6s)
[pruning-exp] gelu seed=1 epoch=  4/25 test_acc=0.748 (15.3s)
[pruning-exp] gelu seed=1 epoch=  5/25 test_acc=0.757 (15.4s)
[pruning-exp] gelu seed=1 epoch=  6/25 [MECH] test_acc=0.791 gate_mean=0.4734 bn_gamma=0.3202 trace=-98.42 top_eig=69.75 (15.9s)
[pruning-exp] gelu seed=1 epoch=  7/25 test_acc=0.817 (15.5s)
[pruning-exp] gelu seed=1 epoch=  8/25 test_acc=0.819 (15.4s)
[pruning-exp] gelu seed=1 epoch=  9/25 test_acc=0.813 (15.3s)
[pruning-exp] gelu seed=1 epoch= 10/25 test_acc=0.830 (15.3s)
[pruning-exp] gelu seed=1 epoch= 11/25 test_acc=0.848 (15.4s)
[pruning-exp] gelu seed=1 epoch= 12/25 [MECH] test_acc=0.854 gate_mean=0.4579 bn_gamma=0.2438 trace=69.90 top_eig=73.81 (15.9s)
[pruning-exp] gelu seed=1 epoch= 13/25 test_acc=0.866 (15.4s)
[pruning-exp] gelu seed=1 epoch= 14/25 test_acc=0.877 (15.3s)
[pruning-exp] gelu seed=1 epoch= 15/25 test_acc=0.880 (15.3s)
[pruning-exp] gelu seed=1 epoch= 16/25 test_acc=0.891 (15.4s)
[pruning-exp] gelu seed=1 epoch= 17/25 test_acc=0.894 (15.3s)
[pruning-exp] gelu seed=1 epoch= 18/25 [MECH] test_acc=0.905 gate_mean=0.4551 bn_gamma=0.2241 trace=169.01 top_eig=114.79 (16.0s)
[pruning-exp] gelu seed=1 epoch= 19/25 test_acc=0.909 (15.3s)
[pruning-exp] gelu seed=1 epoch= 20/25 test_acc=0.914 (15.4s)
[pruning-exp] gelu seed=1 epoch= 21/25 test_acc=0.921 (15.3s)
[pruning-exp] gelu seed=1 epoch= 22/25 test_acc=0.925 (15.5s)
[pruning-exp] gelu seed=1 epoch= 23/25 test_acc=0.925 (15.3s)
[pruning-exp] gelu seed=1 epoch= 24/25 [MECH] test_acc=0.927 gate_mean=0.4556 bn_gamma=0.2193 trace=1384.75 top_eig=184.76 (16.0s)
[pruning-exp] saved checkpoint -> /home/aelmersa/MMLS/gradient_gate/../gradient_gate_outputs/checkpoints/resnet18_gelu_seed1.pt
[pruning-exp] gelu seed=1 done in 6.5 min
[pruning-exp] gelu seed=2 epoch=  0/25 [MECH] test_acc=0.432 gate_mean=0.5412 bn_gamma=0.8178 trace=-300.88 top_eig=50.03 (15.9s)
[pruning-exp] gelu seed=2 epoch=  1/25 test_acc=0.587 (15.3s)
[pruning-exp] gelu seed=2 epoch=  2/25 test_acc=0.622 (15.3s)
[pruning-exp] gelu seed=2 epoch=  3/25 test_acc=0.703 (15.3s)
[pruning-exp] gelu seed=2 epoch=  4/25 test_acc=0.726 (15.3s)
[pruning-exp] gelu seed=2 epoch=  5/25 test_acc=0.782 (15.3s)
[pruning-exp] gelu seed=2 epoch=  6/25 [MECH] test_acc=0.800 gate_mean=0.4791 bn_gamma=0.3207 trace=491.57 top_eig=38.19 (15.9s)
[pruning-exp] gelu seed=2 epoch=  7/25 test_acc=0.813 (15.4s)
[pruning-exp] gelu seed=2 epoch=  8/25 test_acc=0.819 (15.3s)
[pruning-exp] gelu seed=2 epoch=  9/25 test_acc=0.822 (15.4s)
[pruning-exp] gelu seed=2 epoch= 10/25 test_acc=0.850 (15.3s)
[pruning-exp] gelu seed=2 epoch= 11/25 test_acc=0.850 (15.4s)
[pruning-exp] gelu seed=2 epoch= 12/25 [MECH] test_acc=0.852 gate_mean=0.4644 bn_gamma=0.2469 trace=525.45 top_eig=62.54 (15.9s)
[pruning-exp] gelu seed=2 epoch= 13/25 test_acc=0.864 (15.4s)
[pruning-exp] gelu seed=2 epoch= 14/25 test_acc=0.874 (15.4s)
[pruning-exp] gelu seed=2 epoch= 15/25 test_acc=0.881 (15.3s)
[pruning-exp] gelu seed=2 epoch= 16/25 test_acc=0.889 (15.4s)
[pruning-exp] gelu seed=2 epoch= 17/25 test_acc=0.897 (15.4s)
[pruning-exp] gelu seed=2 epoch= 18/25 [MECH] test_acc=0.900 gate_mean=0.4612 bn_gamma=0.2267 trace=1076.42 top_eig=137.81 (15.9s)
[pruning-exp] gelu seed=2 epoch= 19/25 test_acc=0.895 (15.3s)
[pruning-exp] gelu seed=2 epoch= 20/25 test_acc=0.915 (15.3s)
[pruning-exp] gelu seed=2 epoch= 21/25 test_acc=0.919 (15.4s)
[pruning-exp] gelu seed=2 epoch= 22/25 test_acc=0.922 (15.5s)
[pruning-exp] gelu seed=2 epoch= 23/25 test_acc=0.925 (15.4s)
[pruning-exp] gelu seed=2 epoch= 24/25 [MECH] test_acc=0.927 gate_mean=0.4614 bn_gamma=0.2218 trace=576.51 top_eig=127.58 (16.1s)
[pruning-exp] saved checkpoint -> /home/aelmersa/MMLS/gradient_gate/../gradient_gate_outputs/checkpoints/resnet18_gelu_seed2.pt
[pruning-exp] gelu seed=2 done in 6.5 min
[pruning-exp] silu seed=0 epoch=  0/25 [MECH] test_acc=0.415 gate_mean=0.5227 bn_gamma=0.8208 trace=297.29 top_eig=47.83 (17.5s)
[pruning-exp] silu seed=0 epoch=  1/25 test_acc=0.528 (15.5s)
[pruning-exp] silu seed=0 epoch=  2/25 test_acc=0.639 (15.5s)
[pruning-exp] silu seed=0 epoch=  3/25 test_acc=0.726 (15.5s)
[pruning-exp] silu seed=0 epoch=  4/25 test_acc=0.720 (15.4s)
[pruning-exp] silu seed=0 epoch=  5/25 test_acc=0.747 (15.5s)
[pruning-exp] silu seed=0 epoch=  6/25 [MECH] test_acc=0.794 gate_mean=0.4823 bn_gamma=0.3339 trace=123.08 top_eig=57.13 (16.1s)
[pruning-exp] silu seed=0 epoch=  7/25 test_acc=0.800 (15.4s)
[pruning-exp] silu seed=0 epoch=  8/25 test_acc=0.801 (15.4s)
[pruning-exp] silu seed=0 epoch=  9/25 test_acc=0.813 (15.4s)
[pruning-exp] silu seed=0 epoch= 10/25 test_acc=0.817 (15.5s)
[pruning-exp] silu seed=0 epoch= 11/25 test_acc=0.850 (15.5s)
[pruning-exp] silu seed=0 epoch= 12/25 [MECH] test_acc=0.855 gate_mean=0.4742 bn_gamma=0.2522 trace=281.88 top_eig=52.50 (16.1s)
[pruning-exp] silu seed=0 epoch= 13/25 test_acc=0.853 (15.5s)
[pruning-exp] silu seed=0 epoch= 14/25 test_acc=0.848 (15.3s)
[pruning-exp] silu seed=0 epoch= 15/25 test_acc=0.872 (15.3s)
[pruning-exp] silu seed=0 epoch= 16/25 test_acc=0.870 (15.4s)
[pruning-exp] silu seed=0 epoch= 17/25 test_acc=0.885 (15.4s)
[pruning-exp] silu seed=0 epoch= 18/25 [MECH] test_acc=0.896 gate_mean=0.4732 bn_gamma=0.2299 trace=491.35 top_eig=105.38 (16.0s)
[pruning-exp] silu seed=0 epoch= 19/25 test_acc=0.903 (15.4s)
[pruning-exp] silu seed=0 epoch= 20/25 test_acc=0.905 (15.4s)
[pruning-exp] silu seed=0 epoch= 21/25 test_acc=0.913 (15.3s)
[pruning-exp] silu seed=0 epoch= 22/25 test_acc=0.915 (15.3s)
[pruning-exp] silu seed=0 epoch= 23/25 test_acc=0.918 (15.4s)
[pruning-exp] silu seed=0 epoch= 24/25 [MECH] test_acc=0.917 gate_mean=0.4736 bn_gamma=0.2249 trace=866.97 top_eig=131.48 (15.9s)
[pruning-exp] saved checkpoint -> /home/aelmersa/MMLS/gradient_gate/../gradient_gate_outputs/checkpoints/resnet18_silu_seed0.pt
[pruning-exp] silu seed=0 done in 6.5 min
[pruning-exp] silu seed=1 epoch=  0/25 [MECH] test_acc=0.448 gate_mean=0.5241 bn_gamma=0.8218 trace=394.08 top_eig=39.15 (16.0s)
[pruning-exp] silu seed=1 epoch=  1/25 test_acc=0.601 (15.4s)
[pruning-exp] silu seed=1 epoch=  2/25 test_acc=0.635 (15.8s)
[pruning-exp] silu seed=1 epoch=  3/25 test_acc=0.733 (15.4s)
[pruning-exp] silu seed=1 epoch=  4/25 test_acc=0.759 (15.4s)
[pruning-exp] silu seed=1 epoch=  5/25 test_acc=0.716 (15.4s)
[pruning-exp] silu seed=1 epoch=  6/25 [MECH] test_acc=0.790 gate_mean=0.4811 bn_gamma=0.3342 trace=478.28 top_eig=65.22 (15.9s)
[pruning-exp] silu seed=1 epoch=  7/25 test_acc=0.803 (15.3s)
[pruning-exp] silu seed=1 epoch=  8/25 test_acc=0.774 (15.4s)
[pruning-exp] silu seed=1 epoch=  9/25 test_acc=0.831 (15.3s)
[pruning-exp] silu seed=1 epoch= 10/25 test_acc=0.840 (15.4s)
[pruning-exp] silu seed=1 epoch= 11/25 test_acc=0.841 (15.4s)
[pruning-exp] silu seed=1 epoch= 12/25 [MECH] test_acc=0.843 gate_mean=0.4730 bn_gamma=0.2527 trace=668.60 top_eig=92.62 (15.9s)
[pruning-exp] silu seed=1 epoch= 13/25 test_acc=0.853 (15.3s)
[pruning-exp] silu seed=1 epoch= 14/25 test_acc=0.857 (15.4s)
[pruning-exp] silu seed=1 epoch= 15/25 test_acc=0.864 (15.4s)
[pruning-exp] silu seed=1 epoch= 16/25 test_acc=0.873 (15.4s)
[pruning-exp] silu seed=1 epoch= 17/25 test_acc=0.876 (15.5s)
[pruning-exp] silu seed=1 epoch= 18/25 [MECH] test_acc=0.891 gate_mean=0.4722 bn_gamma=0.2301 trace=393.52 top_eig=78.09 (16.2s)
[pruning-exp] silu seed=1 epoch= 19/25 test_acc=0.892 (15.5s)
[pruning-exp] silu seed=1 epoch= 20/25 test_acc=0.903 (15.4s)
[pruning-exp] silu seed=1 epoch= 21/25 test_acc=0.908 (15.5s)
[pruning-exp] silu seed=1 epoch= 22/25 test_acc=0.910 (15.4s)
[pruning-exp] silu seed=1 epoch= 23/25 test_acc=0.915 (15.6s)
[pruning-exp] silu seed=1 epoch= 24/25 [MECH] test_acc=0.915 gate_mean=0.4730 bn_gamma=0.2252 trace=1497.45 top_eig=151.77 (16.1s)
[pruning-exp] saved checkpoint -> /home/aelmersa/MMLS/gradient_gate/../gradient_gate_outputs/checkpoints/resnet18_silu_seed1.pt
[pruning-exp] silu seed=1 done in 6.5 min
[pruning-exp] silu seed=2 epoch=  0/25 [MECH] test_acc=0.438 gate_mean=0.5220 bn_gamma=0.8203 trace=242.65 top_eig=68.41 (16.1s)
[pruning-exp] silu seed=2 epoch=  1/25 test_acc=0.597 (15.5s)
[pruning-exp] silu seed=2 epoch=  2/25 test_acc=0.670 (15.4s)
[pruning-exp] silu seed=2 epoch=  3/25 test_acc=0.674 (15.5s)
[pruning-exp] silu seed=2 epoch=  4/25 test_acc=0.754 (15.4s)
[pruning-exp] silu seed=2 epoch=  5/25 test_acc=0.786 (15.4s)
[pruning-exp] silu seed=2 epoch=  6/25 [MECH] test_acc=0.788 gate_mean=0.4873 bn_gamma=0.3365 trace=277.65 top_eig=47.85 (15.9s)
[pruning-exp] silu seed=2 epoch=  7/25 test_acc=0.789 (15.3s)
[pruning-exp] silu seed=2 epoch=  8/25 test_acc=0.811 (15.5s)
[pruning-exp] silu seed=2 epoch=  9/25 test_acc=0.794 (15.8s)
[pruning-exp] silu seed=2 epoch= 10/25 test_acc=0.841 (15.7s)
[pruning-exp] silu seed=2 epoch= 11/25 test_acc=0.831 (15.4s)
[pruning-exp] silu seed=2 epoch= 12/25 [MECH] test_acc=0.845 gate_mean=0.4781 bn_gamma=0.2564 trace=637.37 top_eig=61.95 (15.9s)
[pruning-exp] silu seed=2 epoch= 13/25 test_acc=0.838 (15.4s)
[pruning-exp] silu seed=2 epoch= 14/25 test_acc=0.851 (15.4s)
[pruning-exp] silu seed=2 epoch= 15/25 test_acc=0.863 (15.4s)
[pruning-exp] silu seed=2 epoch= 16/25 test_acc=0.880 (15.4s)
[pruning-exp] silu seed=2 epoch= 17/25 test_acc=0.883 (15.4s)
[pruning-exp] silu seed=2 epoch= 18/25 [MECH] test_acc=0.886 gate_mean=0.4776 bn_gamma=0.2339 trace=883.05 top_eig=77.23 (16.0s)
[pruning-exp] silu seed=2 epoch= 19/25 test_acc=0.891 (15.4s)
[pruning-exp] silu seed=2 epoch= 20/25 test_acc=0.903 (15.4s)
[pruning-exp] silu seed=2 epoch= 21/25 test_acc=0.907 (15.4s)
[pruning-exp] silu seed=2 epoch= 22/25 test_acc=0.911 (15.4s)
[pruning-exp] silu seed=2 epoch= 23/25 test_acc=0.915 (15.4s)
[pruning-exp] silu seed=2 epoch= 24/25 [MECH] test_acc=0.917 gate_mean=0.4782 bn_gamma=0.2289 trace=927.57 top_eig=165.79 (15.9s)
[pruning-exp] saved checkpoint -> /home/aelmersa/MMLS/gradient_gate/../gradient_gate_outputs/checkpoints/resnet18_silu_seed2.pt
[pruning-exp] silu seed=2 done in 6.5 min
[pruning-exp] mish seed=0 epoch=  0/25 [MECH] test_acc=0.441 gate_mean=0.5961 bn_gamma=0.8199 trace=308.48 top_eig=48.74 (17.4s)
[pruning-exp] mish seed=0 epoch=  1/25 test_acc=0.603 (15.3s)
[pruning-exp] mish seed=0 epoch=  2/25 test_acc=0.664 (15.8s)
[pruning-exp] mish seed=0 epoch=  3/25 test_acc=0.706 (15.6s)
[pruning-exp] mish seed=0 epoch=  4/25 test_acc=0.734 (15.3s)
[pruning-exp] mish seed=0 epoch=  5/25 test_acc=0.785 (15.4s)
[pruning-exp] mish seed=0 epoch=  6/25 [MECH] test_acc=0.786 gate_mean=0.5504 bn_gamma=0.3257 trace=606.13 top_eig=54.80 (16.0s)
[pruning-exp] mish seed=0 epoch=  7/25 test_acc=0.804 (15.4s)
[pruning-exp] mish seed=0 epoch=  8/25 test_acc=0.813 (15.4s)
[pruning-exp] mish seed=0 epoch=  9/25 test_acc=0.805 (15.4s)
[pruning-exp] mish seed=0 epoch= 10/25 test_acc=0.825 (15.4s)
[pruning-exp] mish seed=0 epoch= 11/25 test_acc=0.850 (15.4s)
[pruning-exp] mish seed=0 epoch= 12/25 [MECH] test_acc=0.854 gate_mean=0.5412 bn_gamma=0.2444 trace=503.02 top_eig=58.14 (16.0s)
[pruning-exp] mish seed=0 epoch= 13/25 test_acc=0.850 (15.4s)
[pruning-exp] mish seed=0 epoch= 14/25 test_acc=0.843 (15.5s)
[pruning-exp] mish seed=0 epoch= 15/25 test_acc=0.872 (15.4s)
[pruning-exp] mish seed=0 epoch= 16/25 test_acc=0.877 (15.4s)
[pruning-exp] mish seed=0 epoch= 17/25 test_acc=0.885 (16.3s)
[pruning-exp] mish seed=0 epoch= 18/25 [MECH] test_acc=0.887 gate_mean=0.5408 bn_gamma=0.2235 trace=835.67 top_eig=109.10 (16.0s)
[pruning-exp] mish seed=0 epoch= 19/25 test_acc=0.898 (15.3s)
[pruning-exp] mish seed=0 epoch= 20/25 test_acc=0.904 (15.4s)
[pruning-exp] mish seed=0 epoch= 21/25 test_acc=0.912 (15.4s)
[pruning-exp] mish seed=0 epoch= 22/25 test_acc=0.914 (15.5s)
[pruning-exp] mish seed=0 epoch= 23/25 test_acc=0.919 (21.4s)
[pruning-exp] mish seed=0 epoch= 24/25 [MECH] test_acc=0.919 gate_mean=0.5423 bn_gamma=0.2191 trace=1355.31 top_eig=139.78 (19.6s)
[pruning-exp] saved checkpoint -> /home/aelmersa/MMLS/gradient_gate/../gradient_gate_outputs/checkpoints/resnet18_mish_seed0.pt
[pruning-exp] mish seed=0 done in 6.7 min
[pruning-exp] mish seed=1 epoch=  0/25 [MECH] test_acc=0.456 gate_mean=0.5942 bn_gamma=0.8148 trace=384.06 top_eig=47.26 (16.2s)
[pruning-exp] mish seed=1 epoch=  1/25 test_acc=0.613 (15.4s)
[pruning-exp] mish seed=1 epoch=  2/25 test_acc=0.672 (15.5s)
[pruning-exp] mish seed=1 epoch=  3/25 test_acc=0.734 (15.5s)
[pruning-exp] mish seed=1 epoch=  4/25 test_acc=0.764 (15.5s)
[pruning-exp] mish seed=1 epoch=  5/25 test_acc=0.784 (15.5s)
[pruning-exp] mish seed=1 epoch=  6/25 [MECH] test_acc=0.796 gate_mean=0.5479 bn_gamma=0.3250 trace=329.29 top_eig=35.90 (16.2s)
[pruning-exp] mish seed=1 epoch=  7/25 test_acc=0.800 (15.5s)
[pruning-exp] mish seed=1 epoch=  8/25 test_acc=0.810 (15.5s)
[pruning-exp] mish seed=1 epoch=  9/25 test_acc=0.834 (15.6s)
[pruning-exp] mish seed=1 epoch= 10/25 test_acc=0.831 (15.5s)
[pruning-exp] mish seed=1 epoch= 11/25 test_acc=0.839 (15.5s)
[pruning-exp] mish seed=1 epoch= 12/25 [MECH] test_acc=0.833 gate_mean=0.5395 bn_gamma=0.2424 trace=485.60 top_eig=101.09 (16.2s)
[pruning-exp] mish seed=1 epoch= 13/25 test_acc=0.857 (15.5s)
[pruning-exp] mish seed=1 epoch= 14/25 test_acc=0.852 (15.5s)
[pruning-exp] mish seed=1 epoch= 15/25 test_acc=0.862 (15.7s)
[pruning-exp] mish seed=1 epoch= 16/25 test_acc=0.874 (15.5s)
[pruning-exp] mish seed=1 epoch= 17/25 test_acc=0.884 (15.5s)
[pruning-exp] mish seed=1 epoch= 18/25 [MECH] test_acc=0.894 gate_mean=0.5390 bn_gamma=0.2219 trace=945.19 top_eig=81.29 (16.1s)
[pruning-exp] mish seed=1 epoch= 19/25 test_acc=0.897 (15.5s)
[pruning-exp] mish seed=1 epoch= 20/25 test_acc=0.906 (15.6s)
[pruning-exp] mish seed=1 epoch= 21/25 test_acc=0.912 (15.4s)
[pruning-exp] mish seed=1 epoch= 22/25 test_acc=0.915 (15.4s)
[pruning-exp] mish seed=1 epoch= 23/25 test_acc=0.918 (15.5s)
[pruning-exp] mish seed=1 epoch= 24/25 [MECH] test_acc=0.919 gate_mean=0.5406 bn_gamma=0.2176 trace=1170.09 top_eig=177.12 (16.0s)
[pruning-exp] saved checkpoint -> /home/aelmersa/MMLS/gradient_gate/../gradient_gate_outputs/checkpoints/resnet18_mish_seed1.pt
[pruning-exp] mish seed=1 done in 6.5 min
[pruning-exp] mish seed=2 epoch=  0/25 [MECH] test_acc=0.442 gate_mean=0.5888 bn_gamma=0.8152 trace=112.79 top_eig=60.81 (16.0s)
[pruning-exp] mish seed=2 epoch=  1/25 test_acc=0.556 (15.4s)
[pruning-exp] mish seed=2 epoch=  2/25 test_acc=0.659 (15.4s)
[pruning-exp] mish seed=2 epoch=  3/25 test_acc=0.679 (15.4s)
[pruning-exp] mish seed=2 epoch=  4/25 test_acc=0.757 (15.4s)
[pruning-exp] mish seed=2 epoch=  5/25 test_acc=0.768 (15.5s)
[pruning-exp] mish seed=2 epoch=  6/25 [MECH] test_acc=0.773 gate_mean=0.5568 bn_gamma=0.3221 trace=383.47 top_eig=61.95 (16.1s)
[pruning-exp] mish seed=2 epoch=  7/25 test_acc=0.807 (15.5s)
[pruning-exp] mish seed=2 epoch=  8/25 test_acc=0.815 (15.5s)
[pruning-exp] mish seed=2 epoch=  9/25 test_acc=0.822 (15.4s)
[pruning-exp] mish seed=2 epoch= 10/25 test_acc=0.837 (15.5s)
[pruning-exp] mish seed=2 epoch= 11/25 test_acc=0.816 (15.7s)
[pruning-exp] mish seed=2 epoch= 12/25 [MECH] test_acc=0.842 gate_mean=0.5478 bn_gamma=0.2401 trace=570.07 top_eig=48.88 (16.2s)
[pruning-exp] mish seed=2 epoch= 13/25 test_acc=0.852 (15.5s)
[pruning-exp] mish seed=2 epoch= 14/25 test_acc=0.862 (15.4s)
[pruning-exp] mish seed=2 epoch= 15/25 test_acc=0.864 (15.5s)
[pruning-exp] mish seed=2 epoch= 16/25 test_acc=0.877 (15.5s)
[pruning-exp] mish seed=2 epoch= 17/25 test_acc=0.880 (15.5s)
[pruning-exp] mish seed=2 epoch= 18/25 [MECH] test_acc=0.889 gate_mean=0.5472 bn_gamma=0.2192 trace=642.63 top_eig=94.42 (16.1s)
[pruning-exp] mish seed=2 epoch= 19/25 test_acc=0.888 (15.5s)
[pruning-exp] mish seed=2 epoch= 20/25 test_acc=0.900 (15.5s)
[pruning-exp] mish seed=2 epoch= 21/25 test_acc=0.911 (15.6s)
[pruning-exp] mish seed=2 epoch= 22/25 test_acc=0.912 (15.5s)
[pruning-exp] mish seed=2 epoch= 23/25 test_acc=0.919 (15.5s)
[pruning-exp] mish seed=2 epoch= 24/25 [MECH] test_acc=0.918 gate_mean=0.5477 bn_gamma=0.2148 trace=1171.78 top_eig=146.01 (16.1s)
[pruning-exp] saved checkpoint -> /home/aelmersa/MMLS/gradient_gate/../gradient_gate_outputs/checkpoints/resnet18_mish_seed2.pt
[pruning-exp] mish seed=2 done in 6.5 min
Training+mechanism-logging complete at Fri Jun 19 04:07:49 EDT 2026
[pruning-analysis] relu seed=0 ratio=10% method=gate_density acc=0.8887 (baseline=0.9274, drop=+0.0387)
[pruning-analysis] relu seed=0 ratio=10% method=magnitude    acc=0.9181 (baseline=0.9274, drop=+0.0093)
[pruning-analysis] relu seed=0 ratio=10% method=random       acc=0.8853 (baseline=0.9274, drop=+0.0421)
[pruning-analysis] relu seed=0 ratio=30% method=gate_density acc=0.6769 (baseline=0.9274, drop=+0.2505)
[pruning-analysis] relu seed=0 ratio=30% method=magnitude    acc=0.6914 (baseline=0.9274, drop=+0.2360)
[pruning-analysis] relu seed=0 ratio=30% method=random       acc=0.5685 (baseline=0.9274, drop=+0.3589)
[pruning-analysis] relu seed=0 ratio=50% method=gate_density acc=0.3257 (baseline=0.9274, drop=+0.6017)
[pruning-analysis] relu seed=0 ratio=50% method=magnitude    acc=0.2760 (baseline=0.9274, drop=+0.6514)
[pruning-analysis] relu seed=0 ratio=50% method=random       acc=0.1092 (baseline=0.9274, drop=+0.8182)
[pruning-analysis] relu seed=0 ratio=70% method=gate_density acc=0.1112 (baseline=0.9274, drop=+0.8162)
[pruning-analysis] relu seed=0 ratio=70% method=magnitude    acc=0.1267 (baseline=0.9274, drop=+0.8007)
[pruning-analysis] relu seed=0 ratio=70% method=random       acc=0.1000 (baseline=0.9274, drop=+0.8274)
[pruning-analysis] relu seed=1 ratio=10% method=gate_density acc=0.8885 (baseline=0.9226, drop=+0.0341)
[pruning-analysis] relu seed=1 ratio=10% method=magnitude    acc=0.8472 (baseline=0.9226, drop=+0.0754)
[pruning-analysis] relu seed=1 ratio=10% method=random       acc=0.9018 (baseline=0.9226, drop=+0.0208)
[pruning-analysis] relu seed=1 ratio=30% method=gate_density acc=0.6397 (baseline=0.9226, drop=+0.2829)
[pruning-analysis] relu seed=1 ratio=30% method=magnitude    acc=0.2224 (baseline=0.9226, drop=+0.7002)
[pruning-analysis] relu seed=1 ratio=30% method=random       acc=0.7338 (baseline=0.9226, drop=+0.1888)
[pruning-analysis] relu seed=1 ratio=50% method=gate_density acc=0.2371 (baseline=0.9226, drop=+0.6855)
[pruning-analysis] relu seed=1 ratio=50% method=magnitude    acc=0.1679 (baseline=0.9226, drop=+0.7547)
[pruning-analysis] relu seed=1 ratio=50% method=random       acc=0.1813 (baseline=0.9226, drop=+0.7413)
[pruning-analysis] relu seed=1 ratio=70% method=gate_density acc=0.1360 (baseline=0.9226, drop=+0.7866)
[pruning-analysis] relu seed=1 ratio=70% method=magnitude    acc=0.1366 (baseline=0.9226, drop=+0.7860)
[pruning-analysis] relu seed=1 ratio=70% method=random       acc=0.1000 (baseline=0.9226, drop=+0.8226)
[pruning-analysis] relu seed=2 ratio=10% method=gate_density acc=0.8543 (baseline=0.9224, drop=+0.0681)
[pruning-analysis] relu seed=2 ratio=10% method=magnitude    acc=0.9138 (baseline=0.9224, drop=+0.0086)
[pruning-analysis] relu seed=2 ratio=10% method=random       acc=0.8777 (baseline=0.9224, drop=+0.0447)
[pruning-analysis] relu seed=2 ratio=30% method=gate_density acc=0.6369 (baseline=0.9224, drop=+0.2855)
[pruning-analysis] relu seed=2 ratio=30% method=magnitude    acc=0.8144 (baseline=0.9224, drop=+0.1080)
[pruning-analysis] relu seed=2 ratio=30% method=random       acc=0.5951 (baseline=0.9224, drop=+0.3273)
[pruning-analysis] relu seed=2 ratio=50% method=gate_density acc=0.2696 (baseline=0.9224, drop=+0.6528)
[pruning-analysis] relu seed=2 ratio=50% method=magnitude    acc=0.3594 (baseline=0.9224, drop=+0.5630)
[pruning-analysis] relu seed=2 ratio=50% method=random       acc=0.2341 (baseline=0.9224, drop=+0.6883)
[pruning-analysis] relu seed=2 ratio=70% method=gate_density acc=0.2265 (baseline=0.9224, drop=+0.6959)
[pruning-analysis] relu seed=2 ratio=70% method=magnitude    acc=0.1073 (baseline=0.9224, drop=+0.8151)
[pruning-analysis] relu seed=2 ratio=70% method=random       acc=0.1378 (baseline=0.9224, drop=+0.7846)
[pruning-analysis] gelu seed=0 ratio=10% method=gate_density acc=0.2616 (baseline=0.9263, drop=+0.6647)
[pruning-analysis] gelu seed=0 ratio=10% method=magnitude    acc=0.9230 (baseline=0.9263, drop=+0.0033)
[pruning-analysis] gelu seed=0 ratio=10% method=random       acc=0.8747 (baseline=0.9263, drop=+0.0516)
[pruning-analysis] gelu seed=0 ratio=30% method=gate_density acc=0.1386 (baseline=0.9263, drop=+0.7877)
[pruning-analysis] gelu seed=0 ratio=30% method=magnitude    acc=0.9157 (baseline=0.9263, drop=+0.0106)
[pruning-analysis] gelu seed=0 ratio=30% method=random       acc=0.3754 (baseline=0.9263, drop=+0.5509)
[pruning-analysis] gelu seed=0 ratio=50% method=gate_density acc=0.1070 (baseline=0.9263, drop=+0.8193)
[pruning-analysis] gelu seed=0 ratio=50% method=magnitude    acc=0.8427 (baseline=0.9263, drop=+0.0836)
[pruning-analysis] gelu seed=0 ratio=50% method=random       acc=0.1796 (baseline=0.9263, drop=+0.7467)
[pruning-analysis] gelu seed=0 ratio=70% method=gate_density acc=0.1002 (baseline=0.9263, drop=+0.8261)
[pruning-analysis] gelu seed=0 ratio=70% method=magnitude    acc=0.2838 (baseline=0.9263, drop=+0.6425)
[pruning-analysis] gelu seed=0 ratio=70% method=random       acc=0.1103 (baseline=0.9263, drop=+0.8160)
[pruning-analysis] gelu seed=1 ratio=10% method=gate_density acc=0.3080 (baseline=0.9270, drop=+0.6190)
[pruning-analysis] gelu seed=1 ratio=10% method=magnitude    acc=0.9212 (baseline=0.9270, drop=+0.0058)
[pruning-analysis] gelu seed=1 ratio=10% method=random       acc=0.8033 (baseline=0.9270, drop=+0.1237)
[pruning-analysis] gelu seed=1 ratio=30% method=gate_density acc=0.1204 (baseline=0.9270, drop=+0.8066)
[pruning-analysis] gelu seed=1 ratio=30% method=magnitude    acc=0.8893 (baseline=0.9270, drop=+0.0377)
[pruning-analysis] gelu seed=1 ratio=30% method=random       acc=0.3013 (baseline=0.9270, drop=+0.6257)
[pruning-analysis] gelu seed=1 ratio=50% method=gate_density acc=0.1025 (baseline=0.9270, drop=+0.8245)
[pruning-analysis] gelu seed=1 ratio=50% method=magnitude    acc=0.6977 (baseline=0.9270, drop=+0.2293)
[pruning-analysis] gelu seed=1 ratio=50% method=random       acc=0.1946 (baseline=0.9270, drop=+0.7324)
[pruning-analysis] gelu seed=1 ratio=70% method=gate_density acc=0.1000 (baseline=0.9270, drop=+0.8270)
[pruning-analysis] gelu seed=1 ratio=70% method=magnitude    acc=0.2640 (baseline=0.9270, drop=+0.6630)
[pruning-analysis] gelu seed=1 ratio=70% method=random       acc=0.1006 (baseline=0.9270, drop=+0.8264)
[pruning-analysis] gelu seed=2 ratio=10% method=gate_density acc=0.2524 (baseline=0.9274, drop=+0.6750)
[pruning-analysis] gelu seed=2 ratio=10% method=magnitude    acc=0.9118 (baseline=0.9274, drop=+0.0156)
[pruning-analysis] gelu seed=2 ratio=10% method=random       acc=0.9019 (baseline=0.9274, drop=+0.0255)
[pruning-analysis] gelu seed=2 ratio=30% method=gate_density acc=0.1779 (baseline=0.9274, drop=+0.7495)
[pruning-analysis] gelu seed=2 ratio=30% method=magnitude    acc=0.7291 (baseline=0.9274, drop=+0.1983)
[pruning-analysis] gelu seed=2 ratio=30% method=random       acc=0.3924 (baseline=0.9274, drop=+0.5350)
[pruning-analysis] gelu seed=2 ratio=50% method=gate_density acc=0.1037 (baseline=0.9274, drop=+0.8237)
[pruning-analysis] gelu seed=2 ratio=50% method=magnitude    acc=0.1300 (baseline=0.9274, drop=+0.7974)
[pruning-analysis] gelu seed=2 ratio=50% method=random       acc=0.1077 (baseline=0.9274, drop=+0.8197)
[pruning-analysis] gelu seed=2 ratio=70% method=gate_density acc=0.1000 (baseline=0.9274, drop=+0.8274)
[pruning-analysis] gelu seed=2 ratio=70% method=magnitude    acc=0.1077 (baseline=0.9274, drop=+0.8197)
[pruning-analysis] gelu seed=2 ratio=70% method=random       acc=0.1018 (baseline=0.9274, drop=+0.8256)
[pruning-analysis] silu seed=0 ratio=10% method=gate_density acc=0.1709 (baseline=0.9168, drop=+0.7459)
[pruning-analysis] silu seed=0 ratio=10% method=magnitude    acc=0.9115 (baseline=0.9168, drop=+0.0053)
[pruning-analysis] silu seed=0 ratio=10% method=random       acc=0.8777 (baseline=0.9168, drop=+0.0391)
[pruning-analysis] silu seed=0 ratio=30% method=gate_density acc=0.1331 (baseline=0.9168, drop=+0.7837)
[pruning-analysis] silu seed=0 ratio=30% method=magnitude    acc=0.8873 (baseline=0.9168, drop=+0.0295)
[pruning-analysis] silu seed=0 ratio=30% method=random       acc=0.2095 (baseline=0.9168, drop=+0.7073)
[pruning-analysis] silu seed=0 ratio=50% method=gate_density acc=0.1242 (baseline=0.9168, drop=+0.7926)
[pruning-analysis] silu seed=0 ratio=50% method=magnitude    acc=0.6636 (baseline=0.9168, drop=+0.2532)
[pruning-analysis] silu seed=0 ratio=50% method=random       acc=0.1744 (baseline=0.9168, drop=+0.7424)
[pruning-analysis] silu seed=0 ratio=70% method=gate_density acc=0.1002 (baseline=0.9168, drop=+0.8166)
[pruning-analysis] silu seed=0 ratio=70% method=magnitude    acc=0.2095 (baseline=0.9168, drop=+0.7073)
[pruning-analysis] silu seed=0 ratio=70% method=random       acc=0.1627 (baseline=0.9168, drop=+0.7541)
[pruning-analysis] silu seed=1 ratio=10% method=gate_density acc=0.1008 (baseline=0.9151, drop=+0.8143)
[pruning-analysis] silu seed=1 ratio=10% method=magnitude    acc=0.9105 (baseline=0.9151, drop=+0.0046)
[pruning-analysis] silu seed=1 ratio=10% method=random       acc=0.8612 (baseline=0.9151, drop=+0.0539)
[pruning-analysis] silu seed=1 ratio=30% method=gate_density acc=0.1223 (baseline=0.9151, drop=+0.7928)
[pruning-analysis] silu seed=1 ratio=30% method=magnitude    acc=0.8876 (baseline=0.9151, drop=+0.0275)
[pruning-analysis] silu seed=1 ratio=30% method=random       acc=0.2534 (baseline=0.9151, drop=+0.6617)
[pruning-analysis] silu seed=1 ratio=50% method=gate_density acc=0.1000 (baseline=0.9151, drop=+0.8151)
[pruning-analysis] silu seed=1 ratio=50% method=magnitude    acc=0.7342 (baseline=0.9151, drop=+0.1809)
[pruning-analysis] silu seed=1 ratio=50% method=random       acc=0.1200 (baseline=0.9151, drop=+0.7951)
[pruning-analysis] silu seed=1 ratio=70% method=gate_density acc=0.1000 (baseline=0.9151, drop=+0.8151)
[pruning-analysis] silu seed=1 ratio=70% method=magnitude    acc=0.2086 (baseline=0.9151, drop=+0.7065)
[pruning-analysis] silu seed=1 ratio=70% method=random       acc=0.1351 (baseline=0.9151, drop=+0.7800)
[pruning-analysis] silu seed=2 ratio=10% method=gate_density acc=0.1159 (baseline=0.9171, drop=+0.8012)
[pruning-analysis] silu seed=2 ratio=10% method=magnitude    acc=0.8879 (baseline=0.9171, drop=+0.0292)
[pruning-analysis] silu seed=2 ratio=10% method=random       acc=0.8833 (baseline=0.9171, drop=+0.0338)
[pruning-analysis] silu seed=2 ratio=30% method=gate_density acc=0.1028 (baseline=0.9171, drop=+0.8143)
[pruning-analysis] silu seed=2 ratio=30% method=magnitude    acc=0.8172 (baseline=0.9171, drop=+0.0999)
[pruning-analysis] silu seed=2 ratio=30% method=random       acc=0.5656 (baseline=0.9171, drop=+0.3515)
[pruning-analysis] silu seed=2 ratio=50% method=gate_density acc=0.1002 (baseline=0.9171, drop=+0.8169)
[pruning-analysis] silu seed=2 ratio=50% method=magnitude    acc=0.4313 (baseline=0.9171, drop=+0.4858)
[pruning-analysis] silu seed=2 ratio=50% method=random       acc=0.2205 (baseline=0.9171, drop=+0.6966)
[pruning-analysis] silu seed=2 ratio=70% method=gate_density acc=0.1000 (baseline=0.9171, drop=+0.8171)
[pruning-analysis] silu seed=2 ratio=70% method=magnitude    acc=0.1955 (baseline=0.9171, drop=+0.7216)
[pruning-analysis] silu seed=2 ratio=70% method=random       acc=0.1037 (baseline=0.9171, drop=+0.8134)
[pruning-analysis] mish seed=0 ratio=10% method=gate_density acc=0.1093 (baseline=0.9189, drop=+0.8096)
[pruning-analysis] mish seed=0 ratio=10% method=magnitude    acc=0.9143 (baseline=0.9189, drop=+0.0046)
[pruning-analysis] mish seed=0 ratio=10% method=random       acc=0.7840 (baseline=0.9189, drop=+0.1349)
[pruning-analysis] mish seed=0 ratio=30% method=gate_density acc=0.1122 (baseline=0.9189, drop=+0.8067)
[pruning-analysis] mish seed=0 ratio=30% method=magnitude    acc=0.8874 (baseline=0.9189, drop=+0.0315)
[pruning-analysis] mish seed=0 ratio=30% method=random       acc=0.2895 (baseline=0.9189, drop=+0.6294)
[pruning-analysis] mish seed=0 ratio=50% method=gate_density acc=0.1179 (baseline=0.9189, drop=+0.8010)
[pruning-analysis] mish seed=0 ratio=50% method=magnitude    acc=0.7621 (baseline=0.9189, drop=+0.1568)
[pruning-analysis] mish seed=0 ratio=50% method=random       acc=0.1543 (baseline=0.9189, drop=+0.7646)
[pruning-analysis] mish seed=0 ratio=70% method=gate_density acc=0.1000 (baseline=0.9189, drop=+0.8189)
[pruning-analysis] mish seed=0 ratio=70% method=magnitude    acc=0.2104 (baseline=0.9189, drop=+0.7085)
[pruning-analysis] mish seed=0 ratio=70% method=random       acc=0.1415 (baseline=0.9189, drop=+0.7774)
[pruning-analysis] mish seed=1 ratio=10% method=gate_density acc=0.1049 (baseline=0.9186, drop=+0.8137)
[pruning-analysis] mish seed=1 ratio=10% method=magnitude    acc=0.9084 (baseline=0.9186, drop=+0.0102)
[pruning-analysis] mish seed=1 ratio=10% method=random       acc=0.8619 (baseline=0.9186, drop=+0.0567)
[pruning-analysis] mish seed=1 ratio=30% method=gate_density acc=0.1066 (baseline=0.9186, drop=+0.8120)
[pruning-analysis] mish seed=1 ratio=30% method=magnitude    acc=0.8404 (baseline=0.9186, drop=+0.0782)
[pruning-analysis] mish seed=1 ratio=30% method=random       acc=0.3747 (baseline=0.9186, drop=+0.5439)
[pruning-analysis] mish seed=1 ratio=50% method=gate_density acc=0.1030 (baseline=0.9186, drop=+0.8156)
[pruning-analysis] mish seed=1 ratio=50% method=magnitude    acc=0.5668 (baseline=0.9186, drop=+0.3518)
[pruning-analysis] mish seed=1 ratio=50% method=random       acc=0.1635 (baseline=0.9186, drop=+0.7551)
[pruning-analysis] mish seed=1 ratio=70% method=gate_density acc=0.1003 (baseline=0.9186, drop=+0.8183)
[pruning-analysis] mish seed=1 ratio=70% method=magnitude    acc=0.1978 (baseline=0.9186, drop=+0.7208)
[pruning-analysis] mish seed=1 ratio=70% method=random       acc=0.1876 (baseline=0.9186, drop=+0.7310)
[pruning-analysis] mish seed=2 ratio=10% method=gate_density acc=0.1358 (baseline=0.9180, drop=+0.7822)
[pruning-analysis] mish seed=2 ratio=10% method=magnitude    acc=0.9088 (baseline=0.9180, drop=+0.0092)
[pruning-analysis] mish seed=2 ratio=10% method=random       acc=0.8523 (baseline=0.9180, drop=+0.0657)
[pruning-analysis] mish seed=2 ratio=30% method=gate_density acc=0.1712 (baseline=0.9180, drop=+0.7468)
[pruning-analysis] mish seed=2 ratio=30% method=magnitude    acc=0.8536 (baseline=0.9180, drop=+0.0644)
[pruning-analysis] mish seed=2 ratio=30% method=random       acc=0.3033 (baseline=0.9180, drop=+0.6147)
[pruning-analysis] mish seed=2 ratio=50% method=gate_density acc=0.1406 (baseline=0.9180, drop=+0.7774)
[pruning-analysis] mish seed=2 ratio=50% method=magnitude    acc=0.6631 (baseline=0.9180, drop=+0.2549)
[pruning-analysis] mish seed=2 ratio=50% method=random       acc=0.1904 (baseline=0.9180, drop=+0.7276)
[pruning-analysis] mish seed=2 ratio=70% method=gate_density acc=0.1235 (baseline=0.9180, drop=+0.7945)
[pruning-analysis] mish seed=2 ratio=70% method=magnitude    acc=0.3200 (baseline=0.9180, drop=+0.5980)
[pruning-analysis] mish seed=2 ratio=70% method=random       acc=0.1035 (baseline=0.9180, drop=+0.8145)

[pruning-analysis] wrote 144 rows -> /home/aelmersa/MMLS/gradient_gate/../gradient_gate_outputs/csv/pruning_results.csv
Job complete at Fri Jun 19 04:16:59 EDT 2026
