Job ID: 11081162  Node: gilbreth-i003  Start: Sun Jun 21 14:50:18 EDT 2026
extraction_done.marker present, skipping extraction
Extraction step complete at Sun Jun 21 14:50:18 EDT 2026
[cache] train: 5000 images, 66.8s elapsed
[cache] train: 10000 images, 143.4s elapsed
[cache] train: 15000 images, 218.6s elapsed
[cache] train: 20000 images, 303.0s elapsed
[cache] train: 25000 images, 391.0s elapsed
[cache] train: 30000 images, 467.8s elapsed
[cache] train: 35000 images, 572.2s elapsed
[cache] train: 40000 images, 668.9s elapsed
[cache] train: 45000 images, 756.4s elapsed
[cache] train: 50000 images, 864.7s elapsed
[cache] train: done, 54750 images, shape torch.Size([54750, 3, 144, 144]), 3.41GB, 968.5s total
[cache] wrote /scratch/gilbreth/aelmersa/places365/cache/train_cache.pt
[cache] val: 5000 images, 94.9s elapsed
[cache] val: done, 7300 images, shape torch.Size([7300, 3, 144, 144]), 0.45GB, 143.7s total
[cache] wrote /scratch/gilbreth/aelmersa/places365/cache/val_cache.pt
Cache step complete at Sun Jun 21 15:11:35 EDT 2026
[places-dyn] device=cuda activations=['relu', 'gelu', 'silu', 'mish'] optimizer=sgd lr=0.1 seeds=[0, 1] epochs=25 samples_per_class_train=150 img_size=96 cache_dir=/scratch/gilbreth/aelmersa/places365/cache
[places-dyn] resnet50(relu,sgd) seed=0 epoch=  0/25 train_acc=0.004 test_acc=0.005 active_frac=0.554 eff_rank=30.73 (230.3s)
[places-dyn] resnet50(relu,sgd) seed=0 epoch=  1/25 train_acc=0.016 test_acc=0.023 active_frac=0.535 eff_rank=38.18 (179.4s)
[places-dyn] resnet50(relu,sgd) seed=0 epoch=  2/25 train_acc=0.036 test_acc=0.052 active_frac=0.534 eff_rank=41.30 (179.4s)
[places-dyn] resnet50(relu,sgd) seed=0 epoch=  3/25 train_acc=0.064 test_acc=0.080 active_frac=0.533 eff_rank=44.82 (179.4s)
[places-dyn] resnet50(relu,sgd) seed=0 epoch=  4/25 train_acc=0.091 test_acc=0.093 active_frac=0.527 eff_rank=46.53 (179.9s)
[places-dyn] resnet50(relu,sgd) seed=0 epoch=  5/25 train_acc=0.118 test_acc=0.122 active_frac=0.518 eff_rank=47.06 (181.8s)
[places-dyn] resnet50(relu,sgd) seed=0 epoch=  6/25 train_acc=0.142 test_acc=0.145 active_frac=0.512 eff_rank=49.04 (179.5s)
[places-dyn] resnet50(relu,sgd) seed=0 epoch=  7/25 train_acc=0.165 test_acc=0.158 active_frac=0.503 eff_rank=50.13 (179.7s)
[places-dyn] resnet50(relu,sgd) seed=0 epoch=  8/25 train_acc=0.187 test_acc=0.172 active_frac=0.493 eff_rank=49.98 (179.7s)
[places-dyn] resnet50(relu,sgd) seed=0 epoch=  9/25 train_acc=0.204 test_acc=0.170 active_frac=0.488 eff_rank=51.25 (179.6s)
[places-dyn] resnet50(relu,sgd) seed=0 epoch= 10/25 train_acc=0.222 test_acc=0.201 active_frac=0.484 eff_rank=51.43 (179.9s)
[places-dyn] resnet50(relu,sgd) seed=0 epoch= 11/25 train_acc=0.240 test_acc=0.187 active_frac=0.479 eff_rank=52.27 (179.5s)
[places-dyn] resnet50(relu,sgd) seed=0 epoch= 12/25 train_acc=0.259 test_acc=0.189 active_frac=0.474 eff_rank=52.37 (179.6s)
[places-dyn] resnet50(relu,sgd) seed=0 epoch= 13/25 train_acc=0.280 test_acc=0.232 active_frac=0.474 eff_rank=52.42 (179.4s)
[places-dyn] resnet50(relu,sgd) seed=0 epoch= 14/25 train_acc=0.296 test_acc=0.246 active_frac=0.472 eff_rank=52.68 (179.5s)
[places-dyn] resnet50(relu,sgd) seed=0 epoch= 15/25 train_acc=0.312 test_acc=0.246 active_frac=0.470 eff_rank=52.76 (179.5s)
[places-dyn] resnet50(relu,sgd) seed=0 epoch= 16/25 train_acc=0.335 test_acc=0.269 active_frac=0.471 eff_rank=52.97 (179.4s)
[places-dyn] resnet50(relu,sgd) seed=0 epoch= 17/25 train_acc=0.354 test_acc=0.295 active_frac=0.469 eff_rank=53.03 (179.4s)
[places-dyn] resnet50(relu,sgd) seed=0 epoch= 18/25 train_acc=0.380 test_acc=0.311 active_frac=0.469 eff_rank=52.99 (179.5s)
[places-dyn] resnet50(relu,sgd) seed=0 epoch= 19/25 train_acc=0.403 test_acc=0.316 active_frac=0.469 eff_rank=53.17 (179.4s)
[places-dyn] resnet50(relu,sgd) seed=0 epoch= 20/25 train_acc=0.431 test_acc=0.326 active_frac=0.470 eff_rank=53.27 (179.5s)
[places-dyn] resnet50(relu,sgd) seed=0 epoch= 21/25 train_acc=0.456 test_acc=0.342 active_frac=0.470 eff_rank=53.34 (193.0s)
[places-dyn] resnet50(relu,sgd) seed=0 epoch= 22/25 train_acc=0.485 test_acc=0.352 active_frac=0.471 eff_rank=53.43 (189.6s)
[places-dyn] resnet50(relu,sgd) seed=0 epoch= 23/25 train_acc=0.505 test_acc=0.356 active_frac=0.471 eff_rank=53.51 (179.9s)
[places-dyn] resnet50(relu,sgd) seed=0 epoch= 24/25 train_acc=0.519 test_acc=0.361 active_frac=0.471 eff_rank=53.47 (180.6s)
[places-dyn] relu seed=0 done in 76.2 min
[places-dyn] resnet50(relu,sgd) seed=1 epoch=  0/25 train_acc=0.004 test_acc=0.007 active_frac=0.547 eff_rank=27.94 (179.3s)
[places-dyn] resnet50(relu,sgd) seed=1 epoch=  1/25 train_acc=0.010 test_acc=0.014 active_frac=0.534 eff_rank=32.93 (179.5s)
[places-dyn] resnet50(relu,sgd) seed=1 epoch=  2/25 train_acc=0.017 test_acc=0.022 active_frac=0.532 eff_rank=40.40 (179.4s)
[places-dyn] resnet50(relu,sgd) seed=1 epoch=  3/25 train_acc=0.030 test_acc=0.034 active_frac=0.534 eff_rank=43.31 (179.5s)
[places-dyn] resnet50(relu,sgd) seed=1 epoch=  4/25 train_acc=0.050 test_acc=0.063 active_frac=0.531 eff_rank=46.64 (179.4s)
[places-dyn] resnet50(relu,sgd) seed=1 epoch=  5/25 train_acc=0.078 test_acc=0.088 active_frac=0.527 eff_rank=48.60 (179.5s)
[places-dyn] resnet50(relu,sgd) seed=1 epoch=  6/25 train_acc=0.106 test_acc=0.117 active_frac=0.519 eff_rank=50.34 (179.4s)
[places-dyn] resnet50(relu,sgd) seed=1 epoch=  7/25 train_acc=0.134 test_acc=0.132 active_frac=0.510 eff_rank=51.06 (179.3s)
[places-dyn] resnet50(relu,sgd) seed=1 epoch=  8/25 train_acc=0.158 test_acc=0.140 active_frac=0.503 eff_rank=50.54 (179.3s)
[places-dyn] resnet50(relu,sgd) seed=1 epoch=  9/25 train_acc=0.178 test_acc=0.162 active_frac=0.498 eff_rank=51.67 (179.5s)
[places-dyn] resnet50(relu,sgd) seed=1 epoch= 10/25 train_acc=0.198 test_acc=0.182 active_frac=0.494 eff_rank=51.81 (179.4s)
[places-dyn] resnet50(relu,sgd) seed=1 epoch= 11/25 train_acc=0.217 test_acc=0.185 active_frac=0.490 eff_rank=52.22 (179.4s)
[places-dyn] resnet50(relu,sgd) seed=1 epoch= 12/25 train_acc=0.236 test_acc=0.207 active_frac=0.488 eff_rank=52.51 (179.3s)
[places-dyn] resnet50(relu,sgd) seed=1 epoch= 13/25 train_acc=0.254 test_acc=0.218 active_frac=0.485 eff_rank=52.47 (179.3s)
[places-dyn] resnet50(relu,sgd) seed=1 epoch= 14/25 train_acc=0.273 test_acc=0.228 active_frac=0.484 eff_rank=52.66 (179.4s)
[places-dyn] resnet50(relu,sgd) seed=1 epoch= 15/25 train_acc=0.289 test_acc=0.228 active_frac=0.484 eff_rank=52.69 (179.3s)
[places-dyn] resnet50(relu,sgd) seed=1 epoch= 16/25 train_acc=0.311 test_acc=0.261 active_frac=0.481 eff_rank=52.64 (179.3s)
[places-dyn] resnet50(relu,sgd) seed=1 epoch= 17/25 train_acc=0.333 test_acc=0.263 active_frac=0.480 eff_rank=53.05 (179.3s)
[places-dyn] resnet50(relu,sgd) seed=1 epoch= 18/25 train_acc=0.354 test_acc=0.281 active_frac=0.479 eff_rank=53.38 (195.3s)
[places-dyn] resnet50(relu,sgd) seed=1 epoch= 19/25 train_acc=0.382 test_acc=0.296 active_frac=0.478 eff_rank=53.21 (179.4s)
[places-dyn] resnet50(relu,sgd) seed=1 epoch= 20/25 train_acc=0.406 test_acc=0.315 active_frac=0.479 eff_rank=53.31 (179.3s)
[places-dyn] resnet50(relu,sgd) seed=1 epoch= 21/25 train_acc=0.433 test_acc=0.322 active_frac=0.479 eff_rank=53.51 (189.5s)
[places-dyn] resnet50(relu,sgd) seed=1 epoch= 22/25 train_acc=0.457 test_acc=0.339 active_frac=0.480 eff_rank=53.27 (179.0s)
[places-dyn] resnet50(relu,sgd) seed=1 epoch= 23/25 train_acc=0.479 test_acc=0.347 active_frac=0.480 eff_rank=53.48 (179.2s)
[places-dyn] resnet50(relu,sgd) seed=1 epoch= 24/25 train_acc=0.491 test_acc=0.349 active_frac=0.480 eff_rank=53.58 (179.1s)
[places-dyn] relu seed=1 done in 75.3 min
[places-dyn] resnet50(gelu,sgd) seed=0 epoch=  0/25 train_acc=0.006 test_acc=0.010 active_frac=0.988 eff_rank=28.28 (180.9s)
[places-dyn] resnet50(gelu,sgd) seed=0 epoch=  1/25 train_acc=0.012 test_acc=0.011 active_frac=0.991 eff_rank=32.67 (180.4s)
[places-dyn] resnet50(gelu,sgd) seed=0 epoch=  2/25 train_acc=0.022 test_acc=0.031 active_frac=0.994 eff_rank=37.08 (180.4s)
[places-dyn] resnet50(gelu,sgd) seed=0 epoch=  3/25 train_acc=0.035 test_acc=0.036 active_frac=0.996 eff_rank=39.48 (180.3s)
[places-dyn] resnet50(gelu,sgd) seed=0 epoch=  4/25 train_acc=0.056 test_acc=0.062 active_frac=0.997 eff_rank=42.11 (180.4s)
[places-dyn] resnet50(gelu,sgd) seed=0 epoch=  5/25 train_acc=0.077 test_acc=0.072 active_frac=0.998 eff_rank=44.81 (180.4s)
[places-dyn] resnet50(gelu,sgd) seed=0 epoch=  6/25 train_acc=0.098 test_acc=0.109 active_frac=0.998 eff_rank=45.85 (180.5s)
[places-dyn] resnet50(gelu,sgd) seed=0 epoch=  7/25 train_acc=0.119 test_acc=0.117 active_frac=0.999 eff_rank=48.41 (180.4s)
[places-dyn] resnet50(gelu,sgd) seed=0 epoch=  8/25 train_acc=0.143 test_acc=0.141 active_frac=0.999 eff_rank=48.95 (180.5s)
[places-dyn] resnet50(gelu,sgd) seed=0 epoch=  9/25 train_acc=0.161 test_acc=0.138 active_frac=0.999 eff_rank=49.86 (180.4s)
[places-dyn] resnet50(gelu,sgd) seed=0 epoch= 10/25 train_acc=0.178 test_acc=0.170 active_frac=0.999 eff_rank=51.28 (180.5s)
[places-dyn] resnet50(gelu,sgd) seed=0 epoch= 11/25 train_acc=0.195 test_acc=0.163 active_frac=0.999 eff_rank=50.54 (180.4s)
[places-dyn] resnet50(gelu,sgd) seed=0 epoch= 12/25 train_acc=0.210 test_acc=0.175 active_frac=0.999 eff_rank=51.28 (180.4s)
[places-dyn] resnet50(gelu,sgd) seed=0 epoch= 13/25 train_acc=0.227 test_acc=0.185 active_frac=0.999 eff_rank=51.52 (180.4s)
[places-dyn] resnet50(gelu,sgd) seed=0 epoch= 14/25 train_acc=0.240 test_acc=0.205 active_frac=0.999 eff_rank=52.32 (192.5s)
[places-dyn] resnet50(gelu,sgd) seed=0 epoch= 15/25 train_acc=0.254 test_acc=0.222 active_frac=0.999 eff_rank=52.39 (180.7s)
[places-dyn] resnet50(gelu,sgd) seed=0 epoch= 16/25 train_acc=0.269 test_acc=0.235 active_frac=0.999 eff_rank=52.33 (180.6s)
[places-dyn] resnet50(gelu,sgd) seed=0 epoch= 17/25 train_acc=0.282 test_acc=0.238 active_frac=0.999 eff_rank=52.51 (180.5s)
[places-dyn] resnet50(gelu,sgd) seed=0 epoch= 18/25 train_acc=0.299 test_acc=0.252 active_frac=0.999 eff_rank=52.66 (180.8s)
[places-dyn] resnet50(gelu,sgd) seed=0 epoch= 19/25 train_acc=0.312 test_acc=0.272 active_frac=0.999 eff_rank=52.77 (180.5s)
[places-dyn] resnet50(gelu,sgd) seed=0 epoch= 20/25 train_acc=0.327 test_acc=0.281 active_frac=0.999 eff_rank=52.68 (180.5s)
[places-dyn] resnet50(gelu,sgd) seed=0 epoch= 21/25 train_acc=0.343 test_acc=0.285 active_frac=0.999 eff_rank=52.98 (188.0s)
[places-dyn] resnet50(gelu,sgd) seed=0 epoch= 22/25 train_acc=0.357 test_acc=0.300 active_frac=0.999 eff_rank=52.92 (180.4s)
[places-dyn] resnet50(gelu,sgd) seed=0 epoch= 23/25 train_acc=0.366 test_acc=0.303 active_frac=0.999 eff_rank=53.13 (180.5s)
[places-dyn] resnet50(gelu,sgd) seed=0 epoch= 24/25 train_acc=0.373 test_acc=0.307 active_frac=0.999 eff_rank=53.17 (180.6s)
[places-dyn] gelu seed=0 done in 75.6 min
[places-dyn] resnet50(gelu,sgd) seed=1 epoch=  0/25 train_acc=0.005 test_acc=0.011 active_frac=0.988 eff_rank=35.00 (180.5s)
[places-dyn] resnet50(gelu,sgd) seed=1 epoch=  1/25 train_acc=0.018 test_acc=0.023 active_frac=0.992 eff_rank=39.41 (180.6s)
[places-dyn] resnet50(gelu,sgd) seed=1 epoch=  2/25 train_acc=0.035 test_acc=0.038 active_frac=0.993 eff_rank=44.74 (180.5s)
[places-dyn] resnet50(gelu,sgd) seed=1 epoch=  3/25 train_acc=0.057 test_acc=0.070 active_frac=0.995 eff_rank=49.40 (180.6s)
[places-dyn] resnet50(gelu,sgd) seed=1 epoch=  4/25 train_acc=0.085 test_acc=0.090 active_frac=0.996 eff_rank=51.58 (180.5s)
[places-dyn] resnet50(gelu,sgd) seed=1 epoch=  5/25 train_acc=0.112 test_acc=0.112 active_frac=0.997 eff_rank=53.05 (180.5s)
[places-dyn] resnet50(gelu,sgd) seed=1 epoch=  6/25 train_acc=0.139 test_acc=0.139 active_frac=0.998 eff_rank=53.99 (180.5s)
[places-dyn] resnet50(gelu,sgd) seed=1 epoch=  7/25 train_acc=0.161 test_acc=0.154 active_frac=0.998 eff_rank=54.68 (180.5s)
[places-dyn] resnet50(gelu,sgd) seed=1 epoch=  8/25 train_acc=0.180 test_acc=0.155 active_frac=0.999 eff_rank=54.98 (180.5s)
[places-dyn] resnet50(gelu,sgd) seed=1 epoch=  9/25 train_acc=0.201 test_acc=0.179 active_frac=0.999 eff_rank=54.91 (180.5s)
[places-dyn] resnet50(gelu,sgd) seed=1 epoch= 10/25 train_acc=0.214 test_acc=0.196 active_frac=0.999 eff_rank=55.68 (180.7s)
[places-dyn] resnet50(gelu,sgd) seed=1 epoch= 11/25 train_acc=0.228 test_acc=0.207 active_frac=0.999 eff_rank=55.49 (194.3s)
[places-dyn] resnet50(gelu,sgd) seed=1 epoch= 12/25 train_acc=0.244 test_acc=0.222 active_frac=0.999 eff_rank=55.82 (180.4s)
[places-dyn] resnet50(gelu,sgd) seed=1 epoch= 13/25 train_acc=0.262 test_acc=0.219 active_frac=0.999 eff_rank=55.81 (180.5s)
[places-dyn] resnet50(gelu,sgd) seed=1 epoch= 14/25 train_acc=0.275 test_acc=0.236 active_frac=0.999 eff_rank=55.64 (181.0s)
[places-dyn] resnet50(gelu,sgd) seed=1 epoch= 15/25 train_acc=0.291 test_acc=0.242 active_frac=0.999 eff_rank=56.06 (180.7s)
[places-dyn] resnet50(gelu,sgd) seed=1 epoch= 16/25 train_acc=0.308 test_acc=0.263 active_frac=0.999 eff_rank=56.08 (180.6s)
[places-dyn] resnet50(gelu,sgd) seed=1 epoch= 17/25 train_acc=0.322 test_acc=0.271 active_frac=0.999 eff_rank=55.97 (180.6s)
[places-dyn] resnet50(gelu,sgd) seed=1 epoch= 18/25 train_acc=0.341 test_acc=0.280 active_frac=0.999 eff_rank=56.07 (180.6s)
[places-dyn] resnet50(gelu,sgd) seed=1 epoch= 19/25 train_acc=0.360 test_acc=0.291 active_frac=0.999 eff_rank=56.16 (180.6s)
[places-dyn] resnet50(gelu,sgd) seed=1 epoch= 20/25 train_acc=0.379 test_acc=0.313 active_frac=0.999 eff_rank=56.11 (180.6s)
[places-dyn] resnet50(gelu,sgd) seed=1 epoch= 21/25 train_acc=0.397 test_acc=0.322 active_frac=0.999 eff_rank=56.22 (190.8s)
[places-dyn] resnet50(gelu,sgd) seed=1 epoch= 22/25 train_acc=0.413 test_acc=0.330 active_frac=0.999 eff_rank=56.24 (180.5s)
[places-dyn] resnet50(gelu,sgd) seed=1 epoch= 23/25 train_acc=0.428 test_acc=0.335 active_frac=0.999 eff_rank=56.24 (180.5s)
[places-dyn] resnet50(gelu,sgd) seed=1 epoch= 24/25 train_acc=0.436 test_acc=0.337 active_frac=0.999 eff_rank=56.16 (180.4s)
[places-dyn] gelu seed=1 done in 75.7 min
[places-dyn] resnet50(silu,sgd) seed=0 epoch=  0/25 train_acc=0.003 test_acc=0.005 active_frac=0.996 eff_rank=26.40 (180.8s)
[places-dyn] resnet50(silu,sgd) seed=0 epoch=  1/25 train_acc=0.010 test_acc=0.017 active_frac=0.997 eff_rank=29.93 (180.3s)
[places-dyn] resnet50(silu,sgd) seed=0 epoch=  2/25 train_acc=0.023 test_acc=0.031 active_frac=0.998 eff_rank=40.87 (181.1s)
[places-dyn] resnet50(silu,sgd) seed=0 epoch=  3/25 train_acc=0.046 test_acc=0.057 active_frac=0.998 eff_rank=49.33 (180.3s)
[places-dyn] resnet50(silu,sgd) seed=0 epoch=  4/25 train_acc=0.072 test_acc=0.076 active_frac=0.999 eff_rank=53.83 (180.4s)
[places-dyn] resnet50(silu,sgd) seed=0 epoch=  5/25 train_acc=0.096 test_acc=0.087 active_frac=0.999 eff_rank=54.16 (180.3s)
[places-dyn] resnet50(silu,sgd) seed=0 epoch=  6/25 train_acc=0.115 test_acc=0.122 active_frac=0.999 eff_rank=55.05 (180.3s)
[places-dyn] resnet50(silu,sgd) seed=0 epoch=  7/25 train_acc=0.133 test_acc=0.132 active_frac=1.000 eff_rank=55.46 (193.7s)
[places-dyn] resnet50(silu,sgd) seed=0 epoch=  8/25 train_acc=0.151 test_acc=0.144 active_frac=1.000 eff_rank=56.05 (180.4s)
[places-dyn] resnet50(silu,sgd) seed=0 epoch=  9/25 train_acc=0.165 test_acc=0.156 active_frac=1.000 eff_rank=56.27 (180.6s)
[places-dyn] resnet50(silu,sgd) seed=0 epoch= 10/25 train_acc=0.183 test_acc=0.152 active_frac=1.000 eff_rank=56.04 (180.5s)
[places-dyn] resnet50(silu,sgd) seed=0 epoch= 11/25 train_acc=0.197 test_acc=0.171 active_frac=1.000 eff_rank=56.24 (180.8s)
[places-dyn] resnet50(silu,sgd) seed=0 epoch= 12/25 train_acc=0.210 test_acc=0.186 active_frac=1.000 eff_rank=56.30 (180.5s)
[places-dyn] resnet50(silu,sgd) seed=0 epoch= 13/25 train_acc=0.224 test_acc=0.202 active_frac=1.000 eff_rank=56.23 (180.5s)
[places-dyn] resnet50(silu,sgd) seed=0 epoch= 14/25 train_acc=0.237 test_acc=0.205 active_frac=1.000 eff_rank=56.43 (180.4s)
[places-dyn] resnet50(silu,sgd) seed=0 epoch= 15/25 train_acc=0.253 test_acc=0.224 active_frac=1.000 eff_rank=56.49 (180.5s)
[places-dyn] resnet50(silu,sgd) seed=0 epoch= 16/25 train_acc=0.267 test_acc=0.236 active_frac=1.000 eff_rank=56.26 (180.6s)
[places-dyn] resnet50(silu,sgd) seed=0 epoch= 17/25 train_acc=0.281 test_acc=0.253 active_frac=1.000 eff_rank=56.43 (180.4s)
[places-dyn] resnet50(silu,sgd) seed=0 epoch= 18/25 train_acc=0.296 test_acc=0.268 active_frac=1.000 eff_rank=56.43 (180.3s)
[places-dyn] resnet50(silu,sgd) seed=0 epoch= 19/25 train_acc=0.307 test_acc=0.266 active_frac=1.000 eff_rank=56.49 (180.4s)
[places-dyn] resnet50(silu,sgd) seed=0 epoch= 20/25 train_acc=0.324 test_acc=0.284 active_frac=1.000 eff_rank=56.51 (180.3s)
[places-dyn] resnet50(silu,sgd) seed=0 epoch= 21/25 train_acc=0.339 test_acc=0.288 active_frac=1.000 eff_rank=56.80 (190.0s)
[places-dyn] resnet50(silu,sgd) seed=0 epoch= 22/25 train_acc=0.352 test_acc=0.307 active_frac=1.000 eff_rank=56.65 (180.6s)
[places-dyn] resnet50(silu,sgd) seed=0 epoch= 23/25 train_acc=0.361 test_acc=0.309 active_frac=1.000 eff_rank=56.67 (180.5s)
[places-dyn] resnet50(silu,sgd) seed=0 epoch= 24/25 train_acc=0.368 test_acc=0.315 active_frac=1.000 eff_rank=56.82 (180.6s)
[places-dyn] silu seed=0 done in 75.7 min
[places-dyn] resnet50(silu,sgd) seed=1 epoch=  0/25 train_acc=0.004 test_acc=0.006 active_frac=0.996 eff_rank=26.30 (180.3s)
[places-dyn] resnet50(silu,sgd) seed=1 epoch=  1/25 train_acc=0.013 test_acc=0.019 active_frac=0.996 eff_rank=41.09 (180.4s)
[places-dyn] resnet50(silu,sgd) seed=1 epoch=  2/25 train_acc=0.028 test_acc=0.034 active_frac=0.997 eff_rank=48.98 (180.4s)
[places-dyn] resnet50(silu,sgd) seed=1 epoch=  3/25 train_acc=0.056 test_acc=0.065 active_frac=0.998 eff_rank=53.48 (180.5s)
[places-dyn] resnet50(silu,sgd) seed=1 epoch=  4/25 train_acc=0.084 test_acc=0.085 active_frac=0.999 eff_rank=55.97 (193.1s)
[places-dyn] resnet50(silu,sgd) seed=1 epoch=  5/25 train_acc=0.109 test_acc=0.113 active_frac=0.999 eff_rank=56.49 (180.4s)
[places-dyn] resnet50(silu,sgd) seed=1 epoch=  6/25 train_acc=0.133 test_acc=0.128 active_frac=0.999 eff_rank=56.90 (180.4s)
[places-dyn] resnet50(silu,sgd) seed=1 epoch=  7/25 train_acc=0.152 test_acc=0.151 active_frac=1.000 eff_rank=56.98 (180.7s)
[places-dyn] resnet50(silu,sgd) seed=1 epoch=  8/25 train_acc=0.169 test_acc=0.155 active_frac=1.000 eff_rank=57.02 (180.5s)
[places-dyn] resnet50(silu,sgd) seed=1 epoch=  9/25 train_acc=0.182 test_acc=0.150 active_frac=1.000 eff_rank=57.10 (180.4s)
[places-dyn] resnet50(silu,sgd) seed=1 epoch= 10/25 train_acc=0.195 test_acc=0.181 active_frac=1.000 eff_rank=57.07 (180.5s)
[places-dyn] resnet50(silu,sgd) seed=1 epoch= 11/25 train_acc=0.208 test_acc=0.192 active_frac=1.000 eff_rank=56.89 (180.5s)
[places-dyn] resnet50(silu,sgd) seed=1 epoch= 12/25 train_acc=0.225 test_acc=0.199 active_frac=1.000 eff_rank=56.87 (180.5s)
[places-dyn] resnet50(silu,sgd) seed=1 epoch= 13/25 train_acc=0.238 test_acc=0.218 active_frac=1.000 eff_rank=56.92 (180.5s)
[places-dyn] resnet50(silu,sgd) seed=1 epoch= 14/25 train_acc=0.254 test_acc=0.223 active_frac=1.000 eff_rank=56.76 (180.6s)
[places-dyn] resnet50(silu,sgd) seed=1 epoch= 15/25 train_acc=0.266 test_acc=0.234 active_frac=1.000 eff_rank=57.03 (180.6s)
[places-dyn] resnet50(silu,sgd) seed=1 epoch= 16/25 train_acc=0.282 test_acc=0.248 active_frac=1.000 eff_rank=56.97 (180.5s)
[places-dyn] resnet50(silu,sgd) seed=1 epoch= 17/25 train_acc=0.297 test_acc=0.254 active_frac=1.000 eff_rank=56.97 (180.5s)
[places-dyn] resnet50(silu,sgd) seed=1 epoch= 18/25 train_acc=0.312 test_acc=0.266 active_frac=1.000 eff_rank=56.85 (180.5s)
[places-dyn] resnet50(silu,sgd) seed=1 epoch= 19/25 train_acc=0.327 test_acc=0.279 active_frac=1.000 eff_rank=57.10 (180.5s)
[places-dyn] resnet50(silu,sgd) seed=1 epoch= 20/25 train_acc=0.345 test_acc=0.288 active_frac=1.000 eff_rank=57.10 (180.6s)
[places-dyn] resnet50(silu,sgd) seed=1 epoch= 21/25 train_acc=0.359 test_acc=0.304 active_frac=1.000 eff_rank=57.01 (189.2s)
[places-dyn] resnet50(silu,sgd) seed=1 epoch= 22/25 train_acc=0.373 test_acc=0.311 active_frac=1.000 eff_rank=57.13 (180.5s)
[places-dyn] resnet50(silu,sgd) seed=1 epoch= 23/25 train_acc=0.385 test_acc=0.322 active_frac=1.000 eff_rank=57.04 (180.5s)
[places-dyn] resnet50(silu,sgd) seed=1 epoch= 24/25 train_acc=0.392 test_acc=0.323 active_frac=1.000 eff_rank=57.11 (180.5s)
[places-dyn] silu seed=1 done in 75.7 min
[places-dyn] resnet50(mish,sgd) seed=0 epoch=  0/25 train_acc=0.006 test_acc=0.011 active_frac=0.996 eff_rank=23.63 (194.5s)
[places-dyn] resnet50(mish,sgd) seed=0 epoch=  1/25 train_acc=0.020 test_acc=0.026 active_frac=0.997 eff_rank=30.83 (181.1s)
[places-dyn] resnet50(mish,sgd) seed=0 epoch=  2/25 train_acc=0.032 test_acc=0.036 active_frac=0.998 eff_rank=38.59 (181.2s)
[places-dyn] resnet50(mish,sgd) seed=0 epoch=  3/25 train_acc=0.048 test_acc=0.052 active_frac=0.998 eff_rank=43.74 (181.3s)
[places-dyn] resnet50(mish,sgd) seed=0 epoch=  4/25 train_acc=0.070 test_acc=0.073 active_frac=0.999 eff_rank=47.22 (181.3s)
[places-dyn] resnet50(mish,sgd) seed=0 epoch=  5/25 train_acc=0.089 test_acc=0.092 active_frac=0.999 eff_rank=49.04 (181.3s)
[places-dyn] resnet50(mish,sgd) seed=0 epoch=  6/25 train_acc=0.104 test_acc=0.107 active_frac=0.999 eff_rank=51.45 (181.3s)
[places-dyn] resnet50(mish,sgd) seed=0 epoch=  7/25 train_acc=0.121 test_acc=0.121 active_frac=1.000 eff_rank=51.92 (181.3s)
[places-dyn] resnet50(mish,sgd) seed=0 epoch=  8/25 train_acc=0.138 test_acc=0.137 active_frac=1.000 eff_rank=51.95 (181.2s)
[places-dyn] resnet50(mish,sgd) seed=0 epoch=  9/25 train_acc=0.151 test_acc=0.139 active_frac=1.000 eff_rank=52.61 (181.1s)
[places-dyn] resnet50(mish,sgd) seed=0 epoch= 10/25 train_acc=0.166 test_acc=0.155 active_frac=1.000 eff_rank=52.72 (181.1s)
[places-dyn] resnet50(mish,sgd) seed=0 epoch= 11/25 train_acc=0.178 test_acc=0.165 active_frac=1.000 eff_rank=53.38 (181.2s)
[places-dyn] resnet50(mish,sgd) seed=0 epoch= 12/25 train_acc=0.192 test_acc=0.160 active_frac=1.000 eff_rank=53.32 (181.2s)
[places-dyn] resnet50(mish,sgd) seed=0 epoch= 13/25 train_acc=0.205 test_acc=0.188 active_frac=1.000 eff_rank=53.07 (181.2s)
[places-dyn] resnet50(mish,sgd) seed=0 epoch= 14/25 train_acc=0.220 test_acc=0.199 active_frac=1.000 eff_rank=53.65 (181.2s)
[places-dyn] resnet50(mish,sgd) seed=0 epoch= 15/25 train_acc=0.232 test_acc=0.204 active_frac=1.000 eff_rank=53.67 (181.2s)
[places-dyn] resnet50(mish,sgd) seed=0 epoch= 16/25 train_acc=0.245 test_acc=0.219 active_frac=1.000 eff_rank=53.25 (181.2s)
[places-dyn] resnet50(mish,sgd) seed=0 epoch= 17/25 train_acc=0.259 test_acc=0.222 active_frac=1.000 eff_rank=53.75 (181.2s)
[places-dyn] resnet50(mish,sgd) seed=0 epoch= 18/25 train_acc=0.270 test_acc=0.237 active_frac=1.000 eff_rank=53.46 (181.3s)
[places-dyn] resnet50(mish,sgd) seed=0 epoch= 19/25 train_acc=0.284 test_acc=0.256 active_frac=1.000 eff_rank=53.73 (181.2s)
[places-dyn] resnet50(mish,sgd) seed=0 epoch= 20/25 train_acc=0.299 test_acc=0.260 active_frac=1.000 eff_rank=53.47 (181.2s)
[places-dyn] resnet50(mish,sgd) seed=0 epoch= 21/25 train_acc=0.311 test_acc=0.267 active_frac=1.000 eff_rank=53.63 (193.8s)
[places-dyn] resnet50(mish,sgd) seed=0 epoch= 22/25 train_acc=0.326 test_acc=0.277 active_frac=1.000 eff_rank=53.86 (191.0s)
[places-dyn] resnet50(mish,sgd) seed=0 epoch= 23/25 train_acc=0.334 test_acc=0.283 active_frac=1.000 eff_rank=53.81 (181.2s)
[places-dyn] resnet50(mish,sgd) seed=0 epoch= 24/25 train_acc=0.339 test_acc=0.282 active_frac=1.000 eff_rank=53.51 (181.2s)
[places-dyn] mish seed=0 done in 76.2 min
[places-dyn] resnet50(mish,sgd) seed=1 epoch=  0/25 train_acc=0.007 test_acc=0.012 active_frac=0.995 eff_rank=32.50 (181.0s)
[places-dyn] resnet50(mish,sgd) seed=1 epoch=  1/25 train_acc=0.022 test_acc=0.029 active_frac=0.996 eff_rank=40.61 (181.0s)
[places-dyn] resnet50(mish,sgd) seed=1 epoch=  2/25 train_acc=0.040 test_acc=0.047 active_frac=0.998 eff_rank=46.03 (181.0s)
[places-dyn] resnet50(mish,sgd) seed=1 epoch=  3/25 train_acc=0.063 test_acc=0.076 active_frac=0.998 eff_rank=50.84 (182.0s)
[places-dyn] resnet50(mish,sgd) seed=1 epoch=  4/25 train_acc=0.090 test_acc=0.097 active_frac=0.999 eff_rank=53.69 (240.7s)
[places-dyn] resnet50(mish,sgd) seed=1 epoch=  5/25 train_acc=0.113 test_acc=0.109 active_frac=0.999 eff_rank=55.15 (181.1s)
[places-dyn] resnet50(mish,sgd) seed=1 epoch=  6/25 train_acc=0.136 test_acc=0.135 active_frac=0.999 eff_rank=56.54 (181.2s)
[places-dyn] resnet50(mish,sgd) seed=1 epoch=  7/25 train_acc=0.155 test_acc=0.136 active_frac=1.000 eff_rank=56.63 (181.2s)
[places-dyn] resnet50(mish,sgd) seed=1 epoch=  8/25 train_acc=0.177 test_acc=0.157 active_frac=1.000 eff_rank=56.70 (181.1s)
[places-dyn] resnet50(mish,sgd) seed=1 epoch=  9/25 train_acc=0.194 test_acc=0.157 active_frac=1.000 eff_rank=56.82 (181.2s)
[places-dyn] resnet50(mish,sgd) seed=1 epoch= 10/25 train_acc=0.205 test_acc=0.194 active_frac=1.000 eff_rank=57.14 (181.1s)
[places-dyn] resnet50(mish,sgd) seed=1 epoch= 11/25 train_acc=0.220 test_acc=0.198 active_frac=1.000 eff_rank=57.20 (181.2s)
[places-dyn] resnet50(mish,sgd) seed=1 epoch= 12/25 train_acc=0.234 test_acc=0.203 active_frac=1.000 eff_rank=57.25 (181.2s)
[places-dyn] resnet50(mish,sgd) seed=1 epoch= 13/25 train_acc=0.248 test_acc=0.220 active_frac=1.000 eff_rank=57.41 (181.2s)
[places-dyn] resnet50(mish,sgd) seed=1 epoch= 14/25 train_acc=0.263 test_acc=0.236 active_frac=1.000 eff_rank=57.23 (181.2s)
[places-dyn] resnet50(mish,sgd) seed=1 epoch= 15/25 train_acc=0.274 test_acc=0.237 active_frac=1.000 eff_rank=57.49 (181.2s)
[places-dyn] resnet50(mish,sgd) seed=1 epoch= 16/25 train_acc=0.291 test_acc=0.258 active_frac=1.000 eff_rank=57.28 (181.2s)
[places-dyn] resnet50(mish,sgd) seed=1 epoch= 17/25 train_acc=0.303 test_acc=0.262 active_frac=1.000 eff_rank=57.16 (181.2s)
[places-dyn] resnet50(mish,sgd) seed=1 epoch= 18/25 train_acc=0.323 test_acc=0.270 active_frac=1.000 eff_rank=57.53 (181.2s)
[places-dyn] resnet50(mish,sgd) seed=1 epoch= 19/25 train_acc=0.337 test_acc=0.285 active_frac=1.000 eff_rank=57.77 (181.2s)
[places-dyn] resnet50(mish,sgd) seed=1 epoch= 20/25 train_acc=0.353 test_acc=0.295 active_frac=1.000 eff_rank=57.65 (181.2s)
[places-dyn] resnet50(mish,sgd) seed=1 epoch= 21/25 train_acc=0.368 test_acc=0.315 active_frac=1.000 eff_rank=57.69 (181.7s)
[places-dyn] resnet50(mish,sgd) seed=1 epoch= 22/25 train_acc=0.385 test_acc=0.320 active_frac=1.000 eff_rank=57.75 (181.2s)
[places-dyn] resnet50(mish,sgd) seed=1 epoch= 23/25 train_acc=0.397 test_acc=0.326 active_frac=1.000 eff_rank=57.78 (181.2s)
[places-dyn] resnet50(mish,sgd) seed=1 epoch= 24/25 train_acc=0.402 test_acc=0.327 active_frac=1.000 eff_rank=57.77 (187.3s)
[places-dyn] mish seed=1 done in 76.7 min
Job complete at Mon Jun 22 01:19:37 EDT 2026
