Job ID: 11047158  Node: gilbreth-k013  Start: Fri Jun 19 02:46:39 EDT 2026
[bn-abl] device=cuda norms=['batchnorm', 'groupnorm'] activations=['relu', 'gelu', 'silu', 'mish'] seeds=[0, 1, 2] epochs=25
[bn-abl] batchnorm/relu seed=0 epoch=  0/25 train_acc=0.325 test_acc=0.437 active_frac=0.506 gate_mean=0.5057 (53.6s)
[bn-abl] batchnorm/relu seed=0 epoch=  1/25 train_acc=0.516 test_acc=0.543 active_frac=0.500 gate_mean=0.4998 (18.4s)
[bn-abl] batchnorm/relu seed=0 epoch=  2/25 train_acc=0.614 test_acc=0.582 active_frac=0.486 gate_mean=0.4859 (18.4s)
[bn-abl] batchnorm/relu seed=0 epoch=  3/25 train_acc=0.671 test_acc=0.648 active_frac=0.479 gate_mean=0.4785 (18.3s)
[bn-abl] batchnorm/relu seed=0 epoch=  4/25 train_acc=0.712 test_acc=0.680 active_frac=0.462 gate_mean=0.4623 (18.6s)
[bn-abl] batchnorm/relu seed=0 epoch=  5/25 train_acc=0.758 test_acc=0.719 active_frac=0.448 gate_mean=0.4480 (18.7s)
[bn-abl] batchnorm/relu seed=0 epoch=  6/25 train_acc=0.788 test_acc=0.773 active_frac=0.431 gate_mean=0.4315 (18.3s)
[bn-abl] batchnorm/relu seed=0 epoch=  7/25 train_acc=0.811 test_acc=0.749 active_frac=0.413 gate_mean=0.4130 (18.5s)
[bn-abl] batchnorm/relu seed=0 epoch=  8/25 train_acc=0.826 test_acc=0.810 active_frac=0.404 gate_mean=0.4035 (18.4s)
[bn-abl] batchnorm/relu seed=0 epoch=  9/25 train_acc=0.839 test_acc=0.802 active_frac=0.393 gate_mean=0.3926 (18.3s)
[bn-abl] batchnorm/relu seed=0 epoch= 10/25 train_acc=0.851 test_acc=0.825 active_frac=0.388 gate_mean=0.3881 (18.4s)
[bn-abl] batchnorm/relu seed=0 epoch= 11/25 train_acc=0.865 test_acc=0.838 active_frac=0.382 gate_mean=0.3819 (18.4s)
[bn-abl] batchnorm/relu seed=0 epoch= 12/25 train_acc=0.876 test_acc=0.854 active_frac=0.377 gate_mean=0.3772 (18.4s)
[bn-abl] batchnorm/relu seed=0 epoch= 13/25 train_acc=0.884 test_acc=0.842 active_frac=0.374 gate_mean=0.3742 (18.4s)
[bn-abl] batchnorm/relu seed=0 epoch= 14/25 train_acc=0.896 test_acc=0.844 active_frac=0.372 gate_mean=0.3718 (18.4s)
[bn-abl] batchnorm/relu seed=0 epoch= 15/25 train_acc=0.906 test_acc=0.865 active_frac=0.367 gate_mean=0.3670 (18.4s)
[bn-abl] batchnorm/relu seed=0 epoch= 16/25 train_acc=0.917 test_acc=0.861 active_frac=0.367 gate_mean=0.3667 (18.4s)
[bn-abl] batchnorm/relu seed=0 epoch= 17/25 train_acc=0.929 test_acc=0.894 active_frac=0.366 gate_mean=0.3661 (18.4s)
[bn-abl] batchnorm/relu seed=0 epoch= 18/25 train_acc=0.941 test_acc=0.896 active_frac=0.364 gate_mean=0.3644 (18.4s)
[bn-abl] batchnorm/relu seed=0 epoch= 19/25 train_acc=0.951 test_acc=0.902 active_frac=0.363 gate_mean=0.3631 (18.5s)
[bn-abl] batchnorm/relu seed=0 epoch= 20/25 train_acc=0.962 test_acc=0.920 active_frac=0.362 gate_mean=0.3617 (18.6s)
[bn-abl] batchnorm/relu seed=0 epoch= 21/25 train_acc=0.971 test_acc=0.925 active_frac=0.362 gate_mean=0.3618 (18.6s)
[bn-abl] batchnorm/relu seed=0 epoch= 22/25 train_acc=0.979 test_acc=0.928 active_frac=0.362 gate_mean=0.3615 (18.5s)
[bn-abl] batchnorm/relu seed=0 epoch= 23/25 train_acc=0.984 test_acc=0.930 active_frac=0.360 gate_mean=0.3601 (18.7s)
[bn-abl] batchnorm/relu seed=0 epoch= 24/25 train_acc=0.986 test_acc=0.931 active_frac=0.361 gate_mean=0.3611 (18.5s)
[bn-abl] batchnorm/relu seed=0 done in 8.3 min
[bn-abl] batchnorm/relu seed=1 epoch=  0/25 train_acc=0.324 test_acc=0.433 active_frac=0.522 gate_mean=0.5224 (18.4s)
[bn-abl] batchnorm/relu seed=1 epoch=  1/25 train_acc=0.496 test_acc=0.563 active_frac=0.509 gate_mean=0.5092 (18.8s)
[bn-abl] batchnorm/relu seed=1 epoch=  2/25 train_acc=0.609 test_acc=0.593 active_frac=0.492 gate_mean=0.4923 (18.6s)
[bn-abl] batchnorm/relu seed=1 epoch=  3/25 train_acc=0.672 test_acc=0.674 active_frac=0.479 gate_mean=0.4794 (18.5s)
[bn-abl] batchnorm/relu seed=1 epoch=  4/25 train_acc=0.715 test_acc=0.716 active_frac=0.466 gate_mean=0.4655 (18.4s)
[bn-abl] batchnorm/relu seed=1 epoch=  5/25 train_acc=0.756 test_acc=0.705 active_frac=0.447 gate_mean=0.4467 (18.4s)
[bn-abl] batchnorm/relu seed=1 epoch=  6/25 train_acc=0.788 test_acc=0.732 active_frac=0.428 gate_mean=0.4275 (18.4s)
[bn-abl] batchnorm/relu seed=1 epoch=  7/25 train_acc=0.807 test_acc=0.800 active_frac=0.413 gate_mean=0.4130 (18.4s)
[bn-abl] batchnorm/relu seed=1 epoch=  8/25 train_acc=0.827 test_acc=0.798 active_frac=0.402 gate_mean=0.4021 (18.4s)
[bn-abl] batchnorm/relu seed=1 epoch=  9/25 train_acc=0.840 test_acc=0.808 active_frac=0.398 gate_mean=0.3980 (18.3s)
[bn-abl] batchnorm/relu seed=1 epoch= 10/25 train_acc=0.853 test_acc=0.830 active_frac=0.392 gate_mean=0.3921 (18.6s)
[bn-abl] batchnorm/relu seed=1 epoch= 11/25 train_acc=0.865 test_acc=0.839 active_frac=0.389 gate_mean=0.3889 (18.4s)
[bn-abl] batchnorm/relu seed=1 epoch= 12/25 train_acc=0.874 test_acc=0.837 active_frac=0.389 gate_mean=0.3885 (18.4s)
[bn-abl] batchnorm/relu seed=1 epoch= 13/25 train_acc=0.885 test_acc=0.863 active_frac=0.382 gate_mean=0.3816 (18.5s)
[bn-abl] batchnorm/relu seed=1 epoch= 14/25 train_acc=0.896 test_acc=0.876 active_frac=0.382 gate_mean=0.3820 (18.4s)
[bn-abl] batchnorm/relu seed=1 epoch= 15/25 train_acc=0.908 test_acc=0.877 active_frac=0.379 gate_mean=0.3788 (18.4s)
[bn-abl] batchnorm/relu seed=1 epoch= 16/25 train_acc=0.917 test_acc=0.887 active_frac=0.379 gate_mean=0.3793 (18.4s)
[bn-abl] batchnorm/relu seed=1 epoch= 17/25 train_acc=0.929 test_acc=0.884 active_frac=0.378 gate_mean=0.3778 (18.4s)
[bn-abl] batchnorm/relu seed=1 epoch= 18/25 train_acc=0.940 test_acc=0.897 active_frac=0.376 gate_mean=0.3765 (18.4s)
[bn-abl] batchnorm/relu seed=1 epoch= 19/25 train_acc=0.952 test_acc=0.900 active_frac=0.375 gate_mean=0.3748 (18.6s)
[bn-abl] batchnorm/relu seed=1 epoch= 20/25 train_acc=0.962 test_acc=0.915 active_frac=0.376 gate_mean=0.3764 (18.4s)
[bn-abl] batchnorm/relu seed=1 epoch= 21/25 train_acc=0.972 test_acc=0.920 active_frac=0.375 gate_mean=0.3753 (18.4s)
[bn-abl] batchnorm/relu seed=1 epoch= 22/25 train_acc=0.978 test_acc=0.923 active_frac=0.377 gate_mean=0.3766 (18.4s)
[bn-abl] batchnorm/relu seed=1 epoch= 23/25 train_acc=0.984 test_acc=0.927 active_frac=0.376 gate_mean=0.3757 (18.4s)
[bn-abl] batchnorm/relu seed=1 epoch= 24/25 train_acc=0.986 test_acc=0.926 active_frac=0.375 gate_mean=0.3755 (18.3s)
[bn-abl] batchnorm/relu seed=1 done in 7.7 min
[bn-abl] batchnorm/relu seed=2 epoch=  0/25 train_acc=0.298 test_acc=0.425 active_frac=0.503 gate_mean=0.5029 (18.4s)
[bn-abl] batchnorm/relu seed=2 epoch=  1/25 train_acc=0.490 test_acc=0.543 active_frac=0.481 gate_mean=0.4811 (18.5s)
[bn-abl] batchnorm/relu seed=2 epoch=  2/25 train_acc=0.602 test_acc=0.618 active_frac=0.475 gate_mean=0.4753 (18.5s)
[bn-abl] batchnorm/relu seed=2 epoch=  3/25 train_acc=0.671 test_acc=0.669 active_frac=0.462 gate_mean=0.4618 (18.4s)
[bn-abl] batchnorm/relu seed=2 epoch=  4/25 train_acc=0.712 test_acc=0.706 active_frac=0.449 gate_mean=0.4491 (18.5s)
[bn-abl] batchnorm/relu seed=2 epoch=  5/25 train_acc=0.743 test_acc=0.708 active_frac=0.439 gate_mean=0.4391 (18.7s)
[bn-abl] batchnorm/relu seed=2 epoch=  6/25 train_acc=0.782 test_acc=0.776 active_frac=0.419 gate_mean=0.4187 (18.8s)
[bn-abl] batchnorm/relu seed=2 epoch=  7/25 train_acc=0.803 test_acc=0.793 active_frac=0.406 gate_mean=0.4063 (18.5s)
[bn-abl] batchnorm/relu seed=2 epoch=  8/25 train_acc=0.821 test_acc=0.808 active_frac=0.390 gate_mean=0.3903 (18.5s)
[bn-abl] batchnorm/relu seed=2 epoch=  9/25 train_acc=0.837 test_acc=0.767 active_frac=0.384 gate_mean=0.3835 (18.4s)
[bn-abl] batchnorm/relu seed=2 epoch= 10/25 train_acc=0.846 test_acc=0.823 active_frac=0.382 gate_mean=0.3816 (18.5s)
[bn-abl] batchnorm/relu seed=2 epoch= 11/25 train_acc=0.861 test_acc=0.840 active_frac=0.380 gate_mean=0.3796 (18.6s)
[bn-abl] batchnorm/relu seed=2 epoch= 12/25 train_acc=0.874 test_acc=0.849 active_frac=0.376 gate_mean=0.3756 (18.4s)
[bn-abl] batchnorm/relu seed=2 epoch= 13/25 train_acc=0.882 test_acc=0.809 active_frac=0.376 gate_mean=0.3757 (18.4s)
[bn-abl] batchnorm/relu seed=2 epoch= 14/25 train_acc=0.894 test_acc=0.859 active_frac=0.370 gate_mean=0.3701 (18.4s)
[bn-abl] batchnorm/relu seed=2 epoch= 15/25 train_acc=0.903 test_acc=0.866 active_frac=0.370 gate_mean=0.3696 (18.6s)
[bn-abl] batchnorm/relu seed=2 epoch= 16/25 train_acc=0.916 test_acc=0.871 active_frac=0.371 gate_mean=0.3705 (18.5s)
[bn-abl] batchnorm/relu seed=2 epoch= 17/25 train_acc=0.927 test_acc=0.888 active_frac=0.366 gate_mean=0.3664 (18.5s)
[bn-abl] batchnorm/relu seed=2 epoch= 18/25 train_acc=0.937 test_acc=0.887 active_frac=0.368 gate_mean=0.3681 (18.3s)
[bn-abl] batchnorm/relu seed=2 epoch= 19/25 train_acc=0.950 test_acc=0.899 active_frac=0.366 gate_mean=0.3664 (18.3s)
[bn-abl] batchnorm/relu seed=2 epoch= 20/25 train_acc=0.961 test_acc=0.912 active_frac=0.366 gate_mean=0.3663 (18.4s)
[bn-abl] batchnorm/relu seed=2 epoch= 21/25 train_acc=0.971 test_acc=0.917 active_frac=0.366 gate_mean=0.3661 (18.3s)
[bn-abl] batchnorm/relu seed=2 epoch= 22/25 train_acc=0.977 test_acc=0.922 active_frac=0.366 gate_mean=0.3658 (18.4s)
[bn-abl] batchnorm/relu seed=2 epoch= 23/25 train_acc=0.981 test_acc=0.925 active_frac=0.366 gate_mean=0.3659 (18.4s)
[bn-abl] batchnorm/relu seed=2 epoch= 24/25 train_acc=0.985 test_acc=0.926 active_frac=0.366 gate_mean=0.3658 (18.6s)
[bn-abl] batchnorm/relu seed=2 done in 7.7 min
[bn-abl] batchnorm/gelu seed=0 epoch=  0/25 train_acc=0.357 test_acc=0.470 active_frac=0.984 gate_mean=0.5401 (18.7s)
[bn-abl] batchnorm/gelu seed=0 epoch=  1/25 train_acc=0.532 test_acc=0.533 active_frac=0.985 gate_mean=0.5282 (18.4s)
[bn-abl] batchnorm/gelu seed=0 epoch=  2/25 train_acc=0.647 test_acc=0.688 active_frac=0.987 gate_mean=0.5147 (18.5s)
[bn-abl] batchnorm/gelu seed=0 epoch=  3/25 train_acc=0.712 test_acc=0.698 active_frac=0.988 gate_mean=0.4998 (18.3s)
[bn-abl] batchnorm/gelu seed=0 epoch=  4/25 train_acc=0.758 test_acc=0.753 active_frac=0.989 gate_mean=0.4871 (18.4s)
[bn-abl] batchnorm/gelu seed=0 epoch=  5/25 train_acc=0.788 test_acc=0.777 active_frac=0.990 gate_mean=0.4766 (18.5s)
[bn-abl] batchnorm/gelu seed=0 epoch=  6/25 train_acc=0.807 test_acc=0.793 active_frac=0.991 gate_mean=0.4693 (18.3s)
[bn-abl] batchnorm/gelu seed=0 epoch=  7/25 train_acc=0.823 test_acc=0.802 active_frac=0.992 gate_mean=0.4629 (18.3s)
[bn-abl] batchnorm/gelu seed=0 epoch=  8/25 train_acc=0.833 test_acc=0.825 active_frac=0.992 gate_mean=0.4597 (18.5s)
[bn-abl] batchnorm/gelu seed=0 epoch=  9/25 train_acc=0.843 test_acc=0.824 active_frac=0.992 gate_mean=0.4572 (18.5s)
[bn-abl] batchnorm/gelu seed=0 epoch= 10/25 train_acc=0.855 test_acc=0.836 active_frac=0.992 gate_mean=0.4555 (20.1s)
[bn-abl] batchnorm/gelu seed=0 epoch= 11/25 train_acc=0.864 test_acc=0.846 active_frac=0.992 gate_mean=0.4536 (19.3s)
[bn-abl] batchnorm/gelu seed=0 epoch= 12/25 train_acc=0.876 test_acc=0.861 active_frac=0.993 gate_mean=0.4535 (18.7s)
[bn-abl] batchnorm/gelu seed=0 epoch= 13/25 train_acc=0.883 test_acc=0.865 active_frac=0.993 gate_mean=0.4520 (18.4s)
[bn-abl] batchnorm/gelu seed=0 epoch= 14/25 train_acc=0.892 test_acc=0.862 active_frac=0.993 gate_mean=0.4516 (18.5s)
[bn-abl] batchnorm/gelu seed=0 epoch= 15/25 train_acc=0.900 test_acc=0.879 active_frac=0.993 gate_mean=0.4511 (18.5s)
[bn-abl] batchnorm/gelu seed=0 epoch= 16/25 train_acc=0.910 test_acc=0.886 active_frac=0.993 gate_mean=0.4508 (18.5s)
[bn-abl] batchnorm/gelu seed=0 epoch= 17/25 train_acc=0.919 test_acc=0.891 active_frac=0.993 gate_mean=0.4502 (18.6s)
[bn-abl] batchnorm/gelu seed=0 epoch= 18/25 train_acc=0.931 test_acc=0.894 active_frac=0.993 gate_mean=0.4499 (18.4s)
[bn-abl] batchnorm/gelu seed=0 epoch= 19/25 train_acc=0.939 test_acc=0.907 active_frac=0.993 gate_mean=0.4501 (18.4s)
[bn-abl] batchnorm/gelu seed=0 epoch= 20/25 train_acc=0.950 test_acc=0.913 active_frac=0.993 gate_mean=0.4497 (18.5s)
[bn-abl] batchnorm/gelu seed=0 epoch= 21/25 train_acc=0.959 test_acc=0.917 active_frac=0.993 gate_mean=0.4498 (18.5s)
[bn-abl] batchnorm/gelu seed=0 epoch= 22/25 train_acc=0.965 test_acc=0.920 active_frac=0.993 gate_mean=0.4502 (18.5s)
[bn-abl] batchnorm/gelu seed=0 epoch= 23/25 train_acc=0.970 test_acc=0.923 active_frac=0.993 gate_mean=0.4506 (18.5s)
[bn-abl] batchnorm/gelu seed=0 epoch= 24/25 train_acc=0.974 test_acc=0.923 active_frac=0.993 gate_mean=0.4504 (18.5s)
[bn-abl] batchnorm/gelu seed=0 done in 7.8 min
[bn-abl] batchnorm/gelu seed=1 epoch=  0/25 train_acc=0.363 test_acc=0.451 active_frac=0.982 gate_mean=0.5444 (18.7s)
[bn-abl] batchnorm/gelu seed=1 epoch=  1/25 train_acc=0.534 test_acc=0.586 active_frac=0.986 gate_mean=0.5314 (19.3s)
[bn-abl] batchnorm/gelu seed=1 epoch=  2/25 train_acc=0.638 test_acc=0.644 active_frac=0.988 gate_mean=0.5181 (18.7s)
[bn-abl] batchnorm/gelu seed=1 epoch=  3/25 train_acc=0.699 test_acc=0.698 active_frac=0.989 gate_mean=0.5075 (18.5s)
[bn-abl] batchnorm/gelu seed=1 epoch=  4/25 train_acc=0.748 test_acc=0.736 active_frac=0.990 gate_mean=0.4952 (19.0s)
[bn-abl] batchnorm/gelu seed=1 epoch=  5/25 train_acc=0.780 test_acc=0.714 active_frac=0.991 gate_mean=0.4860 (18.7s)
[bn-abl] batchnorm/gelu seed=1 epoch=  6/25 train_acc=0.801 test_acc=0.776 active_frac=0.992 gate_mean=0.4782 (18.7s)
[bn-abl] batchnorm/gelu seed=1 epoch=  7/25 train_acc=0.819 test_acc=0.791 active_frac=0.992 gate_mean=0.4722 (18.6s)
[bn-abl] batchnorm/gelu seed=1 epoch=  8/25 train_acc=0.835 test_acc=0.813 active_frac=0.993 gate_mean=0.4684 (18.6s)
[bn-abl] batchnorm/gelu seed=1 epoch=  9/25 train_acc=0.843 test_acc=0.835 active_frac=0.993 gate_mean=0.4660 (19.3s)
[bn-abl] batchnorm/gelu seed=1 epoch= 10/25 train_acc=0.855 test_acc=0.844 active_frac=0.993 gate_mean=0.4636 (18.6s)
[bn-abl] batchnorm/gelu seed=1 epoch= 11/25 train_acc=0.865 test_acc=0.839 active_frac=0.993 gate_mean=0.4621 (18.5s)
[bn-abl] batchnorm/gelu seed=1 epoch= 12/25 train_acc=0.875 test_acc=0.849 active_frac=0.993 gate_mean=0.4615 (18.5s)
[bn-abl] batchnorm/gelu seed=1 epoch= 13/25 train_acc=0.884 test_acc=0.868 active_frac=0.993 gate_mean=0.4597 (18.5s)
[bn-abl] batchnorm/gelu seed=1 epoch= 14/25 train_acc=0.893 test_acc=0.878 active_frac=0.993 gate_mean=0.4593 (18.6s)
[bn-abl] batchnorm/gelu seed=1 epoch= 15/25 train_acc=0.903 test_acc=0.875 active_frac=0.993 gate_mean=0.4586 (19.0s)
[bn-abl] batchnorm/gelu seed=1 epoch= 16/25 train_acc=0.912 test_acc=0.888 active_frac=0.993 gate_mean=0.4579 (18.7s)
[bn-abl] batchnorm/gelu seed=1 epoch= 17/25 train_acc=0.922 test_acc=0.895 active_frac=0.993 gate_mean=0.4580 (19.9s)
[bn-abl] batchnorm/gelu seed=1 epoch= 18/25 train_acc=0.932 test_acc=0.904 active_frac=0.994 gate_mean=0.4580 (19.1s)
[bn-abl] batchnorm/gelu seed=1 epoch= 19/25 train_acc=0.943 test_acc=0.905 active_frac=0.994 gate_mean=0.4582 (18.5s)
[bn-abl] batchnorm/gelu seed=1 epoch= 20/25 train_acc=0.951 test_acc=0.916 active_frac=0.994 gate_mean=0.4584 (18.6s)
[bn-abl] batchnorm/gelu seed=1 epoch= 21/25 train_acc=0.960 test_acc=0.920 active_frac=0.994 gate_mean=0.4581 (18.6s)
[bn-abl] batchnorm/gelu seed=1 epoch= 22/25 train_acc=0.967 test_acc=0.923 active_frac=0.994 gate_mean=0.4586 (18.4s)
[bn-abl] batchnorm/gelu seed=1 epoch= 23/25 train_acc=0.973 test_acc=0.927 active_frac=0.994 gate_mean=0.4585 (19.3s)
[bn-abl] batchnorm/gelu seed=1 epoch= 24/25 train_acc=0.976 test_acc=0.926 active_frac=0.994 gate_mean=0.4583 (18.5s)
[bn-abl] batchnorm/gelu seed=1 done in 7.8 min
[bn-abl] batchnorm/gelu seed=2 epoch=  0/25 train_acc=0.355 test_acc=0.403 active_frac=0.983 gate_mean=0.5415 (18.7s)
[bn-abl] batchnorm/gelu seed=2 epoch=  1/25 train_acc=0.517 test_acc=0.541 active_frac=0.986 gate_mean=0.5345 (18.5s)
[bn-abl] batchnorm/gelu seed=2 epoch=  2/25 train_acc=0.626 test_acc=0.650 active_frac=0.988 gate_mean=0.5238 (18.5s)
[bn-abl] batchnorm/gelu seed=2 epoch=  3/25 train_acc=0.701 test_acc=0.696 active_frac=0.989 gate_mean=0.5101 (18.5s)
[bn-abl] batchnorm/gelu seed=2 epoch=  4/25 train_acc=0.750 test_acc=0.726 active_frac=0.990 gate_mean=0.4971 (18.5s)
[bn-abl] batchnorm/gelu seed=2 epoch=  5/25 train_acc=0.780 test_acc=0.776 active_frac=0.991 gate_mean=0.4871 (18.6s)
[bn-abl] batchnorm/gelu seed=2 epoch=  6/25 train_acc=0.800 test_acc=0.786 active_frac=0.992 gate_mean=0.4790 (18.5s)
[bn-abl] batchnorm/gelu seed=2 epoch=  7/25 train_acc=0.817 test_acc=0.798 active_frac=0.992 gate_mean=0.4741 (18.7s)
[bn-abl] batchnorm/gelu seed=2 epoch=  8/25 train_acc=0.830 test_acc=0.815 active_frac=0.993 gate_mean=0.4704 (19.2s)
[bn-abl] batchnorm/gelu seed=2 epoch=  9/25 train_acc=0.842 test_acc=0.832 active_frac=0.993 gate_mean=0.4678 (18.3s)
[bn-abl] batchnorm/gelu seed=2 epoch= 10/25 train_acc=0.854 test_acc=0.846 active_frac=0.993 gate_mean=0.4652 (18.3s)
[bn-abl] batchnorm/gelu seed=2 epoch= 11/25 train_acc=0.862 test_acc=0.837 active_frac=0.993 gate_mean=0.4639 (18.4s)
[bn-abl] batchnorm/gelu seed=2 epoch= 12/25 train_acc=0.873 test_acc=0.863 active_frac=0.993 gate_mean=0.4636 (18.3s)
[bn-abl] batchnorm/gelu seed=2 epoch= 13/25 train_acc=0.883 test_acc=0.860 active_frac=0.993 gate_mean=0.4625 (18.5s)
[bn-abl] batchnorm/gelu seed=2 epoch= 14/25 train_acc=0.893 test_acc=0.870 active_frac=0.993 gate_mean=0.4618 (18.5s)
[bn-abl] batchnorm/gelu seed=2 epoch= 15/25 train_acc=0.900 test_acc=0.878 active_frac=0.993 gate_mean=0.4615 (18.8s)
[bn-abl] batchnorm/gelu seed=2 epoch= 16/25 train_acc=0.912 test_acc=0.879 active_frac=0.993 gate_mean=0.4609 (18.7s)
[bn-abl] batchnorm/gelu seed=2 epoch= 17/25 train_acc=0.920 test_acc=0.893 active_frac=0.993 gate_mean=0.4604 (18.4s)
[bn-abl] batchnorm/gelu seed=2 epoch= 18/25 train_acc=0.931 test_acc=0.902 active_frac=0.993 gate_mean=0.4602 (18.4s)
[bn-abl] batchnorm/gelu seed=2 epoch= 19/25 train_acc=0.941 test_acc=0.908 active_frac=0.994 gate_mean=0.4605 (18.3s)
[bn-abl] batchnorm/gelu seed=2 epoch= 20/25 train_acc=0.951 test_acc=0.912 active_frac=0.994 gate_mean=0.4608 (18.3s)
[bn-abl] batchnorm/gelu seed=2 epoch= 21/25 train_acc=0.960 test_acc=0.920 active_frac=0.994 gate_mean=0.4605 (18.3s)
[bn-abl] batchnorm/gelu seed=2 epoch= 22/25 train_acc=0.967 test_acc=0.922 active_frac=0.994 gate_mean=0.4601 (18.3s)
[bn-abl] batchnorm/gelu seed=2 epoch= 23/25 train_acc=0.972 test_acc=0.925 active_frac=0.994 gate_mean=0.4604 (18.3s)
[bn-abl] batchnorm/gelu seed=2 epoch= 24/25 train_acc=0.975 test_acc=0.925 active_frac=0.994 gate_mean=0.4608 (18.4s)
[bn-abl] batchnorm/gelu seed=2 done in 7.7 min
[bn-abl] batchnorm/silu seed=0 epoch=  0/25 train_acc=0.331 test_acc=0.438 active_frac=0.992 gate_mean=0.5214 (19.4s)
[bn-abl] batchnorm/silu seed=0 epoch=  1/25 train_acc=0.496 test_acc=0.518 active_frac=0.993 gate_mean=0.5170 (18.2s)
[bn-abl] batchnorm/silu seed=0 epoch=  2/25 train_acc=0.621 test_acc=0.663 active_frac=0.994 gate_mean=0.5080 (18.3s)
[bn-abl] batchnorm/silu seed=0 epoch=  3/25 train_acc=0.700 test_acc=0.689 active_frac=0.995 gate_mean=0.4988 (18.5s)
[bn-abl] batchnorm/silu seed=0 epoch=  4/25 train_acc=0.749 test_acc=0.741 active_frac=0.996 gate_mean=0.4920 (18.3s)
[bn-abl] batchnorm/silu seed=0 epoch=  5/25 train_acc=0.778 test_acc=0.773 active_frac=0.996 gate_mean=0.4868 (18.3s)
[bn-abl] batchnorm/silu seed=0 epoch=  6/25 train_acc=0.793 test_acc=0.795 active_frac=0.997 gate_mean=0.4829 (18.3s)
[bn-abl] batchnorm/silu seed=0 epoch=  7/25 train_acc=0.806 test_acc=0.787 active_frac=0.997 gate_mean=0.4808 (18.3s)
[bn-abl] batchnorm/silu seed=0 epoch=  8/25 train_acc=0.818 test_acc=0.801 active_frac=0.997 gate_mean=0.4792 (18.3s)
[bn-abl] batchnorm/silu seed=0 epoch=  9/25 train_acc=0.827 test_acc=0.809 active_frac=0.997 gate_mean=0.4779 (18.3s)
[bn-abl] batchnorm/silu seed=0 epoch= 10/25 train_acc=0.839 test_acc=0.828 active_frac=0.997 gate_mean=0.4776 (18.3s)
[bn-abl] batchnorm/silu seed=0 epoch= 11/25 train_acc=0.846 test_acc=0.837 active_frac=0.997 gate_mean=0.4764 (18.3s)
[bn-abl] batchnorm/silu seed=0 epoch= 12/25 train_acc=0.856 test_acc=0.845 active_frac=0.997 gate_mean=0.4762 (18.3s)
[bn-abl] batchnorm/silu seed=0 epoch= 13/25 train_acc=0.866 test_acc=0.850 active_frac=0.997 gate_mean=0.4760 (18.3s)
[bn-abl] batchnorm/silu seed=0 epoch= 14/25 train_acc=0.872 test_acc=0.853 active_frac=0.997 gate_mean=0.4756 (18.6s)
[bn-abl] batchnorm/silu seed=0 epoch= 15/25 train_acc=0.882 test_acc=0.874 active_frac=0.997 gate_mean=0.4751 (18.3s)
[bn-abl] batchnorm/silu seed=0 epoch= 16/25 train_acc=0.893 test_acc=0.872 active_frac=0.997 gate_mean=0.4751 (18.4s)
[bn-abl] batchnorm/silu seed=0 epoch= 17/25 train_acc=0.901 test_acc=0.882 active_frac=0.997 gate_mean=0.4755 (18.4s)
[bn-abl] batchnorm/silu seed=0 epoch= 18/25 train_acc=0.911 test_acc=0.890 active_frac=0.997 gate_mean=0.4759 (18.3s)
[bn-abl] batchnorm/silu seed=0 epoch= 19/25 train_acc=0.921 test_acc=0.894 active_frac=0.997 gate_mean=0.4752 (18.5s)
[bn-abl] batchnorm/silu seed=0 epoch= 20/25 train_acc=0.930 test_acc=0.903 active_frac=0.997 gate_mean=0.4753 (18.4s)
[bn-abl] batchnorm/silu seed=0 epoch= 21/25 train_acc=0.939 test_acc=0.910 active_frac=0.997 gate_mean=0.4756 (18.3s)
[bn-abl] batchnorm/silu seed=0 epoch= 22/25 train_acc=0.946 test_acc=0.913 active_frac=0.997 gate_mean=0.4759 (18.4s)
[bn-abl] batchnorm/silu seed=0 epoch= 23/25 train_acc=0.952 test_acc=0.915 active_frac=0.997 gate_mean=0.4756 (18.4s)
[bn-abl] batchnorm/silu seed=0 epoch= 24/25 train_acc=0.956 test_acc=0.917 active_frac=0.997 gate_mean=0.4757 (18.6s)
[bn-abl] batchnorm/silu seed=0 done in 7.7 min
[bn-abl] batchnorm/silu seed=1 epoch=  0/25 train_acc=0.357 test_acc=0.473 active_frac=0.993 gate_mean=0.5244 (18.3s)
[bn-abl] batchnorm/silu seed=1 epoch=  1/25 train_acc=0.543 test_acc=0.600 active_frac=0.993 gate_mean=0.5142 (18.5s)
[bn-abl] batchnorm/silu seed=1 epoch=  2/25 train_acc=0.649 test_acc=0.630 active_frac=0.994 gate_mean=0.5049 (18.3s)
[bn-abl] batchnorm/silu seed=1 epoch=  3/25 train_acc=0.718 test_acc=0.733 active_frac=0.995 gate_mean=0.4961 (18.3s)
[bn-abl] batchnorm/silu seed=1 epoch=  4/25 train_acc=0.762 test_acc=0.761 active_frac=0.996 gate_mean=0.4890 (18.3s)
[bn-abl] batchnorm/silu seed=1 epoch=  5/25 train_acc=0.785 test_acc=0.756 active_frac=0.996 gate_mean=0.4841 (18.3s)
[bn-abl] batchnorm/silu seed=1 epoch=  6/25 train_acc=0.799 test_acc=0.786 active_frac=0.997 gate_mean=0.4800 (18.3s)
[bn-abl] batchnorm/silu seed=1 epoch=  7/25 train_acc=0.811 test_acc=0.800 active_frac=0.997 gate_mean=0.4777 (19.5s)
[bn-abl] batchnorm/silu seed=1 epoch=  8/25 train_acc=0.825 test_acc=0.820 active_frac=0.997 gate_mean=0.4765 (18.5s)
[bn-abl] batchnorm/silu seed=1 epoch=  9/25 train_acc=0.830 test_acc=0.830 active_frac=0.997 gate_mean=0.4754 (18.3s)
[bn-abl] batchnorm/silu seed=1 epoch= 10/25 train_acc=0.842 test_acc=0.835 active_frac=0.997 gate_mean=0.4740 (18.7s)
[bn-abl] batchnorm/silu seed=1 epoch= 11/25 train_acc=0.850 test_acc=0.843 active_frac=0.997 gate_mean=0.4739 (18.3s)
[bn-abl] batchnorm/silu seed=1 epoch= 12/25 train_acc=0.859 test_acc=0.832 active_frac=0.997 gate_mean=0.4734 (18.4s)
[bn-abl] batchnorm/silu seed=1 epoch= 13/25 train_acc=0.867 test_acc=0.848 active_frac=0.997 gate_mean=0.4728 (19.5s)
[bn-abl] batchnorm/silu seed=1 epoch= 14/25 train_acc=0.876 test_acc=0.867 active_frac=0.997 gate_mean=0.4725 (18.6s)
[bn-abl] batchnorm/silu seed=1 epoch= 15/25 train_acc=0.885 test_acc=0.861 active_frac=0.997 gate_mean=0.4722 (18.5s)
[bn-abl] batchnorm/silu seed=1 epoch= 16/25 train_acc=0.893 test_acc=0.872 active_frac=0.997 gate_mean=0.4720 (18.8s)
[bn-abl] batchnorm/silu seed=1 epoch= 17/25 train_acc=0.903 test_acc=0.872 active_frac=0.997 gate_mean=0.4723 (18.4s)
[bn-abl] batchnorm/silu seed=1 epoch= 18/25 train_acc=0.913 test_acc=0.887 active_frac=0.997 gate_mean=0.4720 (18.2s)
[bn-abl] batchnorm/silu seed=1 epoch= 19/25 train_acc=0.921 test_acc=0.894 active_frac=0.997 gate_mean=0.4725 (18.3s)
[bn-abl] batchnorm/silu seed=1 epoch= 20/25 train_acc=0.931 test_acc=0.904 active_frac=0.997 gate_mean=0.4724 (18.5s)
[bn-abl] batchnorm/silu seed=1 epoch= 21/25 train_acc=0.940 test_acc=0.910 active_frac=0.997 gate_mean=0.4726 (18.3s)
[bn-abl] batchnorm/silu seed=1 epoch= 22/25 train_acc=0.947 test_acc=0.913 active_frac=0.997 gate_mean=0.4731 (18.4s)
[bn-abl] batchnorm/silu seed=1 epoch= 23/25 train_acc=0.955 test_acc=0.916 active_frac=0.997 gate_mean=0.4730 (18.3s)
[bn-abl] batchnorm/silu seed=1 epoch= 24/25 train_acc=0.957 test_acc=0.917 active_frac=0.997 gate_mean=0.4729 (18.3s)
[bn-abl] batchnorm/silu seed=1 done in 7.7 min
[bn-abl] batchnorm/silu seed=2 epoch=  0/25 train_acc=0.342 test_acc=0.462 active_frac=0.994 gate_mean=0.5222 (18.3s)
[bn-abl] batchnorm/silu seed=2 epoch=  1/25 train_acc=0.538 test_acc=0.574 active_frac=0.993 gate_mean=0.5176 (18.6s)
[bn-abl] batchnorm/silu seed=2 epoch=  2/25 train_acc=0.655 test_acc=0.665 active_frac=0.994 gate_mean=0.5111 (18.4s)
[bn-abl] batchnorm/silu seed=2 epoch=  3/25 train_acc=0.717 test_acc=0.722 active_frac=0.995 gate_mean=0.5034 (18.3s)
[bn-abl] batchnorm/silu seed=2 epoch=  4/25 train_acc=0.755 test_acc=0.760 active_frac=0.996 gate_mean=0.4959 (18.3s)
[bn-abl] batchnorm/silu seed=2 epoch=  5/25 train_acc=0.783 test_acc=0.769 active_frac=0.997 gate_mean=0.4910 (18.5s)
[bn-abl] batchnorm/silu seed=2 epoch=  6/25 train_acc=0.798 test_acc=0.786 active_frac=0.997 gate_mean=0.4877 (18.3s)
[bn-abl] batchnorm/silu seed=2 epoch=  7/25 train_acc=0.810 test_acc=0.788 active_frac=0.997 gate_mean=0.4850 (18.6s)
[bn-abl] batchnorm/silu seed=2 epoch=  8/25 train_acc=0.821 test_acc=0.821 active_frac=0.997 gate_mean=0.4834 (35.7s)
[bn-abl] batchnorm/silu seed=2 epoch=  9/25 train_acc=0.828 test_acc=0.793 active_frac=0.997 gate_mean=0.4821 (18.4s)
[bn-abl] batchnorm/silu seed=2 epoch= 10/25 train_acc=0.839 test_acc=0.834 active_frac=0.997 gate_mean=0.4807 (18.4s)
[bn-abl] batchnorm/silu seed=2 epoch= 11/25 train_acc=0.847 test_acc=0.838 active_frac=0.997 gate_mean=0.4794 (18.5s)
[bn-abl] batchnorm/silu seed=2 epoch= 12/25 train_acc=0.857 test_acc=0.849 active_frac=0.997 gate_mean=0.4790 (18.5s)
[bn-abl] batchnorm/silu seed=2 epoch= 13/25 train_acc=0.868 test_acc=0.842 active_frac=0.997 gate_mean=0.4787 (18.6s)
[bn-abl] batchnorm/silu seed=2 epoch= 14/25 train_acc=0.872 test_acc=0.854 active_frac=0.997 gate_mean=0.4783 (18.5s)
[bn-abl] batchnorm/silu seed=2 epoch= 15/25 train_acc=0.882 test_acc=0.873 active_frac=0.997 gate_mean=0.4784 (18.5s)
[bn-abl] batchnorm/silu seed=2 epoch= 16/25 train_acc=0.893 test_acc=0.879 active_frac=0.997 gate_mean=0.4782 (18.4s)
[bn-abl] batchnorm/silu seed=2 epoch= 17/25 train_acc=0.903 test_acc=0.878 active_frac=0.997 gate_mean=0.4784 (18.8s)
[bn-abl] batchnorm/silu seed=2 epoch= 18/25 train_acc=0.912 test_acc=0.888 active_frac=0.997 gate_mean=0.4780 (18.6s)
[bn-abl] batchnorm/silu seed=2 epoch= 19/25 train_acc=0.921 test_acc=0.894 active_frac=0.997 gate_mean=0.4785 (18.5s)
[bn-abl] batchnorm/silu seed=2 epoch= 20/25 train_acc=0.931 test_acc=0.898 active_frac=0.997 gate_mean=0.4786 (18.4s)
[bn-abl] batchnorm/silu seed=2 epoch= 21/25 train_acc=0.940 test_acc=0.906 active_frac=0.997 gate_mean=0.4788 (18.6s)
[bn-abl] batchnorm/silu seed=2 epoch= 22/25 train_acc=0.948 test_acc=0.913 active_frac=0.997 gate_mean=0.4786 (18.5s)
[bn-abl] batchnorm/silu seed=2 epoch= 23/25 train_acc=0.954 test_acc=0.916 active_frac=0.998 gate_mean=0.4788 (18.7s)
[bn-abl] batchnorm/silu seed=2 epoch= 24/25 train_acc=0.958 test_acc=0.918 active_frac=0.997 gate_mean=0.4788 (18.6s)
[bn-abl] batchnorm/silu seed=2 done in 8.0 min
[bn-abl] batchnorm/mish seed=0 epoch=  0/25 train_acc=0.367 test_acc=0.422 active_frac=0.992 gate_mean=0.5950 (18.7s)
[bn-abl] batchnorm/mish seed=0 epoch=  1/25 train_acc=0.546 test_acc=0.587 active_frac=0.992 gate_mean=0.5847 (18.4s)
[bn-abl] batchnorm/mish seed=0 epoch=  2/25 train_acc=0.655 test_acc=0.689 active_frac=0.993 gate_mean=0.5752 (18.7s)
[bn-abl] batchnorm/mish seed=0 epoch=  3/25 train_acc=0.715 test_acc=0.701 active_frac=0.994 gate_mean=0.5664 (18.9s)
[bn-abl] batchnorm/mish seed=0 epoch=  4/25 train_acc=0.760 test_acc=0.731 active_frac=0.995 gate_mean=0.5577 (18.4s)
[bn-abl] batchnorm/mish seed=0 epoch=  5/25 train_acc=0.783 test_acc=0.782 active_frac=0.996 gate_mean=0.5524 (18.5s)
[bn-abl] batchnorm/mish seed=0 epoch=  6/25 train_acc=0.798 test_acc=0.793 active_frac=0.996 gate_mean=0.5481 (18.7s)
[bn-abl] batchnorm/mish seed=0 epoch=  7/25 train_acc=0.812 test_acc=0.794 active_frac=0.996 gate_mean=0.5444 (18.5s)
[bn-abl] batchnorm/mish seed=0 epoch=  8/25 train_acc=0.823 test_acc=0.806 active_frac=0.996 gate_mean=0.5428 (18.5s)
[bn-abl] batchnorm/mish seed=0 epoch=  9/25 train_acc=0.832 test_acc=0.809 active_frac=0.996 gate_mean=0.5411 (18.5s)
[bn-abl] batchnorm/mish seed=0 epoch= 10/25 train_acc=0.844 test_acc=0.823 active_frac=0.996 gate_mean=0.5397 (18.6s)
[bn-abl] batchnorm/mish seed=0 epoch= 11/25 train_acc=0.852 test_acc=0.840 active_frac=0.996 gate_mean=0.5381 (18.5s)
[bn-abl] batchnorm/mish seed=0 epoch= 12/25 train_acc=0.864 test_acc=0.850 active_frac=0.996 gate_mean=0.5379 (18.5s)
[bn-abl] batchnorm/mish seed=0 epoch= 13/25 train_acc=0.870 test_acc=0.853 active_frac=0.996 gate_mean=0.5374 (18.5s)
[bn-abl] batchnorm/mish seed=0 epoch= 14/25 train_acc=0.879 test_acc=0.861 active_frac=0.996 gate_mean=0.5369 (18.6s)
[bn-abl] batchnorm/mish seed=0 epoch= 15/25 train_acc=0.887 test_acc=0.880 active_frac=0.996 gate_mean=0.5366 (18.6s)
[bn-abl] batchnorm/mish seed=0 epoch= 16/25 train_acc=0.898 test_acc=0.878 active_frac=0.996 gate_mean=0.5369 (18.5s)
[bn-abl] batchnorm/mish seed=0 epoch= 17/25 train_acc=0.908 test_acc=0.890 active_frac=0.996 gate_mean=0.5368 (18.5s)
[bn-abl] batchnorm/mish seed=0 epoch= 18/25 train_acc=0.917 test_acc=0.894 active_frac=0.996 gate_mean=0.5375 (18.6s)
[bn-abl] batchnorm/mish seed=0 epoch= 19/25 train_acc=0.926 test_acc=0.902 active_frac=0.996 gate_mean=0.5372 (18.6s)
[bn-abl] batchnorm/mish seed=0 epoch= 20/25 train_acc=0.936 test_acc=0.911 active_frac=0.996 gate_mean=0.5379 (18.5s)
[bn-abl] batchnorm/mish seed=0 epoch= 21/25 train_acc=0.944 test_acc=0.915 active_frac=0.996 gate_mean=0.5379 (18.6s)
[bn-abl] batchnorm/mish seed=0 epoch= 22/25 train_acc=0.952 test_acc=0.919 active_frac=0.996 gate_mean=0.5384 (18.5s)
[bn-abl] batchnorm/mish seed=0 epoch= 23/25 train_acc=0.958 test_acc=0.921 active_frac=0.997 gate_mean=0.5384 (18.5s)
[bn-abl] batchnorm/mish seed=0 epoch= 24/25 train_acc=0.961 test_acc=0.922 active_frac=0.996 gate_mean=0.5385 (18.5s)
[bn-abl] batchnorm/mish seed=0 done in 7.8 min
[bn-abl] batchnorm/mish seed=1 epoch=  0/25 train_acc=0.341 test_acc=0.434 active_frac=0.991 gate_mean=0.5939 (18.5s)
[bn-abl] batchnorm/mish seed=1 epoch=  1/25 train_acc=0.531 test_acc=0.581 active_frac=0.992 gate_mean=0.5846 (18.5s)
[bn-abl] batchnorm/mish seed=1 epoch=  2/25 train_acc=0.627 test_acc=0.653 active_frac=0.993 gate_mean=0.5767 (18.6s)
[bn-abl] batchnorm/mish seed=1 epoch=  3/25 train_acc=0.685 test_acc=0.657 active_frac=0.994 gate_mean=0.5681 (18.5s)
[bn-abl] batchnorm/mish seed=1 epoch=  4/25 train_acc=0.736 test_acc=0.731 active_frac=0.995 gate_mean=0.5608 (18.6s)
[bn-abl] batchnorm/mish seed=1 epoch=  5/25 train_acc=0.768 test_acc=0.767 active_frac=0.996 gate_mean=0.5554 (21.1s)
[bn-abl] batchnorm/mish seed=1 epoch=  6/25 train_acc=0.789 test_acc=0.750 active_frac=0.996 gate_mean=0.5509 (18.5s)
[bn-abl] batchnorm/mish seed=1 epoch=  7/25 train_acc=0.806 test_acc=0.795 active_frac=0.996 gate_mean=0.5475 (18.5s)
[bn-abl] batchnorm/mish seed=1 epoch=  8/25 train_acc=0.821 test_acc=0.804 active_frac=0.997 gate_mean=0.5463 (18.6s)
[bn-abl] batchnorm/mish seed=1 epoch=  9/25 train_acc=0.828 test_acc=0.837 active_frac=0.997 gate_mean=0.5443 (18.5s)
[bn-abl] batchnorm/mish seed=1 epoch= 10/25 train_acc=0.842 test_acc=0.830 active_frac=0.997 gate_mean=0.5432 (18.5s)
[bn-abl] batchnorm/mish seed=1 epoch= 11/25 train_acc=0.848 test_acc=0.826 active_frac=0.997 gate_mean=0.5431 (18.6s)
[bn-abl] batchnorm/mish seed=1 epoch= 12/25 train_acc=0.858 test_acc=0.843 active_frac=0.997 gate_mean=0.5423 (18.5s)
[bn-abl] batchnorm/mish seed=1 epoch= 13/25 train_acc=0.866 test_acc=0.858 active_frac=0.997 gate_mean=0.5416 (18.5s)
[bn-abl] batchnorm/mish seed=1 epoch= 14/25 train_acc=0.876 test_acc=0.863 active_frac=0.997 gate_mean=0.5411 (18.4s)
[bn-abl] batchnorm/mish seed=1 epoch= 15/25 train_acc=0.884 test_acc=0.852 active_frac=0.997 gate_mean=0.5408 (18.5s)
[bn-abl] batchnorm/mish seed=1 epoch= 16/25 train_acc=0.895 test_acc=0.872 active_frac=0.997 gate_mean=0.5411 (18.6s)
[bn-abl] batchnorm/mish seed=1 epoch= 17/25 train_acc=0.903 test_acc=0.879 active_frac=0.997 gate_mean=0.5412 (18.5s)
[bn-abl] batchnorm/mish seed=1 epoch= 18/25 train_acc=0.914 test_acc=0.888 active_frac=0.997 gate_mean=0.5416 (18.5s)
[bn-abl] batchnorm/mish seed=1 epoch= 19/25 train_acc=0.923 test_acc=0.890 active_frac=0.997 gate_mean=0.5419 (18.5s)
[bn-abl] batchnorm/mish seed=1 epoch= 20/25 train_acc=0.932 test_acc=0.899 active_frac=0.997 gate_mean=0.5421 (18.5s)
[bn-abl] batchnorm/mish seed=1 epoch= 21/25 train_acc=0.942 test_acc=0.908 active_frac=0.997 gate_mean=0.5426 (18.5s)
[bn-abl] batchnorm/mish seed=1 epoch= 22/25 train_acc=0.950 test_acc=0.912 active_frac=0.997 gate_mean=0.5430 (18.5s)
[bn-abl] batchnorm/mish seed=1 epoch= 23/25 train_acc=0.955 test_acc=0.916 active_frac=0.997 gate_mean=0.5429 (18.8s)
[bn-abl] batchnorm/mish seed=1 epoch= 24/25 train_acc=0.958 test_acc=0.915 active_frac=0.997 gate_mean=0.5429 (18.5s)
[bn-abl] batchnorm/mish seed=1 done in 7.8 min
[bn-abl] batchnorm/mish seed=2 epoch=  0/25 train_acc=0.344 test_acc=0.449 active_frac=0.993 gate_mean=0.5894 (18.5s)
[bn-abl] batchnorm/mish seed=2 epoch=  1/25 train_acc=0.491 test_acc=0.561 active_frac=0.993 gate_mean=0.5865 (18.5s)
[bn-abl] batchnorm/mish seed=2 epoch=  2/25 train_acc=0.614 test_acc=0.656 active_frac=0.994 gate_mean=0.5809 (18.5s)
[bn-abl] batchnorm/mish seed=2 epoch=  3/25 train_acc=0.687 test_acc=0.690 active_frac=0.995 gate_mean=0.5752 (18.5s)
[bn-abl] batchnorm/mish seed=2 epoch=  4/25 train_acc=0.733 test_acc=0.714 active_frac=0.995 gate_mean=0.5669 (18.5s)
[bn-abl] batchnorm/mish seed=2 epoch=  5/25 train_acc=0.769 test_acc=0.751 active_frac=0.996 gate_mean=0.5614 (18.5s)
[bn-abl] batchnorm/mish seed=2 epoch=  6/25 train_acc=0.790 test_acc=0.766 active_frac=0.996 gate_mean=0.5578 (18.5s)
[bn-abl] batchnorm/mish seed=2 epoch=  7/25 train_acc=0.804 test_acc=0.794 active_frac=0.997 gate_mean=0.5539 (18.5s)
[bn-abl] batchnorm/mish seed=2 epoch=  8/25 train_acc=0.817 test_acc=0.829 active_frac=0.997 gate_mean=0.5522 (18.5s)
[bn-abl] batchnorm/mish seed=2 epoch=  9/25 train_acc=0.826 test_acc=0.818 active_frac=0.997 gate_mean=0.5507 (18.5s)
[bn-abl] batchnorm/mish seed=2 epoch= 10/25 train_acc=0.838 test_acc=0.825 active_frac=0.997 gate_mean=0.5496 (18.5s)
[bn-abl] batchnorm/mish seed=2 epoch= 11/25 train_acc=0.847 test_acc=0.837 active_frac=0.997 gate_mean=0.5477 (18.4s)
[bn-abl] batchnorm/mish seed=2 epoch= 12/25 train_acc=0.856 test_acc=0.843 active_frac=0.997 gate_mean=0.5473 (18.5s)
[bn-abl] batchnorm/mish seed=2 epoch= 13/25 train_acc=0.866 test_acc=0.840 active_frac=0.997 gate_mean=0.5458 (18.5s)
[bn-abl] batchnorm/mish seed=2 epoch= 14/25 train_acc=0.875 test_acc=0.856 active_frac=0.997 gate_mean=0.5465 (18.5s)
[bn-abl] batchnorm/mish seed=2 epoch= 15/25 train_acc=0.884 test_acc=0.868 active_frac=0.997 gate_mean=0.5464 (18.5s)
[bn-abl] batchnorm/mish seed=2 epoch= 16/25 train_acc=0.895 test_acc=0.880 active_frac=0.997 gate_mean=0.5465 (18.5s)
[bn-abl] batchnorm/mish seed=2 epoch= 17/25 train_acc=0.903 test_acc=0.880 active_frac=0.997 gate_mean=0.5468 (18.5s)
[bn-abl] batchnorm/mish seed=2 epoch= 18/25 train_acc=0.912 test_acc=0.887 active_frac=0.997 gate_mean=0.5471 (18.5s)
[bn-abl] batchnorm/mish seed=2 epoch= 19/25 train_acc=0.921 test_acc=0.895 active_frac=0.997 gate_mean=0.5474 (18.5s)
[bn-abl] batchnorm/mish seed=2 epoch= 20/25 train_acc=0.932 test_acc=0.902 active_frac=0.997 gate_mean=0.5470 (18.5s)
[bn-abl] batchnorm/mish seed=2 epoch= 21/25 train_acc=0.942 test_acc=0.906 active_frac=0.997 gate_mean=0.5479 (18.5s)
[bn-abl] batchnorm/mish seed=2 epoch= 22/25 train_acc=0.949 test_acc=0.914 active_frac=0.997 gate_mean=0.5482 (18.5s)
[bn-abl] batchnorm/mish seed=2 epoch= 23/25 train_acc=0.954 test_acc=0.917 active_frac=0.997 gate_mean=0.5479 (18.7s)
[bn-abl] batchnorm/mish seed=2 epoch= 24/25 train_acc=0.958 test_acc=0.916 active_frac=0.997 gate_mean=0.5481 (18.5s)
[bn-abl] batchnorm/mish seed=2 done in 7.7 min
[bn-abl] groupnorm/relu seed=0 epoch=  0/25 train_acc=0.168 test_acc=0.209 active_frac=0.383 gate_mean=0.3832 (20.1s)
[bn-abl] groupnorm/relu seed=0 epoch=  1/25 train_acc=0.291 test_acc=0.366 active_frac=0.415 gate_mean=0.4149 (18.7s)
[bn-abl] groupnorm/relu seed=0 epoch=  2/25 train_acc=0.388 test_acc=0.439 active_frac=0.411 gate_mean=0.4110 (18.7s)
[bn-abl] groupnorm/relu seed=0 epoch=  3/25 train_acc=0.448 test_acc=0.478 active_frac=0.399 gate_mean=0.3989 (18.6s)
[bn-abl] groupnorm/relu seed=0 epoch=  4/25 train_acc=0.513 test_acc=0.532 active_frac=0.377 gate_mean=0.3773 (18.7s)
[bn-abl] groupnorm/relu seed=0 epoch=  5/25 train_acc=0.586 test_acc=0.592 active_frac=0.356 gate_mean=0.3563 (18.7s)
[bn-abl] groupnorm/relu seed=0 epoch=  6/25 train_acc=0.657 test_acc=0.661 active_frac=0.340 gate_mean=0.3399 (18.6s)
[bn-abl] groupnorm/relu seed=0 epoch=  7/25 train_acc=0.715 test_acc=0.707 active_frac=0.324 gate_mean=0.3242 (18.7s)
[bn-abl] groupnorm/relu seed=0 epoch=  8/25 train_acc=0.752 test_acc=0.752 active_frac=0.323 gate_mean=0.3235 (18.7s)
[bn-abl] groupnorm/relu seed=0 epoch=  9/25 train_acc=0.781 test_acc=0.756 active_frac=0.315 gate_mean=0.3147 (18.8s)
[bn-abl] groupnorm/relu seed=0 epoch= 10/25 train_acc=0.800 test_acc=0.765 active_frac=0.310 gate_mean=0.3095 (18.8s)
[bn-abl] groupnorm/relu seed=0 epoch= 11/25 train_acc=0.819 test_acc=0.786 active_frac=0.311 gate_mean=0.3114 (18.8s)
[bn-abl] groupnorm/relu seed=0 epoch= 12/25 train_acc=0.835 test_acc=0.782 active_frac=0.311 gate_mean=0.3108 (18.7s)
[bn-abl] groupnorm/relu seed=0 epoch= 13/25 train_acc=0.850 test_acc=0.818 active_frac=0.308 gate_mean=0.3076 (18.8s)
[bn-abl] groupnorm/relu seed=0 epoch= 14/25 train_acc=0.862 test_acc=0.811 active_frac=0.310 gate_mean=0.3095 (18.8s)
[bn-abl] groupnorm/relu seed=0 epoch= 15/25 train_acc=0.873 test_acc=0.845 active_frac=0.305 gate_mean=0.3046 (18.8s)
[bn-abl] groupnorm/relu seed=0 epoch= 16/25 train_acc=0.890 test_acc=0.863 active_frac=0.306 gate_mean=0.3064 (18.8s)
[bn-abl] groupnorm/relu seed=0 epoch= 17/25 train_acc=0.901 test_acc=0.864 active_frac=0.303 gate_mean=0.3030 (18.8s)
[bn-abl] groupnorm/relu seed=0 epoch= 18/25 train_acc=0.913 test_acc=0.874 active_frac=0.305 gate_mean=0.3050 (18.9s)
[bn-abl] groupnorm/relu seed=0 epoch= 19/25 train_acc=0.923 test_acc=0.879 active_frac=0.303 gate_mean=0.3031 (18.8s)
[bn-abl] groupnorm/relu seed=0 epoch= 20/25 train_acc=0.936 test_acc=0.891 active_frac=0.303 gate_mean=0.3033 (18.8s)
[bn-abl] groupnorm/relu seed=0 epoch= 21/25 train_acc=0.946 test_acc=0.888 active_frac=0.304 gate_mean=0.3040 (18.8s)
[bn-abl] groupnorm/relu seed=0 epoch= 22/25 train_acc=0.954 test_acc=0.891 active_frac=0.306 gate_mean=0.3059 (18.8s)
[bn-abl] groupnorm/relu seed=0 epoch= 23/25 train_acc=0.964 test_acc=0.897 active_frac=0.306 gate_mean=0.3057 (18.8s)
[bn-abl] groupnorm/relu seed=0 epoch= 24/25 train_acc=0.967 test_acc=0.902 active_frac=0.306 gate_mean=0.3063 (18.9s)
[bn-abl] groupnorm/relu seed=0 done in 7.9 min
[bn-abl] groupnorm/relu seed=1 epoch=  0/25 train_acc=0.150 test_acc=0.171 active_frac=0.401 gate_mean=0.4005 (20.4s)
[bn-abl] groupnorm/relu seed=1 epoch=  1/25 train_acc=0.264 test_acc=0.340 active_frac=0.421 gate_mean=0.4213 (19.3s)
[bn-abl] groupnorm/relu seed=1 epoch=  2/25 train_acc=0.346 test_acc=0.369 active_frac=0.416 gate_mean=0.4164 (19.0s)
[bn-abl] groupnorm/relu seed=1 epoch=  3/25 train_acc=0.410 test_acc=0.434 active_frac=0.402 gate_mean=0.4022 (18.9s)
[bn-abl] groupnorm/relu seed=1 epoch=  4/25 train_acc=0.469 test_acc=0.475 active_frac=0.391 gate_mean=0.3908 (19.4s)
[bn-abl] groupnorm/relu seed=1 epoch=  5/25 train_acc=0.526 test_acc=0.535 active_frac=0.375 gate_mean=0.3746 (19.0s)
[bn-abl] groupnorm/relu seed=1 epoch=  6/25 train_acc=0.594 test_acc=0.619 active_frac=0.365 gate_mean=0.3654 (19.0s)
[bn-abl] groupnorm/relu seed=1 epoch=  7/25 train_acc=0.642 test_acc=0.657 active_frac=0.351 gate_mean=0.3513 (19.1s)
[bn-abl] groupnorm/relu seed=1 epoch=  8/25 train_acc=0.686 test_acc=0.681 active_frac=0.339 gate_mean=0.3390 (18.8s)
[bn-abl] groupnorm/relu seed=1 epoch=  9/25 train_acc=0.721 test_acc=0.713 active_frac=0.325 gate_mean=0.3255 (18.8s)
[bn-abl] groupnorm/relu seed=1 epoch= 10/25 train_acc=0.757 test_acc=0.760 active_frac=0.321 gate_mean=0.3206 (18.7s)
[bn-abl] groupnorm/relu seed=1 epoch= 11/25 train_acc=0.783 test_acc=0.763 active_frac=0.318 gate_mean=0.3183 (18.7s)
[bn-abl] groupnorm/relu seed=1 epoch= 12/25 train_acc=0.805 test_acc=0.761 active_frac=0.314 gate_mean=0.3139 (18.7s)
[bn-abl] groupnorm/relu seed=1 epoch= 13/25 train_acc=0.824 test_acc=0.799 active_frac=0.310 gate_mean=0.3103 (19.0s)
[bn-abl] groupnorm/relu seed=1 epoch= 14/25 train_acc=0.842 test_acc=0.772 active_frac=0.301 gate_mean=0.3008 (18.8s)
[bn-abl] groupnorm/relu seed=1 epoch= 15/25 train_acc=0.856 test_acc=0.794 active_frac=0.304 gate_mean=0.3041 (18.9s)
[bn-abl] groupnorm/relu seed=1 epoch= 16/25 train_acc=0.867 test_acc=0.810 active_frac=0.300 gate_mean=0.2998 (19.0s)
[bn-abl] groupnorm/relu seed=1 epoch= 17/25 train_acc=0.881 test_acc=0.847 active_frac=0.298 gate_mean=0.2980 (18.9s)
[bn-abl] groupnorm/relu seed=1 epoch= 18/25 train_acc=0.896 test_acc=0.868 active_frac=0.297 gate_mean=0.2970 (18.8s)
[bn-abl] groupnorm/relu seed=1 epoch= 19/25 train_acc=0.908 test_acc=0.866 active_frac=0.297 gate_mean=0.2966 (18.9s)
[bn-abl] groupnorm/relu seed=1 epoch= 20/25 train_acc=0.922 test_acc=0.877 active_frac=0.293 gate_mean=0.2931 (19.5s)
[bn-abl] groupnorm/relu seed=1 epoch= 21/25 train_acc=0.935 test_acc=0.881 active_frac=0.294 gate_mean=0.2945 (18.9s)
[bn-abl] groupnorm/relu seed=1 epoch= 22/25 train_acc=0.944 test_acc=0.889 active_frac=0.294 gate_mean=0.2945 (18.8s)
[bn-abl] groupnorm/relu seed=1 epoch= 23/25 train_acc=0.952 test_acc=0.897 active_frac=0.294 gate_mean=0.2936 (18.8s)
[bn-abl] groupnorm/relu seed=1 epoch= 24/25 train_acc=0.958 test_acc=0.899 active_frac=0.292 gate_mean=0.2924 (18.8s)
[bn-abl] groupnorm/relu seed=1 done in 7.9 min
[bn-abl] groupnorm/relu seed=2 epoch=  0/25 train_acc=0.151 test_acc=0.178 active_frac=0.378 gate_mean=0.3782 (18.7s)
[bn-abl] groupnorm/relu seed=2 epoch=  1/25 train_acc=0.244 test_acc=0.290 active_frac=0.385 gate_mean=0.3853 (18.7s)
[bn-abl] groupnorm/relu seed=2 epoch=  2/25 train_acc=0.306 test_acc=0.343 active_frac=0.388 gate_mean=0.3881 (18.7s)
[bn-abl] groupnorm/relu seed=2 epoch=  3/25 train_acc=0.370 test_acc=0.401 active_frac=0.393 gate_mean=0.3934 (18.8s)
[bn-abl] groupnorm/relu seed=2 epoch=  4/25 train_acc=0.433 test_acc=0.479 active_frac=0.388 gate_mean=0.3875 (18.7s)
[bn-abl] groupnorm/relu seed=2 epoch=  5/25 train_acc=0.493 test_acc=0.507 active_frac=0.388 gate_mean=0.3880 (18.7s)
[bn-abl] groupnorm/relu seed=2 epoch=  6/25 train_acc=0.544 test_acc=0.585 active_frac=0.388 gate_mean=0.3884 (18.7s)
[bn-abl] groupnorm/relu seed=2 epoch=  7/25 train_acc=0.591 test_acc=0.623 active_frac=0.374 gate_mean=0.3743 (18.8s)
[bn-abl] groupnorm/relu seed=2 epoch=  8/25 train_acc=0.629 test_acc=0.606 active_frac=0.368 gate_mean=0.3681 (18.7s)
[bn-abl] groupnorm/relu seed=2 epoch=  9/25 train_acc=0.666 test_acc=0.648 active_frac=0.359 gate_mean=0.3588 (18.7s)
[bn-abl] groupnorm/relu seed=2 epoch= 10/25 train_acc=0.697 test_acc=0.697 active_frac=0.345 gate_mean=0.3454 (18.7s)
[bn-abl] groupnorm/relu seed=2 epoch= 11/25 train_acc=0.734 test_acc=0.733 active_frac=0.339 gate_mean=0.3387 (19.1s)
[bn-abl] groupnorm/relu seed=2 epoch= 12/25 train_acc=0.761 test_acc=0.759 active_frac=0.329 gate_mean=0.3292 (18.7s)
[bn-abl] groupnorm/relu seed=2 epoch= 13/25 train_acc=0.786 test_acc=0.774 active_frac=0.328 gate_mean=0.3278 (18.7s)
[bn-abl] groupnorm/relu seed=2 epoch= 14/25 train_acc=0.807 test_acc=0.788 active_frac=0.322 gate_mean=0.3223 (18.7s)
[bn-abl] groupnorm/relu seed=2 epoch= 15/25 train_acc=0.826 test_acc=0.804 active_frac=0.324 gate_mean=0.3240 (18.7s)
[bn-abl] groupnorm/relu seed=2 epoch= 16/25 train_acc=0.841 test_acc=0.821 active_frac=0.320 gate_mean=0.3201 (18.9s)
[bn-abl] groupnorm/relu seed=2 epoch= 17/25 train_acc=0.857 test_acc=0.824 active_frac=0.315 gate_mean=0.3148 (19.5s)
[bn-abl] groupnorm/relu seed=2 epoch= 18/25 train_acc=0.872 test_acc=0.842 active_frac=0.315 gate_mean=0.3149 (18.7s)
[bn-abl] groupnorm/relu seed=2 epoch= 19/25 train_acc=0.885 test_acc=0.844 active_frac=0.311 gate_mean=0.3113 (18.7s)
[bn-abl] groupnorm/relu seed=2 epoch= 20/25 train_acc=0.899 test_acc=0.864 active_frac=0.312 gate_mean=0.3115 (18.7s)
[bn-abl] groupnorm/relu seed=2 epoch= 21/25 train_acc=0.912 test_acc=0.870 active_frac=0.311 gate_mean=0.3107 (18.7s)
[bn-abl] groupnorm/relu seed=2 epoch= 22/25 train_acc=0.923 test_acc=0.867 active_frac=0.311 gate_mean=0.3106 (19.3s)
[bn-abl] groupnorm/relu seed=2 epoch= 23/25 train_acc=0.933 test_acc=0.877 active_frac=0.311 gate_mean=0.3105 (18.8s)
[bn-abl] groupnorm/relu seed=2 epoch= 24/25 train_acc=0.938 test_acc=0.882 active_frac=0.310 gate_mean=0.3097 (19.1s)
[bn-abl] groupnorm/relu seed=2 done in 7.9 min
[bn-abl] groupnorm/gelu seed=0 epoch=  0/25 train_acc=0.147 test_acc=0.209 active_frac=0.982 gate_mean=0.4895 (19.0s)
[bn-abl] groupnorm/gelu seed=0 epoch=  1/25 train_acc=0.299 test_acc=0.384 active_frac=0.986 gate_mean=0.4949 (19.4s)
[bn-abl] groupnorm/gelu seed=0 epoch=  2/25 train_acc=0.402 test_acc=0.453 active_frac=0.989 gate_mean=0.4876 (18.8s)
[bn-abl] groupnorm/gelu seed=0 epoch=  3/25 train_acc=0.487 test_acc=0.512 active_frac=0.990 gate_mean=0.4749 (18.8s)
[bn-abl] groupnorm/gelu seed=0 epoch=  4/25 train_acc=0.587 test_acc=0.590 active_frac=0.991 gate_mean=0.4649 (18.8s)
[bn-abl] groupnorm/gelu seed=0 epoch=  5/25 train_acc=0.671 test_acc=0.648 active_frac=0.992 gate_mean=0.4603 (19.3s)
[bn-abl] groupnorm/gelu seed=0 epoch=  6/25 train_acc=0.736 test_acc=0.701 active_frac=0.992 gate_mean=0.4579 (19.0s)
[bn-abl] groupnorm/gelu seed=0 epoch=  7/25 train_acc=0.775 test_acc=0.754 active_frac=0.992 gate_mean=0.4610 (18.9s)
[bn-abl] groupnorm/gelu seed=0 epoch=  8/25 train_acc=0.799 test_acc=0.782 active_frac=0.993 gate_mean=0.4618 (18.8s)
[bn-abl] groupnorm/gelu seed=0 epoch=  9/25 train_acc=0.821 test_acc=0.795 active_frac=0.993 gate_mean=0.4626 (18.8s)
[bn-abl] groupnorm/gelu seed=0 epoch= 10/25 train_acc=0.835 test_acc=0.821 active_frac=0.993 gate_mean=0.4648 (18.8s)
[bn-abl] groupnorm/gelu seed=0 epoch= 11/25 train_acc=0.847 test_acc=0.846 active_frac=0.993 gate_mean=0.4646 (18.8s)
[bn-abl] groupnorm/gelu seed=0 epoch= 12/25 train_acc=0.861 test_acc=0.825 active_frac=0.994 gate_mean=0.4660 (18.9s)
[bn-abl] groupnorm/gelu seed=0 epoch= 13/25 train_acc=0.872 test_acc=0.848 active_frac=0.993 gate_mean=0.4663 (18.9s)
[bn-abl] groupnorm/gelu seed=0 epoch= 14/25 train_acc=0.885 test_acc=0.863 active_frac=0.993 gate_mean=0.4658 (19.4s)
[bn-abl] groupnorm/gelu seed=0 epoch= 15/25 train_acc=0.892 test_acc=0.863 active_frac=0.994 gate_mean=0.4672 (19.0s)
[bn-abl] groupnorm/gelu seed=0 epoch= 16/25 train_acc=0.903 test_acc=0.871 active_frac=0.994 gate_mean=0.4666 (18.8s)
[bn-abl] groupnorm/gelu seed=0 epoch= 17/25 train_acc=0.913 test_acc=0.879 active_frac=0.994 gate_mean=0.4682 (18.8s)
[bn-abl] groupnorm/gelu seed=0 epoch= 18/25 train_acc=0.926 test_acc=0.886 active_frac=0.993 gate_mean=0.4674 (19.1s)
[bn-abl] groupnorm/gelu seed=0 epoch= 19/25 train_acc=0.934 test_acc=0.891 active_frac=0.994 gate_mean=0.4675 (18.8s)
[bn-abl] groupnorm/gelu seed=0 epoch= 20/25 train_acc=0.944 test_acc=0.900 active_frac=0.993 gate_mean=0.4682 (18.8s)
[bn-abl] groupnorm/gelu seed=0 epoch= 21/25 train_acc=0.956 test_acc=0.901 active_frac=0.994 gate_mean=0.4680 (18.8s)
[bn-abl] groupnorm/gelu seed=0 epoch= 22/25 train_acc=0.963 test_acc=0.902 active_frac=0.994 gate_mean=0.4685 (18.8s)
[bn-abl] groupnorm/gelu seed=0 epoch= 23/25 train_acc=0.968 test_acc=0.906 active_frac=0.994 gate_mean=0.4682 (18.8s)
[bn-abl] groupnorm/gelu seed=0 epoch= 24/25 train_acc=0.971 test_acc=0.906 active_frac=0.994 gate_mean=0.4683 (18.8s)
[bn-abl] groupnorm/gelu seed=0 done in 7.9 min
[bn-abl] groupnorm/gelu seed=1 epoch=  0/25 train_acc=0.132 test_acc=0.173 active_frac=0.986 gate_mean=0.4310 (18.8s)
[bn-abl] groupnorm/gelu seed=1 epoch=  1/25 train_acc=0.226 test_acc=0.283 active_frac=0.988 gate_mean=0.4731 (19.7s)
[bn-abl] groupnorm/gelu seed=1 epoch=  2/25 train_acc=0.319 test_acc=0.383 active_frac=0.990 gate_mean=0.4871 (18.8s)
[bn-abl] groupnorm/gelu seed=1 epoch=  3/25 train_acc=0.414 test_acc=0.461 active_frac=0.991 gate_mean=0.4859 (19.4s)
[bn-abl] groupnorm/gelu seed=1 epoch=  4/25 train_acc=0.499 test_acc=0.488 active_frac=0.992 gate_mean=0.4784 (18.8s)
[bn-abl] groupnorm/gelu seed=1 epoch=  5/25 train_acc=0.585 test_acc=0.615 active_frac=0.993 gate_mean=0.4743 (20.0s)
[bn-abl] groupnorm/gelu seed=1 epoch=  6/25 train_acc=0.663 test_acc=0.677 active_frac=0.993 gate_mean=0.4703 (19.5s)
[bn-abl] groupnorm/gelu seed=1 epoch=  7/25 train_acc=0.722 test_acc=0.714 active_frac=0.994 gate_mean=0.4691 (19.3s)
[bn-abl] groupnorm/gelu seed=1 epoch=  8/25 train_acc=0.765 test_acc=0.732 active_frac=0.994 gate_mean=0.4707 (20.6s)
[bn-abl] groupnorm/gelu seed=1 epoch=  9/25 train_acc=0.795 test_acc=0.782 active_frac=0.994 gate_mean=0.4709 (20.6s)
[bn-abl] groupnorm/gelu seed=1 epoch= 10/25 train_acc=0.815 test_acc=0.797 active_frac=0.994 gate_mean=0.4707 (18.8s)
[bn-abl] groupnorm/gelu seed=1 epoch= 11/25 train_acc=0.832 test_acc=0.797 active_frac=0.994 gate_mean=0.4725 (18.8s)
[bn-abl] groupnorm/gelu seed=1 epoch= 12/25 train_acc=0.847 test_acc=0.814 active_frac=0.994 gate_mean=0.4726 (18.8s)
[bn-abl] groupnorm/gelu seed=1 epoch= 13/25 train_acc=0.860 test_acc=0.834 active_frac=0.994 gate_mean=0.4726 (18.8s)
[bn-abl] groupnorm/gelu seed=1 epoch= 14/25 train_acc=0.873 test_acc=0.835 active_frac=0.994 gate_mean=0.4731 (23.6s)
[bn-abl] groupnorm/gelu seed=1 epoch= 15/25 train_acc=0.882 test_acc=0.839 active_frac=0.994 gate_mean=0.4728 (28.5s)
[bn-abl] groupnorm/gelu seed=1 epoch= 16/25 train_acc=0.892 test_acc=0.853 active_frac=0.994 gate_mean=0.4739 (18.8s)
[bn-abl] groupnorm/gelu seed=1 epoch= 17/25 train_acc=0.905 test_acc=0.868 active_frac=0.994 gate_mean=0.4741 (18.8s)
[bn-abl] groupnorm/gelu seed=1 epoch= 18/25 train_acc=0.914 test_acc=0.872 active_frac=0.994 gate_mean=0.4745 (18.7s)
[bn-abl] groupnorm/gelu seed=1 epoch= 19/25 train_acc=0.925 test_acc=0.879 active_frac=0.994 gate_mean=0.4737 (18.8s)
[bn-abl] groupnorm/gelu seed=1 epoch= 20/25 train_acc=0.937 test_acc=0.885 active_frac=0.994 gate_mean=0.4741 (18.7s)
[bn-abl] groupnorm/gelu seed=1 epoch= 21/25 train_acc=0.947 test_acc=0.886 active_frac=0.994 gate_mean=0.4742 (18.8s)
[bn-abl] groupnorm/gelu seed=1 epoch= 22/25 train_acc=0.956 test_acc=0.891 active_frac=0.994 gate_mean=0.4743 (18.7s)
[bn-abl] groupnorm/gelu seed=1 epoch= 23/25 train_acc=0.961 test_acc=0.897 active_frac=0.994 gate_mean=0.4737 (19.1s)
[bn-abl] groupnorm/gelu seed=1 epoch= 24/25 train_acc=0.965 test_acc=0.897 active_frac=0.995 gate_mean=0.4747 (18.8s)
[bn-abl] groupnorm/gelu seed=1 done in 8.2 min
[bn-abl] groupnorm/gelu seed=2 epoch=  0/25 train_acc=0.153 test_acc=0.242 active_frac=0.984 gate_mean=0.4734 (18.7s)
[bn-abl] groupnorm/gelu seed=2 epoch=  1/25 train_acc=0.296 test_acc=0.388 active_frac=0.987 gate_mean=0.4849 (18.7s)
[bn-abl] groupnorm/gelu seed=2 epoch=  2/25 train_acc=0.420 test_acc=0.457 active_frac=0.988 gate_mean=0.4821 (18.6s)
[bn-abl] groupnorm/gelu seed=2 epoch=  3/25 train_acc=0.522 test_acc=0.573 active_frac=0.990 gate_mean=0.4712 (18.6s)
[bn-abl] groupnorm/gelu seed=2 epoch=  4/25 train_acc=0.620 test_acc=0.609 active_frac=0.990 gate_mean=0.4602 (18.6s)
[bn-abl] groupnorm/gelu seed=2 epoch=  5/25 train_acc=0.701 test_acc=0.703 active_frac=0.991 gate_mean=0.4547 (18.6s)
[bn-abl] groupnorm/gelu seed=2 epoch=  6/25 train_acc=0.751 test_acc=0.765 active_frac=0.991 gate_mean=0.4527 (18.6s)
[bn-abl] groupnorm/gelu seed=2 epoch=  7/25 train_acc=0.786 test_acc=0.787 active_frac=0.992 gate_mean=0.4532 (18.5s)
[bn-abl] groupnorm/gelu seed=2 epoch=  8/25 train_acc=0.808 test_acc=0.762 active_frac=0.992 gate_mean=0.4539 (18.8s)
[bn-abl] groupnorm/gelu seed=2 epoch=  9/25 train_acc=0.823 test_acc=0.798 active_frac=0.992 gate_mean=0.4550 (18.6s)
[bn-abl] groupnorm/gelu seed=2 epoch= 10/25 train_acc=0.843 test_acc=0.822 active_frac=0.992 gate_mean=0.4563 (18.6s)
[bn-abl] groupnorm/gelu seed=2 epoch= 11/25 train_acc=0.858 test_acc=0.832 active_frac=0.993 gate_mean=0.4565 (18.6s)
[bn-abl] groupnorm/gelu seed=2 epoch= 12/25 train_acc=0.866 test_acc=0.839 active_frac=0.993 gate_mean=0.4573 (18.6s)
[bn-abl] groupnorm/gelu seed=2 epoch= 13/25 train_acc=0.875 test_acc=0.850 active_frac=0.993 gate_mean=0.4571 (18.6s)
[bn-abl] groupnorm/gelu seed=2 epoch= 14/25 train_acc=0.888 test_acc=0.867 active_frac=0.993 gate_mean=0.4569 (19.5s)
[bn-abl] groupnorm/gelu seed=2 epoch= 15/25 train_acc=0.899 test_acc=0.870 active_frac=0.993 gate_mean=0.4585 (18.6s)
[bn-abl] groupnorm/gelu seed=2 epoch= 16/25 train_acc=0.911 test_acc=0.864 active_frac=0.993 gate_mean=0.4581 (18.6s)
[bn-abl] groupnorm/gelu seed=2 epoch= 17/25 train_acc=0.919 test_acc=0.877 active_frac=0.993 gate_mean=0.4586 (18.6s)
[bn-abl] groupnorm/gelu seed=2 epoch= 18/25 train_acc=0.930 test_acc=0.893 active_frac=0.993 gate_mean=0.4585 (18.6s)
[bn-abl] groupnorm/gelu seed=2 epoch= 19/25 train_acc=0.941 test_acc=0.891 active_frac=0.993 gate_mean=0.4590 (18.6s)
[bn-abl] groupnorm/gelu seed=2 epoch= 20/25 train_acc=0.950 test_acc=0.904 active_frac=0.993 gate_mean=0.4591 (18.6s)
[bn-abl] groupnorm/gelu seed=2 epoch= 21/25 train_acc=0.959 test_acc=0.908 active_frac=0.993 gate_mean=0.4601 (18.6s)
[bn-abl] groupnorm/gelu seed=2 epoch= 22/25 train_acc=0.966 test_acc=0.907 active_frac=0.993 gate_mean=0.4601 (18.5s)
[bn-abl] groupnorm/gelu seed=2 epoch= 23/25 train_acc=0.973 test_acc=0.911 active_frac=0.993 gate_mean=0.4603 (18.6s)
[bn-abl] groupnorm/gelu seed=2 epoch= 24/25 train_acc=0.976 test_acc=0.913 active_frac=0.993 gate_mean=0.4595 (18.6s)
[bn-abl] groupnorm/gelu seed=2 done in 7.8 min
[bn-abl] groupnorm/silu seed=0 epoch=  0/25 train_acc=0.166 test_acc=0.243 active_frac=0.993 gate_mean=0.4810 (18.9s)
[bn-abl] groupnorm/silu seed=0 epoch=  1/25 train_acc=0.274 test_acc=0.324 active_frac=0.993 gate_mean=0.4896 (18.8s)
[bn-abl] groupnorm/silu seed=0 epoch=  2/25 train_acc=0.364 test_acc=0.403 active_frac=0.995 gate_mean=0.4845 (18.9s)
[bn-abl] groupnorm/silu seed=0 epoch=  3/25 train_acc=0.434 test_acc=0.433 active_frac=0.996 gate_mean=0.4842 (18.6s)
[bn-abl] groupnorm/silu seed=0 epoch=  4/25 train_acc=0.497 test_acc=0.509 active_frac=0.996 gate_mean=0.4816 (18.9s)
[bn-abl] groupnorm/silu seed=0 epoch=  5/25 train_acc=0.578 test_acc=0.573 active_frac=0.996 gate_mean=0.4777 (19.0s)
[bn-abl] groupnorm/silu seed=0 epoch=  6/25 train_acc=0.653 test_acc=0.667 active_frac=0.996 gate_mean=0.4757 (18.7s)
[bn-abl] groupnorm/silu seed=0 epoch=  7/25 train_acc=0.718 test_acc=0.712 active_frac=0.996 gate_mean=0.4756 (18.8s)
[bn-abl] groupnorm/silu seed=0 epoch=  8/25 train_acc=0.758 test_acc=0.749 active_frac=0.996 gate_mean=0.4764 (18.6s)
[bn-abl] groupnorm/silu seed=0 epoch=  9/25 train_acc=0.785 test_acc=0.758 active_frac=0.996 gate_mean=0.4775 (20.1s)
[bn-abl] groupnorm/silu seed=0 epoch= 10/25 train_acc=0.804 test_acc=0.782 active_frac=0.996 gate_mean=0.4779 (19.1s)
[bn-abl] groupnorm/silu seed=0 epoch= 11/25 train_acc=0.821 test_acc=0.807 active_frac=0.996 gate_mean=0.4782 (18.6s)
[bn-abl] groupnorm/silu seed=0 epoch= 12/25 train_acc=0.837 test_acc=0.788 active_frac=0.996 gate_mean=0.4790 (18.8s)
[bn-abl] groupnorm/silu seed=0 epoch= 13/25 train_acc=0.851 test_acc=0.827 active_frac=0.996 gate_mean=0.4783 (18.6s)
[bn-abl] groupnorm/silu seed=0 epoch= 14/25 train_acc=0.859 test_acc=0.827 active_frac=0.996 gate_mean=0.4788 (18.6s)
[bn-abl] groupnorm/silu seed=0 epoch= 15/25 train_acc=0.870 test_acc=0.832 active_frac=0.996 gate_mean=0.4785 (18.8s)
[bn-abl] groupnorm/silu seed=0 epoch= 16/25 train_acc=0.882 test_acc=0.855 active_frac=0.996 gate_mean=0.4786 (18.6s)
[bn-abl] groupnorm/silu seed=0 epoch= 17/25 train_acc=0.890 test_acc=0.851 active_frac=0.996 gate_mean=0.4784 (18.8s)
[bn-abl] groupnorm/silu seed=0 epoch= 18/25 train_acc=0.902 test_acc=0.864 active_frac=0.996 gate_mean=0.4787 (18.6s)
[bn-abl] groupnorm/silu seed=0 epoch= 19/25 train_acc=0.914 test_acc=0.869 active_frac=0.996 gate_mean=0.4794 (18.7s)
[bn-abl] groupnorm/silu seed=0 epoch= 20/25 train_acc=0.923 test_acc=0.882 active_frac=0.996 gate_mean=0.4792 (18.8s)
[bn-abl] groupnorm/silu seed=0 epoch= 21/25 train_acc=0.932 test_acc=0.880 active_frac=0.996 gate_mean=0.4794 (18.8s)
[bn-abl] groupnorm/silu seed=0 epoch= 22/25 train_acc=0.939 test_acc=0.886 active_frac=0.996 gate_mean=0.4794 (18.9s)
[bn-abl] groupnorm/silu seed=0 epoch= 23/25 train_acc=0.947 test_acc=0.891 active_frac=0.996 gate_mean=0.4790 (18.7s)
[bn-abl] groupnorm/silu seed=0 epoch= 24/25 train_acc=0.949 test_acc=0.891 active_frac=0.996 gate_mean=0.4796 (18.6s)
[bn-abl] groupnorm/silu seed=0 done in 7.9 min
[bn-abl] groupnorm/silu seed=1 epoch=  0/25 train_acc=0.131 test_acc=0.151 active_frac=0.996 gate_mean=0.4656 (18.7s)
[bn-abl] groupnorm/silu seed=1 epoch=  1/25 train_acc=0.206 test_acc=0.265 active_frac=0.994 gate_mean=0.4925 (18.6s)
[bn-abl] groupnorm/silu seed=1 epoch=  2/25 train_acc=0.318 test_acc=0.347 active_frac=0.995 gate_mean=0.4945 (18.6s)
[bn-abl] groupnorm/silu seed=1 epoch=  3/25 train_acc=0.407 test_acc=0.449 active_frac=0.996 gate_mean=0.4900 (18.7s)
[bn-abl] groupnorm/silu seed=1 epoch=  4/25 train_acc=0.494 test_acc=0.517 active_frac=0.996 gate_mean=0.4843 (18.6s)
[bn-abl] groupnorm/silu seed=1 epoch=  5/25 train_acc=0.593 test_acc=0.631 active_frac=0.997 gate_mean=0.4807 (18.6s)
[bn-abl] groupnorm/silu seed=1 epoch=  6/25 train_acc=0.675 test_acc=0.704 active_frac=0.997 gate_mean=0.4795 (18.7s)
[bn-abl] groupnorm/silu seed=1 epoch=  7/25 train_acc=0.730 test_acc=0.727 active_frac=0.997 gate_mean=0.4792 (18.7s)
[bn-abl] groupnorm/silu seed=1 epoch=  8/25 train_acc=0.766 test_acc=0.741 active_frac=0.996 gate_mean=0.4789 (18.9s)
[bn-abl] groupnorm/silu seed=1 epoch=  9/25 train_acc=0.789 test_acc=0.775 active_frac=0.997 gate_mean=0.4794 (18.7s)
[bn-abl] groupnorm/silu seed=1 epoch= 10/25 train_acc=0.808 test_acc=0.794 active_frac=0.996 gate_mean=0.4800 (18.7s)
[bn-abl] groupnorm/silu seed=1 epoch= 11/25 train_acc=0.823 test_acc=0.792 active_frac=0.996 gate_mean=0.4802 (18.7s)
[bn-abl] groupnorm/silu seed=1 epoch= 12/25 train_acc=0.837 test_acc=0.804 active_frac=0.996 gate_mean=0.4801 (18.7s)
[bn-abl] groupnorm/silu seed=1 epoch= 13/25 train_acc=0.850 test_acc=0.828 active_frac=0.996 gate_mean=0.4804 (18.7s)
[bn-abl] groupnorm/silu seed=1 epoch= 14/25 train_acc=0.861 test_acc=0.827 active_frac=0.996 gate_mean=0.4803 (18.7s)
[bn-abl] groupnorm/silu seed=1 epoch= 15/25 train_acc=0.872 test_acc=0.820 active_frac=0.996 gate_mean=0.4801 (18.8s)
[bn-abl] groupnorm/silu seed=1 epoch= 16/25 train_acc=0.880 test_acc=0.853 active_frac=0.996 gate_mean=0.4806 (18.6s)
[bn-abl] groupnorm/silu seed=1 epoch= 17/25 train_acc=0.892 test_acc=0.865 active_frac=0.996 gate_mean=0.4804 (19.2s)
[bn-abl] groupnorm/silu seed=1 epoch= 18/25 train_acc=0.904 test_acc=0.862 active_frac=0.997 gate_mean=0.4809 (18.8s)
[bn-abl] groupnorm/silu seed=1 epoch= 19/25 train_acc=0.914 test_acc=0.871 active_frac=0.996 gate_mean=0.4807 (18.7s)
[bn-abl] groupnorm/silu seed=1 epoch= 20/25 train_acc=0.922 test_acc=0.877 active_frac=0.996 gate_mean=0.4812 (18.8s)
[bn-abl] groupnorm/silu seed=1 epoch= 21/25 train_acc=0.934 test_acc=0.882 active_frac=0.997 gate_mean=0.4813 (18.8s)
[bn-abl] groupnorm/silu seed=1 epoch= 22/25 train_acc=0.940 test_acc=0.891 active_frac=0.996 gate_mean=0.4815 (18.7s)
[bn-abl] groupnorm/silu seed=1 epoch= 23/25 train_acc=0.948 test_acc=0.894 active_frac=0.997 gate_mean=0.4811 (19.1s)
[bn-abl] groupnorm/silu seed=1 epoch= 24/25 train_acc=0.951 test_acc=0.893 active_frac=0.996 gate_mean=0.4815 (18.8s)
[bn-abl] groupnorm/silu seed=1 done in 7.8 min
[bn-abl] groupnorm/silu seed=2 epoch=  0/25 train_acc=0.143 test_acc=0.184 active_frac=0.995 gate_mean=0.4691 (19.5s)
[bn-abl] groupnorm/silu seed=2 epoch=  1/25 train_acc=0.260 test_acc=0.351 active_frac=0.994 gate_mean=0.4953 (18.7s)
[bn-abl] groupnorm/silu seed=2 epoch=  2/25 train_acc=0.404 test_acc=0.449 active_frac=0.995 gate_mean=0.4945 (18.7s)
[bn-abl] groupnorm/silu seed=2 epoch=  3/25 train_acc=0.501 test_acc=0.528 active_frac=0.996 gate_mean=0.4889 (20.5s)
[bn-abl] groupnorm/silu seed=2 epoch=  4/25 train_acc=0.572 test_acc=0.608 active_frac=0.996 gate_mean=0.4858 (18.7s)
[bn-abl] groupnorm/silu seed=2 epoch=  5/25 train_acc=0.662 test_acc=0.677 active_frac=0.996 gate_mean=0.4852 (19.5s)
[bn-abl] groupnorm/silu seed=2 epoch=  6/25 train_acc=0.727 test_acc=0.720 active_frac=0.996 gate_mean=0.4854 (19.0s)
[bn-abl] groupnorm/silu seed=2 epoch=  7/25 train_acc=0.762 test_acc=0.771 active_frac=0.996 gate_mean=0.4854 (18.5s)
[bn-abl] groupnorm/silu seed=2 epoch=  8/25 train_acc=0.786 test_acc=0.715 active_frac=0.996 gate_mean=0.4862 (18.6s)
[bn-abl] groupnorm/silu seed=2 epoch=  9/25 train_acc=0.802 test_acc=0.788 active_frac=0.996 gate_mean=0.4863 (18.5s)
[bn-abl] groupnorm/silu seed=2 epoch= 10/25 train_acc=0.820 test_acc=0.794 active_frac=0.996 gate_mean=0.4867 (18.5s)
[bn-abl] groupnorm/silu seed=2 epoch= 11/25 train_acc=0.834 test_acc=0.820 active_frac=0.996 gate_mean=0.4870 (18.5s)
[bn-abl] groupnorm/silu seed=2 epoch= 12/25 train_acc=0.844 test_acc=0.821 active_frac=0.996 gate_mean=0.4872 (18.5s)
[bn-abl] groupnorm/silu seed=2 epoch= 13/25 train_acc=0.855 test_acc=0.828 active_frac=0.996 gate_mean=0.4871 (18.7s)
[bn-abl] groupnorm/silu seed=2 epoch= 14/25 train_acc=0.864 test_acc=0.827 active_frac=0.996 gate_mean=0.4866 (18.5s)
[bn-abl] groupnorm/silu seed=2 epoch= 15/25 train_acc=0.876 test_acc=0.850 active_frac=0.996 gate_mean=0.4871 (18.6s)
[bn-abl] groupnorm/silu seed=2 epoch= 16/25 train_acc=0.888 test_acc=0.852 active_frac=0.996 gate_mean=0.4866 (18.7s)
[bn-abl] groupnorm/silu seed=2 epoch= 17/25 train_acc=0.896 test_acc=0.848 active_frac=0.996 gate_mean=0.4870 (19.4s)
[bn-abl] groupnorm/silu seed=2 epoch= 18/25 train_acc=0.907 test_acc=0.871 active_frac=0.996 gate_mean=0.4871 (19.4s)
[bn-abl] groupnorm/silu seed=2 epoch= 19/25 train_acc=0.918 test_acc=0.879 active_frac=0.996 gate_mean=0.4869 (18.9s)
[bn-abl] groupnorm/silu seed=2 epoch= 20/25 train_acc=0.928 test_acc=0.883 active_frac=0.996 gate_mean=0.4867 (18.9s)
[bn-abl] groupnorm/silu seed=2 epoch= 21/25 train_acc=0.937 test_acc=0.887 active_frac=0.997 gate_mean=0.4866 (18.6s)
[bn-abl] groupnorm/silu seed=2 epoch= 22/25 train_acc=0.945 test_acc=0.888 active_frac=0.997 gate_mean=0.4869 (18.5s)
[bn-abl] groupnorm/silu seed=2 epoch= 23/25 train_acc=0.952 test_acc=0.896 active_frac=0.997 gate_mean=0.4869 (19.6s)
[bn-abl] groupnorm/silu seed=2 epoch= 24/25 train_acc=0.956 test_acc=0.895 active_frac=0.997 gate_mean=0.4870 (18.5s)
[bn-abl] groupnorm/silu seed=2 done in 7.9 min
[bn-abl] groupnorm/mish seed=0 epoch=  0/25 train_acc=0.147 test_acc=0.194 active_frac=0.993 gate_mean=0.5164 (25.7s)
[bn-abl] groupnorm/mish seed=0 epoch=  1/25 train_acc=0.233 test_acc=0.286 active_frac=0.994 gate_mean=0.5448 (18.6s)
[bn-abl] groupnorm/mish seed=0 epoch=  2/25 train_acc=0.300 test_acc=0.366 active_frac=0.995 gate_mean=0.5570 (18.6s)
[bn-abl] groupnorm/mish seed=0 epoch=  3/25 train_acc=0.383 test_acc=0.426 active_frac=0.996 gate_mean=0.5617 (19.3s)
[bn-abl] groupnorm/mish seed=0 epoch=  4/25 train_acc=0.439 test_acc=0.442 active_frac=0.997 gate_mean=0.5637 (19.0s)
[bn-abl] groupnorm/mish seed=0 epoch=  5/25 train_acc=0.491 test_acc=0.500 active_frac=0.997 gate_mean=0.5618 (18.6s)
[bn-abl] groupnorm/mish seed=0 epoch=  6/25 train_acc=0.563 test_acc=0.586 active_frac=0.997 gate_mean=0.5621 (18.7s)
[bn-abl] groupnorm/mish seed=0 epoch=  7/25 train_acc=0.636 test_acc=0.646 active_frac=0.997 gate_mean=0.5622 (18.8s)
[bn-abl] groupnorm/mish seed=0 epoch=  8/25 train_acc=0.700 test_acc=0.712 active_frac=0.997 gate_mean=0.5622 (18.5s)
[bn-abl] groupnorm/mish seed=0 epoch=  9/25 train_acc=0.745 test_acc=0.742 active_frac=0.997 gate_mean=0.5619 (19.6s)
[bn-abl] groupnorm/mish seed=0 epoch= 10/25 train_acc=0.777 test_acc=0.772 active_frac=0.997 gate_mean=0.5626 (19.0s)
[bn-abl] groupnorm/mish seed=0 epoch= 11/25 train_acc=0.798 test_acc=0.792 active_frac=0.997 gate_mean=0.5626 (18.8s)
[bn-abl] groupnorm/mish seed=0 epoch= 12/25 train_acc=0.816 test_acc=0.785 active_frac=0.996 gate_mean=0.5633 (19.1s)
[bn-abl] groupnorm/mish seed=0 epoch= 13/25 train_acc=0.830 test_acc=0.816 active_frac=0.997 gate_mean=0.5634 (19.1s)
[bn-abl] groupnorm/mish seed=0 epoch= 14/25 train_acc=0.843 test_acc=0.811 active_frac=0.997 gate_mean=0.5633 (19.0s)
[bn-abl] groupnorm/mish seed=0 epoch= 15/25 train_acc=0.854 test_acc=0.837 active_frac=0.997 gate_mean=0.5641 (18.6s)
[bn-abl] groupnorm/mish seed=0 epoch= 16/25 train_acc=0.865 test_acc=0.833 active_frac=0.997 gate_mean=0.5645 (18.5s)
[bn-abl] groupnorm/mish seed=0 epoch= 17/25 train_acc=0.878 test_acc=0.843 active_frac=0.997 gate_mean=0.5643 (18.5s)
[bn-abl] groupnorm/mish seed=0 epoch= 18/25 train_acc=0.890 test_acc=0.862 active_frac=0.997 gate_mean=0.5645 (18.5s)
[bn-abl] groupnorm/mish seed=0 epoch= 19/25 train_acc=0.898 test_acc=0.867 active_frac=0.997 gate_mean=0.5646 (18.5s)
[bn-abl] groupnorm/mish seed=0 epoch= 20/25 train_acc=0.909 test_acc=0.874 active_frac=0.997 gate_mean=0.5649 (18.9s)
[bn-abl] groupnorm/mish seed=0 epoch= 21/25 train_acc=0.918 test_acc=0.872 active_frac=0.997 gate_mean=0.5644 (19.5s)
[bn-abl] groupnorm/mish seed=0 epoch= 22/25 train_acc=0.927 test_acc=0.881 active_frac=0.997 gate_mean=0.5649 (18.6s)
[bn-abl] groupnorm/mish seed=0 epoch= 23/25 train_acc=0.934 test_acc=0.880 active_frac=0.997 gate_mean=0.5656 (19.5s)
[bn-abl] groupnorm/mish seed=0 epoch= 24/25 train_acc=0.938 test_acc=0.885 active_frac=0.997 gate_mean=0.5655 (18.6s)
[bn-abl] groupnorm/mish seed=0 done in 8.0 min
[bn-abl] groupnorm/mish seed=1 epoch=  0/25 train_acc=0.130 test_acc=0.146 active_frac=0.993 gate_mean=0.5186 (18.6s)
[bn-abl] groupnorm/mish seed=1 epoch=  1/25 train_acc=0.188 test_acc=0.240 active_frac=0.993 gate_mean=0.5503 (19.0s)
[bn-abl] groupnorm/mish seed=1 epoch=  2/25 train_acc=0.276 test_acc=0.281 active_frac=0.995 gate_mean=0.5589 (18.5s)
[bn-abl] groupnorm/mish seed=1 epoch=  3/25 train_acc=0.367 test_acc=0.402 active_frac=0.996 gate_mean=0.5607 (19.0s)
[bn-abl] groupnorm/mish seed=1 epoch=  4/25 train_acc=0.456 test_acc=0.435 active_frac=0.996 gate_mean=0.5590 (18.7s)
[bn-abl] groupnorm/mish seed=1 epoch=  5/25 train_acc=0.539 test_acc=0.569 active_frac=0.996 gate_mean=0.5580 (18.6s)
[bn-abl] groupnorm/mish seed=1 epoch=  6/25 train_acc=0.614 test_acc=0.640 active_frac=0.996 gate_mean=0.5564 (18.6s)
[bn-abl] groupnorm/mish seed=1 epoch=  7/25 train_acc=0.671 test_acc=0.665 active_frac=0.997 gate_mean=0.5566 (18.6s)
[bn-abl] groupnorm/mish seed=1 epoch=  8/25 train_acc=0.709 test_acc=0.644 active_frac=0.996 gate_mean=0.5573 (18.5s)
[bn-abl] groupnorm/mish seed=1 epoch=  9/25 train_acc=0.746 test_acc=0.747 active_frac=0.996 gate_mean=0.5567 (18.5s)
[bn-abl] groupnorm/mish seed=1 epoch= 10/25 train_acc=0.774 test_acc=0.773 active_frac=0.996 gate_mean=0.5577 (18.8s)
[bn-abl] groupnorm/mish seed=1 epoch= 11/25 train_acc=0.796 test_acc=0.781 active_frac=0.996 gate_mean=0.5576 (18.7s)
[bn-abl] groupnorm/mish seed=1 epoch= 12/25 train_acc=0.813 test_acc=0.786 active_frac=0.996 gate_mean=0.5590 (18.8s)
[bn-abl] groupnorm/mish seed=1 epoch= 13/25 train_acc=0.830 test_acc=0.808 active_frac=0.996 gate_mean=0.5585 (19.0s)
[bn-abl] groupnorm/mish seed=1 epoch= 14/25 train_acc=0.841 test_acc=0.807 active_frac=0.996 gate_mean=0.5599 (18.6s)
[bn-abl] groupnorm/mish seed=1 epoch= 15/25 train_acc=0.855 test_acc=0.801 active_frac=0.997 gate_mean=0.5597 (18.7s)
[bn-abl] groupnorm/mish seed=1 epoch= 16/25 train_acc=0.866 test_acc=0.836 active_frac=0.996 gate_mean=0.5604 (19.3s)
[bn-abl] groupnorm/mish seed=1 epoch= 17/25 train_acc=0.878 test_acc=0.837 active_frac=0.996 gate_mean=0.5607 (20.0s)
[bn-abl] groupnorm/mish seed=1 epoch= 18/25 train_acc=0.888 test_acc=0.855 active_frac=0.996 gate_mean=0.5610 (19.3s)
[bn-abl] groupnorm/mish seed=1 epoch= 19/25 train_acc=0.902 test_acc=0.860 active_frac=0.996 gate_mean=0.5607 (19.3s)
[bn-abl] groupnorm/mish seed=1 epoch= 20/25 train_acc=0.911 test_acc=0.871 active_frac=0.996 gate_mean=0.5614 (18.7s)
[bn-abl] groupnorm/mish seed=1 epoch= 21/25 train_acc=0.920 test_acc=0.875 active_frac=0.996 gate_mean=0.5618 (18.6s)
[bn-abl] groupnorm/mish seed=1 epoch= 22/25 train_acc=0.929 test_acc=0.883 active_frac=0.996 gate_mean=0.5618 (18.6s)
[bn-abl] groupnorm/mish seed=1 epoch= 23/25 train_acc=0.936 test_acc=0.885 active_frac=0.996 gate_mean=0.5620 (18.6s)
[bn-abl] groupnorm/mish seed=1 epoch= 24/25 train_acc=0.941 test_acc=0.885 active_frac=0.996 gate_mean=0.5614 (19.2s)
[bn-abl] groupnorm/mish seed=1 done in 7.9 min
[bn-abl] groupnorm/mish seed=2 epoch=  0/25 train_acc=0.142 test_acc=0.160 active_frac=0.992 gate_mean=0.5266 (18.7s)
[bn-abl] groupnorm/mish seed=2 epoch=  1/25 train_acc=0.195 test_acc=0.287 active_frac=0.993 gate_mean=0.5510 (18.8s)
[bn-abl] groupnorm/mish seed=2 epoch=  2/25 train_acc=0.302 test_acc=0.366 active_frac=0.994 gate_mean=0.5603 (18.6s)
[bn-abl] groupnorm/mish seed=2 epoch=  3/25 train_acc=0.389 test_acc=0.453 active_frac=0.995 gate_mean=0.5599 (18.9s)
[bn-abl] groupnorm/mish seed=2 epoch=  4/25 train_acc=0.497 test_acc=0.540 active_frac=0.996 gate_mean=0.5557 (18.6s)
[bn-abl] groupnorm/mish seed=2 epoch=  5/25 train_acc=0.588 test_acc=0.622 active_frac=0.996 gate_mean=0.5522 (18.6s)
[bn-abl] groupnorm/mish seed=2 epoch=  6/25 train_acc=0.654 test_acc=0.679 active_frac=0.996 gate_mean=0.5525 (19.3s)
[bn-abl] groupnorm/mish seed=2 epoch=  7/25 train_acc=0.708 test_acc=0.722 active_frac=0.996 gate_mean=0.5519 (19.1s)
[bn-abl] groupnorm/mish seed=2 epoch=  8/25 train_acc=0.751 test_acc=0.698 active_frac=0.996 gate_mean=0.5537 (18.8s)
[bn-abl] groupnorm/mish seed=2 epoch=  9/25 train_acc=0.782 test_acc=0.756 active_frac=0.996 gate_mean=0.5540 (18.5s)
[bn-abl] groupnorm/mish seed=2 epoch= 10/25 train_acc=0.802 test_acc=0.778 active_frac=0.996 gate_mean=0.5547 (18.7s)
[bn-abl] groupnorm/mish seed=2 epoch= 11/25 train_acc=0.820 test_acc=0.815 active_frac=0.996 gate_mean=0.5558 (19.7s)
[bn-abl] groupnorm/mish seed=2 epoch= 12/25 train_acc=0.835 test_acc=0.794 active_frac=0.996 gate_mean=0.5574 (20.1s)
[bn-abl] groupnorm/mish seed=2 epoch= 13/25 train_acc=0.845 test_acc=0.832 active_frac=0.996 gate_mean=0.5575 (18.9s)
[bn-abl] groupnorm/mish seed=2 epoch= 14/25 train_acc=0.858 test_acc=0.836 active_frac=0.996 gate_mean=0.5573 (18.9s)
[bn-abl] groupnorm/mish seed=2 epoch= 15/25 train_acc=0.868 test_acc=0.845 active_frac=0.996 gate_mean=0.5578 (18.9s)
[bn-abl] groupnorm/mish seed=2 epoch= 16/25 train_acc=0.881 test_acc=0.852 active_frac=0.996 gate_mean=0.5580 (18.8s)
[bn-abl] groupnorm/mish seed=2 epoch= 17/25 train_acc=0.891 test_acc=0.842 active_frac=0.996 gate_mean=0.5594 (18.8s)
[bn-abl] groupnorm/mish seed=2 epoch= 18/25 train_acc=0.901 test_acc=0.871 active_frac=0.996 gate_mean=0.5593 (19.8s)
[bn-abl] groupnorm/mish seed=2 epoch= 19/25 train_acc=0.911 test_acc=0.872 active_frac=0.996 gate_mean=0.5594 (19.0s)
[bn-abl] groupnorm/mish seed=2 epoch= 20/25 train_acc=0.920 test_acc=0.879 active_frac=0.996 gate_mean=0.5595 (19.0s)
[bn-abl] groupnorm/mish seed=2 epoch= 21/25 train_acc=0.931 test_acc=0.889 active_frac=0.996 gate_mean=0.5602 (18.9s)
[bn-abl] groupnorm/mish seed=2 epoch= 22/25 train_acc=0.940 test_acc=0.889 active_frac=0.996 gate_mean=0.5602 (20.4s)
[bn-abl] groupnorm/mish seed=2 epoch= 23/25 train_acc=0.946 test_acc=0.892 active_frac=0.996 gate_mean=0.5601 (19.2s)
[bn-abl] groupnorm/mish seed=2 epoch= 24/25 train_acc=0.952 test_acc=0.895 active_frac=0.996 gate_mean=0.5605 (19.3s)
[bn-abl] groupnorm/mish seed=2 done in 8.0 min
Job complete at Fri Jun 19 05:57:34 EDT 2026
