Job ID: 11074418  Node: gilbreth-k015  Start: Sat Jun 20 20:47:57 EDT 2026
[lowdata-ft] device=cuda found 24 checkpoints, finetune_fraction=0.05, epochs=5, lr=0.01
[lowdata-ft] fine-tune subsample size = 2500 images (seed=999, fixed for all checkpoints)
[lowdata-ft] resnet18_gelu_seed0.pt: pre=0.9272 post=0.8743 (52.9s)
[lowdata-ft] resnet18_gelu_seed1.pt: pre=0.9274 post=0.8736 (7.7s)
[lowdata-ft] resnet18_gelu_seed2.pt: pre=0.9277 post=0.8723 (7.7s)
[lowdata-ft] resnet18_mish_seed0.pt: pre=0.9186 post=0.8512 (8.0s)
[lowdata-ft] resnet18_mish_seed1.pt: pre=0.9176 post=0.8417 (7.7s)
[lowdata-ft] resnet18_mish_seed2.pt: pre=0.9185 post=0.8738 (7.7s)
[lowdata-ft] resnet18_relu_seed0.pt: pre=0.9275 post=0.8824 (8.7s)
[lowdata-ft] resnet18_relu_seed1.pt: pre=0.9232 post=0.8522 (7.6s)
[lowdata-ft] resnet18_relu_seed2.pt: pre=0.9227 post=0.8186 (7.6s)
[lowdata-ft] resnet18_silu_seed0.pt: pre=0.9176 post=0.8463 (8.0s)
[lowdata-ft] resnet18_silu_seed1.pt: pre=0.9151 post=0.8594 (7.6s)
[lowdata-ft] resnet18_silu_seed2.pt: pre=0.9167 post=0.8559 (7.6s)
[lowdata-ft] resnet18_gelu_adamw_seed0.pt: pre=0.9172 post=0.8774 (7.6s)
[lowdata-ft] resnet18_gelu_adamw_seed1.pt: pre=0.9242 post=0.9090 (7.6s)
[lowdata-ft] resnet18_gelu_adamw_seed2.pt: pre=0.9222 post=0.8982 (7.6s)
[lowdata-ft] resnet18_mish_adamw_seed0.pt: pre=0.9199 post=0.8994 (7.7s)
[lowdata-ft] resnet18_mish_adamw_seed1.pt: pre=0.9190 post=0.8948 (7.7s)
[lowdata-ft] resnet18_mish_adamw_seed2.pt: pre=0.9204 post=0.8900 (7.7s)
[lowdata-ft] resnet18_relu_adamw_seed0.pt: pre=0.9203 post=0.8745 (7.7s)
[lowdata-ft] resnet18_relu_adamw_seed1.pt: pre=0.9195 post=0.8951 (7.7s)
[lowdata-ft] resnet18_relu_adamw_seed2.pt: pre=0.9185 post=0.8680 (7.6s)
[lowdata-ft] resnet18_silu_adamw_seed0.pt: pre=0.9218 post=0.8941 (7.6s)
[lowdata-ft] resnet18_silu_adamw_seed1.pt: pre=0.9194 post=0.8924 (7.6s)
[lowdata-ft] resnet18_silu_adamw_seed2.pt: pre=0.9194 post=0.8714 (7.6s)
[lowdata-ft] done, 24 checkpoints fine-tuned, results -> /home/aelmersa/MMLS/gradient_gate/../gradient_gate_outputs/csv/lowdata_finetune.csv
Job complete at Sat Jun 20 20:52:10 EDT 2026
