/home/aelmersa/.local/lib/python3.9/site-packages/torch/optim/lbfgs.py:457: UserWarning: Converting a tensor with requires_grad=True to a scalar may lead to unexpected behavior.
Consider using tensor.detach() first. (Triggered internally at /pytorch/torch/csrc/autograd/generated/python_variable_methods.cpp:835.)
  loss = float(closure())
/home/aelmersa/.local/lib/python3.9/site-packages/statsmodels/discrete/discrete_model.py:227: PerfectSeparationWarning: Perfect separation or prediction detected, parameter may not be identified
  warnings.warn(msg, category=PerfectSeparationWarning)
/home/aelmersa/.local/lib/python3.9/site-packages/statsmodels/discrete/discrete_model.py:227: PerfectSeparationWarning: Perfect separation or prediction detected, parameter may not be identified
  warnings.warn(msg, category=PerfectSeparationWarning)
/home/aelmersa/.local/lib/python3.9/site-packages/statsmodels/discrete/discrete_model.py:227: PerfectSeparationWarning: Perfect separation or prediction detected, parameter may not be identified
  warnings.warn(msg, category=PerfectSeparationWarning)
/home/aelmersa/.local/lib/python3.9/site-packages/statsmodels/discrete/discrete_model.py:227: PerfectSeparationWarning: Perfect separation or prediction detected, parameter may not be identified
  warnings.warn(msg, category=PerfectSeparationWarning)
/home/aelmersa/.local/lib/python3.9/site-packages/statsmodels/discrete/discrete_model.py:227: PerfectSeparationWarning: Perfect separation or prediction detected, parameter may not be identified
  warnings.warn(msg, category=PerfectSeparationWarning)
/home/aelmersa/.local/lib/python3.9/site-packages/statsmodels/discrete/discrete_model.py:227: PerfectSeparationWarning: Perfect separation or prediction detected, parameter may not be identified
  warnings.warn(msg, category=PerfectSeparationWarning)
/home/aelmersa/.local/lib/python3.9/site-packages/statsmodels/discrete/discrete_model.py:227: PerfectSeparationWarning: Perfect separation or prediction detected, parameter may not be identified
  warnings.warn(msg, category=PerfectSeparationWarning)
/home/aelmersa/.local/lib/python3.9/site-packages/statsmodels/discrete/discrete_model.py:227: PerfectSeparationWarning: Perfect separation or prediction detected, parameter may not be identified
  warnings.warn(msg, category=PerfectSeparationWarning)
/home/aelmersa/.local/lib/python3.9/site-packages/statsmodels/discrete/discrete_model.py:227: PerfectSeparationWarning: Perfect separation or prediction detected, parameter may not be identified
  warnings.warn(msg, category=PerfectSeparationWarning)
/home/aelmersa/.local/lib/python3.9/site-packages/statsmodels/discrete/discrete_model.py:227: PerfectSeparationWarning: Perfect separation or prediction detected, parameter may not be identified
  warnings.warn(msg, category=PerfectSeparationWarning)
/home/aelmersa/.local/lib/python3.9/site-packages/statsmodels/discrete/discrete_model.py:227: PerfectSeparationWarning: Perfect separation or prediction detected, parameter may not be identified
  warnings.warn(msg, category=PerfectSeparationWarning)
/home/aelmersa/.local/lib/python3.9/site-packages/statsmodels/discrete/discrete_model.py:227: PerfectSeparationWarning: Perfect separation or prediction detected, parameter may not be identified
  warnings.warn(msg, category=PerfectSeparationWarning)
/home/aelmersa/.local/lib/python3.9/site-packages/statsmodels/discrete/discrete_model.py:227: PerfectSeparationWarning: Perfect separation or prediction detected, parameter may not be identified
  warnings.warn(msg, category=PerfectSeparationWarning)
/home/aelmersa/.local/lib/python3.9/site-packages/statsmodels/discrete/discrete_model.py:227: PerfectSeparationWarning: Perfect separation or prediction detected, parameter may not be identified
  warnings.warn(msg, category=PerfectSeparationWarning)
/home/aelmersa/.local/lib/python3.9/site-packages/statsmodels/discrete/discrete_model.py:227: PerfectSeparationWarning: Perfect separation or prediction detected, parameter may not be identified
  warnings.warn(msg, category=PerfectSeparationWarning)
/home/aelmersa/.local/lib/python3.9/site-packages/statsmodels/discrete/discrete_model.py:227: PerfectSeparationWarning: Perfect separation or prediction detected, parameter may not be identified
  warnings.warn(msg, category=PerfectSeparationWarning)
/home/aelmersa/.local/lib/python3.9/site-packages/statsmodels/discrete/discrete_model.py:227: PerfectSeparationWarning: Perfect separation or prediction detected, parameter may not be identified
  warnings.warn(msg, category=PerfectSeparationWarning)
/home/aelmersa/.local/lib/python3.9/site-packages/statsmodels/discrete/discrete_model.py:227: PerfectSeparationWarning: Perfect separation or prediction detected, parameter may not be identified
  warnings.warn(msg, category=PerfectSeparationWarning)
/home/aelmersa/.local/lib/python3.9/site-packages/statsmodels/base/model.py:607: ConvergenceWarning: Maximum Likelihood optimization failed to converge. Check mle_retvals
  warnings.warn("Maximum Likelihood optimization failed to "
