Job ID: 11042982  Node: gilbreth-k033  Start: Thu Jun 18 14:05:00 EDT 2026
[train-dyn] device=cuda  archs=['resnet18', 'resnet50', 'vgg11']  datasets=['cifar100']  seeds=[0, 1, 2]  epochs=25
[train-dyn] resnet18/cifar100 seed=0 epoch=  0/25 test_acc=0.160 active_frac=0.530 eff_rank=46.84 (60.3s)
[train-dyn] resnet18/cifar100 seed=0 epoch=  1/25 test_acc=0.277 active_frac=0.521 eff_rank=50.49 (17.2s)
[train-dyn] resnet18/cifar100 seed=0 epoch=  2/25 test_acc=0.324 active_frac=0.505 eff_rank=53.22 (17.5s)
[train-dyn] resnet18/cifar100 seed=0 epoch=  3/25 test_acc=0.405 active_frac=0.483 eff_rank=54.20 (16.6s)
[train-dyn] resnet18/cifar100 seed=0 epoch=  4/25 test_acc=0.454 active_frac=0.460 eff_rank=54.76 (16.2s)
[train-dyn] resnet18/cifar100 seed=0 epoch=  5/25 test_acc=0.500 active_frac=0.441 eff_rank=54.92 (15.3s)
[train-dyn] resnet18/cifar100 seed=0 epoch=  6/25 test_acc=0.508 active_frac=0.426 eff_rank=55.08 (16.1s)
[train-dyn] resnet18/cifar100 seed=0 epoch=  7/25 test_acc=0.499 active_frac=0.416 eff_rank=55.39 (16.2s)
[train-dyn] resnet18/cifar100 seed=0 epoch=  8/25 test_acc=0.537 active_frac=0.413 eff_rank=55.41 (15.5s)
[train-dyn] resnet18/cifar100 seed=0 epoch=  9/25 test_acc=0.553 active_frac=0.410 eff_rank=55.47 (17.0s)
[train-dyn] resnet18/cifar100 seed=0 epoch= 10/25 test_acc=0.575 active_frac=0.409 eff_rank=55.42 (16.9s)
[train-dyn] resnet18/cifar100 seed=0 epoch= 11/25 test_acc=0.589 active_frac=0.405 eff_rank=55.65 (16.8s)
[train-dyn] resnet18/cifar100 seed=0 epoch= 12/25 test_acc=0.604 active_frac=0.404 eff_rank=55.73 (16.4s)
[train-dyn] resnet18/cifar100 seed=0 epoch= 13/25 test_acc=0.607 active_frac=0.400 eff_rank=55.68 (15.7s)
[train-dyn] resnet18/cifar100 seed=0 epoch= 14/25 test_acc=0.637 active_frac=0.398 eff_rank=55.80 (17.2s)
[train-dyn] resnet18/cifar100 seed=0 epoch= 15/25 test_acc=0.649 active_frac=0.398 eff_rank=56.01 (15.6s)
[train-dyn] resnet18/cifar100 seed=0 epoch= 16/25 test_acc=0.661 active_frac=0.396 eff_rank=56.17 (17.9s)
[train-dyn] resnet18/cifar100 seed=0 epoch= 17/25 test_acc=0.679 active_frac=0.395 eff_rank=56.11 (17.4s)
[train-dyn] resnet18/cifar100 seed=0 epoch= 18/25 test_acc=0.688 active_frac=0.391 eff_rank=56.32 (18.0s)
[train-dyn] resnet18/cifar100 seed=0 epoch= 19/25 test_acc=0.704 active_frac=0.391 eff_rank=56.33 (18.0s)
[train-dyn] resnet18/cifar100 seed=0 epoch= 20/25 test_acc=0.723 active_frac=0.390 eff_rank=56.38 (17.7s)
[train-dyn] resnet18/cifar100 seed=0 epoch= 21/25 test_acc=0.733 active_frac=0.390 eff_rank=56.45 (16.4s)
[train-dyn] resnet18/cifar100 seed=0 epoch= 22/25 test_acc=0.735 active_frac=0.390 eff_rank=56.57 (16.3s)
[train-dyn] resnet18/cifar100 seed=0 epoch= 23/25 test_acc=0.738 active_frac=0.390 eff_rank=56.46 (16.7s)
[train-dyn] resnet18/cifar100 seed=0 epoch= 24/25 test_acc=0.737 active_frac=0.390 eff_rank=56.45 (15.3s)
[train-dyn] resnet18/cifar100 seed=0 done in 7.8 min
[train-dyn] resnet18/cifar100 seed=1 epoch=  0/25 test_acc=0.196 active_frac=0.521 eff_rank=50.07 (16.3s)
[train-dyn] resnet18/cifar100 seed=1 epoch=  1/25 test_acc=0.263 active_frac=0.512 eff_rank=52.84 (17.1s)
[train-dyn] resnet18/cifar100 seed=1 epoch=  2/25 test_acc=0.365 active_frac=0.496 eff_rank=54.18 (18.2s)
[train-dyn] resnet18/cifar100 seed=1 epoch=  3/25 test_acc=0.433 active_frac=0.479 eff_rank=54.68 (16.5s)
[train-dyn] resnet18/cifar100 seed=1 epoch=  4/25 test_acc=0.472 active_frac=0.459 eff_rank=54.82 (18.7s)
[train-dyn] resnet18/cifar100 seed=1 epoch=  5/25 test_acc=0.507 active_frac=0.443 eff_rank=55.20 (18.5s)
[train-dyn] resnet18/cifar100 seed=1 epoch=  6/25 test_acc=0.527 active_frac=0.431 eff_rank=55.50 (19.2s)
[train-dyn] resnet18/cifar100 seed=1 epoch=  7/25 test_acc=0.566 active_frac=0.425 eff_rank=55.47 (17.5s)
[train-dyn] resnet18/cifar100 seed=1 epoch=  8/25 test_acc=0.534 active_frac=0.421 eff_rank=55.55 (16.5s)
[train-dyn] resnet18/cifar100 seed=1 epoch=  9/25 test_acc=0.523 active_frac=0.421 eff_rank=55.61 (15.2s)
[train-dyn] resnet18/cifar100 seed=1 epoch= 10/25 test_acc=0.588 active_frac=0.418 eff_rank=55.74 (15.0s)
[train-dyn] resnet18/cifar100 seed=1 epoch= 11/25 test_acc=0.595 active_frac=0.413 eff_rank=55.77 (15.0s)
[train-dyn] resnet18/cifar100 seed=1 epoch= 12/25 test_acc=0.599 active_frac=0.412 eff_rank=55.98 (15.0s)
[train-dyn] resnet18/cifar100 seed=1 epoch= 13/25 test_acc=0.601 active_frac=0.410 eff_rank=55.89 (15.3s)
[train-dyn] resnet18/cifar100 seed=1 epoch= 14/25 test_acc=0.601 active_frac=0.412 eff_rank=55.93 (18.3s)
[train-dyn] resnet18/cifar100 seed=1 epoch= 15/25 test_acc=0.658 active_frac=0.408 eff_rank=56.10 (17.3s)
[train-dyn] resnet18/cifar100 seed=1 epoch= 16/25 test_acc=0.665 active_frac=0.406 eff_rank=56.20 (16.2s)
[train-dyn] resnet18/cifar100 seed=1 epoch= 17/25 test_acc=0.680 active_frac=0.406 eff_rank=56.25 (17.1s)
[train-dyn] resnet18/cifar100 seed=1 epoch= 18/25 test_acc=0.692 active_frac=0.406 eff_rank=56.31 (15.8s)
[train-dyn] resnet18/cifar100 seed=1 epoch= 19/25 test_acc=0.713 active_frac=0.405 eff_rank=56.44 (16.1s)
[train-dyn] resnet18/cifar100 seed=1 epoch= 20/25 test_acc=0.724 active_frac=0.404 eff_rank=56.60 (15.4s)
[train-dyn] resnet18/cifar100 seed=1 epoch= 21/25 test_acc=0.730 active_frac=0.404 eff_rank=56.51 (15.5s)
[train-dyn] resnet18/cifar100 seed=1 epoch= 22/25 test_acc=0.737 active_frac=0.404 eff_rank=56.62 (18.7s)
[train-dyn] resnet18/cifar100 seed=1 epoch= 23/25 test_acc=0.742 active_frac=0.404 eff_rank=56.61 (18.1s)
[train-dyn] resnet18/cifar100 seed=1 epoch= 24/25 test_acc=0.743 active_frac=0.404 eff_rank=56.60 (17.8s)
[train-dyn] resnet18/cifar100 seed=1 done in 7.0 min
[train-dyn] resnet18/cifar100 seed=2 epoch=  0/25 test_acc=0.152 active_frac=0.532 eff_rank=44.39 (16.0s)
[train-dyn] resnet18/cifar100 seed=2 epoch=  1/25 test_acc=0.234 active_frac=0.517 eff_rank=49.03 (16.1s)
[train-dyn] resnet18/cifar100 seed=2 epoch=  2/25 test_acc=0.323 active_frac=0.504 eff_rank=52.06 (15.6s)
[train-dyn] resnet18/cifar100 seed=2 epoch=  3/25 test_acc=0.363 active_frac=0.485 eff_rank=53.52 (15.3s)
[train-dyn] resnet18/cifar100 seed=2 epoch=  4/25 test_acc=0.448 active_frac=0.465 eff_rank=54.57 (15.3s)
[train-dyn] resnet18/cifar100 seed=2 epoch=  5/25 test_acc=0.469 active_frac=0.447 eff_rank=54.85 (15.9s)
[train-dyn] resnet18/cifar100 seed=2 epoch=  6/25 test_acc=0.500 active_frac=0.433 eff_rank=54.96 (16.0s)
[train-dyn] resnet18/cifar100 seed=2 epoch=  7/25 test_acc=0.482 active_frac=0.424 eff_rank=55.26 (16.7s)
[train-dyn] resnet18/cifar100 seed=2 epoch=  8/25 test_acc=0.521 active_frac=0.417 eff_rank=55.41 (17.4s)
[train-dyn] resnet18/cifar100 seed=2 epoch=  9/25 test_acc=0.557 active_frac=0.413 eff_rank=55.48 (15.7s)
[train-dyn] resnet18/cifar100 seed=2 epoch= 10/25 test_acc=0.545 active_frac=0.411 eff_rank=55.50 (15.9s)
[train-dyn] resnet18/cifar100 seed=2 epoch= 11/25 test_acc=0.579 active_frac=0.408 eff_rank=55.68 (17.5s)
[train-dyn] resnet18/cifar100 seed=2 epoch= 12/25 test_acc=0.593 active_frac=0.405 eff_rank=55.73 (17.9s)
[train-dyn] resnet18/cifar100 seed=2 epoch= 13/25 test_acc=0.611 active_frac=0.404 eff_rank=55.75 (16.3s)
[train-dyn] resnet18/cifar100 seed=2 epoch= 14/25 test_acc=0.617 active_frac=0.402 eff_rank=55.96 (17.9s)
[train-dyn] resnet18/cifar100 seed=2 epoch= 15/25 test_acc=0.656 active_frac=0.398 eff_rank=55.94 (17.1s)
[train-dyn] resnet18/cifar100 seed=2 epoch= 16/25 test_acc=0.667 active_frac=0.396 eff_rank=55.98 (16.6s)
[train-dyn] resnet18/cifar100 seed=2 epoch= 17/25 test_acc=0.670 active_frac=0.394 eff_rank=56.23 (18.5s)
[train-dyn] resnet18/cifar100 seed=2 epoch= 18/25 test_acc=0.686 active_frac=0.391 eff_rank=56.35 (18.9s)
[train-dyn] resnet18/cifar100 seed=2 epoch= 19/25 test_acc=0.701 active_frac=0.391 eff_rank=56.37 (16.7s)
[train-dyn] resnet18/cifar100 seed=2 epoch= 20/25 test_acc=0.719 active_frac=0.390 eff_rank=56.40 (15.5s)
[train-dyn] resnet18/cifar100 seed=2 epoch= 21/25 test_acc=0.729 active_frac=0.390 eff_rank=56.41 (16.8s)
[train-dyn] resnet18/cifar100 seed=2 epoch= 22/25 test_acc=0.731 active_frac=0.390 eff_rank=56.51 (15.0s)
[train-dyn] resnet18/cifar100 seed=2 epoch= 23/25 test_acc=0.733 active_frac=0.390 eff_rank=56.56 (15.7s)
[train-dyn] resnet18/cifar100 seed=2 epoch= 24/25 test_acc=0.735 active_frac=0.390 eff_rank=56.47 (18.5s)
[train-dyn] resnet18/cifar100 seed=2 done in 6.9 min
[train-dyn] resnet50/cifar100 seed=0 epoch=  0/25 test_acc=0.013 active_frac=0.532 eff_rank=19.47 (22.1s)
[train-dyn] resnet50/cifar100 seed=0 epoch=  1/25 test_acc=0.021 active_frac=0.540 eff_rank=20.11 (21.1s)
[train-dyn] resnet50/cifar100 seed=0 epoch=  2/25 test_acc=0.043 active_frac=0.526 eff_rank=23.70 (20.6s)
[train-dyn] resnet50/cifar100 seed=0 epoch=  3/25 test_acc=0.091 active_frac=0.524 eff_rank=27.46 (19.9s)
[train-dyn] resnet50/cifar100 seed=0 epoch=  4/25 test_acc=0.134 active_frac=0.527 eff_rank=31.89 (20.1s)
[train-dyn] resnet50/cifar100 seed=0 epoch=  5/25 test_acc=0.187 active_frac=0.527 eff_rank=35.49 (20.0s)
[train-dyn] resnet50/cifar100 seed=0 epoch=  6/25 test_acc=0.233 active_frac=0.527 eff_rank=39.44 (19.9s)
[train-dyn] resnet50/cifar100 seed=0 epoch=  7/25 test_acc=0.268 active_frac=0.520 eff_rank=43.13 (19.8s)
[train-dyn] resnet50/cifar100 seed=0 epoch=  8/25 test_acc=0.316 active_frac=0.517 eff_rank=45.87 (19.8s)
[train-dyn] resnet50/cifar100 seed=0 epoch=  9/25 test_acc=0.382 active_frac=0.513 eff_rank=47.68 (20.2s)
[train-dyn] resnet50/cifar100 seed=0 epoch= 10/25 test_acc=0.429 active_frac=0.508 eff_rank=48.57 (21.3s)
[train-dyn] resnet50/cifar100 seed=0 epoch= 11/25 test_acc=0.439 active_frac=0.501 eff_rank=48.87 (19.8s)
[train-dyn] resnet50/cifar100 seed=0 epoch= 12/25 test_acc=0.448 active_frac=0.499 eff_rank=49.56 (19.8s)
[train-dyn] resnet50/cifar100 seed=0 epoch= 13/25 test_acc=0.490 active_frac=0.497 eff_rank=50.31 (19.8s)
[train-dyn] resnet50/cifar100 seed=0 epoch= 14/25 test_acc=0.496 active_frac=0.494 eff_rank=50.56 (19.8s)
[train-dyn] resnet50/cifar100 seed=0 epoch= 15/25 test_acc=0.513 active_frac=0.492 eff_rank=51.30 (19.8s)
[train-dyn] resnet50/cifar100 seed=0 epoch= 16/25 test_acc=0.552 active_frac=0.492 eff_rank=51.47 (19.8s)
[train-dyn] resnet50/cifar100 seed=0 epoch= 17/25 test_acc=0.582 active_frac=0.490 eff_rank=51.61 (19.8s)
[train-dyn] resnet50/cifar100 seed=0 epoch= 18/25 test_acc=0.603 active_frac=0.490 eff_rank=52.10 (20.2s)
[train-dyn] resnet50/cifar100 seed=0 epoch= 19/25 test_acc=0.608 active_frac=0.489 eff_rank=52.20 (20.3s)
[train-dyn] resnet50/cifar100 seed=0 epoch= 20/25 test_acc=0.629 active_frac=0.488 eff_rank=52.26 (20.1s)
[train-dyn] resnet50/cifar100 seed=0 epoch= 21/25 test_acc=0.648 active_frac=0.489 eff_rank=52.44 (20.7s)
[train-dyn] resnet50/cifar100 seed=0 epoch= 22/25 test_acc=0.656 active_frac=0.489 eff_rank=52.55 (19.8s)
[train-dyn] resnet50/cifar100 seed=0 epoch= 23/25 test_acc=0.666 active_frac=0.490 eff_rank=52.57 (19.9s)
[train-dyn] resnet50/cifar100 seed=0 epoch= 24/25 test_acc=0.669 active_frac=0.490 eff_rank=52.63 (20.2s)
[train-dyn] resnet50/cifar100 seed=0 done in 8.4 min
[train-dyn] resnet50/cifar100 seed=1 epoch=  0/25 test_acc=0.049 active_frac=0.563 eff_rank=21.83 (19.8s)
[train-dyn] resnet50/cifar100 seed=1 epoch=  1/25 test_acc=0.089 active_frac=0.551 eff_rank=27.24 (19.8s)
[train-dyn] resnet50/cifar100 seed=1 epoch=  2/25 test_acc=0.141 active_frac=0.547 eff_rank=34.07 (19.8s)
[train-dyn] resnet50/cifar100 seed=1 epoch=  3/25 test_acc=0.198 active_frac=0.541 eff_rank=37.55 (19.8s)
[train-dyn] resnet50/cifar100 seed=1 epoch=  4/25 test_acc=0.253 active_frac=0.537 eff_rank=41.34 (20.1s)
[train-dyn] resnet50/cifar100 seed=1 epoch=  5/25 test_acc=0.305 active_frac=0.529 eff_rank=44.05 (19.9s)
[train-dyn] resnet50/cifar100 seed=1 epoch=  6/25 test_acc=0.364 active_frac=0.517 eff_rank=46.51 (19.8s)
[train-dyn] resnet50/cifar100 seed=1 epoch=  7/25 test_acc=0.388 active_frac=0.510 eff_rank=48.46 (19.9s)
[train-dyn] resnet50/cifar100 seed=1 epoch=  8/25 test_acc=0.430 active_frac=0.501 eff_rank=50.28 (19.8s)
[train-dyn] resnet50/cifar100 seed=1 epoch=  9/25 test_acc=0.473 active_frac=0.491 eff_rank=50.73 (19.9s)
[train-dyn] resnet50/cifar100 seed=1 epoch= 10/25 test_acc=0.493 active_frac=0.489 eff_rank=51.40 (19.9s)
[train-dyn] resnet50/cifar100 seed=1 epoch= 11/25 test_acc=0.516 active_frac=0.482 eff_rank=51.87 (21.0s)
[train-dyn] resnet50/cifar100 seed=1 epoch= 12/25 test_acc=0.527 active_frac=0.479 eff_rank=52.20 (19.8s)
[train-dyn] resnet50/cifar100 seed=1 epoch= 13/25 test_acc=0.558 active_frac=0.477 eff_rank=52.55 (19.8s)
[train-dyn] resnet50/cifar100 seed=1 epoch= 14/25 test_acc=0.570 active_frac=0.473 eff_rank=52.54 (19.8s)
[train-dyn] resnet50/cifar100 seed=1 epoch= 15/25 test_acc=0.587 active_frac=0.472 eff_rank=52.87 (19.9s)
[train-dyn] resnet50/cifar100 seed=1 epoch= 16/25 test_acc=0.601 active_frac=0.469 eff_rank=53.17 (19.8s)
[train-dyn] resnet50/cifar100 seed=1 epoch= 17/25 test_acc=0.636 active_frac=0.468 eff_rank=53.20 (19.8s)
[train-dyn] resnet50/cifar100 seed=1 epoch= 18/25 test_acc=0.648 active_frac=0.467 eff_rank=53.28 (19.9s)
[train-dyn] resnet50/cifar100 seed=1 epoch= 19/25 test_acc=0.656 active_frac=0.466 eff_rank=53.44 (19.8s)
[train-dyn] resnet50/cifar100 seed=1 epoch= 20/25 test_acc=0.673 active_frac=0.466 eff_rank=53.62 (19.8s)
[train-dyn] resnet50/cifar100 seed=1 epoch= 21/25 test_acc=0.690 active_frac=0.466 eff_rank=53.59 (19.8s)
[train-dyn] resnet50/cifar100 seed=1 epoch= 22/25 test_acc=0.699 active_frac=0.465 eff_rank=53.73 (20.8s)
[train-dyn] resnet50/cifar100 seed=1 epoch= 23/25 test_acc=0.709 active_frac=0.466 eff_rank=53.76 (19.8s)
[train-dyn] resnet50/cifar100 seed=1 epoch= 24/25 test_acc=0.712 active_frac=0.465 eff_rank=53.69 (20.5s)
[train-dyn] resnet50/cifar100 seed=1 done in 8.3 min
[train-dyn] resnet50/cifar100 seed=2 epoch=  0/25 test_acc=0.038 active_frac=0.553 eff_rank=24.04 (19.8s)
[train-dyn] resnet50/cifar100 seed=2 epoch=  1/25 test_acc=0.098 active_frac=0.546 eff_rank=30.08 (19.9s)
[train-dyn] resnet50/cifar100 seed=2 epoch=  2/25 test_acc=0.141 active_frac=0.537 eff_rank=35.07 (20.0s)
[train-dyn] resnet50/cifar100 seed=2 epoch=  3/25 test_acc=0.206 active_frac=0.530 eff_rank=38.96 (19.8s)
[train-dyn] resnet50/cifar100 seed=2 epoch=  4/25 test_acc=0.231 active_frac=0.530 eff_rank=42.05 (19.8s)
[train-dyn] resnet50/cifar100 seed=2 epoch=  5/25 test_acc=0.286 active_frac=0.527 eff_rank=43.86 (19.8s)
[train-dyn] resnet50/cifar100 seed=2 epoch=  6/25 test_acc=0.335 active_frac=0.518 eff_rank=45.50 (19.8s)
[train-dyn] resnet50/cifar100 seed=2 epoch=  7/25 test_acc=0.372 active_frac=0.513 eff_rank=47.38 (19.8s)
[train-dyn] resnet50/cifar100 seed=2 epoch=  8/25 test_acc=0.424 active_frac=0.504 eff_rank=48.49 (19.8s)
[train-dyn] resnet50/cifar100 seed=2 epoch=  9/25 test_acc=0.464 active_frac=0.495 eff_rank=49.55 (20.3s)
[train-dyn] resnet50/cifar100 seed=2 epoch= 10/25 test_acc=0.489 active_frac=0.491 eff_rank=50.14 (19.8s)
[train-dyn] resnet50/cifar100 seed=2 epoch= 11/25 test_acc=0.511 active_frac=0.485 eff_rank=50.58 (19.8s)
[train-dyn] resnet50/cifar100 seed=2 epoch= 12/25 test_acc=0.532 active_frac=0.482 eff_rank=51.11 (19.8s)
[train-dyn] resnet50/cifar100 seed=2 epoch= 13/25 test_acc=0.542 active_frac=0.480 eff_rank=51.43 (19.8s)
[train-dyn] resnet50/cifar100 seed=2 epoch= 14/25 test_acc=0.539 active_frac=0.478 eff_rank=51.74 (19.8s)
[train-dyn] resnet50/cifar100 seed=2 epoch= 15/25 test_acc=0.580 active_frac=0.474 eff_rank=52.01 (20.3s)
[train-dyn] resnet50/cifar100 seed=2 epoch= 16/25 test_acc=0.578 active_frac=0.474 eff_rank=52.25 (19.8s)
[train-dyn] resnet50/cifar100 seed=2 epoch= 17/25 test_acc=0.630 active_frac=0.474 eff_rank=52.44 (19.8s)
[train-dyn] resnet50/cifar100 seed=2 epoch= 18/25 test_acc=0.635 active_frac=0.473 eff_rank=52.70 (19.8s)
[train-dyn] resnet50/cifar100 seed=2 epoch= 19/25 test_acc=0.654 active_frac=0.471 eff_rank=52.81 (19.8s)
[train-dyn] resnet50/cifar100 seed=2 epoch= 20/25 test_acc=0.660 active_frac=0.471 eff_rank=52.96 (19.8s)
[train-dyn] resnet50/cifar100 seed=2 epoch= 21/25 test_acc=0.677 active_frac=0.471 eff_rank=52.93 (19.8s)
[train-dyn] resnet50/cifar100 seed=2 epoch= 22/25 test_acc=0.692 active_frac=0.471 eff_rank=52.93 (19.8s)
[train-dyn] resnet50/cifar100 seed=2 epoch= 23/25 test_acc=0.695 active_frac=0.471 eff_rank=52.99 (19.8s)
[train-dyn] resnet50/cifar100 seed=2 epoch= 24/25 test_acc=0.699 active_frac=0.471 eff_rank=53.03 (19.8s)
[train-dyn] resnet50/cifar100 seed=2 done in 8.3 min
[train-dyn] vgg11/cifar100 seed=0 epoch=  0/25 test_acc=0.091 active_frac=0.543 eff_rank=34.44 (14.2s)
[train-dyn] vgg11/cifar100 seed=0 epoch=  1/25 test_acc=0.126 active_frac=0.544 eff_rank=39.05 (13.8s)
[train-dyn] vgg11/cifar100 seed=0 epoch=  2/25 test_acc=0.181 active_frac=0.524 eff_rank=42.26 (13.8s)
[train-dyn] vgg11/cifar100 seed=0 epoch=  3/25 test_acc=0.272 active_frac=0.508 eff_rank=44.89 (13.7s)
[train-dyn] vgg11/cifar100 seed=0 epoch=  4/25 test_acc=0.331 active_frac=0.490 eff_rank=46.17 (13.8s)
[train-dyn] vgg11/cifar100 seed=0 epoch=  5/25 test_acc=0.345 active_frac=0.479 eff_rank=47.49 (13.9s)
[train-dyn] vgg11/cifar100 seed=0 epoch=  6/25 test_acc=0.392 active_frac=0.462 eff_rank=48.00 (13.6s)
[train-dyn] vgg11/cifar100 seed=0 epoch=  7/25 test_acc=0.398 active_frac=0.451 eff_rank=48.73 (15.3s)
[train-dyn] vgg11/cifar100 seed=0 epoch=  8/25 test_acc=0.448 active_frac=0.443 eff_rank=49.05 (14.1s)
[train-dyn] vgg11/cifar100 seed=0 epoch=  9/25 test_acc=0.429 active_frac=0.441 eff_rank=49.33 (14.2s)
[train-dyn] vgg11/cifar100 seed=0 epoch= 10/25 test_acc=0.440 active_frac=0.435 eff_rank=49.90 (14.3s)
[train-dyn] vgg11/cifar100 seed=0 epoch= 11/25 test_acc=0.505 active_frac=0.430 eff_rank=50.41 (14.2s)
[train-dyn] vgg11/cifar100 seed=0 epoch= 12/25 test_acc=0.480 active_frac=0.425 eff_rank=50.27 (14.9s)
[train-dyn] vgg11/cifar100 seed=0 epoch= 13/25 test_acc=0.533 active_frac=0.425 eff_rank=50.65 (14.2s)
[train-dyn] vgg11/cifar100 seed=0 epoch= 14/25 test_acc=0.532 active_frac=0.428 eff_rank=50.88 (14.3s)
[train-dyn] vgg11/cifar100 seed=0 epoch= 15/25 test_acc=0.555 active_frac=0.426 eff_rank=51.21 (15.8s)
[train-dyn] vgg11/cifar100 seed=0 epoch= 16/25 test_acc=0.566 active_frac=0.423 eff_rank=51.42 (15.0s)
[train-dyn] vgg11/cifar100 seed=0 epoch= 17/25 test_acc=0.590 active_frac=0.421 eff_rank=51.63 (15.3s)
[train-dyn] vgg11/cifar100 seed=0 epoch= 18/25 test_acc=0.607 active_frac=0.420 eff_rank=51.70 (13.9s)
[train-dyn] vgg11/cifar100 seed=0 epoch= 19/25 test_acc=0.615 active_frac=0.422 eff_rank=51.84 (14.2s)
[train-dyn] vgg11/cifar100 seed=0 epoch= 20/25 test_acc=0.634 active_frac=0.421 eff_rank=51.95 (14.0s)
[train-dyn] vgg11/cifar100 seed=0 epoch= 21/25 test_acc=0.642 active_frac=0.422 eff_rank=52.10 (14.1s)
[train-dyn] vgg11/cifar100 seed=0 epoch= 22/25 test_acc=0.659 active_frac=0.423 eff_rank=52.27 (14.0s)
[train-dyn] vgg11/cifar100 seed=0 epoch= 23/25 test_acc=0.660 active_frac=0.423 eff_rank=52.34 (15.8s)
[train-dyn] vgg11/cifar100 seed=0 epoch= 24/25 test_acc=0.661 active_frac=0.423 eff_rank=52.26 (14.3s)
[train-dyn] vgg11/cifar100 seed=0 done in 6.0 min
[train-dyn] vgg11/cifar100 seed=1 epoch=  0/25 test_acc=0.084 active_frac=0.540 eff_rank=32.92 (14.8s)
[train-dyn] vgg11/cifar100 seed=1 epoch=  1/25 test_acc=0.125 active_frac=0.539 eff_rank=37.57 (15.0s)
[train-dyn] vgg11/cifar100 seed=1 epoch=  2/25 test_acc=0.180 active_frac=0.524 eff_rank=40.81 (15.4s)
[train-dyn] vgg11/cifar100 seed=1 epoch=  3/25 test_acc=0.225 active_frac=0.509 eff_rank=43.58 (14.5s)
[train-dyn] vgg11/cifar100 seed=1 epoch=  4/25 test_acc=0.271 active_frac=0.486 eff_rank=45.43 (14.6s)
[train-dyn] vgg11/cifar100 seed=1 epoch=  5/25 test_acc=0.315 active_frac=0.470 eff_rank=46.90 (14.4s)
[train-dyn] vgg11/cifar100 seed=1 epoch=  6/25 test_acc=0.378 active_frac=0.463 eff_rank=47.71 (14.1s)
[train-dyn] vgg11/cifar100 seed=1 epoch=  7/25 test_acc=0.384 active_frac=0.453 eff_rank=48.41 (14.6s)
[train-dyn] vgg11/cifar100 seed=1 epoch=  8/25 test_acc=0.441 active_frac=0.443 eff_rank=48.75 (14.1s)
[train-dyn] vgg11/cifar100 seed=1 epoch=  9/25 test_acc=0.438 active_frac=0.438 eff_rank=49.31 (14.2s)
[train-dyn] vgg11/cifar100 seed=1 epoch= 10/25 test_acc=0.462 active_frac=0.437 eff_rank=49.32 (14.6s)
[train-dyn] vgg11/cifar100 seed=1 epoch= 11/25 test_acc=0.469 active_frac=0.433 eff_rank=50.01 (14.8s)
[train-dyn] vgg11/cifar100 seed=1 epoch= 12/25 test_acc=0.496 active_frac=0.429 eff_rank=50.12 (15.1s)
[train-dyn] vgg11/cifar100 seed=1 epoch= 13/25 test_acc=0.528 active_frac=0.427 eff_rank=50.72 (15.7s)
[train-dyn] vgg11/cifar100 seed=1 epoch= 14/25 test_acc=0.554 active_frac=0.425 eff_rank=50.78 (14.6s)
[train-dyn] vgg11/cifar100 seed=1 epoch= 15/25 test_acc=0.559 active_frac=0.423 eff_rank=51.33 (13.7s)
[train-dyn] vgg11/cifar100 seed=1 epoch= 16/25 test_acc=0.555 active_frac=0.418 eff_rank=51.19 (13.7s)
[train-dyn] vgg11/cifar100 seed=1 epoch= 17/25 test_acc=0.596 active_frac=0.422 eff_rank=51.46 (15.9s)
[train-dyn] vgg11/cifar100 seed=1 epoch= 18/25 test_acc=0.588 active_frac=0.416 eff_rank=51.41 (14.2s)
[train-dyn] vgg11/cifar100 seed=1 epoch= 19/25 test_acc=0.610 active_frac=0.416 eff_rank=51.92 (15.1s)
[train-dyn] vgg11/cifar100 seed=1 epoch= 20/25 test_acc=0.627 active_frac=0.415 eff_rank=51.95 (13.5s)
[train-dyn] vgg11/cifar100 seed=1 epoch= 21/25 test_acc=0.639 active_frac=0.416 eff_rank=51.72 (14.0s)
[train-dyn] vgg11/cifar100 seed=1 epoch= 22/25 test_acc=0.653 active_frac=0.416 eff_rank=51.85 (14.1s)
[train-dyn] vgg11/cifar100 seed=1 epoch= 23/25 test_acc=0.658 active_frac=0.417 eff_rank=52.06 (13.5s)
[train-dyn] vgg11/cifar100 seed=1 epoch= 24/25 test_acc=0.661 active_frac=0.417 eff_rank=51.94 (13.9s)
[train-dyn] vgg11/cifar100 seed=1 done in 6.1 min
[train-dyn] vgg11/cifar100 seed=2 epoch=  0/25 test_acc=0.083 active_frac=0.541 eff_rank=33.69 (14.2s)
[train-dyn] vgg11/cifar100 seed=2 epoch=  1/25 test_acc=0.144 active_frac=0.542 eff_rank=38.45 (14.1s)
[train-dyn] vgg11/cifar100 seed=2 epoch=  2/25 test_acc=0.230 active_frac=0.527 eff_rank=41.58 (13.6s)
[train-dyn] vgg11/cifar100 seed=2 epoch=  3/25 test_acc=0.220 active_frac=0.510 eff_rank=44.23 (14.9s)
[train-dyn] vgg11/cifar100 seed=2 epoch=  4/25 test_acc=0.309 active_frac=0.487 eff_rank=45.64 (14.8s)
[train-dyn] vgg11/cifar100 seed=2 epoch=  5/25 test_acc=0.347 active_frac=0.468 eff_rank=46.48 (13.9s)
[train-dyn] vgg11/cifar100 seed=2 epoch=  6/25 test_acc=0.335 active_frac=0.453 eff_rank=47.07 (16.4s)
[train-dyn] vgg11/cifar100 seed=2 epoch=  7/25 test_acc=0.381 active_frac=0.447 eff_rank=47.95 (15.7s)
[train-dyn] vgg11/cifar100 seed=2 epoch=  8/25 test_acc=0.433 active_frac=0.439 eff_rank=48.64 (17.3s)
[train-dyn] vgg11/cifar100 seed=2 epoch=  9/25 test_acc=0.430 active_frac=0.435 eff_rank=49.10 (17.4s)
[train-dyn] vgg11/cifar100 seed=2 epoch= 10/25 test_acc=0.467 active_frac=0.429 eff_rank=49.69 (13.7s)
[train-dyn] vgg11/cifar100 seed=2 epoch= 11/25 test_acc=0.484 active_frac=0.428 eff_rank=49.99 (14.2s)
[train-dyn] vgg11/cifar100 seed=2 epoch= 12/25 test_acc=0.502 active_frac=0.427 eff_rank=50.14 (14.6s)
[train-dyn] vgg11/cifar100 seed=2 epoch= 13/25 test_acc=0.507 active_frac=0.426 eff_rank=50.41 (14.1s)
[train-dyn] vgg11/cifar100 seed=2 epoch= 14/25 test_acc=0.510 active_frac=0.419 eff_rank=50.82 (14.1s)
[train-dyn] vgg11/cifar100 seed=2 epoch= 15/25 test_acc=0.565 active_frac=0.419 eff_rank=51.05 (13.8s)
[train-dyn] vgg11/cifar100 seed=2 epoch= 16/25 test_acc=0.550 active_frac=0.417 eff_rank=51.15 (15.0s)
[train-dyn] vgg11/cifar100 seed=2 epoch= 17/25 test_acc=0.567 active_frac=0.417 eff_rank=51.31 (14.0s)
[train-dyn] vgg11/cifar100 seed=2 epoch= 18/25 test_acc=0.601 active_frac=0.414 eff_rank=51.47 (16.8s)
[train-dyn] vgg11/cifar100 seed=2 epoch= 19/25 test_acc=0.622 active_frac=0.414 eff_rank=51.70 (17.0s)
[train-dyn] vgg11/cifar100 seed=2 epoch= 20/25 test_acc=0.632 active_frac=0.414 eff_rank=51.63 (14.1s)
[train-dyn] vgg11/cifar100 seed=2 epoch= 21/25 test_acc=0.641 active_frac=0.415 eff_rank=51.92 (13.7s)
[train-dyn] vgg11/cifar100 seed=2 epoch= 22/25 test_acc=0.648 active_frac=0.416 eff_rank=51.92 (14.0s)
[train-dyn] vgg11/cifar100 seed=2 epoch= 23/25 test_acc=0.656 active_frac=0.417 eff_rank=51.88 (13.7s)
[train-dyn] vgg11/cifar100 seed=2 epoch= 24/25 test_acc=0.657 active_frac=0.417 eff_rank=52.03 (13.9s)
[train-dyn] vgg11/cifar100 seed=2 done in 6.2 min
Job complete at Thu Jun 18 15:13:52 EDT 2026
