Job ID: 11061328  Node: gilbreth-k032  Start: Sat Jun 20 09:23:07 EDT 2026
[tin-dyn] device=cuda activations=['silu', 'mish'] optimizer=sgd lr=0.1 seeds=[0, 1, 2] epochs=25 data_root=/home/aelmersa/MMLS/gradient_gate/../data/tiny-imagenet-200
[tin-dyn] resnet18(silu,sgd)/tinyimagenet200 seed=0 epoch=  0/25 train_acc=0.089 test_acc=0.143 active_frac=0.991 eff_rank=57.79 (129.4s)
[tin-dyn] resnet18(silu,sgd)/tinyimagenet200 seed=0 epoch=  1/25 train_acc=0.209 test_acc=0.233 active_frac=0.993 eff_rank=58.82 (90.5s)
[tin-dyn] resnet18(silu,sgd)/tinyimagenet200 seed=0 epoch=  2/25 train_acc=0.278 test_acc=0.288 active_frac=0.995 eff_rank=59.19 (89.8s)
[tin-dyn] resnet18(silu,sgd)/tinyimagenet200 seed=0 epoch=  3/25 train_acc=0.325 test_acc=0.324 active_frac=0.995 eff_rank=59.14 (89.1s)
[tin-dyn] resnet18(silu,sgd)/tinyimagenet200 seed=0 epoch=  4/25 train_acc=0.359 test_acc=0.341 active_frac=0.995 eff_rank=59.05 (90.0s)
[tin-dyn] resnet18(silu,sgd)/tinyimagenet200 seed=0 epoch=  5/25 train_acc=0.386 test_acc=0.387 active_frac=0.994 eff_rank=59.15 (89.7s)
[tin-dyn] resnet18(silu,sgd)/tinyimagenet200 seed=0 epoch=  6/25 train_acc=0.409 test_acc=0.375 active_frac=0.994 eff_rank=58.84 (89.3s)
[tin-dyn] resnet18(silu,sgd)/tinyimagenet200 seed=0 epoch=  7/25 train_acc=0.427 test_acc=0.407 active_frac=0.994 eff_rank=58.51 (89.3s)
[tin-dyn] resnet18(silu,sgd)/tinyimagenet200 seed=0 epoch=  8/25 train_acc=0.448 test_acc=0.428 active_frac=0.994 eff_rank=58.49 (89.9s)
[tin-dyn] resnet18(silu,sgd)/tinyimagenet200 seed=0 epoch=  9/25 train_acc=0.464 test_acc=0.425 active_frac=0.994 eff_rank=58.49 (89.6s)
[tin-dyn] resnet18(silu,sgd)/tinyimagenet200 seed=0 epoch= 10/25 train_acc=0.482 test_acc=0.449 active_frac=0.994 eff_rank=58.32 (90.5s)
[tin-dyn] resnet18(silu,sgd)/tinyimagenet200 seed=0 epoch= 11/25 train_acc=0.497 test_acc=0.468 active_frac=0.994 eff_rank=58.18 (90.6s)
[tin-dyn] resnet18(silu,sgd)/tinyimagenet200 seed=0 epoch= 12/25 train_acc=0.517 test_acc=0.467 active_frac=0.994 eff_rank=58.12 (89.4s)
[tin-dyn] resnet18(silu,sgd)/tinyimagenet200 seed=0 epoch= 13/25 train_acc=0.533 test_acc=0.491 active_frac=0.993 eff_rank=58.27 (89.5s)
[tin-dyn] resnet18(silu,sgd)/tinyimagenet200 seed=0 epoch= 14/25 train_acc=0.551 test_acc=0.505 active_frac=0.993 eff_rank=58.19 (89.5s)
[tin-dyn] resnet18(silu,sgd)/tinyimagenet200 seed=0 epoch= 15/25 train_acc=0.571 test_acc=0.517 active_frac=0.993 eff_rank=58.27 (89.7s)
[tin-dyn] resnet18(silu,sgd)/tinyimagenet200 seed=0 epoch= 16/25 train_acc=0.592 test_acc=0.524 active_frac=0.993 eff_rank=58.21 (89.0s)
[tin-dyn] resnet18(silu,sgd)/tinyimagenet200 seed=0 epoch= 17/25 train_acc=0.613 test_acc=0.539 active_frac=0.993 eff_rank=58.12 (89.3s)
[tin-dyn] resnet18(silu,sgd)/tinyimagenet200 seed=0 epoch= 18/25 train_acc=0.641 test_acc=0.553 active_frac=0.993 eff_rank=58.06 (89.6s)
[tin-dyn] resnet18(silu,sgd)/tinyimagenet200 seed=0 epoch= 19/25 train_acc=0.667 test_acc=0.570 active_frac=0.994 eff_rank=58.13 (89.0s)
[tin-dyn] resnet18(silu,sgd)/tinyimagenet200 seed=0 epoch= 20/25 train_acc=0.697 test_acc=0.588 active_frac=0.994 eff_rank=58.30 (89.2s)
[tin-dyn] resnet18(silu,sgd)/tinyimagenet200 seed=0 epoch= 21/25 train_acc=0.727 test_acc=0.601 active_frac=0.994 eff_rank=58.29 (89.5s)
[tin-dyn] resnet18(silu,sgd)/tinyimagenet200 seed=0 epoch= 22/25 train_acc=0.757 test_acc=0.612 active_frac=0.994 eff_rank=58.39 (89.4s)
[tin-dyn] resnet18(silu,sgd)/tinyimagenet200 seed=0 epoch= 23/25 train_acc=0.783 test_acc=0.620 active_frac=0.994 eff_rank=58.13 (89.7s)
[tin-dyn] resnet18(silu,sgd)/tinyimagenet200 seed=0 epoch= 24/25 train_acc=0.800 test_acc=0.625 active_frac=0.994 eff_rank=58.30 (90.5s)
[tin-dyn] silu seed=0 done in 38.1 min
[tin-dyn] resnet18(silu,sgd)/tinyimagenet200 seed=1 epoch=  0/25 train_acc=0.063 test_acc=0.123 active_frac=0.992 eff_rank=55.68 (89.2s)
[tin-dyn] resnet18(silu,sgd)/tinyimagenet200 seed=1 epoch=  1/25 train_acc=0.179 test_acc=0.205 active_frac=0.994 eff_rank=58.09 (89.6s)
[tin-dyn] resnet18(silu,sgd)/tinyimagenet200 seed=1 epoch=  2/25 train_acc=0.257 test_acc=0.263 active_frac=0.995 eff_rank=58.52 (89.4s)
[tin-dyn] resnet18(silu,sgd)/tinyimagenet200 seed=1 epoch=  3/25 train_acc=0.310 test_acc=0.326 active_frac=0.996 eff_rank=58.50 (89.3s)
[tin-dyn] resnet18(silu,sgd)/tinyimagenet200 seed=1 epoch=  4/25 train_acc=0.350 test_acc=0.355 active_frac=0.995 eff_rank=58.37 (89.3s)
[tin-dyn] resnet18(silu,sgd)/tinyimagenet200 seed=1 epoch=  5/25 train_acc=0.378 test_acc=0.367 active_frac=0.995 eff_rank=58.51 (89.8s)
[tin-dyn] resnet18(silu,sgd)/tinyimagenet200 seed=1 epoch=  6/25 train_acc=0.405 test_acc=0.388 active_frac=0.995 eff_rank=58.35 (89.7s)
[tin-dyn] resnet18(silu,sgd)/tinyimagenet200 seed=1 epoch=  7/25 train_acc=0.425 test_acc=0.401 active_frac=0.995 eff_rank=57.90 (89.3s)
[tin-dyn] resnet18(silu,sgd)/tinyimagenet200 seed=1 epoch=  8/25 train_acc=0.443 test_acc=0.415 active_frac=0.995 eff_rank=57.86 (89.5s)
[tin-dyn] resnet18(silu,sgd)/tinyimagenet200 seed=1 epoch=  9/25 train_acc=0.464 test_acc=0.418 active_frac=0.994 eff_rank=57.60 (90.0s)
[tin-dyn] resnet18(silu,sgd)/tinyimagenet200 seed=1 epoch= 10/25 train_acc=0.477 test_acc=0.440 active_frac=0.994 eff_rank=57.72 (89.9s)
[tin-dyn] resnet18(silu,sgd)/tinyimagenet200 seed=1 epoch= 11/25 train_acc=0.494 test_acc=0.453 active_frac=0.994 eff_rank=57.65 (89.5s)
[tin-dyn] resnet18(silu,sgd)/tinyimagenet200 seed=1 epoch= 12/25 train_acc=0.510 test_acc=0.470 active_frac=0.994 eff_rank=57.51 (90.3s)
[tin-dyn] resnet18(silu,sgd)/tinyimagenet200 seed=1 epoch= 13/25 train_acc=0.531 test_acc=0.487 active_frac=0.994 eff_rank=57.31 (90.2s)
[tin-dyn] resnet18(silu,sgd)/tinyimagenet200 seed=1 epoch= 14/25 train_acc=0.549 test_acc=0.502 active_frac=0.994 eff_rank=57.34 (90.3s)
[tin-dyn] resnet18(silu,sgd)/tinyimagenet200 seed=1 epoch= 15/25 train_acc=0.569 test_acc=0.503 active_frac=0.994 eff_rank=57.44 (89.8s)
[tin-dyn] resnet18(silu,sgd)/tinyimagenet200 seed=1 epoch= 16/25 train_acc=0.589 test_acc=0.516 active_frac=0.994 eff_rank=57.51 (91.4s)
[tin-dyn] resnet18(silu,sgd)/tinyimagenet200 seed=1 epoch= 17/25 train_acc=0.612 test_acc=0.546 active_frac=0.994 eff_rank=57.45 (93.4s)
[tin-dyn] resnet18(silu,sgd)/tinyimagenet200 seed=1 epoch= 18/25 train_acc=0.636 test_acc=0.551 active_frac=0.994 eff_rank=57.65 (100.5s)
[tin-dyn] resnet18(silu,sgd)/tinyimagenet200 seed=1 epoch= 19/25 train_acc=0.663 test_acc=0.567 active_frac=0.994 eff_rank=57.54 (90.5s)
[tin-dyn] resnet18(silu,sgd)/tinyimagenet200 seed=1 epoch= 20/25 train_acc=0.692 test_acc=0.582 active_frac=0.994 eff_rank=57.64 (89.5s)
[tin-dyn] resnet18(silu,sgd)/tinyimagenet200 seed=1 epoch= 21/25 train_acc=0.724 test_acc=0.592 active_frac=0.994 eff_rank=57.47 (89.3s)
[tin-dyn] resnet18(silu,sgd)/tinyimagenet200 seed=1 epoch= 22/25 train_acc=0.753 test_acc=0.604 active_frac=0.994 eff_rank=57.69 (89.6s)
[tin-dyn] resnet18(silu,sgd)/tinyimagenet200 seed=1 epoch= 23/25 train_acc=0.776 test_acc=0.615 active_frac=0.994 eff_rank=57.62 (89.4s)
[tin-dyn] resnet18(silu,sgd)/tinyimagenet200 seed=1 epoch= 24/25 train_acc=0.793 test_acc=0.619 active_frac=0.994 eff_rank=57.69 (89.3s)
[tin-dyn] silu seed=1 done in 37.7 min
[tin-dyn] resnet18(silu,sgd)/tinyimagenet200 seed=2 epoch=  0/25 train_acc=0.081 test_acc=0.108 active_frac=0.991 eff_rank=57.72 (89.3s)
[tin-dyn] resnet18(silu,sgd)/tinyimagenet200 seed=2 epoch=  1/25 train_acc=0.191 test_acc=0.204 active_frac=0.993 eff_rank=58.70 (89.6s)
[tin-dyn] resnet18(silu,sgd)/tinyimagenet200 seed=2 epoch=  2/25 train_acc=0.265 test_acc=0.265 active_frac=0.995 eff_rank=59.10 (89.2s)
[tin-dyn] resnet18(silu,sgd)/tinyimagenet200 seed=2 epoch=  3/25 train_acc=0.316 test_acc=0.305 active_frac=0.995 eff_rank=59.13 (89.2s)
[tin-dyn] resnet18(silu,sgd)/tinyimagenet200 seed=2 epoch=  4/25 train_acc=0.350 test_acc=0.334 active_frac=0.995 eff_rank=58.79 (89.8s)
[tin-dyn] resnet18(silu,sgd)/tinyimagenet200 seed=2 epoch=  5/25 train_acc=0.381 test_acc=0.343 active_frac=0.995 eff_rank=58.85 (89.7s)
[tin-dyn] resnet18(silu,sgd)/tinyimagenet200 seed=2 epoch=  6/25 train_acc=0.405 test_acc=0.386 active_frac=0.994 eff_rank=58.75 (90.9s)
[tin-dyn] resnet18(silu,sgd)/tinyimagenet200 seed=2 epoch=  7/25 train_acc=0.426 test_acc=0.398 active_frac=0.994 eff_rank=58.45 (89.2s)
[tin-dyn] resnet18(silu,sgd)/tinyimagenet200 seed=2 epoch=  8/25 train_acc=0.445 test_acc=0.429 active_frac=0.994 eff_rank=58.46 (89.5s)
[tin-dyn] resnet18(silu,sgd)/tinyimagenet200 seed=2 epoch=  9/25 train_acc=0.465 test_acc=0.419 active_frac=0.994 eff_rank=58.23 (89.3s)
[tin-dyn] resnet18(silu,sgd)/tinyimagenet200 seed=2 epoch= 10/25 train_acc=0.480 test_acc=0.436 active_frac=0.994 eff_rank=58.11 (89.4s)
[tin-dyn] resnet18(silu,sgd)/tinyimagenet200 seed=2 epoch= 11/25 train_acc=0.499 test_acc=0.460 active_frac=0.994 eff_rank=57.92 (89.4s)
[tin-dyn] resnet18(silu,sgd)/tinyimagenet200 seed=2 epoch= 12/25 train_acc=0.515 test_acc=0.485 active_frac=0.994 eff_rank=58.04 (89.5s)
[tin-dyn] resnet18(silu,sgd)/tinyimagenet200 seed=2 epoch= 13/25 train_acc=0.532 test_acc=0.504 active_frac=0.994 eff_rank=57.91 (89.2s)
[tin-dyn] resnet18(silu,sgd)/tinyimagenet200 seed=2 epoch= 14/25 train_acc=0.548 test_acc=0.483 active_frac=0.994 eff_rank=57.98 (89.6s)
[tin-dyn] resnet18(silu,sgd)/tinyimagenet200 seed=2 epoch= 15/25 train_acc=0.570 test_acc=0.508 active_frac=0.993 eff_rank=58.19 (92.4s)
[tin-dyn] resnet18(silu,sgd)/tinyimagenet200 seed=2 epoch= 16/25 train_acc=0.591 test_acc=0.520 active_frac=0.994 eff_rank=57.91 (89.4s)
[tin-dyn] resnet18(silu,sgd)/tinyimagenet200 seed=2 epoch= 17/25 train_acc=0.615 test_acc=0.549 active_frac=0.993 eff_rank=57.92 (89.4s)
[tin-dyn] resnet18(silu,sgd)/tinyimagenet200 seed=2 epoch= 18/25 train_acc=0.639 test_acc=0.559 active_frac=0.993 eff_rank=58.02 (91.6s)
[tin-dyn] resnet18(silu,sgd)/tinyimagenet200 seed=2 epoch= 19/25 train_acc=0.669 test_acc=0.569 active_frac=0.994 eff_rank=58.12 (89.4s)
[tin-dyn] resnet18(silu,sgd)/tinyimagenet200 seed=2 epoch= 20/25 train_acc=0.697 test_acc=0.588 active_frac=0.994 eff_rank=58.24 (89.8s)
[tin-dyn] resnet18(silu,sgd)/tinyimagenet200 seed=2 epoch= 21/25 train_acc=0.728 test_acc=0.599 active_frac=0.994 eff_rank=58.14 (89.7s)
[tin-dyn] resnet18(silu,sgd)/tinyimagenet200 seed=2 epoch= 22/25 train_acc=0.757 test_acc=0.613 active_frac=0.994 eff_rank=58.07 (89.5s)
[tin-dyn] resnet18(silu,sgd)/tinyimagenet200 seed=2 epoch= 23/25 train_acc=0.781 test_acc=0.620 active_frac=0.994 eff_rank=58.17 (89.3s)
[tin-dyn] resnet18(silu,sgd)/tinyimagenet200 seed=2 epoch= 24/25 train_acc=0.798 test_acc=0.624 active_frac=0.994 eff_rank=58.28 (89.1s)
[tin-dyn] silu seed=2 done in 37.4 min
[tin-dyn] resnet18(mish,sgd)/tinyimagenet200 seed=0 epoch=  0/25 train_acc=0.088 test_acc=0.137 active_frac=0.991 eff_rank=57.52 (89.1s)
[tin-dyn] resnet18(mish,sgd)/tinyimagenet200 seed=0 epoch=  1/25 train_acc=0.205 test_acc=0.224 active_frac=0.993 eff_rank=58.59 (89.5s)
[tin-dyn] resnet18(mish,sgd)/tinyimagenet200 seed=0 epoch=  2/25 train_acc=0.269 test_acc=0.278 active_frac=0.994 eff_rank=59.15 (90.4s)
[tin-dyn] resnet18(mish,sgd)/tinyimagenet200 seed=0 epoch=  3/25 train_acc=0.312 test_acc=0.313 active_frac=0.995 eff_rank=59.26 (89.7s)
[tin-dyn] resnet18(mish,sgd)/tinyimagenet200 seed=0 epoch=  4/25 train_acc=0.346 test_acc=0.344 active_frac=0.994 eff_rank=59.12 (89.2s)
[tin-dyn] resnet18(mish,sgd)/tinyimagenet200 seed=0 epoch=  5/25 train_acc=0.376 test_acc=0.367 active_frac=0.994 eff_rank=58.67 (89.9s)
[tin-dyn] resnet18(mish,sgd)/tinyimagenet200 seed=0 epoch=  6/25 train_acc=0.402 test_acc=0.393 active_frac=0.994 eff_rank=58.57 (90.0s)
[tin-dyn] resnet18(mish,sgd)/tinyimagenet200 seed=0 epoch=  7/25 train_acc=0.422 test_acc=0.411 active_frac=0.994 eff_rank=58.61 (89.7s)
[tin-dyn] resnet18(mish,sgd)/tinyimagenet200 seed=0 epoch=  8/25 train_acc=0.444 test_acc=0.418 active_frac=0.993 eff_rank=58.13 (89.2s)
[tin-dyn] resnet18(mish,sgd)/tinyimagenet200 seed=0 epoch=  9/25 train_acc=0.463 test_acc=0.423 active_frac=0.993 eff_rank=58.28 (89.5s)
[tin-dyn] resnet18(mish,sgd)/tinyimagenet200 seed=0 epoch= 10/25 train_acc=0.481 test_acc=0.465 active_frac=0.993 eff_rank=58.13 (91.3s)
[tin-dyn] resnet18(mish,sgd)/tinyimagenet200 seed=0 epoch= 11/25 train_acc=0.498 test_acc=0.455 active_frac=0.993 eff_rank=58.16 (97.9s)
[tin-dyn] resnet18(mish,sgd)/tinyimagenet200 seed=0 epoch= 12/25 train_acc=0.517 test_acc=0.476 active_frac=0.993 eff_rank=57.95 (89.4s)
[tin-dyn] resnet18(mish,sgd)/tinyimagenet200 seed=0 epoch= 13/25 train_acc=0.536 test_acc=0.500 active_frac=0.993 eff_rank=57.66 (88.8s)
[tin-dyn] resnet18(mish,sgd)/tinyimagenet200 seed=0 epoch= 14/25 train_acc=0.555 test_acc=0.499 active_frac=0.993 eff_rank=57.75 (89.2s)
[tin-dyn] resnet18(mish,sgd)/tinyimagenet200 seed=0 epoch= 15/25 train_acc=0.576 test_acc=0.506 active_frac=0.993 eff_rank=57.80 (89.7s)
[tin-dyn] resnet18(mish,sgd)/tinyimagenet200 seed=0 epoch= 16/25 train_acc=0.599 test_acc=0.523 active_frac=0.993 eff_rank=57.63 (89.3s)
[tin-dyn] resnet18(mish,sgd)/tinyimagenet200 seed=0 epoch= 17/25 train_acc=0.623 test_acc=0.541 active_frac=0.993 eff_rank=57.55 (89.5s)
[tin-dyn] resnet18(mish,sgd)/tinyimagenet200 seed=0 epoch= 18/25 train_acc=0.649 test_acc=0.559 active_frac=0.993 eff_rank=57.87 (99.2s)
[tin-dyn] resnet18(mish,sgd)/tinyimagenet200 seed=0 epoch= 19/25 train_acc=0.677 test_acc=0.576 active_frac=0.993 eff_rank=57.59 (89.6s)
[tin-dyn] resnet18(mish,sgd)/tinyimagenet200 seed=0 epoch= 20/25 train_acc=0.707 test_acc=0.587 active_frac=0.993 eff_rank=57.65 (88.7s)
[tin-dyn] resnet18(mish,sgd)/tinyimagenet200 seed=0 epoch= 21/25 train_acc=0.741 test_acc=0.605 active_frac=0.993 eff_rank=57.90 (89.6s)
[tin-dyn] resnet18(mish,sgd)/tinyimagenet200 seed=0 epoch= 22/25 train_acc=0.771 test_acc=0.617 active_frac=0.993 eff_rank=57.78 (89.2s)
[tin-dyn] resnet18(mish,sgd)/tinyimagenet200 seed=0 epoch= 23/25 train_acc=0.798 test_acc=0.624 active_frac=0.993 eff_rank=57.71 (88.8s)
[tin-dyn] resnet18(mish,sgd)/tinyimagenet200 seed=0 epoch= 24/25 train_acc=0.815 test_acc=0.629 active_frac=0.993 eff_rank=57.88 (89.1s)
[tin-dyn] mish seed=0 done in 37.6 min
[tin-dyn] resnet18(mish,sgd)/tinyimagenet200 seed=1 epoch=  0/25 train_acc=0.075 test_acc=0.134 active_frac=0.991 eff_rank=56.58 (89.3s)
[tin-dyn] resnet18(mish,sgd)/tinyimagenet200 seed=1 epoch=  1/25 train_acc=0.186 test_acc=0.208 active_frac=0.993 eff_rank=58.71 (88.9s)
[tin-dyn] resnet18(mish,sgd)/tinyimagenet200 seed=1 epoch=  2/25 train_acc=0.257 test_acc=0.254 active_frac=0.995 eff_rank=59.09 (89.8s)
[tin-dyn] resnet18(mish,sgd)/tinyimagenet200 seed=1 epoch=  3/25 train_acc=0.309 test_acc=0.310 active_frac=0.995 eff_rank=59.02 (89.5s)
[tin-dyn] resnet18(mish,sgd)/tinyimagenet200 seed=1 epoch=  4/25 train_acc=0.346 test_acc=0.348 active_frac=0.995 eff_rank=58.85 (89.1s)
[tin-dyn] resnet18(mish,sgd)/tinyimagenet200 seed=1 epoch=  5/25 train_acc=0.375 test_acc=0.368 active_frac=0.994 eff_rank=58.73 (89.0s)
[tin-dyn] resnet18(mish,sgd)/tinyimagenet200 seed=1 epoch=  6/25 train_acc=0.404 test_acc=0.394 active_frac=0.994 eff_rank=58.47 (89.6s)
[tin-dyn] resnet18(mish,sgd)/tinyimagenet200 seed=1 epoch=  7/25 train_acc=0.427 test_acc=0.397 active_frac=0.994 eff_rank=58.31 (90.6s)
[tin-dyn] resnet18(mish,sgd)/tinyimagenet200 seed=1 epoch=  8/25 train_acc=0.445 test_acc=0.398 active_frac=0.994 eff_rank=58.29 (89.1s)
[tin-dyn] resnet18(mish,sgd)/tinyimagenet200 seed=1 epoch=  9/25 train_acc=0.466 test_acc=0.437 active_frac=0.994 eff_rank=57.52 (89.1s)
[tin-dyn] resnet18(mish,sgd)/tinyimagenet200 seed=1 epoch= 10/25 train_acc=0.482 test_acc=0.449 active_frac=0.994 eff_rank=57.57 (90.1s)
[tin-dyn] resnet18(mish,sgd)/tinyimagenet200 seed=1 epoch= 11/25 train_acc=0.500 test_acc=0.452 active_frac=0.993 eff_rank=57.85 (89.6s)
[tin-dyn] resnet18(mish,sgd)/tinyimagenet200 seed=1 epoch= 12/25 train_acc=0.515 test_acc=0.468 active_frac=0.993 eff_rank=57.51 (89.5s)
[tin-dyn] resnet18(mish,sgd)/tinyimagenet200 seed=1 epoch= 13/25 train_acc=0.537 test_acc=0.493 active_frac=0.993 eff_rank=57.46 (89.5s)
[tin-dyn] resnet18(mish,sgd)/tinyimagenet200 seed=1 epoch= 14/25 train_acc=0.555 test_acc=0.510 active_frac=0.993 eff_rank=57.69 (89.3s)
[tin-dyn] resnet18(mish,sgd)/tinyimagenet200 seed=1 epoch= 15/25 train_acc=0.577 test_acc=0.514 active_frac=0.993 eff_rank=57.34 (89.5s)
[tin-dyn] resnet18(mish,sgd)/tinyimagenet200 seed=1 epoch= 16/25 train_acc=0.599 test_acc=0.530 active_frac=0.993 eff_rank=57.60 (89.5s)
[tin-dyn] resnet18(mish,sgd)/tinyimagenet200 seed=1 epoch= 17/25 train_acc=0.623 test_acc=0.541 active_frac=0.993 eff_rank=57.55 (91.9s)
[tin-dyn] resnet18(mish,sgd)/tinyimagenet200 seed=1 epoch= 18/25 train_acc=0.649 test_acc=0.550 active_frac=0.993 eff_rank=57.22 (93.9s)
[tin-dyn] resnet18(mish,sgd)/tinyimagenet200 seed=1 epoch= 19/25 train_acc=0.678 test_acc=0.567 active_frac=0.993 eff_rank=57.45 (89.5s)
[tin-dyn] resnet18(mish,sgd)/tinyimagenet200 seed=1 epoch= 20/25 train_acc=0.709 test_acc=0.589 active_frac=0.993 eff_rank=57.53 (89.3s)
[tin-dyn] resnet18(mish,sgd)/tinyimagenet200 seed=1 epoch= 21/25 train_acc=0.740 test_acc=0.600 active_frac=0.993 eff_rank=57.54 (89.3s)
[tin-dyn] resnet18(mish,sgd)/tinyimagenet200 seed=1 epoch= 22/25 train_acc=0.771 test_acc=0.612 active_frac=0.994 eff_rank=57.59 (89.3s)
[tin-dyn] resnet18(mish,sgd)/tinyimagenet200 seed=1 epoch= 23/25 train_acc=0.797 test_acc=0.618 active_frac=0.994 eff_rank=57.53 (89.4s)
[tin-dyn] resnet18(mish,sgd)/tinyimagenet200 seed=1 epoch= 24/25 train_acc=0.815 test_acc=0.624 active_frac=0.994 eff_rank=57.64 (89.7s)
[tin-dyn] mish seed=1 done in 37.4 min
[tin-dyn] resnet18(mish,sgd)/tinyimagenet200 seed=2 epoch=  0/25 train_acc=0.093 test_acc=0.131 active_frac=0.991 eff_rank=57.29 (89.8s)
[tin-dyn] resnet18(mish,sgd)/tinyimagenet200 seed=2 epoch=  1/25 train_acc=0.200 test_acc=0.221 active_frac=0.993 eff_rank=58.73 (89.6s)
[tin-dyn] resnet18(mish,sgd)/tinyimagenet200 seed=2 epoch=  2/25 train_acc=0.267 test_acc=0.269 active_frac=0.994 eff_rank=59.43 (90.3s)
[tin-dyn] resnet18(mish,sgd)/tinyimagenet200 seed=2 epoch=  3/25 train_acc=0.314 test_acc=0.296 active_frac=0.995 eff_rank=59.48 (90.2s)
[tin-dyn] resnet18(mish,sgd)/tinyimagenet200 seed=2 epoch=  4/25 train_acc=0.350 test_acc=0.347 active_frac=0.995 eff_rank=59.12 (89.7s)
[tin-dyn] resnet18(mish,sgd)/tinyimagenet200 seed=2 epoch=  5/25 train_acc=0.379 test_acc=0.339 active_frac=0.994 eff_rank=59.17 (89.2s)
[tin-dyn] resnet18(mish,sgd)/tinyimagenet200 seed=2 epoch=  6/25 train_acc=0.403 test_acc=0.377 active_frac=0.994 eff_rank=58.73 (89.3s)
[tin-dyn] resnet18(mish,sgd)/tinyimagenet200 seed=2 epoch=  7/25 train_acc=0.426 test_acc=0.406 active_frac=0.994 eff_rank=58.32 (89.5s)
[tin-dyn] resnet18(mish,sgd)/tinyimagenet200 seed=2 epoch=  8/25 train_acc=0.444 test_acc=0.438 active_frac=0.994 eff_rank=58.31 (88.3s)
[tin-dyn] resnet18(mish,sgd)/tinyimagenet200 seed=2 epoch=  9/25 train_acc=0.463 test_acc=0.416 active_frac=0.994 eff_rank=58.33 (89.4s)
[tin-dyn] resnet18(mish,sgd)/tinyimagenet200 seed=2 epoch= 10/25 train_acc=0.481 test_acc=0.431 active_frac=0.993 eff_rank=58.11 (88.8s)
[tin-dyn] resnet18(mish,sgd)/tinyimagenet200 seed=2 epoch= 11/25 train_acc=0.499 test_acc=0.446 active_frac=0.993 eff_rank=58.05 (87.9s)
[tin-dyn] resnet18(mish,sgd)/tinyimagenet200 seed=2 epoch= 12/25 train_acc=0.516 test_acc=0.484 active_frac=0.993 eff_rank=58.16 (89.5s)
[tin-dyn] resnet18(mish,sgd)/tinyimagenet200 seed=2 epoch= 13/25 train_acc=0.536 test_acc=0.504 active_frac=0.993 eff_rank=57.86 (89.6s)
[tin-dyn] resnet18(mish,sgd)/tinyimagenet200 seed=2 epoch= 14/25 train_acc=0.552 test_acc=0.493 active_frac=0.993 eff_rank=57.90 (88.8s)
[tin-dyn] resnet18(mish,sgd)/tinyimagenet200 seed=2 epoch= 15/25 train_acc=0.575 test_acc=0.516 active_frac=0.993 eff_rank=57.88 (89.0s)
[tin-dyn] resnet18(mish,sgd)/tinyimagenet200 seed=2 epoch= 16/25 train_acc=0.598 test_acc=0.525 active_frac=0.993 eff_rank=57.72 (89.5s)
[tin-dyn] resnet18(mish,sgd)/tinyimagenet200 seed=2 epoch= 17/25 train_acc=0.619 test_acc=0.546 active_frac=0.993 eff_rank=57.96 (90.7s)
[tin-dyn] resnet18(mish,sgd)/tinyimagenet200 seed=2 epoch= 18/25 train_acc=0.648 test_acc=0.558 active_frac=0.993 eff_rank=58.06 (95.9s)
[tin-dyn] resnet18(mish,sgd)/tinyimagenet200 seed=2 epoch= 19/25 train_acc=0.676 test_acc=0.568 active_frac=0.993 eff_rank=58.05 (89.9s)
[tin-dyn] resnet18(mish,sgd)/tinyimagenet200 seed=2 epoch= 20/25 train_acc=0.709 test_acc=0.583 active_frac=0.993 eff_rank=58.15 (89.1s)
[tin-dyn] resnet18(mish,sgd)/tinyimagenet200 seed=2 epoch= 21/25 train_acc=0.741 test_acc=0.597 active_frac=0.993 eff_rank=57.92 (92.7s)
[tin-dyn] resnet18(mish,sgd)/tinyimagenet200 seed=2 epoch= 22/25 train_acc=0.771 test_acc=0.610 active_frac=0.993 eff_rank=58.00 (89.9s)
[tin-dyn] resnet18(mish,sgd)/tinyimagenet200 seed=2 epoch= 23/25 train_acc=0.798 test_acc=0.615 active_frac=0.993 eff_rank=57.99 (88.8s)
[tin-dyn] resnet18(mish,sgd)/tinyimagenet200 seed=2 epoch= 24/25 train_acc=0.814 test_acc=0.620 active_frac=0.993 eff_rank=57.94 (88.7s)
[tin-dyn] mish seed=2 done in 37.4 min
Job complete at Sat Jun 20 13:12:02 EDT 2026
