Job ID: 11061327  Node: gilbreth-k032  Start: Sat Jun 20 05:35:41 EDT 2026
[tin-dyn] device=cuda activations=['relu', 'gelu'] optimizer=sgd lr=0.1 seeds=[0, 1, 2] epochs=25 data_root=/home/aelmersa/MMLS/gradient_gate/../data/tiny-imagenet-200
[tin-dyn] resnet18(relu,sgd)/tinyimagenet200 seed=0 epoch=  0/25 train_acc=0.068 test_acc=0.125 active_frac=0.506 eff_rank=51.52 (140.3s)
[tin-dyn] resnet18(relu,sgd)/tinyimagenet200 seed=0 epoch=  1/25 train_acc=0.188 test_acc=0.199 active_frac=0.492 eff_rank=54.82 (89.6s)
[tin-dyn] resnet18(relu,sgd)/tinyimagenet200 seed=0 epoch=  2/25 train_acc=0.273 test_acc=0.302 active_frac=0.453 eff_rank=56.05 (90.2s)
[tin-dyn] resnet18(relu,sgd)/tinyimagenet200 seed=0 epoch=  3/25 train_acc=0.335 test_acc=0.290 active_frac=0.430 eff_rank=56.51 (90.2s)
[tin-dyn] resnet18(relu,sgd)/tinyimagenet200 seed=0 epoch=  4/25 train_acc=0.380 test_acc=0.327 active_frac=0.422 eff_rank=56.58 (89.9s)
[tin-dyn] resnet18(relu,sgd)/tinyimagenet200 seed=0 epoch=  5/25 train_acc=0.413 test_acc=0.386 active_frac=0.416 eff_rank=56.45 (89.4s)
[tin-dyn] resnet18(relu,sgd)/tinyimagenet200 seed=0 epoch=  6/25 train_acc=0.440 test_acc=0.373 active_frac=0.411 eff_rank=56.60 (90.6s)
[tin-dyn] resnet18(relu,sgd)/tinyimagenet200 seed=0 epoch=  7/25 train_acc=0.466 test_acc=0.406 active_frac=0.409 eff_rank=56.60 (90.3s)
[tin-dyn] resnet18(relu,sgd)/tinyimagenet200 seed=0 epoch=  8/25 train_acc=0.491 test_acc=0.381 active_frac=0.405 eff_rank=56.51 (89.5s)
[tin-dyn] resnet18(relu,sgd)/tinyimagenet200 seed=0 epoch=  9/25 train_acc=0.508 test_acc=0.425 active_frac=0.404 eff_rank=56.67 (90.1s)
[tin-dyn] resnet18(relu,sgd)/tinyimagenet200 seed=0 epoch= 10/25 train_acc=0.529 test_acc=0.451 active_frac=0.400 eff_rank=56.55 (89.7s)
[tin-dyn] resnet18(relu,sgd)/tinyimagenet200 seed=0 epoch= 11/25 train_acc=0.550 test_acc=0.477 active_frac=0.399 eff_rank=56.62 (89.5s)
[tin-dyn] resnet18(relu,sgd)/tinyimagenet200 seed=0 epoch= 12/25 train_acc=0.571 test_acc=0.455 active_frac=0.398 eff_rank=56.78 (89.7s)
[tin-dyn] resnet18(relu,sgd)/tinyimagenet200 seed=0 epoch= 13/25 train_acc=0.594 test_acc=0.511 active_frac=0.394 eff_rank=56.74 (90.2s)
[tin-dyn] resnet18(relu,sgd)/tinyimagenet200 seed=0 epoch= 14/25 train_acc=0.617 test_acc=0.514 active_frac=0.392 eff_rank=56.70 (89.7s)
[tin-dyn] resnet18(relu,sgd)/tinyimagenet200 seed=0 epoch= 15/25 train_acc=0.650 test_acc=0.535 active_frac=0.389 eff_rank=56.74 (90.6s)
[tin-dyn] resnet18(relu,sgd)/tinyimagenet200 seed=0 epoch= 16/25 train_acc=0.681 test_acc=0.544 active_frac=0.389 eff_rank=56.67 (90.3s)
[tin-dyn] resnet18(relu,sgd)/tinyimagenet200 seed=0 epoch= 17/25 train_acc=0.714 test_acc=0.560 active_frac=0.385 eff_rank=56.89 (90.0s)
[tin-dyn] resnet18(relu,sgd)/tinyimagenet200 seed=0 epoch= 18/25 train_acc=0.756 test_acc=0.576 active_frac=0.388 eff_rank=56.73 (89.8s)
[tin-dyn] resnet18(relu,sgd)/tinyimagenet200 seed=0 epoch= 19/25 train_acc=0.803 test_acc=0.597 active_frac=0.386 eff_rank=57.01 (90.9s)
[tin-dyn] resnet18(relu,sgd)/tinyimagenet200 seed=0 epoch= 20/25 train_acc=0.854 test_acc=0.614 active_frac=0.386 eff_rank=57.12 (90.0s)
[tin-dyn] resnet18(relu,sgd)/tinyimagenet200 seed=0 epoch= 21/25 train_acc=0.898 test_acc=0.625 active_frac=0.386 eff_rank=57.01 (89.9s)
[tin-dyn] resnet18(relu,sgd)/tinyimagenet200 seed=0 epoch= 22/25 train_acc=0.933 test_acc=0.633 active_frac=0.387 eff_rank=57.09 (89.4s)
[tin-dyn] resnet18(relu,sgd)/tinyimagenet200 seed=0 epoch= 23/25 train_acc=0.953 test_acc=0.634 active_frac=0.387 eff_rank=57.11 (91.2s)
[tin-dyn] resnet18(relu,sgd)/tinyimagenet200 seed=0 epoch= 24/25 train_acc=0.963 test_acc=0.634 active_frac=0.387 eff_rank=57.16 (90.0s)
[tin-dyn] relu seed=0 done in 38.4 min
[tin-dyn] resnet18(relu,sgd)/tinyimagenet200 seed=1 epoch=  0/25 train_acc=0.075 test_acc=0.137 active_frac=0.515 eff_rank=51.72 (89.6s)
[tin-dyn] resnet18(relu,sgd)/tinyimagenet200 seed=1 epoch=  1/25 train_acc=0.200 test_acc=0.237 active_frac=0.488 eff_rank=55.22 (90.3s)
[tin-dyn] resnet18(relu,sgd)/tinyimagenet200 seed=1 epoch=  2/25 train_acc=0.288 test_acc=0.273 active_frac=0.444 eff_rank=55.99 (90.4s)
[tin-dyn] resnet18(relu,sgd)/tinyimagenet200 seed=1 epoch=  3/25 train_acc=0.350 test_acc=0.332 active_frac=0.423 eff_rank=56.25 (89.5s)
[tin-dyn] resnet18(relu,sgd)/tinyimagenet200 seed=1 epoch=  4/25 train_acc=0.393 test_acc=0.344 active_frac=0.414 eff_rank=56.16 (89.7s)
[tin-dyn] resnet18(relu,sgd)/tinyimagenet200 seed=1 epoch=  5/25 train_acc=0.425 test_acc=0.374 active_frac=0.411 eff_rank=56.24 (89.9s)
[tin-dyn] resnet18(relu,sgd)/tinyimagenet200 seed=1 epoch=  6/25 train_acc=0.452 test_acc=0.357 active_frac=0.406 eff_rank=56.17 (89.7s)
[tin-dyn] resnet18(relu,sgd)/tinyimagenet200 seed=1 epoch=  7/25 train_acc=0.477 test_acc=0.419 active_frac=0.399 eff_rank=56.28 (89.5s)
[tin-dyn] resnet18(relu,sgd)/tinyimagenet200 seed=1 epoch=  8/25 train_acc=0.497 test_acc=0.430 active_frac=0.404 eff_rank=56.14 (90.8s)
[tin-dyn] resnet18(relu,sgd)/tinyimagenet200 seed=1 epoch=  9/25 train_acc=0.517 test_acc=0.422 active_frac=0.398 eff_rank=56.29 (89.5s)
[tin-dyn] resnet18(relu,sgd)/tinyimagenet200 seed=1 epoch= 10/25 train_acc=0.535 test_acc=0.451 active_frac=0.394 eff_rank=56.16 (89.6s)
[tin-dyn] resnet18(relu,sgd)/tinyimagenet200 seed=1 epoch= 11/25 train_acc=0.554 test_acc=0.483 active_frac=0.393 eff_rank=56.11 (89.4s)
[tin-dyn] resnet18(relu,sgd)/tinyimagenet200 seed=1 epoch= 12/25 train_acc=0.575 test_acc=0.466 active_frac=0.392 eff_rank=55.98 (90.4s)
[tin-dyn] resnet18(relu,sgd)/tinyimagenet200 seed=1 epoch= 13/25 train_acc=0.599 test_acc=0.510 active_frac=0.388 eff_rank=56.32 (89.2s)
[tin-dyn] resnet18(relu,sgd)/tinyimagenet200 seed=1 epoch= 14/25 train_acc=0.625 test_acc=0.521 active_frac=0.387 eff_rank=56.42 (89.6s)
[tin-dyn] resnet18(relu,sgd)/tinyimagenet200 seed=1 epoch= 15/25 train_acc=0.653 test_acc=0.530 active_frac=0.387 eff_rank=56.51 (89.8s)
[tin-dyn] resnet18(relu,sgd)/tinyimagenet200 seed=1 epoch= 16/25 train_acc=0.684 test_acc=0.534 active_frac=0.386 eff_rank=56.51 (89.3s)
[tin-dyn] resnet18(relu,sgd)/tinyimagenet200 seed=1 epoch= 17/25 train_acc=0.720 test_acc=0.562 active_frac=0.385 eff_rank=56.46 (90.1s)
[tin-dyn] resnet18(relu,sgd)/tinyimagenet200 seed=1 epoch= 18/25 train_acc=0.761 test_acc=0.560 active_frac=0.383 eff_rank=56.51 (90.0s)
[tin-dyn] resnet18(relu,sgd)/tinyimagenet200 seed=1 epoch= 19/25 train_acc=0.808 test_acc=0.592 active_frac=0.382 eff_rank=56.68 (89.8s)
[tin-dyn] resnet18(relu,sgd)/tinyimagenet200 seed=1 epoch= 20/25 train_acc=0.858 test_acc=0.614 active_frac=0.382 eff_rank=56.85 (88.8s)
[tin-dyn] resnet18(relu,sgd)/tinyimagenet200 seed=1 epoch= 21/25 train_acc=0.902 test_acc=0.623 active_frac=0.382 eff_rank=56.68 (89.3s)
[tin-dyn] resnet18(relu,sgd)/tinyimagenet200 seed=1 epoch= 22/25 train_acc=0.936 test_acc=0.629 active_frac=0.382 eff_rank=56.78 (89.2s)
[tin-dyn] resnet18(relu,sgd)/tinyimagenet200 seed=1 epoch= 23/25 train_acc=0.957 test_acc=0.634 active_frac=0.382 eff_rank=56.81 (89.0s)
[tin-dyn] resnet18(relu,sgd)/tinyimagenet200 seed=1 epoch= 24/25 train_acc=0.966 test_acc=0.633 active_frac=0.382 eff_rank=56.59 (89.4s)
[tin-dyn] relu seed=1 done in 37.4 min
[tin-dyn] resnet18(relu,sgd)/tinyimagenet200 seed=2 epoch=  0/25 train_acc=0.078 test_acc=0.133 active_frac=0.508 eff_rank=52.54 (89.2s)
[tin-dyn] resnet18(relu,sgd)/tinyimagenet200 seed=2 epoch=  1/25 train_acc=0.197 test_acc=0.224 active_frac=0.488 eff_rank=54.83 (89.6s)
[tin-dyn] resnet18(relu,sgd)/tinyimagenet200 seed=2 epoch=  2/25 train_acc=0.282 test_acc=0.275 active_frac=0.449 eff_rank=55.98 (89.8s)
[tin-dyn] resnet18(relu,sgd)/tinyimagenet200 seed=2 epoch=  3/25 train_acc=0.341 test_acc=0.324 active_frac=0.426 eff_rank=56.45 (88.9s)
[tin-dyn] resnet18(relu,sgd)/tinyimagenet200 seed=2 epoch=  4/25 train_acc=0.385 test_acc=0.364 active_frac=0.420 eff_rank=56.36 (89.5s)
[tin-dyn] resnet18(relu,sgd)/tinyimagenet200 seed=2 epoch=  5/25 train_acc=0.420 test_acc=0.355 active_frac=0.410 eff_rank=56.55 (89.4s)
[tin-dyn] resnet18(relu,sgd)/tinyimagenet200 seed=2 epoch=  6/25 train_acc=0.448 test_acc=0.389 active_frac=0.409 eff_rank=56.37 (89.5s)
[tin-dyn] resnet18(relu,sgd)/tinyimagenet200 seed=2 epoch=  7/25 train_acc=0.471 test_acc=0.418 active_frac=0.405 eff_rank=56.37 (89.2s)
[tin-dyn] resnet18(relu,sgd)/tinyimagenet200 seed=2 epoch=  8/25 train_acc=0.494 test_acc=0.449 active_frac=0.401 eff_rank=56.22 (88.8s)
[tin-dyn] resnet18(relu,sgd)/tinyimagenet200 seed=2 epoch=  9/25 train_acc=0.513 test_acc=0.438 active_frac=0.397 eff_rank=56.43 (89.7s)
[tin-dyn] resnet18(relu,sgd)/tinyimagenet200 seed=2 epoch= 10/25 train_acc=0.533 test_acc=0.439 active_frac=0.400 eff_rank=56.37 (89.2s)
[tin-dyn] resnet18(relu,sgd)/tinyimagenet200 seed=2 epoch= 11/25 train_acc=0.553 test_acc=0.467 active_frac=0.395 eff_rank=56.56 (89.1s)
[tin-dyn] resnet18(relu,sgd)/tinyimagenet200 seed=2 epoch= 12/25 train_acc=0.574 test_acc=0.488 active_frac=0.391 eff_rank=56.62 (88.7s)
[tin-dyn] resnet18(relu,sgd)/tinyimagenet200 seed=2 epoch= 13/25 train_acc=0.595 test_acc=0.498 active_frac=0.391 eff_rank=56.60 (89.8s)
[tin-dyn] resnet18(relu,sgd)/tinyimagenet200 seed=2 epoch= 14/25 train_acc=0.621 test_acc=0.513 active_frac=0.389 eff_rank=56.56 (88.6s)
[tin-dyn] resnet18(relu,sgd)/tinyimagenet200 seed=2 epoch= 15/25 train_acc=0.649 test_acc=0.526 active_frac=0.388 eff_rank=56.71 (88.7s)
[tin-dyn] resnet18(relu,sgd)/tinyimagenet200 seed=2 epoch= 16/25 train_acc=0.680 test_acc=0.535 active_frac=0.387 eff_rank=56.75 (88.8s)
[tin-dyn] resnet18(relu,sgd)/tinyimagenet200 seed=2 epoch= 17/25 train_acc=0.718 test_acc=0.573 active_frac=0.385 eff_rank=56.82 (88.8s)
[tin-dyn] resnet18(relu,sgd)/tinyimagenet200 seed=2 epoch= 18/25 train_acc=0.760 test_acc=0.583 active_frac=0.383 eff_rank=56.85 (88.8s)
[tin-dyn] resnet18(relu,sgd)/tinyimagenet200 seed=2 epoch= 19/25 train_acc=0.805 test_acc=0.594 active_frac=0.382 eff_rank=56.94 (88.8s)
[tin-dyn] resnet18(relu,sgd)/tinyimagenet200 seed=2 epoch= 20/25 train_acc=0.855 test_acc=0.609 active_frac=0.381 eff_rank=57.02 (88.8s)
[tin-dyn] resnet18(relu,sgd)/tinyimagenet200 seed=2 epoch= 21/25 train_acc=0.900 test_acc=0.619 active_frac=0.381 eff_rank=56.86 (88.7s)
[tin-dyn] resnet18(relu,sgd)/tinyimagenet200 seed=2 epoch= 22/25 train_acc=0.935 test_acc=0.633 active_frac=0.381 eff_rank=57.08 (88.6s)
[tin-dyn] resnet18(relu,sgd)/tinyimagenet200 seed=2 epoch= 23/25 train_acc=0.954 test_acc=0.635 active_frac=0.381 eff_rank=57.05 (89.9s)
[tin-dyn] resnet18(relu,sgd)/tinyimagenet200 seed=2 epoch= 24/25 train_acc=0.963 test_acc=0.637 active_frac=0.381 eff_rank=57.07 (89.1s)
[tin-dyn] relu seed=2 done in 37.1 min
[tin-dyn] resnet18(gelu,sgd)/tinyimagenet200 seed=0 epoch=  0/25 train_acc=0.092 test_acc=0.125 active_frac=0.985 eff_rank=57.08 (90.0s)
[tin-dyn] resnet18(gelu,sgd)/tinyimagenet200 seed=0 epoch=  1/25 train_acc=0.219 test_acc=0.238 active_frac=0.988 eff_rank=58.37 (89.1s)
[tin-dyn] resnet18(gelu,sgd)/tinyimagenet200 seed=0 epoch=  2/25 train_acc=0.297 test_acc=0.309 active_frac=0.989 eff_rank=58.74 (88.7s)
[tin-dyn] resnet18(gelu,sgd)/tinyimagenet200 seed=0 epoch=  3/25 train_acc=0.348 test_acc=0.356 active_frac=0.990 eff_rank=58.91 (88.6s)
[tin-dyn] resnet18(gelu,sgd)/tinyimagenet200 seed=0 epoch=  4/25 train_acc=0.389 test_acc=0.373 active_frac=0.990 eff_rank=58.77 (88.2s)
[tin-dyn] resnet18(gelu,sgd)/tinyimagenet200 seed=0 epoch=  5/25 train_acc=0.420 test_acc=0.413 active_frac=0.990 eff_rank=58.30 (89.3s)
[tin-dyn] resnet18(gelu,sgd)/tinyimagenet200 seed=0 epoch=  6/25 train_acc=0.447 test_acc=0.420 active_frac=0.990 eff_rank=58.35 (88.7s)
[tin-dyn] resnet18(gelu,sgd)/tinyimagenet200 seed=0 epoch=  7/25 train_acc=0.469 test_acc=0.445 active_frac=0.989 eff_rank=58.15 (89.0s)
[tin-dyn] resnet18(gelu,sgd)/tinyimagenet200 seed=0 epoch=  8/25 train_acc=0.491 test_acc=0.448 active_frac=0.989 eff_rank=58.15 (88.2s)
[tin-dyn] resnet18(gelu,sgd)/tinyimagenet200 seed=0 epoch=  9/25 train_acc=0.513 test_acc=0.457 active_frac=0.989 eff_rank=57.89 (89.2s)
[tin-dyn] resnet18(gelu,sgd)/tinyimagenet200 seed=0 epoch= 10/25 train_acc=0.533 test_acc=0.495 active_frac=0.989 eff_rank=57.87 (90.5s)
[tin-dyn] resnet18(gelu,sgd)/tinyimagenet200 seed=0 epoch= 11/25 train_acc=0.553 test_acc=0.491 active_frac=0.989 eff_rank=57.78 (88.7s)
[tin-dyn] resnet18(gelu,sgd)/tinyimagenet200 seed=0 epoch= 12/25 train_acc=0.574 test_acc=0.497 active_frac=0.989 eff_rank=57.70 (91.5s)
[tin-dyn] resnet18(gelu,sgd)/tinyimagenet200 seed=0 epoch= 13/25 train_acc=0.598 test_acc=0.523 active_frac=0.989 eff_rank=57.68 (93.5s)
[tin-dyn] resnet18(gelu,sgd)/tinyimagenet200 seed=0 epoch= 14/25 train_acc=0.624 test_acc=0.533 active_frac=0.989 eff_rank=57.43 (90.6s)
[tin-dyn] resnet18(gelu,sgd)/tinyimagenet200 seed=0 epoch= 15/25 train_acc=0.652 test_acc=0.552 active_frac=0.989 eff_rank=57.34 (90.2s)
[tin-dyn] resnet18(gelu,sgd)/tinyimagenet200 seed=0 epoch= 16/25 train_acc=0.683 test_acc=0.546 active_frac=0.989 eff_rank=57.26 (91.1s)
[tin-dyn] resnet18(gelu,sgd)/tinyimagenet200 seed=0 epoch= 17/25 train_acc=0.716 test_acc=0.566 active_frac=0.989 eff_rank=57.29 (88.5s)
[tin-dyn] resnet18(gelu,sgd)/tinyimagenet200 seed=0 epoch= 18/25 train_acc=0.757 test_acc=0.574 active_frac=0.989 eff_rank=57.08 (89.4s)
[tin-dyn] resnet18(gelu,sgd)/tinyimagenet200 seed=0 epoch= 19/25 train_acc=0.802 test_acc=0.599 active_frac=0.989 eff_rank=56.84 (88.8s)
[tin-dyn] resnet18(gelu,sgd)/tinyimagenet200 seed=0 epoch= 20/25 train_acc=0.851 test_acc=0.612 active_frac=0.989 eff_rank=56.99 (89.0s)
[tin-dyn] resnet18(gelu,sgd)/tinyimagenet200 seed=0 epoch= 21/25 train_acc=0.896 test_acc=0.621 active_frac=0.989 eff_rank=56.98 (88.6s)
[tin-dyn] resnet18(gelu,sgd)/tinyimagenet200 seed=0 epoch= 22/25 train_acc=0.930 test_acc=0.632 active_frac=0.989 eff_rank=56.77 (88.3s)
[tin-dyn] resnet18(gelu,sgd)/tinyimagenet200 seed=0 epoch= 23/25 train_acc=0.950 test_acc=0.634 active_frac=0.989 eff_rank=56.91 (88.7s)
[tin-dyn] resnet18(gelu,sgd)/tinyimagenet200 seed=0 epoch= 24/25 train_acc=0.959 test_acc=0.638 active_frac=0.989 eff_rank=57.06 (88.5s)
[tin-dyn] gelu seed=0 done in 37.3 min
[tin-dyn] resnet18(gelu,sgd)/tinyimagenet200 seed=1 epoch=  0/25 train_acc=0.076 test_acc=0.137 active_frac=0.985 eff_rank=55.12 (88.7s)
[tin-dyn] resnet18(gelu,sgd)/tinyimagenet200 seed=1 epoch=  1/25 train_acc=0.197 test_acc=0.238 active_frac=0.988 eff_rank=57.97 (88.8s)
[tin-dyn] resnet18(gelu,sgd)/tinyimagenet200 seed=1 epoch=  2/25 train_acc=0.281 test_acc=0.283 active_frac=0.990 eff_rank=58.47 (88.7s)
[tin-dyn] resnet18(gelu,sgd)/tinyimagenet200 seed=1 epoch=  3/25 train_acc=0.338 test_acc=0.325 active_frac=0.990 eff_rank=58.62 (89.1s)
[tin-dyn] resnet18(gelu,sgd)/tinyimagenet200 seed=1 epoch=  4/25 train_acc=0.380 test_acc=0.375 active_frac=0.990 eff_rank=58.34 (89.1s)
[tin-dyn] resnet18(gelu,sgd)/tinyimagenet200 seed=1 epoch=  5/25 train_acc=0.412 test_acc=0.384 active_frac=0.990 eff_rank=58.24 (99.9s)
[tin-dyn] resnet18(gelu,sgd)/tinyimagenet200 seed=1 epoch=  6/25 train_acc=0.443 test_acc=0.429 active_frac=0.990 eff_rank=57.82 (90.0s)
[tin-dyn] resnet18(gelu,sgd)/tinyimagenet200 seed=1 epoch=  7/25 train_acc=0.465 test_acc=0.427 active_frac=0.990 eff_rank=58.09 (89.5s)
[tin-dyn] resnet18(gelu,sgd)/tinyimagenet200 seed=1 epoch=  8/25 train_acc=0.489 test_acc=0.458 active_frac=0.990 eff_rank=57.83 (89.3s)
[tin-dyn] resnet18(gelu,sgd)/tinyimagenet200 seed=1 epoch=  9/25 train_acc=0.510 test_acc=0.464 active_frac=0.990 eff_rank=57.53 (88.8s)
[tin-dyn] resnet18(gelu,sgd)/tinyimagenet200 seed=1 epoch= 10/25 train_acc=0.530 test_acc=0.489 active_frac=0.989 eff_rank=57.48 (89.7s)
[tin-dyn] resnet18(gelu,sgd)/tinyimagenet200 seed=1 epoch= 11/25 train_acc=0.548 test_acc=0.483 active_frac=0.989 eff_rank=57.15 (88.5s)
[tin-dyn] resnet18(gelu,sgd)/tinyimagenet200 seed=1 epoch= 12/25 train_acc=0.570 test_acc=0.517 active_frac=0.989 eff_rank=57.08 (88.7s)
[tin-dyn] resnet18(gelu,sgd)/tinyimagenet200 seed=1 epoch= 13/25 train_acc=0.595 test_acc=0.526 active_frac=0.989 eff_rank=57.30 (89.3s)
[tin-dyn] resnet18(gelu,sgd)/tinyimagenet200 seed=1 epoch= 14/25 train_acc=0.621 test_acc=0.538 active_frac=0.989 eff_rank=57.06 (89.1s)
[tin-dyn] resnet18(gelu,sgd)/tinyimagenet200 seed=1 epoch= 15/25 train_acc=0.648 test_acc=0.538 active_frac=0.989 eff_rank=56.92 (89.3s)
[tin-dyn] resnet18(gelu,sgd)/tinyimagenet200 seed=1 epoch= 16/25 train_acc=0.680 test_acc=0.550 active_frac=0.989 eff_rank=57.04 (89.5s)
[tin-dyn] resnet18(gelu,sgd)/tinyimagenet200 seed=1 epoch= 17/25 train_acc=0.715 test_acc=0.570 active_frac=0.989 eff_rank=56.84 (89.1s)
[tin-dyn] resnet18(gelu,sgd)/tinyimagenet200 seed=1 epoch= 18/25 train_acc=0.754 test_acc=0.584 active_frac=0.989 eff_rank=56.84 (88.7s)
[tin-dyn] resnet18(gelu,sgd)/tinyimagenet200 seed=1 epoch= 19/25 train_acc=0.802 test_acc=0.594 active_frac=0.989 eff_rank=56.59 (89.2s)
[tin-dyn] resnet18(gelu,sgd)/tinyimagenet200 seed=1 epoch= 20/25 train_acc=0.847 test_acc=0.606 active_frac=0.989 eff_rank=56.67 (88.7s)
[tin-dyn] resnet18(gelu,sgd)/tinyimagenet200 seed=1 epoch= 21/25 train_acc=0.891 test_acc=0.617 active_frac=0.989 eff_rank=56.49 (89.9s)
[tin-dyn] resnet18(gelu,sgd)/tinyimagenet200 seed=1 epoch= 22/25 train_acc=0.925 test_acc=0.625 active_frac=0.989 eff_rank=56.54 (89.3s)
[tin-dyn] resnet18(gelu,sgd)/tinyimagenet200 seed=1 epoch= 23/25 train_acc=0.946 test_acc=0.628 active_frac=0.989 eff_rank=56.51 (89.7s)
[tin-dyn] resnet18(gelu,sgd)/tinyimagenet200 seed=1 epoch= 24/25 train_acc=0.956 test_acc=0.628 active_frac=0.989 eff_rank=56.54 (88.7s)
[tin-dyn] gelu seed=1 done in 37.3 min
[tin-dyn] resnet18(gelu,sgd)/tinyimagenet200 seed=2 epoch=  0/25 train_acc=0.093 test_acc=0.134 active_frac=0.985 eff_rank=56.52 (90.3s)
[tin-dyn] resnet18(gelu,sgd)/tinyimagenet200 seed=2 epoch=  1/25 train_acc=0.214 test_acc=0.236 active_frac=0.988 eff_rank=58.29 (89.0s)
[tin-dyn] resnet18(gelu,sgd)/tinyimagenet200 seed=2 epoch=  2/25 train_acc=0.294 test_acc=0.303 active_frac=0.989 eff_rank=58.63 (89.0s)
[tin-dyn] resnet18(gelu,sgd)/tinyimagenet200 seed=2 epoch=  3/25 train_acc=0.347 test_acc=0.341 active_frac=0.990 eff_rank=58.72 (88.8s)
[tin-dyn] resnet18(gelu,sgd)/tinyimagenet200 seed=2 epoch=  4/25 train_acc=0.386 test_acc=0.377 active_frac=0.990 eff_rank=58.47 (89.1s)
[tin-dyn] resnet18(gelu,sgd)/tinyimagenet200 seed=2 epoch=  5/25 train_acc=0.419 test_acc=0.351 active_frac=0.990 eff_rank=58.38 (89.0s)
[tin-dyn] resnet18(gelu,sgd)/tinyimagenet200 seed=2 epoch=  6/25 train_acc=0.445 test_acc=0.390 active_frac=0.990 eff_rank=58.15 (89.4s)
[tin-dyn] resnet18(gelu,sgd)/tinyimagenet200 seed=2 epoch=  7/25 train_acc=0.469 test_acc=0.413 active_frac=0.990 eff_rank=57.85 (91.8s)
[tin-dyn] resnet18(gelu,sgd)/tinyimagenet200 seed=2 epoch=  8/25 train_acc=0.490 test_acc=0.466 active_frac=0.990 eff_rank=57.81 (88.7s)
[tin-dyn] resnet18(gelu,sgd)/tinyimagenet200 seed=2 epoch=  9/25 train_acc=0.511 test_acc=0.423 active_frac=0.989 eff_rank=57.76 (89.6s)
[tin-dyn] resnet18(gelu,sgd)/tinyimagenet200 seed=2 epoch= 10/25 train_acc=0.530 test_acc=0.464 active_frac=0.989 eff_rank=57.68 (89.5s)
[tin-dyn] resnet18(gelu,sgd)/tinyimagenet200 seed=2 epoch= 11/25 train_acc=0.551 test_acc=0.486 active_frac=0.989 eff_rank=57.47 (88.6s)
[tin-dyn] resnet18(gelu,sgd)/tinyimagenet200 seed=2 epoch= 12/25 train_acc=0.574 test_acc=0.513 active_frac=0.989 eff_rank=57.64 (88.7s)
[tin-dyn] resnet18(gelu,sgd)/tinyimagenet200 seed=2 epoch= 13/25 train_acc=0.596 test_acc=0.521 active_frac=0.989 eff_rank=57.49 (88.7s)
[tin-dyn] resnet18(gelu,sgd)/tinyimagenet200 seed=2 epoch= 14/25 train_acc=0.619 test_acc=0.527 active_frac=0.989 eff_rank=57.53 (88.9s)
[tin-dyn] resnet18(gelu,sgd)/tinyimagenet200 seed=2 epoch= 15/25 train_acc=0.648 test_acc=0.550 active_frac=0.989 eff_rank=57.19 (89.1s)
[tin-dyn] resnet18(gelu,sgd)/tinyimagenet200 seed=2 epoch= 16/25 train_acc=0.679 test_acc=0.537 active_frac=0.989 eff_rank=57.06 (89.0s)
[tin-dyn] resnet18(gelu,sgd)/tinyimagenet200 seed=2 epoch= 17/25 train_acc=0.716 test_acc=0.570 active_frac=0.989 eff_rank=57.19 (89.2s)
[tin-dyn] resnet18(gelu,sgd)/tinyimagenet200 seed=2 epoch= 18/25 train_acc=0.757 test_acc=0.577 active_frac=0.989 eff_rank=57.20 (89.6s)
[tin-dyn] resnet18(gelu,sgd)/tinyimagenet200 seed=2 epoch= 19/25 train_acc=0.801 test_acc=0.591 active_frac=0.989 eff_rank=56.99 (89.2s)
[tin-dyn] resnet18(gelu,sgd)/tinyimagenet200 seed=2 epoch= 20/25 train_acc=0.848 test_acc=0.608 active_frac=0.989 eff_rank=56.94 (99.0s)
[tin-dyn] resnet18(gelu,sgd)/tinyimagenet200 seed=2 epoch= 21/25 train_acc=0.894 test_acc=0.619 active_frac=0.989 eff_rank=56.93 (88.3s)
[tin-dyn] resnet18(gelu,sgd)/tinyimagenet200 seed=2 epoch= 22/25 train_acc=0.925 test_acc=0.631 active_frac=0.989 eff_rank=57.05 (89.0s)
[tin-dyn] resnet18(gelu,sgd)/tinyimagenet200 seed=2 epoch= 23/25 train_acc=0.948 test_acc=0.634 active_frac=0.989 eff_rank=56.71 (88.6s)
[tin-dyn] resnet18(gelu,sgd)/tinyimagenet200 seed=2 epoch= 24/25 train_acc=0.957 test_acc=0.635 active_frac=0.989 eff_rank=56.96 (89.0s)
[tin-dyn] gelu seed=2 done in 37.3 min
Job complete at Sat Jun 20 09:22:51 EDT 2026
