Job ID: 11042983  Node: gilbreth-k004  Start: Thu Jun 18 14:08:38 EDT 2026
[train-dyn] device=cuda  archs=['vit_b_16', 'convnext_tiny']  datasets=['cifar10', 'cifar100']  seeds=[0]  epochs=15
[train-dyn] [skip] vit_b_16/cifar10 seed=0 already complete
[train-dyn] convnext_tiny/cifar10 seed=0 epoch=  0/15 test_acc=0.257 active_frac=0.998 eff_rank=44.21 (202.3s)
[train-dyn] convnext_tiny/cifar10 seed=0 epoch=  1/15 test_acc=0.292 active_frac=0.999 eff_rank=44.30 (179.1s)
[train-dyn] convnext_tiny/cifar10 seed=0 epoch=  2/15 test_acc=0.296 active_frac=0.998 eff_rank=46.69 (179.2s)
[train-dyn] convnext_tiny/cifar10 seed=0 epoch=  3/15 test_acc=0.333 active_frac=0.999 eff_rank=47.06 (179.4s)
[train-dyn] convnext_tiny/cifar10 seed=0 epoch=  4/15 test_acc=0.382 active_frac=0.999 eff_rank=46.84 (179.7s)
[train-dyn] convnext_tiny/cifar10 seed=0 epoch=  5/15 test_acc=0.377 active_frac=0.999 eff_rank=46.88 (179.2s)
[train-dyn] convnext_tiny/cifar10 seed=0 epoch=  6/15 test_acc=0.399 active_frac=0.999 eff_rank=47.15 (180.3s)
[train-dyn] convnext_tiny/cifar10 seed=0 epoch=  7/15 test_acc=0.416 active_frac=0.999 eff_rank=47.18 (180.9s)
[train-dyn] convnext_tiny/cifar10 seed=0 epoch=  8/15 test_acc=0.404 active_frac=0.999 eff_rank=46.88 (180.5s)
[train-dyn] convnext_tiny/cifar10 seed=0 epoch=  9/15 test_acc=0.386 active_frac=0.999 eff_rank=48.36 (178.1s)
[train-dyn] convnext_tiny/cifar10 seed=0 epoch= 10/15 test_acc=0.446 active_frac=0.998 eff_rank=48.87 (180.4s)
[train-dyn] convnext_tiny/cifar10 seed=0 epoch= 11/15 test_acc=0.452 active_frac=0.998 eff_rank=48.57 (179.8s)
[train-dyn] convnext_tiny/cifar10 seed=0 epoch= 12/15 test_acc=0.480 active_frac=0.998 eff_rank=48.85 (180.5s)
[train-dyn] convnext_tiny/cifar10 seed=0 epoch= 13/15 test_acc=0.468 active_frac=0.998 eff_rank=49.26 (178.6s)
[train-dyn] convnext_tiny/cifar10 seed=0 epoch= 14/15 test_acc=0.474 active_frac=0.998 eff_rank=49.07 (178.3s)
[train-dyn] convnext_tiny/cifar10 seed=0 done in 45.4 min
[train-dyn] vit_b_16/cifar100 seed=0 epoch=  0/15 test_acc=0.154 active_frac=0.989 eff_rank=54.05 (383.6s)
[train-dyn] vit_b_16/cifar100 seed=0 epoch=  1/15 test_acc=0.187 active_frac=0.996 eff_rank=56.87 (381.8s)
[train-dyn] vit_b_16/cifar100 seed=0 epoch=  2/15 test_acc=0.259 active_frac=0.999 eff_rank=58.17 (379.8s)
[train-dyn] vit_b_16/cifar100 seed=0 epoch=  3/15 test_acc=0.258 active_frac=0.999 eff_rank=58.17 (381.8s)
[train-dyn] vit_b_16/cifar100 seed=0 epoch=  4/15 test_acc=0.287 active_frac=1.000 eff_rank=58.41 (380.7s)
[train-dyn] vit_b_16/cifar100 seed=0 epoch=  5/15 test_acc=0.304 active_frac=1.000 eff_rank=58.84 (382.9s)
[train-dyn] vit_b_16/cifar100 seed=0 epoch=  6/15 test_acc=0.330 active_frac=1.000 eff_rank=58.93 (379.9s)
[train-dyn] vit_b_16/cifar100 seed=0 epoch=  7/15 test_acc=0.339 active_frac=1.000 eff_rank=58.88 (379.7s)
[train-dyn] vit_b_16/cifar100 seed=0 epoch=  8/15 test_acc=0.337 active_frac=1.000 eff_rank=58.48 (379.7s)
[train-dyn] vit_b_16/cifar100 seed=0 epoch=  9/15 test_acc=0.353 active_frac=1.000 eff_rank=58.75 (380.3s)
[train-dyn] vit_b_16/cifar100 seed=0 epoch= 10/15 test_acc=0.370 active_frac=1.000 eff_rank=58.29 (380.9s)
[train-dyn] vit_b_16/cifar100 seed=0 epoch= 11/15 test_acc=0.384 active_frac=1.000 eff_rank=58.88 (392.3s)
[train-dyn] vit_b_16/cifar100 seed=0 epoch= 12/15 test_acc=0.394 active_frac=1.000 eff_rank=58.77 (380.6s)
[train-dyn] vit_b_16/cifar100 seed=0 epoch= 13/15 test_acc=0.414 active_frac=1.000 eff_rank=58.69 (381.4s)
[train-dyn] vit_b_16/cifar100 seed=0 epoch= 14/15 test_acc=0.424 active_frac=1.000 eff_rank=58.74 (383.5s)
[train-dyn] vit_b_16/cifar100 seed=0 done in 95.6 min
[train-dyn] convnext_tiny/cifar100 seed=0 epoch=  0/15 test_acc=0.054 active_frac=0.998 eff_rank=48.33 (182.3s)
[train-dyn] convnext_tiny/cifar100 seed=0 epoch=  1/15 test_acc=0.070 active_frac=0.999 eff_rank=47.53 (178.1s)
[train-dyn] convnext_tiny/cifar100 seed=0 epoch=  2/15 test_acc=0.082 active_frac=0.999 eff_rank=47.33 (178.4s)
[train-dyn] convnext_tiny/cifar100 seed=0 epoch=  3/15 test_acc=0.086 active_frac=0.999 eff_rank=46.60 (179.4s)
[train-dyn] convnext_tiny/cifar100 seed=0 epoch=  4/15 test_acc=0.097 active_frac=0.999 eff_rank=46.13 (179.3s)
[train-dyn] convnext_tiny/cifar100 seed=0 epoch=  5/15 test_acc=0.101 active_frac=0.999 eff_rank=46.80 (179.2s)
[train-dyn] convnext_tiny/cifar100 seed=0 epoch=  6/15 test_acc=0.114 active_frac=0.999 eff_rank=44.63 (179.1s)
[train-dyn] convnext_tiny/cifar100 seed=0 epoch=  7/15 test_acc=0.123 active_frac=0.999 eff_rank=45.00 (179.1s)
[train-dyn] convnext_tiny/cifar100 seed=0 epoch=  8/15 test_acc=0.140 active_frac=0.999 eff_rank=43.84 (179.2s)
[train-dyn] convnext_tiny/cifar100 seed=0 epoch=  9/15 test_acc=0.146 active_frac=0.999 eff_rank=44.41 (179.2s)
[train-dyn] convnext_tiny/cifar100 seed=0 epoch= 10/15 test_acc=0.158 active_frac=0.999 eff_rank=43.61 (179.0s)
[train-dyn] convnext_tiny/cifar100 seed=0 epoch= 11/15 test_acc=0.162 active_frac=0.999 eff_rank=44.14 (179.4s)
[train-dyn] convnext_tiny/cifar100 seed=0 epoch= 12/15 test_acc=0.172 active_frac=0.999 eff_rank=43.75 (179.2s)
[train-dyn] convnext_tiny/cifar100 seed=0 epoch= 13/15 test_acc=0.177 active_frac=0.999 eff_rank=43.51 (179.3s)
[train-dyn] convnext_tiny/cifar100 seed=0 epoch= 14/15 test_acc=0.189 active_frac=0.999 eff_rank=43.59 (179.2s)
[train-dyn] convnext_tiny/cifar100 seed=0 done in 44.9 min
Job complete at Thu Jun 18 17:15:24 EDT 2026
