Job ID: 11061124  Node: gilbreth-k032  Start: Sat Jun 20 04:20:55 EDT 2026
[chan-mech] device=cuda activations=['relu', 'gelu', 'silu', 'mish'] seeds=[0, 1, 2] epochs=25
[chan-mech] z_low(relu, theta=0.01) = -0.00005
[chan-mech] z_low(gelu, theta=0.01) = -0.72910
[chan-mech] z_low(silu, theta=0.01) = -1.23390
[chan-mech] z_low(mish, theta=0.01) = -1.15600
[chan-mech] relu seed=0 epoch=  0/25 [MECH] n_channels=3904 test_acc=0.439 mean_active_frac=0.505 (52.6s)
[chan-mech] relu seed=0 epoch=  1/25 (13.6s)
[chan-mech] relu seed=0 epoch=  2/25 (13.7s)
[chan-mech] relu seed=0 epoch=  3/25 (13.6s)
[chan-mech] relu seed=0 epoch=  4/25 (13.6s)
[chan-mech] relu seed=0 epoch=  5/25 (13.6s)
[chan-mech] relu seed=0 epoch=  6/25 [MECH] n_channels=3904 test_acc=0.754 mean_active_frac=0.411 (15.7s)
[chan-mech] relu seed=0 epoch=  7/25 (13.6s)
[chan-mech] relu seed=0 epoch=  8/25 (13.5s)
[chan-mech] relu seed=0 epoch=  9/25 (13.5s)
[chan-mech] relu seed=0 epoch= 10/25 (13.6s)
[chan-mech] relu seed=0 epoch= 11/25 (13.6s)
[chan-mech] relu seed=0 epoch= 12/25 [MECH] n_channels=3904 test_acc=0.833 mean_active_frac=0.358 (15.7s)
[chan-mech] relu seed=0 epoch= 13/25 (13.8s)
[chan-mech] relu seed=0 epoch= 14/25 (13.8s)
[chan-mech] relu seed=0 epoch= 15/25 (13.7s)
[chan-mech] relu seed=0 epoch= 16/25 (13.8s)
[chan-mech] relu seed=0 epoch= 17/25 (13.8s)
[chan-mech] relu seed=0 epoch= 18/25 [MECH] n_channels=3904 test_acc=0.896 mean_active_frac=0.346 (15.8s)
[chan-mech] relu seed=0 epoch= 19/25 (13.7s)
[chan-mech] relu seed=0 epoch= 20/25 (13.8s)
[chan-mech] relu seed=0 epoch= 21/25 (13.7s)
[chan-mech] relu seed=0 epoch= 22/25 (13.6s)
[chan-mech] relu seed=0 epoch= 23/25 (13.6s)
[chan-mech] relu seed=0 epoch= 24/25 [MECH] n_channels=3904 test_acc=0.925 mean_active_frac=0.345 (15.7s)
[chan-mech] relu seed=0 done in 6.5 min
[chan-mech] relu seed=1 epoch=  0/25 [MECH] n_channels=3904 test_acc=0.443 mean_active_frac=0.482 (15.7s)
[chan-mech] relu seed=1 epoch=  1/25 (13.8s)
[chan-mech] relu seed=1 epoch=  2/25 (13.7s)
[chan-mech] relu seed=1 epoch=  3/25 (13.8s)
[chan-mech] relu seed=1 epoch=  4/25 (13.7s)
[chan-mech] relu seed=1 epoch=  5/25 (13.6s)
[chan-mech] relu seed=1 epoch=  6/25 [MECH] n_channels=3904 test_acc=0.777 mean_active_frac=0.403 (15.7s)
[chan-mech] relu seed=1 epoch=  7/25 (13.7s)
[chan-mech] relu seed=1 epoch=  8/25 (13.8s)
[chan-mech] relu seed=1 epoch=  9/25 (13.8s)
[chan-mech] relu seed=1 epoch= 10/25 (13.7s)
[chan-mech] relu seed=1 epoch= 11/25 (13.9s)
[chan-mech] relu seed=1 epoch= 12/25 [MECH] n_channels=3904 test_acc=0.850 mean_active_frac=0.358 (15.6s)
[chan-mech] relu seed=1 epoch= 13/25 (13.6s)
[chan-mech] relu seed=1 epoch= 14/25 (13.7s)
[chan-mech] relu seed=1 epoch= 15/25 (13.6s)
[chan-mech] relu seed=1 epoch= 16/25 (13.6s)
[chan-mech] relu seed=1 epoch= 17/25 (13.8s)
[chan-mech] relu seed=1 epoch= 18/25 [MECH] n_channels=3904 test_acc=0.903 mean_active_frac=0.348 (15.7s)
[chan-mech] relu seed=1 epoch= 19/25 (13.7s)
[chan-mech] relu seed=1 epoch= 20/25 (13.6s)
[chan-mech] relu seed=1 epoch= 21/25 (13.7s)
[chan-mech] relu seed=1 epoch= 22/25 (13.7s)
[chan-mech] relu seed=1 epoch= 23/25 (13.6s)
[chan-mech] relu seed=1 epoch= 24/25 [MECH] n_channels=3904 test_acc=0.925 mean_active_frac=0.349 (15.7s)
[chan-mech] relu seed=1 done in 5.9 min
[chan-mech] relu seed=2 epoch=  0/25 [MECH] n_channels=3904 test_acc=0.446 mean_active_frac=0.479 (15.7s)
[chan-mech] relu seed=2 epoch=  1/25 (13.8s)
[chan-mech] relu seed=2 epoch=  2/25 (13.7s)
[chan-mech] relu seed=2 epoch=  3/25 (13.7s)
[chan-mech] relu seed=2 epoch=  4/25 (13.8s)
[chan-mech] relu seed=2 epoch=  5/25 (13.8s)
[chan-mech] relu seed=2 epoch=  6/25 [MECH] n_channels=3904 test_acc=0.786 mean_active_frac=0.400 (15.8s)
[chan-mech] relu seed=2 epoch=  7/25 (13.9s)
[chan-mech] relu seed=2 epoch=  8/25 (13.8s)
[chan-mech] relu seed=2 epoch=  9/25 (14.0s)
[chan-mech] relu seed=2 epoch= 10/25 (14.0s)
[chan-mech] relu seed=2 epoch= 11/25 (13.7s)
[chan-mech] relu seed=2 epoch= 12/25 [MECH] n_channels=3904 test_acc=0.820 mean_active_frac=0.355 (16.6s)
[chan-mech] relu seed=2 epoch= 13/25 (13.6s)
[chan-mech] relu seed=2 epoch= 14/25 (13.7s)
[chan-mech] relu seed=2 epoch= 15/25 (13.7s)
[chan-mech] relu seed=2 epoch= 16/25 (13.7s)
[chan-mech] relu seed=2 epoch= 17/25 (13.7s)
[chan-mech] relu seed=2 epoch= 18/25 [MECH] n_channels=3904 test_acc=0.903 mean_active_frac=0.346 (15.6s)
[chan-mech] relu seed=2 epoch= 19/25 (13.7s)
[chan-mech] relu seed=2 epoch= 20/25 (13.7s)
[chan-mech] relu seed=2 epoch= 21/25 (13.7s)
[chan-mech] relu seed=2 epoch= 22/25 (13.6s)
[chan-mech] relu seed=2 epoch= 23/25 (13.6s)
[chan-mech] relu seed=2 epoch= 24/25 [MECH] n_channels=3904 test_acc=0.926 mean_active_frac=0.346 (15.6s)
[chan-mech] relu seed=2 done in 5.9 min
[chan-mech] gelu seed=0 epoch=  0/25 [MECH] n_channels=3904 test_acc=0.458 mean_active_frac=0.984 (16.2s)
[chan-mech] gelu seed=0 epoch=  1/25 (13.7s)
[chan-mech] gelu seed=0 epoch=  2/25 (13.7s)
[chan-mech] gelu seed=0 epoch=  3/25 (13.8s)
[chan-mech] gelu seed=0 epoch=  4/25 (13.8s)
[chan-mech] gelu seed=0 epoch=  5/25 (13.8s)
[chan-mech] gelu seed=0 epoch=  6/25 [MECH] n_channels=3904 test_acc=0.793 mean_active_frac=0.993 (15.8s)
[chan-mech] gelu seed=0 epoch=  7/25 (13.8s)
[chan-mech] gelu seed=0 epoch=  8/25 (13.8s)
[chan-mech] gelu seed=0 epoch=  9/25 (13.6s)
[chan-mech] gelu seed=0 epoch= 10/25 (13.7s)
[chan-mech] gelu seed=0 epoch= 11/25 (13.8s)
[chan-mech] gelu seed=0 epoch= 12/25 [MECH] n_channels=3904 test_acc=0.858 mean_active_frac=0.995 (15.7s)
[chan-mech] gelu seed=0 epoch= 13/25 (13.7s)
[chan-mech] gelu seed=0 epoch= 14/25 (13.6s)
[chan-mech] gelu seed=0 epoch= 15/25 (13.6s)
[chan-mech] gelu seed=0 epoch= 16/25 (13.8s)
[chan-mech] gelu seed=0 epoch= 17/25 (13.7s)
[chan-mech] gelu seed=0 epoch= 18/25 [MECH] n_channels=3904 test_acc=0.900 mean_active_frac=0.995 (15.6s)
[chan-mech] gelu seed=0 epoch= 19/25 (13.8s)
[chan-mech] gelu seed=0 epoch= 20/25 (13.7s)
[chan-mech] gelu seed=0 epoch= 21/25 (13.7s)
[chan-mech] gelu seed=0 epoch= 22/25 (13.7s)
[chan-mech] gelu seed=0 epoch= 23/25 (13.6s)
[chan-mech] gelu seed=0 epoch= 24/25 [MECH] n_channels=3904 test_acc=0.927 mean_active_frac=0.995 (15.7s)
[chan-mech] gelu seed=0 done in 5.9 min
[chan-mech] gelu seed=1 epoch=  0/25 [MECH] n_channels=3904 test_acc=0.467 mean_active_frac=0.983 (15.7s)
[chan-mech] gelu seed=1 epoch=  1/25 (13.7s)
[chan-mech] gelu seed=1 epoch=  2/25 (13.6s)
[chan-mech] gelu seed=1 epoch=  3/25 (13.8s)
[chan-mech] gelu seed=1 epoch=  4/25 (13.7s)
[chan-mech] gelu seed=1 epoch=  5/25 (13.7s)
[chan-mech] gelu seed=1 epoch=  6/25 [MECH] n_channels=3904 test_acc=0.785 mean_active_frac=0.992 (16.3s)
[chan-mech] gelu seed=1 epoch=  7/25 (14.0s)
[chan-mech] gelu seed=1 epoch=  8/25 (13.6s)
[chan-mech] gelu seed=1 epoch=  9/25 (13.6s)
[chan-mech] gelu seed=1 epoch= 10/25 (13.6s)
[chan-mech] gelu seed=1 epoch= 11/25 (13.6s)
[chan-mech] gelu seed=1 epoch= 12/25 [MECH] n_channels=3904 test_acc=0.865 mean_active_frac=0.994 (15.7s)
[chan-mech] gelu seed=1 epoch= 13/25 (13.7s)
[chan-mech] gelu seed=1 epoch= 14/25 (13.8s)
[chan-mech] gelu seed=1 epoch= 15/25 (13.7s)
[chan-mech] gelu seed=1 epoch= 16/25 (13.7s)
[chan-mech] gelu seed=1 epoch= 17/25 (13.5s)
[chan-mech] gelu seed=1 epoch= 18/25 [MECH] n_channels=3904 test_acc=0.902 mean_active_frac=0.994 (15.7s)
[chan-mech] gelu seed=1 epoch= 19/25 (13.7s)
[chan-mech] gelu seed=1 epoch= 20/25 (14.0s)
[chan-mech] gelu seed=1 epoch= 21/25 (14.0s)
[chan-mech] gelu seed=1 epoch= 22/25 (13.7s)
[chan-mech] gelu seed=1 epoch= 23/25 (13.7s)
[chan-mech] gelu seed=1 epoch= 24/25 [MECH] n_channels=3904 test_acc=0.925 mean_active_frac=0.994 (15.6s)
[chan-mech] gelu seed=1 done in 5.9 min
[chan-mech] gelu seed=2 epoch=  0/25 [MECH] n_channels=3904 test_acc=0.432 mean_active_frac=0.985 (15.7s)
[chan-mech] gelu seed=2 epoch=  1/25 (13.6s)
[chan-mech] gelu seed=2 epoch=  2/25 (13.6s)
[chan-mech] gelu seed=2 epoch=  3/25 (13.6s)
[chan-mech] gelu seed=2 epoch=  4/25 (13.7s)
[chan-mech] gelu seed=2 epoch=  5/25 (13.6s)
[chan-mech] gelu seed=2 epoch=  6/25 [MECH] n_channels=3904 test_acc=0.773 mean_active_frac=0.992 (15.7s)
[chan-mech] gelu seed=2 epoch=  7/25 (13.7s)
[chan-mech] gelu seed=2 epoch=  8/25 (13.7s)
[chan-mech] gelu seed=2 epoch=  9/25 (13.7s)
[chan-mech] gelu seed=2 epoch= 10/25 (13.8s)
[chan-mech] gelu seed=2 epoch= 11/25 (13.7s)
[chan-mech] gelu seed=2 epoch= 12/25 [MECH] n_channels=3904 test_acc=0.848 mean_active_frac=0.994 (15.7s)
[chan-mech] gelu seed=2 epoch= 13/25 (13.6s)
[chan-mech] gelu seed=2 epoch= 14/25 (13.5s)
[chan-mech] gelu seed=2 epoch= 15/25 (13.6s)
[chan-mech] gelu seed=2 epoch= 16/25 (13.6s)
[chan-mech] gelu seed=2 epoch= 17/25 (13.4s)
[chan-mech] gelu seed=2 epoch= 18/25 [MECH] n_channels=3904 test_acc=0.899 mean_active_frac=0.995 (15.6s)
[chan-mech] gelu seed=2 epoch= 19/25 (13.6s)
[chan-mech] gelu seed=2 epoch= 20/25 (13.6s)
[chan-mech] gelu seed=2 epoch= 21/25 (13.6s)
[chan-mech] gelu seed=2 epoch= 22/25 (13.4s)
[chan-mech] gelu seed=2 epoch= 23/25 (13.4s)
[chan-mech] gelu seed=2 epoch= 24/25 [MECH] n_channels=3904 test_acc=0.921 mean_active_frac=0.993 (15.5s)
[chan-mech] gelu seed=2 done in 5.9 min
[chan-mech] silu seed=0 epoch=  0/25 [MECH] n_channels=3904 test_acc=0.428 mean_active_frac=0.994 (15.7s)
[chan-mech] silu seed=0 epoch=  1/25 (13.4s)
[chan-mech] silu seed=0 epoch=  2/25 (13.4s)
[chan-mech] silu seed=0 epoch=  3/25 (13.9s)
[chan-mech] silu seed=0 epoch=  4/25 (13.7s)
[chan-mech] silu seed=0 epoch=  5/25 (13.6s)
[chan-mech] silu seed=0 epoch=  6/25 [MECH] n_channels=3904 test_acc=0.785 mean_active_frac=0.997 (15.9s)
[chan-mech] silu seed=0 epoch=  7/25 (13.5s)
[chan-mech] silu seed=0 epoch=  8/25 (13.5s)
[chan-mech] silu seed=0 epoch=  9/25 (13.5s)
[chan-mech] silu seed=0 epoch= 10/25 (13.5s)
[chan-mech] silu seed=0 epoch= 11/25 (13.4s)
[chan-mech] silu seed=0 epoch= 12/25 [MECH] n_channels=3904 test_acc=0.838 mean_active_frac=0.998 (15.6s)
[chan-mech] silu seed=0 epoch= 13/25 (14.2s)
[chan-mech] silu seed=0 epoch= 14/25 (13.5s)
[chan-mech] silu seed=0 epoch= 15/25 (13.6s)
[chan-mech] silu seed=0 epoch= 16/25 (13.7s)
[chan-mech] silu seed=0 epoch= 17/25 (13.5s)
[chan-mech] silu seed=0 epoch= 18/25 [MECH] n_channels=3904 test_acc=0.892 mean_active_frac=0.998 (15.8s)
[chan-mech] silu seed=0 epoch= 19/25 (13.6s)
[chan-mech] silu seed=0 epoch= 20/25 (13.6s)
[chan-mech] silu seed=0 epoch= 21/25 (13.6s)
[chan-mech] silu seed=0 epoch= 22/25 (13.6s)
[chan-mech] silu seed=0 epoch= 23/25 (13.8s)
[chan-mech] silu seed=0 epoch= 24/25 [MECH] n_channels=3904 test_acc=0.920 mean_active_frac=0.998 (15.6s)
[chan-mech] silu seed=0 done in 5.9 min
[chan-mech] silu seed=1 epoch=  0/25 [MECH] n_channels=3904 test_acc=0.449 mean_active_frac=0.993 (15.6s)
[chan-mech] silu seed=1 epoch=  1/25 (13.7s)
[chan-mech] silu seed=1 epoch=  2/25 (13.6s)
[chan-mech] silu seed=1 epoch=  3/25 (13.7s)
[chan-mech] silu seed=1 epoch=  4/25 (13.8s)
[chan-mech] silu seed=1 epoch=  5/25 (13.6s)
[chan-mech] silu seed=1 epoch=  6/25 [MECH] n_channels=3904 test_acc=0.806 mean_active_frac=0.997 (15.6s)
[chan-mech] silu seed=1 epoch=  7/25 (13.7s)
[chan-mech] silu seed=1 epoch=  8/25 (13.6s)
[chan-mech] silu seed=1 epoch=  9/25 (13.6s)
[chan-mech] silu seed=1 epoch= 10/25 (13.7s)
[chan-mech] silu seed=1 epoch= 11/25 (13.6s)
[chan-mech] silu seed=1 epoch= 12/25 [MECH] n_channels=3904 test_acc=0.838 mean_active_frac=0.998 (15.5s)
[chan-mech] silu seed=1 epoch= 13/25 (13.8s)
[chan-mech] silu seed=1 epoch= 14/25 (13.5s)
[chan-mech] silu seed=1 epoch= 15/25 (13.6s)
[chan-mech] silu seed=1 epoch= 16/25 (13.5s)
[chan-mech] silu seed=1 epoch= 17/25 (13.5s)
[chan-mech] silu seed=1 epoch= 18/25 [MECH] n_channels=3904 test_acc=0.895 mean_active_frac=0.998 (15.5s)
[chan-mech] silu seed=1 epoch= 19/25 (13.6s)
[chan-mech] silu seed=1 epoch= 20/25 (13.7s)
[chan-mech] silu seed=1 epoch= 21/25 (13.5s)
[chan-mech] silu seed=1 epoch= 22/25 (13.6s)
[chan-mech] silu seed=1 epoch= 23/25 (13.6s)
[chan-mech] silu seed=1 epoch= 24/25 [MECH] n_channels=3904 test_acc=0.919 mean_active_frac=0.998 (15.5s)
[chan-mech] silu seed=1 done in 5.9 min
[chan-mech] silu seed=2 epoch=  0/25 [MECH] n_channels=3904 test_acc=0.449 mean_active_frac=0.993 (15.7s)
[chan-mech] silu seed=2 epoch=  1/25 (13.8s)
[chan-mech] silu seed=2 epoch=  2/25 (13.7s)
[chan-mech] silu seed=2 epoch=  3/25 (13.7s)
[chan-mech] silu seed=2 epoch=  4/25 (13.7s)
[chan-mech] silu seed=2 epoch=  5/25 (13.7s)
[chan-mech] silu seed=2 epoch=  6/25 [MECH] n_channels=3904 test_acc=0.772 mean_active_frac=0.997 (15.6s)
[chan-mech] silu seed=2 epoch=  7/25 (13.8s)
[chan-mech] silu seed=2 epoch=  8/25 (13.6s)
[chan-mech] silu seed=2 epoch=  9/25 (13.6s)
[chan-mech] silu seed=2 epoch= 10/25 (13.6s)
[chan-mech] silu seed=2 epoch= 11/25 (13.6s)
[chan-mech] silu seed=2 epoch= 12/25 [MECH] n_channels=3904 test_acc=0.852 mean_active_frac=0.998 (15.6s)
[chan-mech] silu seed=2 epoch= 13/25 (13.6s)
[chan-mech] silu seed=2 epoch= 14/25 (13.7s)
[chan-mech] silu seed=2 epoch= 15/25 (13.7s)
[chan-mech] silu seed=2 epoch= 16/25 (13.6s)
[chan-mech] silu seed=2 epoch= 17/25 (13.8s)
[chan-mech] silu seed=2 epoch= 18/25 [MECH] n_channels=3904 test_acc=0.891 mean_active_frac=0.998 (15.6s)
[chan-mech] silu seed=2 epoch= 19/25 (13.5s)
[chan-mech] silu seed=2 epoch= 20/25 (13.6s)
[chan-mech] silu seed=2 epoch= 21/25 (13.7s)
[chan-mech] silu seed=2 epoch= 22/25 (14.0s)
[chan-mech] silu seed=2 epoch= 23/25 (13.7s)
[chan-mech] silu seed=2 epoch= 24/25 [MECH] n_channels=3904 test_acc=0.919 mean_active_frac=0.998 (15.7s)
[chan-mech] silu seed=2 done in 5.9 min
[chan-mech] mish seed=0 epoch=  0/25 [MECH] n_channels=3904 test_acc=0.423 mean_active_frac=0.993 (16.2s)
[chan-mech] mish seed=0 epoch=  1/25 (13.5s)
[chan-mech] mish seed=0 epoch=  2/25 (13.7s)
[chan-mech] mish seed=0 epoch=  3/25 (13.7s)
[chan-mech] mish seed=0 epoch=  4/25 (13.7s)
[chan-mech] mish seed=0 epoch=  5/25 (13.6s)
[chan-mech] mish seed=0 epoch=  6/25 [MECH] n_channels=3904 test_acc=0.803 mean_active_frac=0.997 (15.6s)
[chan-mech] mish seed=0 epoch=  7/25 (13.6s)
[chan-mech] mish seed=0 epoch=  8/25 (13.6s)
[chan-mech] mish seed=0 epoch=  9/25 (13.6s)
[chan-mech] mish seed=0 epoch= 10/25 (13.6s)
[chan-mech] mish seed=0 epoch= 11/25 (13.6s)
[chan-mech] mish seed=0 epoch= 12/25 [MECH] n_channels=3904 test_acc=0.851 mean_active_frac=0.998 (15.7s)
[chan-mech] mish seed=0 epoch= 13/25 (13.6s)
[chan-mech] mish seed=0 epoch= 14/25 (13.6s)
[chan-mech] mish seed=0 epoch= 15/25 (13.6s)
[chan-mech] mish seed=0 epoch= 16/25 (13.5s)
[chan-mech] mish seed=0 epoch= 17/25 (13.6s)
[chan-mech] mish seed=0 epoch= 18/25 [MECH] n_channels=3904 test_acc=0.890 mean_active_frac=0.998 (15.6s)
[chan-mech] mish seed=0 epoch= 19/25 (13.6s)
[chan-mech] mish seed=0 epoch= 20/25 (13.7s)
[chan-mech] mish seed=0 epoch= 21/25 (13.7s)
[chan-mech] mish seed=0 epoch= 22/25 (13.7s)
[chan-mech] mish seed=0 epoch= 23/25 (13.7s)
[chan-mech] mish seed=0 epoch= 24/25 [MECH] n_channels=3904 test_acc=0.921 mean_active_frac=0.997 (15.8s)
[chan-mech] mish seed=0 done in 5.9 min
[chan-mech] mish seed=1 epoch=  0/25 [MECH] n_channels=3904 test_acc=0.434 mean_active_frac=0.993 (15.7s)
[chan-mech] mish seed=1 epoch=  1/25 (13.7s)
[chan-mech] mish seed=1 epoch=  2/25 (13.6s)
[chan-mech] mish seed=1 epoch=  3/25 (13.6s)
[chan-mech] mish seed=1 epoch=  4/25 (13.6s)
[chan-mech] mish seed=1 epoch=  5/25 (13.6s)
[chan-mech] mish seed=1 epoch=  6/25 [MECH] n_channels=3904 test_acc=0.797 mean_active_frac=0.997 (15.5s)
[chan-mech] mish seed=1 epoch=  7/25 (13.8s)
[chan-mech] mish seed=1 epoch=  8/25 (13.8s)
[chan-mech] mish seed=1 epoch=  9/25 (13.7s)
[chan-mech] mish seed=1 epoch= 10/25 (13.7s)
[chan-mech] mish seed=1 epoch= 11/25 (13.7s)
[chan-mech] mish seed=1 epoch= 12/25 [MECH] n_channels=3904 test_acc=0.848 mean_active_frac=0.998 (15.7s)
[chan-mech] mish seed=1 epoch= 13/25 (13.7s)
[chan-mech] mish seed=1 epoch= 14/25 (13.6s)
[chan-mech] mish seed=1 epoch= 15/25 (13.6s)
[chan-mech] mish seed=1 epoch= 16/25 (13.6s)
[chan-mech] mish seed=1 epoch= 17/25 (13.7s)
[chan-mech] mish seed=1 epoch= 18/25 [MECH] n_channels=3904 test_acc=0.891 mean_active_frac=0.998 (15.7s)
[chan-mech] mish seed=1 epoch= 19/25 (13.6s)
[chan-mech] mish seed=1 epoch= 20/25 (13.6s)
[chan-mech] mish seed=1 epoch= 21/25 (13.7s)
[chan-mech] mish seed=1 epoch= 22/25 (13.6s)
[chan-mech] mish seed=1 epoch= 23/25 (17.2s)
[chan-mech] mish seed=1 epoch= 24/25 [MECH] n_channels=3904 test_acc=0.920 mean_active_frac=0.998 (16.5s)
[chan-mech] mish seed=1 done in 5.9 min
[chan-mech] mish seed=2 epoch=  0/25 [MECH] n_channels=3904 test_acc=0.444 mean_active_frac=0.994 (15.7s)
[chan-mech] mish seed=2 epoch=  1/25 (13.7s)
[chan-mech] mish seed=2 epoch=  2/25 (13.6s)
[chan-mech] mish seed=2 epoch=  3/25 (13.6s)
[chan-mech] mish seed=2 epoch=  4/25 (13.7s)
[chan-mech] mish seed=2 epoch=  5/25 (13.7s)
[chan-mech] mish seed=2 epoch=  6/25 [MECH] n_channels=3904 test_acc=0.780 mean_active_frac=0.997 (16.1s)
[chan-mech] mish seed=2 epoch=  7/25 (13.6s)
[chan-mech] mish seed=2 epoch=  8/25 (13.6s)
[chan-mech] mish seed=2 epoch=  9/25 (13.8s)
[chan-mech] mish seed=2 epoch= 10/25 (13.7s)
[chan-mech] mish seed=2 epoch= 11/25 (13.5s)
[chan-mech] mish seed=2 epoch= 12/25 [MECH] n_channels=3904 test_acc=0.839 mean_active_frac=0.998 (15.6s)
[chan-mech] mish seed=2 epoch= 13/25 (13.7s)
[chan-mech] mish seed=2 epoch= 14/25 (13.6s)
[chan-mech] mish seed=2 epoch= 15/25 (13.7s)
[chan-mech] mish seed=2 epoch= 16/25 (13.6s)
[chan-mech] mish seed=2 epoch= 17/25 (13.7s)
[chan-mech] mish seed=2 epoch= 18/25 [MECH] n_channels=3904 test_acc=0.893 mean_active_frac=0.998 (16.0s)
[chan-mech] mish seed=2 epoch= 19/25 (13.6s)
[chan-mech] mish seed=2 epoch= 20/25 (13.6s)
[chan-mech] mish seed=2 epoch= 21/25 (13.6s)
[chan-mech] mish seed=2 epoch= 22/25 (13.6s)
[chan-mech] mish seed=2 epoch= 23/25 (13.6s)
[chan-mech] mish seed=2 epoch= 24/25 [MECH] n_channels=3904 test_acc=0.911 mean_active_frac=0.998 (15.5s)
[chan-mech] mish seed=2 done in 5.9 min
Job complete at Sat Jun 20 05:35:25 EDT 2026
