Job ID: 11052609  Node: gilbreth-k024  Start: Fri Jun 19 20:25:54 EDT 2026
[preact-mean] device=cuda activations=['relu', 'leaky_relu_0.01', 'softplus_beta50', 'softplus_beta20', 'softplus_beta10', 'softplus_beta5', 'gelu', 'silu', 'mish'] seeds=[0, 1, 2] epochs=25
[preact-mean] relu seed=0 epoch=  0/25 test_acc=0.437 mean_mu=+0.02574 mean_sigma=0.8371 std_mu=-0.00359 (58.4s)
[preact-mean] relu seed=0 epoch=  1/25 (13.3s)
[preact-mean] relu seed=0 epoch=  2/25 (13.3s)
[preact-mean] relu seed=0 epoch=  3/25 (13.3s)
[preact-mean] relu seed=0 epoch=  4/25 (13.1s)
[preact-mean] relu seed=0 epoch=  5/25 (13.3s)
[preact-mean] relu seed=0 epoch=  6/25 test_acc=0.802 mean_mu=-0.04576 mean_sigma=0.3399 std_mu=-0.16718 (14.8s)
[preact-mean] relu seed=0 epoch=  7/25 (13.5s)
[preact-mean] relu seed=0 epoch=  8/25 (13.2s)
[preact-mean] relu seed=0 epoch=  9/25 (13.3s)
[preact-mean] relu seed=0 epoch= 10/25 (13.3s)
[preact-mean] relu seed=0 epoch= 11/25 (13.3s)
[preact-mean] relu seed=0 epoch= 12/25 test_acc=0.838 mean_mu=-0.04848 mean_sigma=0.2297 std_mu=-0.28760 (15.2s)
[preact-mean] relu seed=0 epoch= 13/25 (13.9s)
[preact-mean] relu seed=0 epoch= 14/25 (13.3s)
[preact-mean] relu seed=0 epoch= 15/25 (13.3s)
[preact-mean] relu seed=0 epoch= 16/25 (13.3s)
[preact-mean] relu seed=0 epoch= 17/25 (13.2s)
[preact-mean] relu seed=0 epoch= 18/25 test_acc=0.902 mean_mu=-0.04690 mean_sigma=0.2040 std_mu=-0.32470 (14.8s)
[preact-mean] relu seed=0 epoch= 19/25 (13.2s)
[preact-mean] relu seed=0 epoch= 20/25 (13.3s)
[preact-mean] relu seed=0 epoch= 21/25 (13.2s)
[preact-mean] relu seed=0 epoch= 22/25 (13.3s)
[preact-mean] relu seed=0 epoch= 23/25 (13.3s)
[preact-mean] relu seed=0 epoch= 24/25 test_acc=0.926 mean_mu=-0.04493 mean_sigma=0.1959 std_mu=-0.33442 (14.9s)
[preact-mean] relu seed=0 done in 6.5 min
[preact-mean] relu seed=1 epoch=  0/25 test_acc=0.405 mean_mu=+0.02039 mean_sigma=0.8377 std_mu=-0.00497 (15.0s)
[preact-mean] relu seed=1 epoch=  1/25 (13.4s)
[preact-mean] relu seed=1 epoch=  2/25 (13.3s)
[preact-mean] relu seed=1 epoch=  3/25 (13.2s)
[preact-mean] relu seed=1 epoch=  4/25 (13.3s)
[preact-mean] relu seed=1 epoch=  5/25 (13.2s)
[preact-mean] relu seed=1 epoch=  6/25 test_acc=0.752 mean_mu=-0.05163 mean_sigma=0.3366 std_mu=-0.18042 (14.7s)
[preact-mean] relu seed=1 epoch=  7/25 (13.1s)
[preact-mean] relu seed=1 epoch=  8/25 (13.2s)
[preact-mean] relu seed=1 epoch=  9/25 (13.2s)
[preact-mean] relu seed=1 epoch= 10/25 (13.2s)
[preact-mean] relu seed=1 epoch= 11/25 (13.0s)
[preact-mean] relu seed=1 epoch= 12/25 test_acc=0.854 mean_mu=-0.05282 mean_sigma=0.2262 std_mu=-0.30435 (14.6s)
[preact-mean] relu seed=1 epoch= 13/25 (13.2s)
[preact-mean] relu seed=1 epoch= 14/25 (13.1s)
[preact-mean] relu seed=1 epoch= 15/25 (13.2s)
[preact-mean] relu seed=1 epoch= 16/25 (13.2s)
[preact-mean] relu seed=1 epoch= 17/25 (13.3s)
[preact-mean] relu seed=1 epoch= 18/25 test_acc=0.900 mean_mu=-0.05013 mean_sigma=0.2006 std_mu=-0.33784 (14.8s)
[preact-mean] relu seed=1 epoch= 19/25 (13.1s)
[preact-mean] relu seed=1 epoch= 20/25 (13.2s)
[preact-mean] relu seed=1 epoch= 21/25 (13.1s)
[preact-mean] relu seed=1 epoch= 22/25 (13.1s)
[preact-mean] relu seed=1 epoch= 23/25 (13.0s)
[preact-mean] relu seed=1 epoch= 24/25 test_acc=0.923 mean_mu=-0.04783 mean_sigma=0.1929 std_mu=-0.34398 (14.5s)
[preact-mean] relu seed=1 done in 5.6 min
[preact-mean] relu seed=2 epoch=  0/25 test_acc=0.447 mean_mu=+0.01374 mean_sigma=0.8209 std_mu=-0.01558 (14.6s)
[preact-mean] relu seed=2 epoch=  1/25 (12.9s)
[preact-mean] relu seed=2 epoch=  2/25 (12.9s)
[preact-mean] relu seed=2 epoch=  3/25 (13.0s)
[preact-mean] relu seed=2 epoch=  4/25 (13.1s)
[preact-mean] relu seed=2 epoch=  5/25 (12.9s)
[preact-mean] relu seed=2 epoch=  6/25 test_acc=0.761 mean_mu=-0.05087 mean_sigma=0.3383 std_mu=-0.18324 (14.6s)
[preact-mean] relu seed=2 epoch=  7/25 (12.9s)
[preact-mean] relu seed=2 epoch=  8/25 (13.1s)
[preact-mean] relu seed=2 epoch=  9/25 (12.9s)
[preact-mean] relu seed=2 epoch= 10/25 (12.9s)
[preact-mean] relu seed=2 epoch= 11/25 (13.0s)
[preact-mean] relu seed=2 epoch= 12/25 test_acc=0.851 mean_mu=-0.04947 mean_sigma=0.2306 std_mu=-0.29088 (14.5s)
[preact-mean] relu seed=2 epoch= 13/25 (13.0s)
[preact-mean] relu seed=2 epoch= 14/25 (12.9s)
[preact-mean] relu seed=2 epoch= 15/25 (12.9s)
[preact-mean] relu seed=2 epoch= 16/25 (12.9s)
[preact-mean] relu seed=2 epoch= 17/25 (13.0s)
[preact-mean] relu seed=2 epoch= 18/25 test_acc=0.899 mean_mu=-0.04658 mean_sigma=0.2051 std_mu=-0.31961 (14.6s)
[preact-mean] relu seed=2 epoch= 19/25 (13.0s)
[preact-mean] relu seed=2 epoch= 20/25 (12.9s)
[preact-mean] relu seed=2 epoch= 21/25 (12.9s)
[preact-mean] relu seed=2 epoch= 22/25 (12.9s)
[preact-mean] relu seed=2 epoch= 23/25 (12.9s)
[preact-mean] relu seed=2 epoch= 24/25 test_acc=0.927 mean_mu=-0.04478 mean_sigma=0.1968 std_mu=-0.32858 (14.6s)
[preact-mean] relu seed=2 done in 5.6 min
[preact-mean] leaky_relu_0.01 seed=0 epoch=  0/25 test_acc=0.426 mean_mu=+0.02510 mean_sigma=0.8529 std_mu=+0.00120 (15.0s)
[preact-mean] leaky_relu_0.01 seed=0 epoch=  1/25 (13.0s)
[preact-mean] leaky_relu_0.01 seed=0 epoch=  2/25 (13.1s)
[preact-mean] leaky_relu_0.01 seed=0 epoch=  3/25 (12.9s)
[preact-mean] leaky_relu_0.01 seed=0 epoch=  4/25 (12.9s)
[preact-mean] leaky_relu_0.01 seed=0 epoch=  5/25 (12.9s)
[preact-mean] leaky_relu_0.01 seed=0 epoch=  6/25 test_acc=0.788 mean_mu=-0.04653 mean_sigma=0.3392 std_mu=-0.18395 (14.5s)
[preact-mean] leaky_relu_0.01 seed=0 epoch=  7/25 (12.9s)
[preact-mean] leaky_relu_0.01 seed=0 epoch=  8/25 (12.9s)
[preact-mean] leaky_relu_0.01 seed=0 epoch=  9/25 (12.9s)
[preact-mean] leaky_relu_0.01 seed=0 epoch= 10/25 (12.9s)
[preact-mean] leaky_relu_0.01 seed=0 epoch= 11/25 (12.9s)
[preact-mean] leaky_relu_0.01 seed=0 epoch= 12/25 test_acc=0.840 mean_mu=-0.05242 mean_sigma=0.2259 std_mu=-0.32327 (14.5s)
[preact-mean] leaky_relu_0.01 seed=0 epoch= 13/25 (12.9s)
[preact-mean] leaky_relu_0.01 seed=0 epoch= 14/25 (12.9s)
[preact-mean] leaky_relu_0.01 seed=0 epoch= 15/25 (13.0s)
[preact-mean] leaky_relu_0.01 seed=0 epoch= 16/25 (13.0s)
[preact-mean] leaky_relu_0.01 seed=0 epoch= 17/25 (12.9s)
[preact-mean] leaky_relu_0.01 seed=0 epoch= 18/25 test_acc=0.889 mean_mu=-0.05070 mean_sigma=0.2004 std_mu=-0.36999 (14.5s)
[preact-mean] leaky_relu_0.01 seed=0 epoch= 19/25 (13.0s)
[preact-mean] leaky_relu_0.01 seed=0 epoch= 20/25 (13.0s)
[preact-mean] leaky_relu_0.01 seed=0 epoch= 21/25 (13.0s)
[preact-mean] leaky_relu_0.01 seed=0 epoch= 22/25 (12.9s)
[preact-mean] leaky_relu_0.01 seed=0 epoch= 23/25 (13.0s)
[preact-mean] leaky_relu_0.01 seed=0 epoch= 24/25 test_acc=0.924 mean_mu=-0.04895 mean_sigma=0.1926 std_mu=-0.38436 (14.5s)
[preact-mean] leaky_relu_0.01 seed=0 done in 5.6 min
[preact-mean] leaky_relu_0.01 seed=1 epoch=  0/25 test_acc=0.434 mean_mu=+0.01634 mean_sigma=0.8403 std_mu=-0.01671 (14.6s)
[preact-mean] leaky_relu_0.01 seed=1 epoch=  1/25 (12.9s)
[preact-mean] leaky_relu_0.01 seed=1 epoch=  2/25 (13.0s)
[preact-mean] leaky_relu_0.01 seed=1 epoch=  3/25 (13.0s)
[preact-mean] leaky_relu_0.01 seed=1 epoch=  4/25 (13.0s)
[preact-mean] leaky_relu_0.01 seed=1 epoch=  5/25 (13.0s)
[preact-mean] leaky_relu_0.01 seed=1 epoch=  6/25 test_acc=0.791 mean_mu=-0.04334 mean_sigma=0.3337 std_mu=-0.17085 (14.6s)
[preact-mean] leaky_relu_0.01 seed=1 epoch=  7/25 (12.9s)
[preact-mean] leaky_relu_0.01 seed=1 epoch=  8/25 (13.0s)
[preact-mean] leaky_relu_0.01 seed=1 epoch=  9/25 (13.0s)
[preact-mean] leaky_relu_0.01 seed=1 epoch= 10/25 (13.0s)
[preact-mean] leaky_relu_0.01 seed=1 epoch= 11/25 (13.0s)
[preact-mean] leaky_relu_0.01 seed=1 epoch= 12/25 test_acc=0.853 mean_mu=-0.04987 mean_sigma=0.2260 std_mu=-0.30183 (14.6s)
[preact-mean] leaky_relu_0.01 seed=1 epoch= 13/25 (13.0s)
[preact-mean] leaky_relu_0.01 seed=1 epoch= 14/25 (13.0s)
[preact-mean] leaky_relu_0.01 seed=1 epoch= 15/25 (13.0s)
[preact-mean] leaky_relu_0.01 seed=1 epoch= 16/25 (13.0s)
[preact-mean] leaky_relu_0.01 seed=1 epoch= 17/25 (13.0s)
[preact-mean] leaky_relu_0.01 seed=1 epoch= 18/25 test_acc=0.902 mean_mu=-0.04674 mean_sigma=0.2011 std_mu=-0.33214 (14.6s)
[preact-mean] leaky_relu_0.01 seed=1 epoch= 19/25 (12.9s)
[preact-mean] leaky_relu_0.01 seed=1 epoch= 20/25 (12.9s)
[preact-mean] leaky_relu_0.01 seed=1 epoch= 21/25 (12.9s)
[preact-mean] leaky_relu_0.01 seed=1 epoch= 22/25 (12.9s)
[preact-mean] leaky_relu_0.01 seed=1 epoch= 23/25 (13.0s)
[preact-mean] leaky_relu_0.01 seed=1 epoch= 24/25 test_acc=0.929 mean_mu=-0.04532 mean_sigma=0.1930 std_mu=-0.34248 (14.5s)
[preact-mean] leaky_relu_0.01 seed=1 done in 5.6 min
[preact-mean] leaky_relu_0.01 seed=2 epoch=  0/25 test_acc=0.418 mean_mu=+0.01538 mean_sigma=0.8430 std_mu=-0.00861 (14.4s)
[preact-mean] leaky_relu_0.01 seed=2 epoch=  1/25 (12.8s)
[preact-mean] leaky_relu_0.01 seed=2 epoch=  2/25 (12.9s)
[preact-mean] leaky_relu_0.01 seed=2 epoch=  3/25 (12.9s)
[preact-mean] leaky_relu_0.01 seed=2 epoch=  4/25 (12.9s)
[preact-mean] leaky_relu_0.01 seed=2 epoch=  5/25 (12.8s)
[preact-mean] leaky_relu_0.01 seed=2 epoch=  6/25 test_acc=0.775 mean_mu=-0.04791 mean_sigma=0.3344 std_mu=-0.18133 (14.4s)
[preact-mean] leaky_relu_0.01 seed=2 epoch=  7/25 (13.0s)
[preact-mean] leaky_relu_0.01 seed=2 epoch=  8/25 (13.0s)
[preact-mean] leaky_relu_0.01 seed=2 epoch=  9/25 (13.0s)
[preact-mean] leaky_relu_0.01 seed=2 epoch= 10/25 (12.9s)
[preact-mean] leaky_relu_0.01 seed=2 epoch= 11/25 (13.0s)
[preact-mean] leaky_relu_0.01 seed=2 epoch= 12/25 test_acc=0.840 mean_mu=-0.05241 mean_sigma=0.2240 std_mu=-0.32597 (14.6s)
[preact-mean] leaky_relu_0.01 seed=2 epoch= 13/25 (12.8s)
[preact-mean] leaky_relu_0.01 seed=2 epoch= 14/25 (12.8s)
[preact-mean] leaky_relu_0.01 seed=2 epoch= 15/25 (12.8s)
[preact-mean] leaky_relu_0.01 seed=2 epoch= 16/25 (12.8s)
[preact-mean] leaky_relu_0.01 seed=2 epoch= 17/25 (12.9s)
[preact-mean] leaky_relu_0.01 seed=2 epoch= 18/25 test_acc=0.904 mean_mu=-0.05033 mean_sigma=0.1988 std_mu=-0.36276 (14.4s)
[preact-mean] leaky_relu_0.01 seed=2 epoch= 19/25 (12.9s)
[preact-mean] leaky_relu_0.01 seed=2 epoch= 20/25 (12.8s)
[preact-mean] leaky_relu_0.01 seed=2 epoch= 21/25 (12.8s)
[preact-mean] leaky_relu_0.01 seed=2 epoch= 22/25 (12.8s)
[preact-mean] leaky_relu_0.01 seed=2 epoch= 23/25 (12.9s)
[preact-mean] leaky_relu_0.01 seed=2 epoch= 24/25 test_acc=0.927 mean_mu=-0.04906 mean_sigma=0.1907 std_mu=-0.37393 (14.5s)
[preact-mean] leaky_relu_0.01 seed=2 done in 5.5 min
[preact-mean] softplus_beta50 seed=0 epoch=  0/25 test_acc=0.419 mean_mu=+0.03174 mean_sigma=0.8519 std_mu=+0.01528 (15.1s)
[preact-mean] softplus_beta50 seed=0 epoch=  1/25 (12.9s)
[preact-mean] softplus_beta50 seed=0 epoch=  2/25 (12.9s)
[preact-mean] softplus_beta50 seed=0 epoch=  3/25 (13.0s)
[preact-mean] softplus_beta50 seed=0 epoch=  4/25 (13.0s)
[preact-mean] softplus_beta50 seed=0 epoch=  5/25 (13.0s)
[preact-mean] softplus_beta50 seed=0 epoch=  6/25 test_acc=0.788 mean_mu=-0.04461 mean_sigma=0.3430 std_mu=-0.15648 (14.6s)
[preact-mean] softplus_beta50 seed=0 epoch=  7/25 (12.9s)
[preact-mean] softplus_beta50 seed=0 epoch=  8/25 (12.9s)
[preact-mean] softplus_beta50 seed=0 epoch=  9/25 (12.9s)
[preact-mean] softplus_beta50 seed=0 epoch= 10/25 (12.9s)
[preact-mean] softplus_beta50 seed=0 epoch= 11/25 (12.9s)
[preact-mean] softplus_beta50 seed=0 epoch= 12/25 test_acc=0.857 mean_mu=-0.05047 mean_sigma=0.2313 std_mu=-0.30138 (14.5s)
[preact-mean] softplus_beta50 seed=0 epoch= 13/25 (13.0s)
[preact-mean] softplus_beta50 seed=0 epoch= 14/25 (13.0s)
[preact-mean] softplus_beta50 seed=0 epoch= 15/25 (12.9s)
[preact-mean] softplus_beta50 seed=0 epoch= 16/25 (12.9s)
[preact-mean] softplus_beta50 seed=0 epoch= 17/25 (13.0s)
[preact-mean] softplus_beta50 seed=0 epoch= 18/25 test_acc=0.903 mean_mu=-0.04965 mean_sigma=0.2054 std_mu=-0.35572 (14.5s)
[preact-mean] softplus_beta50 seed=0 epoch= 19/25 (12.8s)
[preact-mean] softplus_beta50 seed=0 epoch= 20/25 (12.8s)
[preact-mean] softplus_beta50 seed=0 epoch= 21/25 (12.8s)
[preact-mean] softplus_beta50 seed=0 epoch= 22/25 (12.9s)
[preact-mean] softplus_beta50 seed=0 epoch= 23/25 (12.8s)
[preact-mean] softplus_beta50 seed=0 epoch= 24/25 test_acc=0.927 mean_mu=-0.04825 mean_sigma=0.1973 std_mu=-0.36883 (14.4s)
[preact-mean] softplus_beta50 seed=0 done in 5.5 min
[preact-mean] softplus_beta50 seed=1 epoch=  0/25 test_acc=0.404 mean_mu=+0.02774 mean_sigma=0.8551 std_mu=+0.00359 (14.6s)
[preact-mean] softplus_beta50 seed=1 epoch=  1/25 (12.9s)
[preact-mean] softplus_beta50 seed=1 epoch=  2/25 (12.9s)
[preact-mean] softplus_beta50 seed=1 epoch=  3/25 (12.9s)
[preact-mean] softplus_beta50 seed=1 epoch=  4/25 (12.9s)
[preact-mean] softplus_beta50 seed=1 epoch=  5/25 (12.9s)
[preact-mean] softplus_beta50 seed=1 epoch=  6/25 test_acc=0.745 mean_mu=-0.04240 mean_sigma=0.3446 std_mu=-0.14972 (14.5s)
[preact-mean] softplus_beta50 seed=1 epoch=  7/25 (12.9s)
[preact-mean] softplus_beta50 seed=1 epoch=  8/25 (12.9s)
[preact-mean] softplus_beta50 seed=1 epoch=  9/25 (13.0s)
[preact-mean] softplus_beta50 seed=1 epoch= 10/25 (12.9s)
[preact-mean] softplus_beta50 seed=1 epoch= 11/25 (12.9s)
[preact-mean] softplus_beta50 seed=1 epoch= 12/25 test_acc=0.860 mean_mu=-0.04909 mean_sigma=0.2322 std_mu=-0.29422 (14.5s)
[preact-mean] softplus_beta50 seed=1 epoch= 13/25 (12.9s)
[preact-mean] softplus_beta50 seed=1 epoch= 14/25 (12.9s)
[preact-mean] softplus_beta50 seed=1 epoch= 15/25 (12.9s)
[preact-mean] softplus_beta50 seed=1 epoch= 16/25 (12.9s)
[preact-mean] softplus_beta50 seed=1 epoch= 17/25 (12.9s)
[preact-mean] softplus_beta50 seed=1 epoch= 18/25 test_acc=0.892 mean_mu=-0.04750 mean_sigma=0.2064 std_mu=-0.32754 (14.5s)
[preact-mean] softplus_beta50 seed=1 epoch= 19/25 (13.0s)
[preact-mean] softplus_beta50 seed=1 epoch= 20/25 (13.0s)
[preact-mean] softplus_beta50 seed=1 epoch= 21/25 (13.0s)
[preact-mean] softplus_beta50 seed=1 epoch= 22/25 (12.9s)
[preact-mean] softplus_beta50 seed=1 epoch= 23/25 (13.0s)
[preact-mean] softplus_beta50 seed=1 epoch= 24/25 test_acc=0.928 mean_mu=-0.04590 mean_sigma=0.1984 std_mu=-0.35753 (14.6s)
[preact-mean] softplus_beta50 seed=1 done in 5.5 min
[preact-mean] softplus_beta50 seed=2 epoch=  0/25 test_acc=0.413 mean_mu=+0.01189 mean_sigma=0.8255 std_mu=-0.03213 (14.5s)
[preact-mean] softplus_beta50 seed=2 epoch=  1/25 (13.0s)
[preact-mean] softplus_beta50 seed=2 epoch=  2/25 (12.9s)
[preact-mean] softplus_beta50 seed=2 epoch=  3/25 (13.0s)
[preact-mean] softplus_beta50 seed=2 epoch=  4/25 (13.0s)
[preact-mean] softplus_beta50 seed=2 epoch=  5/25 (13.0s)
[preact-mean] softplus_beta50 seed=2 epoch=  6/25 test_acc=0.783 mean_mu=-0.04258 mean_sigma=0.3328 std_mu=-0.16900 (14.6s)
[preact-mean] softplus_beta50 seed=2 epoch=  7/25 (13.0s)
[preact-mean] softplus_beta50 seed=2 epoch=  8/25 (12.9s)
[preact-mean] softplus_beta50 seed=2 epoch=  9/25 (12.9s)
[preact-mean] softplus_beta50 seed=2 epoch= 10/25 (12.9s)
[preact-mean] softplus_beta50 seed=2 epoch= 11/25 (12.9s)
[preact-mean] softplus_beta50 seed=2 epoch= 12/25 test_acc=0.821 mean_mu=-0.05129 mean_sigma=0.2243 std_mu=-0.32157 (14.5s)
[preact-mean] softplus_beta50 seed=2 epoch= 13/25 (13.0s)
[preact-mean] softplus_beta50 seed=2 epoch= 14/25 (13.0s)
[preact-mean] softplus_beta50 seed=2 epoch= 15/25 (12.9s)
[preact-mean] softplus_beta50 seed=2 epoch= 16/25 (12.9s)
[preact-mean] softplus_beta50 seed=2 epoch= 17/25 (13.0s)
[preact-mean] softplus_beta50 seed=2 epoch= 18/25 test_acc=0.906 mean_mu=-0.05006 mean_sigma=0.2004 std_mu=-0.36379 (14.6s)
[preact-mean] softplus_beta50 seed=2 epoch= 19/25 (12.9s)
[preact-mean] softplus_beta50 seed=2 epoch= 20/25 (13.0s)
[preact-mean] softplus_beta50 seed=2 epoch= 21/25 (13.0s)
[preact-mean] softplus_beta50 seed=2 epoch= 22/25 (13.0s)
[preact-mean] softplus_beta50 seed=2 epoch= 23/25 (12.9s)
[preact-mean] softplus_beta50 seed=2 epoch= 24/25 test_acc=0.927 mean_mu=-0.04851 mean_sigma=0.1932 std_mu=-0.36970 (14.6s)
[preact-mean] softplus_beta50 seed=2 done in 5.5 min
[preact-mean] softplus_beta20 seed=0 epoch=  0/25 test_acc=0.417 mean_mu=+0.03405 mean_sigma=0.8552 std_mu=+0.01161 (14.4s)
[preact-mean] softplus_beta20 seed=0 epoch=  1/25 (12.9s)
[preact-mean] softplus_beta20 seed=0 epoch=  2/25 (12.9s)
[preact-mean] softplus_beta20 seed=0 epoch=  3/25 (12.9s)
[preact-mean] softplus_beta20 seed=0 epoch=  4/25 (12.9s)
[preact-mean] softplus_beta20 seed=0 epoch=  5/25 (12.9s)
[preact-mean] softplus_beta20 seed=0 epoch=  6/25 test_acc=0.769 mean_mu=-0.04477 mean_sigma=0.3462 std_mu=-0.15055 (14.5s)
[preact-mean] softplus_beta20 seed=0 epoch=  7/25 (12.9s)
[preact-mean] softplus_beta20 seed=0 epoch=  8/25 (12.9s)
[preact-mean] softplus_beta20 seed=0 epoch=  9/25 (12.9s)
[preact-mean] softplus_beta20 seed=0 epoch= 10/25 (12.9s)
[preact-mean] softplus_beta20 seed=0 epoch= 11/25 (12.9s)
[preact-mean] softplus_beta20 seed=0 epoch= 12/25 test_acc=0.841 mean_mu=-0.05801 mean_sigma=0.2386 std_mu=-0.33885 (14.5s)
[preact-mean] softplus_beta20 seed=0 epoch= 13/25 (12.9s)
[preact-mean] softplus_beta20 seed=0 epoch= 14/25 (12.9s)
[preact-mean] softplus_beta20 seed=0 epoch= 15/25 (12.9s)
[preact-mean] softplus_beta20 seed=0 epoch= 16/25 (12.9s)
[preact-mean] softplus_beta20 seed=0 epoch= 17/25 (12.9s)
[preact-mean] softplus_beta20 seed=0 epoch= 18/25 test_acc=0.897 mean_mu=-0.05762 mean_sigma=0.2151 std_mu=-0.56736 (14.6s)
[preact-mean] softplus_beta20 seed=0 epoch= 19/25 (12.9s)
[preact-mean] softplus_beta20 seed=0 epoch= 20/25 (12.9s)
[preact-mean] softplus_beta20 seed=0 epoch= 21/25 (13.0s)
[preact-mean] softplus_beta20 seed=0 epoch= 22/25 (12.9s)
[preact-mean] softplus_beta20 seed=0 epoch= 23/25 (12.9s)
[preact-mean] softplus_beta20 seed=0 epoch= 24/25 test_acc=0.927 mean_mu=-0.05601 mean_sigma=0.2077 std_mu=-0.40741 (14.5s)
[preact-mean] softplus_beta20 seed=0 done in 5.5 min
[preact-mean] softplus_beta20 seed=1 epoch=  0/25 test_acc=0.412 mean_mu=+0.02377 mean_sigma=0.8414 std_mu=-0.00527 (14.6s)
[preact-mean] softplus_beta20 seed=1 epoch=  1/25 (12.9s)
[preact-mean] softplus_beta20 seed=1 epoch=  2/25 (13.0s)
[preact-mean] softplus_beta20 seed=1 epoch=  3/25 (13.0s)
[preact-mean] softplus_beta20 seed=1 epoch=  4/25 (13.0s)
[preact-mean] softplus_beta20 seed=1 epoch=  5/25 (13.0s)
[preact-mean] softplus_beta20 seed=1 epoch=  6/25 test_acc=0.750 mean_mu=-0.04384 mean_sigma=0.3406 std_mu=-0.20449 (14.6s)
[preact-mean] softplus_beta20 seed=1 epoch=  7/25 (12.9s)
[preact-mean] softplus_beta20 seed=1 epoch=  8/25 (13.0s)
[preact-mean] softplus_beta20 seed=1 epoch=  9/25 (13.0s)
[preact-mean] softplus_beta20 seed=1 epoch= 10/25 (13.0s)
[preact-mean] softplus_beta20 seed=1 epoch= 11/25 (13.0s)
[preact-mean] softplus_beta20 seed=1 epoch= 12/25 test_acc=0.833 mean_mu=-0.06007 mean_sigma=0.2322 std_mu=-0.35936 (14.6s)
[preact-mean] softplus_beta20 seed=1 epoch= 13/25 (12.9s)
[preact-mean] softplus_beta20 seed=1 epoch= 14/25 (12.9s)
[preact-mean] softplus_beta20 seed=1 epoch= 15/25 (13.0s)
[preact-mean] softplus_beta20 seed=1 epoch= 16/25 (12.9s)
[preact-mean] softplus_beta20 seed=1 epoch= 17/25 (12.9s)
[preact-mean] softplus_beta20 seed=1 epoch= 18/25 test_acc=0.897 mean_mu=-0.06004 mean_sigma=0.2108 std_mu=-0.47628 (14.5s)
[preact-mean] softplus_beta20 seed=1 epoch= 19/25 (12.9s)
[preact-mean] softplus_beta20 seed=1 epoch= 20/25 (13.0s)
[preact-mean] softplus_beta20 seed=1 epoch= 21/25 (13.1s)
[preact-mean] softplus_beta20 seed=1 epoch= 22/25 (13.2s)
[preact-mean] softplus_beta20 seed=1 epoch= 23/25 (13.2s)
[preact-mean] softplus_beta20 seed=1 epoch= 24/25 test_acc=0.928 mean_mu=-0.05821 mean_sigma=0.2039 std_mu=-0.42205 (14.8s)
[preact-mean] softplus_beta20 seed=1 done in 5.6 min
[preact-mean] softplus_beta20 seed=2 epoch=  0/25 test_acc=0.404 mean_mu=+0.01570 mean_sigma=0.8387 std_mu=-0.00644 (16.2s)
[preact-mean] softplus_beta20 seed=2 epoch=  1/25 (13.0s)
[preact-mean] softplus_beta20 seed=2 epoch=  2/25 (13.1s)
[preact-mean] softplus_beta20 seed=2 epoch=  3/25 (13.2s)
[preact-mean] softplus_beta20 seed=2 epoch=  4/25 (13.2s)
[preact-mean] softplus_beta20 seed=2 epoch=  5/25 (13.0s)
[preact-mean] softplus_beta20 seed=2 epoch=  6/25 test_acc=0.774 mean_mu=-0.05171 mean_sigma=0.3361 std_mu=-0.18679 (14.7s)
[preact-mean] softplus_beta20 seed=2 epoch=  7/25 (13.1s)
[preact-mean] softplus_beta20 seed=2 epoch=  8/25 (13.2s)
[preact-mean] softplus_beta20 seed=2 epoch=  9/25 (13.2s)
[preact-mean] softplus_beta20 seed=2 epoch= 10/25 (13.5s)
[preact-mean] softplus_beta20 seed=2 epoch= 11/25 (13.2s)
[preact-mean] softplus_beta20 seed=2 epoch= 12/25 test_acc=0.818 mean_mu=-0.05936 mean_sigma=0.2312 std_mu=-0.34533 (14.9s)
[preact-mean] softplus_beta20 seed=2 epoch= 13/25 (22.4s)
[preact-mean] softplus_beta20 seed=2 epoch= 14/25 (13.0s)
[preact-mean] softplus_beta20 seed=2 epoch= 15/25 (12.9s)
[preact-mean] softplus_beta20 seed=2 epoch= 16/25 (12.9s)
[preact-mean] softplus_beta20 seed=2 epoch= 17/25 (12.9s)
[preact-mean] softplus_beta20 seed=2 epoch= 18/25 test_acc=0.901 mean_mu=-0.05800 mean_sigma=0.2092 std_mu=-0.38440 (15.7s)
[preact-mean] softplus_beta20 seed=2 epoch= 19/25 (13.2s)
[preact-mean] softplus_beta20 seed=2 epoch= 20/25 (13.1s)
[preact-mean] softplus_beta20 seed=2 epoch= 21/25 (13.2s)
[preact-mean] softplus_beta20 seed=2 epoch= 22/25 (13.2s)
[preact-mean] softplus_beta20 seed=2 epoch= 23/25 (13.1s)
[preact-mean] softplus_beta20 seed=2 epoch= 24/25 test_acc=0.926 mean_mu=-0.05613 mean_sigma=0.2024 std_mu=-0.39347 (14.7s)
[preact-mean] softplus_beta20 seed=2 done in 5.8 min
[preact-mean] softplus_beta10 seed=0 epoch=  0/25 test_acc=0.385 mean_mu=+0.02756 mean_sigma=0.8600 std_mu=+0.00083 (14.6s)
[preact-mean] softplus_beta10 seed=0 epoch=  1/25 (13.1s)
[preact-mean] softplus_beta10 seed=0 epoch=  2/25 (13.2s)
[preact-mean] softplus_beta10 seed=0 epoch=  3/25 (13.1s)
[preact-mean] softplus_beta10 seed=0 epoch=  4/25 (13.1s)
[preact-mean] softplus_beta10 seed=0 epoch=  5/25 (13.2s)
[preact-mean] softplus_beta10 seed=0 epoch=  6/25 test_acc=0.748 mean_mu=-0.03834 mean_sigma=0.3500 std_mu=-0.13561 (15.0s)
[preact-mean] softplus_beta10 seed=0 epoch=  7/25 (13.1s)
[preact-mean] softplus_beta10 seed=0 epoch=  8/25 (13.2s)
[preact-mean] softplus_beta10 seed=0 epoch=  9/25 (13.2s)
[preact-mean] softplus_beta10 seed=0 epoch= 10/25 (13.1s)
[preact-mean] softplus_beta10 seed=0 epoch= 11/25 (13.2s)
[preact-mean] softplus_beta10 seed=0 epoch= 12/25 test_acc=0.823 mean_mu=-0.06183 mean_sigma=0.2509 std_mu=-0.33095 (14.6s)
[preact-mean] softplus_beta10 seed=0 epoch= 13/25 (13.0s)
[preact-mean] softplus_beta10 seed=0 epoch= 14/25 (13.0s)
[preact-mean] softplus_beta10 seed=0 epoch= 15/25 (12.9s)
[preact-mean] softplus_beta10 seed=0 epoch= 16/25 (12.9s)
[preact-mean] softplus_beta10 seed=0 epoch= 17/25 (12.9s)
[preact-mean] softplus_beta10 seed=0 epoch= 18/25 test_acc=0.889 mean_mu=-0.06225 mean_sigma=0.2300 std_mu=-0.36359 (14.5s)
[preact-mean] softplus_beta10 seed=0 epoch= 19/25 (12.9s)
[preact-mean] softplus_beta10 seed=0 epoch= 20/25 (12.9s)
[preact-mean] softplus_beta10 seed=0 epoch= 21/25 (12.9s)
[preact-mean] softplus_beta10 seed=0 epoch= 22/25 (12.9s)
[preact-mean] softplus_beta10 seed=0 epoch= 23/25 (12.9s)
[preact-mean] softplus_beta10 seed=0 epoch= 24/25 test_acc=0.924 mean_mu=-0.05966 mean_sigma=0.2239 std_mu=-0.38380 (14.5s)
[preact-mean] softplus_beta10 seed=0 done in 5.6 min
[preact-mean] softplus_beta10 seed=1 epoch=  0/25 test_acc=0.424 mean_mu=+0.03221 mean_sigma=0.8539 std_mu=+0.00479 (14.5s)
[preact-mean] softplus_beta10 seed=1 epoch=  1/25 (13.0s)
[preact-mean] softplus_beta10 seed=1 epoch=  2/25 (12.9s)
[preact-mean] softplus_beta10 seed=1 epoch=  3/25 (12.9s)
[preact-mean] softplus_beta10 seed=1 epoch=  4/25 (12.9s)
[preact-mean] softplus_beta10 seed=1 epoch=  5/25 (13.0s)
[preact-mean] softplus_beta10 seed=1 epoch=  6/25 test_acc=0.774 mean_mu=-0.04964 mean_sigma=0.3490 std_mu=-0.16188 (14.6s)
[preact-mean] softplus_beta10 seed=1 epoch=  7/25 (12.9s)
[preact-mean] softplus_beta10 seed=1 epoch=  8/25 (12.9s)
[preact-mean] softplus_beta10 seed=1 epoch=  9/25 (12.9s)
[preact-mean] softplus_beta10 seed=1 epoch= 10/25 (12.9s)
[preact-mean] softplus_beta10 seed=1 epoch= 11/25 (12.9s)
[preact-mean] softplus_beta10 seed=1 epoch= 12/25 test_acc=0.848 mean_mu=-0.06584 mean_sigma=0.2531 std_mu=-0.31965 (14.5s)
[preact-mean] softplus_beta10 seed=1 epoch= 13/25 (12.9s)
[preact-mean] softplus_beta10 seed=1 epoch= 14/25 (12.9s)
[preact-mean] softplus_beta10 seed=1 epoch= 15/25 (12.9s)
[preact-mean] softplus_beta10 seed=1 epoch= 16/25 (12.9s)
[preact-mean] softplus_beta10 seed=1 epoch= 17/25 (12.9s)
[preact-mean] softplus_beta10 seed=1 epoch= 18/25 test_acc=0.898 mean_mu=-0.06537 mean_sigma=0.2322 std_mu=-0.39846 (14.5s)
[preact-mean] softplus_beta10 seed=1 epoch= 19/25 (12.9s)
[preact-mean] softplus_beta10 seed=1 epoch= 20/25 (12.9s)
[preact-mean] softplus_beta10 seed=1 epoch= 21/25 (12.9s)
[preact-mean] softplus_beta10 seed=1 epoch= 22/25 (12.9s)
[preact-mean] softplus_beta10 seed=1 epoch= 23/25 (12.9s)
[preact-mean] softplus_beta10 seed=1 epoch= 24/25 test_acc=0.920 mean_mu=-0.06271 mean_sigma=0.2262 std_mu=-0.38112 (14.5s)
[preact-mean] softplus_beta10 seed=1 done in 5.5 min
[preact-mean] softplus_beta10 seed=2 epoch=  0/25 test_acc=0.415 mean_mu=+0.02053 mean_sigma=0.8424 std_mu=-0.01310 (14.6s)
[preact-mean] softplus_beta10 seed=2 epoch=  1/25 (12.9s)
[preact-mean] softplus_beta10 seed=2 epoch=  2/25 (12.9s)
[preact-mean] softplus_beta10 seed=2 epoch=  3/25 (12.9s)
[preact-mean] softplus_beta10 seed=2 epoch=  4/25 (12.9s)
[preact-mean] softplus_beta10 seed=2 epoch=  5/25 (12.9s)
[preact-mean] softplus_beta10 seed=2 epoch=  6/25 test_acc=0.781 mean_mu=-0.05068 mean_sigma=0.3516 std_mu=-0.16605 (14.5s)
[preact-mean] softplus_beta10 seed=2 epoch=  7/25 (12.9s)
[preact-mean] softplus_beta10 seed=2 epoch=  8/25 (12.9s)
[preact-mean] softplus_beta10 seed=2 epoch=  9/25 (12.9s)
[preact-mean] softplus_beta10 seed=2 epoch= 10/25 (12.9s)
[preact-mean] softplus_beta10 seed=2 epoch= 11/25 (12.9s)
[preact-mean] softplus_beta10 seed=2 epoch= 12/25 test_acc=0.845 mean_mu=-0.06980 mean_sigma=0.2546 std_mu=-0.41368 (14.5s)
[preact-mean] softplus_beta10 seed=2 epoch= 13/25 (12.9s)
[preact-mean] softplus_beta10 seed=2 epoch= 14/25 (12.9s)
[preact-mean] softplus_beta10 seed=2 epoch= 15/25 (12.9s)
[preact-mean] softplus_beta10 seed=2 epoch= 16/25 (13.0s)
[preact-mean] softplus_beta10 seed=2 epoch= 17/25 (13.0s)
[preact-mean] softplus_beta10 seed=2 epoch= 18/25 test_acc=0.896 mean_mu=-0.07067 mean_sigma=0.2334 std_mu=-0.38435 (14.6s)
[preact-mean] softplus_beta10 seed=2 epoch= 19/25 (12.9s)
[preact-mean] softplus_beta10 seed=2 epoch= 20/25 (12.9s)
[preact-mean] softplus_beta10 seed=2 epoch= 21/25 (12.9s)
[preact-mean] softplus_beta10 seed=2 epoch= 22/25 (12.9s)
[preact-mean] softplus_beta10 seed=2 epoch= 23/25 (12.9s)
[preact-mean] softplus_beta10 seed=2 epoch= 24/25 test_acc=0.924 mean_mu=-0.06808 mean_sigma=0.2268 std_mu=-0.39462 (14.6s)
[preact-mean] softplus_beta10 seed=2 done in 5.5 min
[preact-mean] softplus_beta5 seed=0 epoch=  0/25 test_acc=0.386 mean_mu=+0.02780 mean_sigma=0.8545 std_mu=-0.02401 (14.6s)
[preact-mean] softplus_beta5 seed=0 epoch=  1/25 (13.0s)
[preact-mean] softplus_beta5 seed=0 epoch=  2/25 (13.0s)
[preact-mean] softplus_beta5 seed=0 epoch=  3/25 (13.0s)
[preact-mean] softplus_beta5 seed=0 epoch=  4/25 (13.0s)
[preact-mean] softplus_beta5 seed=0 epoch=  5/25 (13.0s)
[preact-mean] softplus_beta5 seed=0 epoch=  6/25 test_acc=0.688 mean_mu=-0.03254 mean_sigma=0.3619 std_mu=-0.11522 (14.6s)
[preact-mean] softplus_beta5 seed=0 epoch=  7/25 (13.0s)
[preact-mean] softplus_beta5 seed=0 epoch=  8/25 (13.0s)
[preact-mean] softplus_beta5 seed=0 epoch=  9/25 (13.0s)
[preact-mean] softplus_beta5 seed=0 epoch= 10/25 (13.0s)
[preact-mean] softplus_beta5 seed=0 epoch= 11/25 (13.0s)
[preact-mean] softplus_beta5 seed=0 epoch= 12/25 test_acc=0.789 mean_mu=-0.06112 mean_sigma=0.2751 std_mu=-0.26835 (14.9s)
[preact-mean] softplus_beta5 seed=0 epoch= 13/25 (13.0s)
[preact-mean] softplus_beta5 seed=0 epoch= 14/25 (13.0s)
[preact-mean] softplus_beta5 seed=0 epoch= 15/25 (13.0s)
[preact-mean] softplus_beta5 seed=0 epoch= 16/25 (13.0s)
[preact-mean] softplus_beta5 seed=0 epoch= 17/25 (13.0s)
[preact-mean] softplus_beta5 seed=0 epoch= 18/25 test_acc=0.863 mean_mu=-0.06111 mean_sigma=0.2534 std_mu=-0.30127 (14.6s)
[preact-mean] softplus_beta5 seed=0 epoch= 19/25 (12.9s)
[preact-mean] softplus_beta5 seed=0 epoch= 20/25 (13.0s)
[preact-mean] softplus_beta5 seed=0 epoch= 21/25 (13.0s)
[preact-mean] softplus_beta5 seed=0 epoch= 22/25 (13.0s)
[preact-mean] softplus_beta5 seed=0 epoch= 23/25 (13.0s)
[preact-mean] softplus_beta5 seed=0 epoch= 24/25 test_acc=0.913 mean_mu=-0.05771 mean_sigma=0.2475 std_mu=-0.30282 (14.6s)
[preact-mean] softplus_beta5 seed=0 done in 5.6 min
[preact-mean] softplus_beta5 seed=1 epoch=  0/25 test_acc=0.389 mean_mu=+0.01561 mean_sigma=0.8356 std_mu=-0.03804 (14.5s)
[preact-mean] softplus_beta5 seed=1 epoch=  1/25 (12.9s)
[preact-mean] softplus_beta5 seed=1 epoch=  2/25 (12.9s)
[preact-mean] softplus_beta5 seed=1 epoch=  3/25 (12.9s)
[preact-mean] softplus_beta5 seed=1 epoch=  4/25 (12.9s)
[preact-mean] softplus_beta5 seed=1 epoch=  5/25 (12.9s)
[preact-mean] softplus_beta5 seed=1 epoch=  6/25 test_acc=0.701 mean_mu=-0.04193 mean_sigma=0.3713 std_mu=-0.12496 (14.5s)
[preact-mean] softplus_beta5 seed=1 epoch=  7/25 (12.9s)
[preact-mean] softplus_beta5 seed=1 epoch=  8/25 (12.9s)
[preact-mean] softplus_beta5 seed=1 epoch=  9/25 (12.9s)
[preact-mean] softplus_beta5 seed=1 epoch= 10/25 (12.9s)
[preact-mean] softplus_beta5 seed=1 epoch= 11/25 (13.0s)
[preact-mean] softplus_beta5 seed=1 epoch= 12/25 test_acc=0.815 mean_mu=-0.06405 mean_sigma=0.2810 std_mu=-0.24988 (14.5s)
[preact-mean] softplus_beta5 seed=1 epoch= 13/25 (12.9s)
[preact-mean] softplus_beta5 seed=1 epoch= 14/25 (12.9s)
[preact-mean] softplus_beta5 seed=1 epoch= 15/25 (12.9s)
[preact-mean] softplus_beta5 seed=1 epoch= 16/25 (12.9s)
[preact-mean] softplus_beta5 seed=1 epoch= 17/25 (12.9s)
[preact-mean] softplus_beta5 seed=1 epoch= 18/25 test_acc=0.877 mean_mu=-0.06059 mean_sigma=0.2582 std_mu=-0.27494 (14.5s)
[preact-mean] softplus_beta5 seed=1 epoch= 19/25 (12.9s)
[preact-mean] softplus_beta5 seed=1 epoch= 20/25 (12.9s)
[preact-mean] softplus_beta5 seed=1 epoch= 21/25 (12.9s)
[preact-mean] softplus_beta5 seed=1 epoch= 22/25 (12.9s)
[preact-mean] softplus_beta5 seed=1 epoch= 23/25 (12.9s)
[preact-mean] softplus_beta5 seed=1 epoch= 24/25 test_acc=0.925 mean_mu=-0.05687 mean_sigma=0.2521 std_mu=-0.31090 (14.6s)
[preact-mean] softplus_beta5 seed=1 done in 5.5 min
[preact-mean] softplus_beta5 seed=2 epoch=  0/25 test_acc=0.415 mean_mu=+0.02620 mean_sigma=0.8425 std_mu=-0.00772 (14.6s)
[preact-mean] softplus_beta5 seed=2 epoch=  1/25 (12.9s)
[preact-mean] softplus_beta5 seed=2 epoch=  2/25 (13.0s)
[preact-mean] softplus_beta5 seed=2 epoch=  3/25 (12.9s)
[preact-mean] softplus_beta5 seed=2 epoch=  4/25 (12.9s)
[preact-mean] softplus_beta5 seed=2 epoch=  5/25 (12.9s)
[preact-mean] softplus_beta5 seed=2 epoch=  6/25 test_acc=0.765 mean_mu=-0.04527 mean_sigma=0.3739 std_mu=-0.13553 (14.5s)
[preact-mean] softplus_beta5 seed=2 epoch=  7/25 (12.9s)
[preact-mean] softplus_beta5 seed=2 epoch=  8/25 (12.9s)
[preact-mean] softplus_beta5 seed=2 epoch=  9/25 (12.9s)
[preact-mean] softplus_beta5 seed=2 epoch= 10/25 (12.9s)
[preact-mean] softplus_beta5 seed=2 epoch= 11/25 (12.9s)
[preact-mean] softplus_beta5 seed=2 epoch= 12/25 test_acc=0.839 mean_mu=-0.06832 mean_sigma=0.2824 std_mu=-0.28999 (14.5s)
[preact-mean] softplus_beta5 seed=2 epoch= 13/25 (12.9s)
[preact-mean] softplus_beta5 seed=2 epoch= 14/25 (13.0s)
[preact-mean] softplus_beta5 seed=2 epoch= 15/25 (13.0s)
[preact-mean] softplus_beta5 seed=2 epoch= 16/25 (31.7s)
[preact-mean] softplus_beta5 seed=2 epoch= 17/25 (13.0s)
[preact-mean] softplus_beta5 seed=2 epoch= 18/25 test_acc=0.886 mean_mu=-0.06482 mean_sigma=0.2606 std_mu=-0.33800 (15.4s)
[preact-mean] softplus_beta5 seed=2 epoch= 19/25 (13.0s)
[preact-mean] softplus_beta5 seed=2 epoch= 20/25 (13.0s)
[preact-mean] softplus_beta5 seed=2 epoch= 21/25 (13.0s)
[preact-mean] softplus_beta5 seed=2 epoch= 22/25 (12.9s)
[preact-mean] softplus_beta5 seed=2 epoch= 23/25 (12.9s)
[preact-mean] softplus_beta5 seed=2 epoch= 24/25 test_acc=0.922 mean_mu=-0.06110 mean_sigma=0.2544 std_mu=-0.29617 (14.5s)
[preact-mean] softplus_beta5 seed=2 done in 5.9 min
[preact-mean] gelu seed=0 epoch=  0/25 test_acc=0.455 mean_mu=+0.03363 mean_sigma=0.9096 std_mu=+0.02734 (16.8s)
[preact-mean] gelu seed=0 epoch=  1/25 (12.9s)
[preact-mean] gelu seed=0 epoch=  2/25 (13.0s)
[preact-mean] gelu seed=0 epoch=  3/25 (12.9s)
[preact-mean] gelu seed=0 epoch=  4/25 (13.0s)
[preact-mean] gelu seed=0 epoch=  5/25 (13.0s)
[preact-mean] gelu seed=0 epoch=  6/25 test_acc=0.769 mean_mu=-0.04149 mean_sigma=0.4175 std_mu=-0.10530 (14.6s)
[preact-mean] gelu seed=0 epoch=  7/25 (12.9s)
[preact-mean] gelu seed=0 epoch=  8/25 (13.0s)
[preact-mean] gelu seed=0 epoch=  9/25 (13.0s)
[preact-mean] gelu seed=0 epoch= 10/25 (12.9s)
[preact-mean] gelu seed=0 epoch= 11/25 (13.0s)
[preact-mean] gelu seed=0 epoch= 12/25 test_acc=0.854 mean_mu=-0.05067 mean_sigma=0.3272 std_mu=-0.15881 (14.6s)
[preact-mean] gelu seed=0 epoch= 13/25 (12.9s)
[preact-mean] gelu seed=0 epoch= 14/25 (12.9s)
[preact-mean] gelu seed=0 epoch= 15/25 (12.9s)
[preact-mean] gelu seed=0 epoch= 16/25 (12.9s)
[preact-mean] gelu seed=0 epoch= 17/25 (12.9s)
[preact-mean] gelu seed=0 epoch= 18/25 test_acc=0.896 mean_mu=-0.04925 mean_sigma=0.3003 std_mu=-0.17129 (14.5s)
[preact-mean] gelu seed=0 epoch= 19/25 (12.9s)
[preact-mean] gelu seed=0 epoch= 20/25 (12.9s)
[preact-mean] gelu seed=0 epoch= 21/25 (12.9s)
[preact-mean] gelu seed=0 epoch= 22/25 (12.9s)
[preact-mean] gelu seed=0 epoch= 23/25 (12.9s)
[preact-mean] gelu seed=0 epoch= 24/25 test_acc=0.925 mean_mu=-0.04690 mean_sigma=0.2929 std_mu=-0.17224 (14.5s)
[preact-mean] gelu seed=0 done in 5.6 min
[preact-mean] gelu seed=1 epoch=  0/25 test_acc=0.455 mean_mu=+0.03288 mean_sigma=0.9081 std_mu=+0.02658 (14.5s)
[preact-mean] gelu seed=1 epoch=  1/25 (13.0s)
[preact-mean] gelu seed=1 epoch=  2/25 (12.9s)
[preact-mean] gelu seed=1 epoch=  3/25 (12.9s)
[preact-mean] gelu seed=1 epoch=  4/25 (12.9s)
[preact-mean] gelu seed=1 epoch=  5/25 (13.0s)
[preact-mean] gelu seed=1 epoch=  6/25 test_acc=0.769 mean_mu=-0.04484 mean_sigma=0.4191 std_mu=-0.11253 (14.6s)
[preact-mean] gelu seed=1 epoch=  7/25 (13.0s)
[preact-mean] gelu seed=1 epoch=  8/25 (12.9s)
[preact-mean] gelu seed=1 epoch=  9/25 (13.0s)
[preact-mean] gelu seed=1 epoch= 10/25 (13.0s)
[preact-mean] gelu seed=1 epoch= 11/25 (12.9s)
[preact-mean] gelu seed=1 epoch= 12/25 test_acc=0.861 mean_mu=-0.05683 mean_sigma=0.3283 std_mu=-0.17597 (14.6s)
[preact-mean] gelu seed=1 epoch= 13/25 (13.0s)
[preact-mean] gelu seed=1 epoch= 14/25 (13.0s)
[preact-mean] gelu seed=1 epoch= 15/25 (13.0s)
[preact-mean] gelu seed=1 epoch= 16/25 (13.0s)
[preact-mean] gelu seed=1 epoch= 17/25 (13.0s)
[preact-mean] gelu seed=1 epoch= 18/25 test_acc=0.899 mean_mu=-0.05460 mean_sigma=0.3022 std_mu=-0.18784 (14.6s)
[preact-mean] gelu seed=1 epoch= 19/25 (13.0s)
[preact-mean] gelu seed=1 epoch= 20/25 (13.0s)
[preact-mean] gelu seed=1 epoch= 21/25 (12.9s)
[preact-mean] gelu seed=1 epoch= 22/25 (12.9s)
[preact-mean] gelu seed=1 epoch= 23/25 (12.9s)
[preact-mean] gelu seed=1 epoch= 24/25 test_acc=0.924 mean_mu=-0.05223 mean_sigma=0.2945 std_mu=-0.19442 (14.6s)
[preact-mean] gelu seed=1 done in 5.6 min
[preact-mean] gelu seed=2 epoch=  0/25 test_acc=0.448 mean_mu=+0.03220 mean_sigma=0.9077 std_mu=+0.02639 (14.6s)
[preact-mean] gelu seed=2 epoch=  1/25 (13.0s)
[preact-mean] gelu seed=2 epoch=  2/25 (13.0s)
[preact-mean] gelu seed=2 epoch=  3/25 (13.0s)
[preact-mean] gelu seed=2 epoch=  4/25 (13.1s)
[preact-mean] gelu seed=2 epoch=  5/25 (13.1s)
[preact-mean] gelu seed=2 epoch=  6/25 test_acc=0.808 mean_mu=-0.04677 mean_sigma=0.4182 std_mu=-0.11986 (14.9s)
[preact-mean] gelu seed=2 epoch=  7/25 (13.0s)
[preact-mean] gelu seed=2 epoch=  8/25 (12.9s)
[preact-mean] gelu seed=2 epoch=  9/25 (13.1s)
[preact-mean] gelu seed=2 epoch= 10/25 (13.0s)
[preact-mean] gelu seed=2 epoch= 11/25 (13.1s)
[preact-mean] gelu seed=2 epoch= 12/25 test_acc=0.853 mean_mu=-0.05706 mean_sigma=0.3302 std_mu=-0.17742 (14.6s)
[preact-mean] gelu seed=2 epoch= 13/25 (13.1s)
[preact-mean] gelu seed=2 epoch= 14/25 (13.1s)
[preact-mean] gelu seed=2 epoch= 15/25 (13.0s)
[preact-mean] gelu seed=2 epoch= 16/25 (13.0s)
[preact-mean] gelu seed=2 epoch= 17/25 (13.0s)
[preact-mean] gelu seed=2 epoch= 18/25 test_acc=0.904 mean_mu=-0.05595 mean_sigma=0.3043 std_mu=-0.21713 (14.7s)
[preact-mean] gelu seed=2 epoch= 19/25 (13.1s)
[preact-mean] gelu seed=2 epoch= 20/25 (13.0s)
[preact-mean] gelu seed=2 epoch= 21/25 (13.0s)
[preact-mean] gelu seed=2 epoch= 22/25 (13.0s)
[preact-mean] gelu seed=2 epoch= 23/25 (13.1s)
[preact-mean] gelu seed=2 epoch= 24/25 test_acc=0.926 mean_mu=-0.05333 mean_sigma=0.2966 std_mu=-0.19999 (14.6s)
[preact-mean] gelu seed=2 done in 5.6 min
[preact-mean] silu seed=0 epoch=  0/25 test_acc=0.431 mean_mu=+0.02222 mean_sigma=0.9050 std_mu=+0.01676 (15.6s)
[preact-mean] silu seed=0 epoch=  1/25 (13.0s)
[preact-mean] silu seed=0 epoch=  2/25 (13.1s)
[preact-mean] silu seed=0 epoch=  3/25 (13.0s)
[preact-mean] silu seed=0 epoch=  4/25 (13.0s)
[preact-mean] silu seed=0 epoch=  5/25 (13.0s)
[preact-mean] silu seed=0 epoch=  6/25 test_acc=0.789 mean_mu=-0.03761 mean_sigma=0.4484 std_mu=-0.07970 (14.6s)
[preact-mean] silu seed=0 epoch=  7/25 (13.0s)
[preact-mean] silu seed=0 epoch=  8/25 (13.0s)
[preact-mean] silu seed=0 epoch=  9/25 (13.0s)
[preact-mean] silu seed=0 epoch= 10/25 (13.0s)
[preact-mean] silu seed=0 epoch= 11/25 (13.1s)
[preact-mean] silu seed=0 epoch= 12/25 test_acc=0.850 mean_mu=-0.04469 mean_sigma=0.3500 std_mu=-0.10487 (14.6s)
[preact-mean] silu seed=0 epoch= 13/25 (13.0s)
[preact-mean] silu seed=0 epoch= 14/25 (13.0s)
[preact-mean] silu seed=0 epoch= 15/25 (13.0s)
[preact-mean] silu seed=0 epoch= 16/25 (13.1s)
[preact-mean] silu seed=0 epoch= 17/25 (13.0s)
[preact-mean] silu seed=0 epoch= 18/25 test_acc=0.896 mean_mu=-0.04369 mean_sigma=0.3180 std_mu=-0.11149 (14.6s)
[preact-mean] silu seed=0 epoch= 19/25 (13.0s)
[preact-mean] silu seed=0 epoch= 20/25 (13.1s)
[preact-mean] silu seed=0 epoch= 21/25 (13.0s)
[preact-mean] silu seed=0 epoch= 22/25 (13.0s)
[preact-mean] silu seed=0 epoch= 23/25 (13.0s)
[preact-mean] silu seed=0 epoch= 24/25 test_acc=0.922 mean_mu=-0.04165 mean_sigma=0.3098 std_mu=-0.11014 (14.6s)
[preact-mean] silu seed=0 done in 5.6 min
[preact-mean] silu seed=1 epoch=  0/25 test_acc=0.467 mean_mu=+0.02871 mean_sigma=0.9221 std_mu=+0.02426 (14.8s)
[preact-mean] silu seed=1 epoch=  1/25 (13.0s)
[preact-mean] silu seed=1 epoch=  2/25 (13.0s)
[preact-mean] silu seed=1 epoch=  3/25 (13.0s)
[preact-mean] silu seed=1 epoch=  4/25 (13.1s)
[preact-mean] silu seed=1 epoch=  5/25 (13.1s)
[preact-mean] silu seed=1 epoch=  6/25 test_acc=0.795 mean_mu=-0.03796 mean_sigma=0.4492 std_mu=-0.08237 (14.6s)
[preact-mean] silu seed=1 epoch=  7/25 (13.0s)
[preact-mean] silu seed=1 epoch=  8/25 (13.1s)
[preact-mean] silu seed=1 epoch=  9/25 (13.1s)
[preact-mean] silu seed=1 epoch= 10/25 (13.0s)
[preact-mean] silu seed=1 epoch= 11/25 (13.0s)
[preact-mean] silu seed=1 epoch= 12/25 test_acc=0.846 mean_mu=-0.04420 mean_sigma=0.3484 std_mu=-0.10806 (14.6s)
[preact-mean] silu seed=1 epoch= 13/25 (13.1s)
[preact-mean] silu seed=1 epoch= 14/25 (13.0s)
[preact-mean] silu seed=1 epoch= 15/25 (16.5s)
[preact-mean] silu seed=1 epoch= 16/25 (13.0s)
[preact-mean] silu seed=1 epoch= 17/25 (13.0s)
[preact-mean] silu seed=1 epoch= 18/25 test_acc=0.891 mean_mu=-0.04265 mean_sigma=0.3180 std_mu=-0.10809 (14.7s)
[preact-mean] silu seed=1 epoch= 19/25 (13.0s)
[preact-mean] silu seed=1 epoch= 20/25 (13.0s)
[preact-mean] silu seed=1 epoch= 21/25 (13.0s)
[preact-mean] silu seed=1 epoch= 22/25 (13.1s)
[preact-mean] silu seed=1 epoch= 23/25 (13.0s)
[preact-mean] silu seed=1 epoch= 24/25 test_acc=0.917 mean_mu=-0.04063 mean_sigma=0.3094 std_mu=-0.10839 (14.6s)
[preact-mean] silu seed=1 done in 5.6 min
[preact-mean] silu seed=2 epoch=  0/25 test_acc=0.451 mean_mu=+0.02711 mean_sigma=0.9105 std_mu=+0.02281 (14.6s)
[preact-mean] silu seed=2 epoch=  1/25 (13.1s)
[preact-mean] silu seed=2 epoch=  2/25 (15.1s)
[preact-mean] silu seed=2 epoch=  3/25 (13.1s)
[preact-mean] silu seed=2 epoch=  4/25 (13.0s)
[preact-mean] silu seed=2 epoch=  5/25 (13.2s)
[preact-mean] silu seed=2 epoch=  6/25 test_acc=0.785 mean_mu=-0.03687 mean_sigma=0.4471 std_mu=-0.08032 (15.4s)
[preact-mean] silu seed=2 epoch=  7/25 (13.0s)
[preact-mean] silu seed=2 epoch=  8/25 (13.0s)
[preact-mean] silu seed=2 epoch=  9/25 (13.1s)
[preact-mean] silu seed=2 epoch= 10/25 (13.1s)
[preact-mean] silu seed=2 epoch= 11/25 (13.0s)
[preact-mean] silu seed=2 epoch= 12/25 test_acc=0.846 mean_mu=-0.04562 mean_sigma=0.3487 std_mu=-0.11082 (14.6s)
[preact-mean] silu seed=2 epoch= 13/25 (13.0s)
[preact-mean] silu seed=2 epoch= 14/25 (12.9s)
[preact-mean] silu seed=2 epoch= 15/25 (13.0s)
[preact-mean] silu seed=2 epoch= 16/25 (13.1s)
[preact-mean] silu seed=2 epoch= 17/25 (13.0s)
[preact-mean] silu seed=2 epoch= 18/25 test_acc=0.889 mean_mu=-0.04404 mean_sigma=0.3186 std_mu=-0.11102 (14.6s)
[preact-mean] silu seed=2 epoch= 19/25 (13.0s)
[preact-mean] silu seed=2 epoch= 20/25 (13.1s)
[preact-mean] silu seed=2 epoch= 21/25 (13.2s)
[preact-mean] silu seed=2 epoch= 22/25 (13.0s)
[preact-mean] silu seed=2 epoch= 23/25 (13.0s)
[preact-mean] silu seed=2 epoch= 24/25 test_acc=0.918 mean_mu=-0.04170 mean_sigma=0.3105 std_mu=-0.11051 (14.6s)
[preact-mean] silu seed=2 done in 5.6 min
[preact-mean] mish seed=0 epoch=  0/25 test_acc=0.463 mean_mu=+0.02143 mean_sigma=0.9154 std_mu=+0.01316 (15.5s)
[preact-mean] mish seed=0 epoch=  1/25 (13.0s)
[preact-mean] mish seed=0 epoch=  2/25 (13.1s)
[preact-mean] mish seed=0 epoch=  3/25 (13.1s)
[preact-mean] mish seed=0 epoch=  4/25 (13.0s)
[preact-mean] mish seed=0 epoch=  5/25 (13.1s)
[preact-mean] mish seed=0 epoch=  6/25 test_acc=0.783 mean_mu=-0.05934 mean_sigma=0.4414 std_mu=-0.12323 (14.6s)
[preact-mean] mish seed=0 epoch=  7/25 (13.1s)
[preact-mean] mish seed=0 epoch=  8/25 (13.0s)
[preact-mean] mish seed=0 epoch=  9/25 (13.1s)
[preact-mean] mish seed=0 epoch= 10/25 (13.0s)
[preact-mean] mish seed=0 epoch= 11/25 (13.0s)
[preact-mean] mish seed=0 epoch= 12/25 test_acc=0.845 mean_mu=-0.07076 mean_sigma=0.3423 std_mu=-0.17407 (14.8s)
[preact-mean] mish seed=0 epoch= 13/25 (13.0s)
[preact-mean] mish seed=0 epoch= 14/25 (13.0s)
[preact-mean] mish seed=0 epoch= 15/25 (13.0s)
[preact-mean] mish seed=0 epoch= 16/25 (13.1s)
[preact-mean] mish seed=0 epoch= 17/25 (13.1s)
[preact-mean] mish seed=0 epoch= 18/25 test_acc=0.896 mean_mu=-0.06867 mean_sigma=0.3113 std_mu=-0.18346 (14.7s)
[preact-mean] mish seed=0 epoch= 19/25 (13.0s)
[preact-mean] mish seed=0 epoch= 20/25 (13.0s)
[preact-mean] mish seed=0 epoch= 21/25 (13.1s)
[preact-mean] mish seed=0 epoch= 22/25 (13.0s)
[preact-mean] mish seed=0 epoch= 23/25 (13.0s)
[preact-mean] mish seed=0 epoch= 24/25 test_acc=0.923 mean_mu=-0.06593 mean_sigma=0.3039 std_mu=-0.18407 (14.6s)
[preact-mean] mish seed=0 done in 5.6 min
[preact-mean] mish seed=1 epoch=  0/25 test_acc=0.453 mean_mu=+0.01364 mean_sigma=0.9023 std_mu=+0.00106 (14.7s)
[preact-mean] mish seed=1 epoch=  1/25 (13.0s)
[preact-mean] mish seed=1 epoch=  2/25 (13.0s)
[preact-mean] mish seed=1 epoch=  3/25 (13.0s)
[preact-mean] mish seed=1 epoch=  4/25 (13.0s)
[preact-mean] mish seed=1 epoch=  5/25 (13.0s)
[preact-mean] mish seed=1 epoch=  6/25 test_acc=0.797 mean_mu=-0.06579 mean_sigma=0.4405 std_mu=-0.13591 (14.6s)
[preact-mean] mish seed=1 epoch=  7/25 (13.0s)
[preact-mean] mish seed=1 epoch=  8/25 (13.0s)
[preact-mean] mish seed=1 epoch=  9/25 (13.1s)
[preact-mean] mish seed=1 epoch= 10/25 (13.0s)
[preact-mean] mish seed=1 epoch= 11/25 (13.0s)
[preact-mean] mish seed=1 epoch= 12/25 test_acc=0.853 mean_mu=-0.07584 mean_sigma=0.3393 std_mu=-0.18836 (14.6s)
[preact-mean] mish seed=1 epoch= 13/25 (13.0s)
[preact-mean] mish seed=1 epoch= 14/25 (13.1s)
[preact-mean] mish seed=1 epoch= 15/25 (13.0s)
[preact-mean] mish seed=1 epoch= 16/25 (13.0s)
[preact-mean] mish seed=1 epoch= 17/25 (13.0s)
[preact-mean] mish seed=1 epoch= 18/25 test_acc=0.890 mean_mu=-0.07273 mean_sigma=0.3099 std_mu=-0.19556 (14.6s)
[preact-mean] mish seed=1 epoch= 19/25 (13.1s)
[preact-mean] mish seed=1 epoch= 20/25 (13.0s)
[preact-mean] mish seed=1 epoch= 21/25 (12.9s)
[preact-mean] mish seed=1 epoch= 22/25 (13.2s)
[preact-mean] mish seed=1 epoch= 23/25 (13.0s)
[preact-mean] mish seed=1 epoch= 24/25 test_acc=0.922 mean_mu=-0.06936 mean_sigma=0.3023 std_mu=-0.19365 (14.7s)
[preact-mean] mish seed=1 done in 5.6 min
[preact-mean] mish seed=2 epoch=  0/25 test_acc=0.442 mean_mu=+0.00774 mean_sigma=0.8768 std_mu=-0.01304 (14.6s)
[preact-mean] mish seed=2 epoch=  1/25 (13.1s)
[preact-mean] mish seed=2 epoch=  2/25 (13.1s)
[preact-mean] mish seed=2 epoch=  3/25 (13.0s)
[preact-mean] mish seed=2 epoch=  4/25 (13.1s)
[preact-mean] mish seed=2 epoch=  5/25 (13.0s)
[preact-mean] mish seed=2 epoch=  6/25 test_acc=0.772 mean_mu=-0.05254 mean_sigma=0.4241 std_mu=-0.12310 (14.7s)
[preact-mean] mish seed=2 epoch=  7/25 (13.1s)
[preact-mean] mish seed=2 epoch=  8/25 (13.0s)
[preact-mean] mish seed=2 epoch=  9/25 (13.0s)
[preact-mean] mish seed=2 epoch= 10/25 (13.0s)
[preact-mean] mish seed=2 epoch= 11/25 (13.2s)
[preact-mean] mish seed=2 epoch= 12/25 test_acc=0.829 mean_mu=-0.06680 mean_sigma=0.3251 std_mu=-0.17993 (14.7s)
[preact-mean] mish seed=2 epoch= 13/25 (13.0s)
[preact-mean] mish seed=2 epoch= 14/25 (13.0s)
[preact-mean] mish seed=2 epoch= 15/25 (13.1s)
[preact-mean] mish seed=2 epoch= 16/25 (13.0s)
[preact-mean] mish seed=2 epoch= 17/25 (13.1s)
[preact-mean] mish seed=2 epoch= 18/25 test_acc=0.886 mean_mu=-0.06403 mean_sigma=0.2962 std_mu=-0.37637 (14.6s)
[preact-mean] mish seed=2 epoch= 19/25 (13.0s)
[preact-mean] mish seed=2 epoch= 20/25 (13.1s)
[preact-mean] mish seed=2 epoch= 21/25 (13.0s)
[preact-mean] mish seed=2 epoch= 22/25 (13.0s)
[preact-mean] mish seed=2 epoch= 23/25 (13.0s)
[preact-mean] mish seed=2 epoch= 24/25 test_acc=0.914 mean_mu=-0.06112 mean_sigma=0.2887 std_mu=-0.19801 (14.7s)
[preact-mean] mish seed=2 done in 5.6 min
Job complete at Fri Jun 19 23:01:54 EDT 2026
