Job ID: 11072643  Node: gilbreth-k045  Start: Sat Jun 20 19:21:51 EDT 2026
[chan-mech] device=cuda activations=['relu', 'gelu', 'silu', 'mish'] optimizer=adamw lr=0.001 seeds=[0, 1, 2] epochs=25
[chan-mech] z_low(relu, theta=0.01) = -0.00005
[chan-mech] z_low(gelu, theta=0.01) = -0.72910
[chan-mech] z_low(silu, theta=0.01) = -1.23390
[chan-mech] z_low(mish, theta=0.01) = -1.15600
[chan-mech] relu(adamw) seed=0 epoch=  0/25 [MECH] n_channels=3904 test_acc=0.574 mean_active_frac=0.514 (60.7s)
[chan-mech] relu(adamw) seed=0 epoch=  1/25 (13.3s)
[chan-mech] relu(adamw) seed=0 epoch=  2/25 (13.2s)
[chan-mech] relu(adamw) seed=0 epoch=  3/25 (13.3s)
[chan-mech] relu(adamw) seed=0 epoch=  4/25 (13.3s)
[chan-mech] relu(adamw) seed=0 epoch=  5/25 (13.2s)
[chan-mech] relu(adamw) seed=0 epoch=  6/25 [MECH] n_channels=3904 test_acc=0.823 mean_active_frac=0.474 (15.2s)
[chan-mech] relu(adamw) seed=0 epoch=  7/25 (13.4s)
[chan-mech] relu(adamw) seed=0 epoch=  8/25 (13.4s)
[chan-mech] relu(adamw) seed=0 epoch=  9/25 (13.3s)
[chan-mech] relu(adamw) seed=0 epoch= 10/25 (13.3s)
[chan-mech] relu(adamw) seed=0 epoch= 11/25 (13.3s)
[chan-mech] relu(adamw) seed=0 epoch= 12/25 [MECH] n_channels=3904 test_acc=0.880 mean_active_frac=0.453 (15.4s)
[chan-mech] relu(adamw) seed=0 epoch= 13/25 (13.2s)
[chan-mech] relu(adamw) seed=0 epoch= 14/25 (13.1s)
[chan-mech] relu(adamw) seed=0 epoch= 15/25 (13.2s)
[chan-mech] relu(adamw) seed=0 epoch= 16/25 (13.1s)
[chan-mech] relu(adamw) seed=0 epoch= 17/25 (13.3s)
[chan-mech] relu(adamw) seed=0 epoch= 18/25 [MECH] n_channels=3904 test_acc=0.912 mean_active_frac=0.446 (15.1s)
[chan-mech] relu(adamw) seed=0 epoch= 19/25 (13.2s)
[chan-mech] relu(adamw) seed=0 epoch= 20/25 (13.3s)
[chan-mech] relu(adamw) seed=0 epoch= 21/25 (13.2s)
[chan-mech] relu(adamw) seed=0 epoch= 22/25 (13.1s)
[chan-mech] relu(adamw) seed=0 epoch= 23/25 (13.1s)
[chan-mech] relu(adamw) seed=0 epoch= 24/25 [MECH] n_channels=3904 test_acc=0.919 mean_active_frac=0.443 (15.1s)
[chan-mech] relu(adamw) seed=0 done in 6.5 min
[chan-mech] relu(adamw) seed=1 epoch=  0/25 [MECH] n_channels=3904 test_acc=0.558 mean_active_frac=0.518 (15.0s)
[chan-mech] relu(adamw) seed=1 epoch=  1/25 (13.1s)
[chan-mech] relu(adamw) seed=1 epoch=  2/25 (13.1s)
[chan-mech] relu(adamw) seed=1 epoch=  3/25 (13.1s)
[chan-mech] relu(adamw) seed=1 epoch=  4/25 (13.0s)
[chan-mech] relu(adamw) seed=1 epoch=  5/25 (13.1s)
[chan-mech] relu(adamw) seed=1 epoch=  6/25 [MECH] n_channels=3904 test_acc=0.843 mean_active_frac=0.474 (15.0s)
[chan-mech] relu(adamw) seed=1 epoch=  7/25 (13.2s)
[chan-mech] relu(adamw) seed=1 epoch=  8/25 (13.1s)
[chan-mech] relu(adamw) seed=1 epoch=  9/25 (13.3s)
[chan-mech] relu(adamw) seed=1 epoch= 10/25 (13.2s)
[chan-mech] relu(adamw) seed=1 epoch= 11/25 (13.1s)
[chan-mech] relu(adamw) seed=1 epoch= 12/25 [MECH] n_channels=3904 test_acc=0.882 mean_active_frac=0.451 (15.1s)
[chan-mech] relu(adamw) seed=1 epoch= 13/25 (13.1s)
[chan-mech] relu(adamw) seed=1 epoch= 14/25 (13.2s)
[chan-mech] relu(adamw) seed=1 epoch= 15/25 (13.2s)
[chan-mech] relu(adamw) seed=1 epoch= 16/25 (13.1s)
[chan-mech] relu(adamw) seed=1 epoch= 17/25 (13.2s)
[chan-mech] relu(adamw) seed=1 epoch= 18/25 [MECH] n_channels=3904 test_acc=0.916 mean_active_frac=0.444 (15.1s)
[chan-mech] relu(adamw) seed=1 epoch= 19/25 (13.2s)
[chan-mech] relu(adamw) seed=1 epoch= 20/25 (13.1s)
[chan-mech] relu(adamw) seed=1 epoch= 21/25 (13.1s)
[chan-mech] relu(adamw) seed=1 epoch= 22/25 (13.1s)
[chan-mech] relu(adamw) seed=1 epoch= 23/25 (13.0s)
[chan-mech] relu(adamw) seed=1 epoch= 24/25 [MECH] n_channels=3904 test_acc=0.923 mean_active_frac=0.440 (15.1s)
[chan-mech] relu(adamw) seed=1 done in 5.7 min
[chan-mech] relu(adamw) seed=2 epoch=  0/25 [MECH] n_channels=3904 test_acc=0.580 mean_active_frac=0.515 (15.1s)
[chan-mech] relu(adamw) seed=2 epoch=  1/25 (13.2s)
[chan-mech] relu(adamw) seed=2 epoch=  2/25 (13.3s)
[chan-mech] relu(adamw) seed=2 epoch=  3/25 (13.3s)
[chan-mech] relu(adamw) seed=2 epoch=  4/25 (13.2s)
[chan-mech] relu(adamw) seed=2 epoch=  5/25 (13.3s)
[chan-mech] relu(adamw) seed=2 epoch=  6/25 [MECH] n_channels=3904 test_acc=0.820 mean_active_frac=0.475 (15.0s)
[chan-mech] relu(adamw) seed=2 epoch=  7/25 (13.1s)
[chan-mech] relu(adamw) seed=2 epoch=  8/25 (13.0s)
[chan-mech] relu(adamw) seed=2 epoch=  9/25 (13.0s)
[chan-mech] relu(adamw) seed=2 epoch= 10/25 (13.0s)
[chan-mech] relu(adamw) seed=2 epoch= 11/25 (13.1s)
[chan-mech] relu(adamw) seed=2 epoch= 12/25 [MECH] n_channels=3904 test_acc=0.891 mean_active_frac=0.455 (14.9s)
[chan-mech] relu(adamw) seed=2 epoch= 13/25 (13.1s)
[chan-mech] relu(adamw) seed=2 epoch= 14/25 (13.1s)
[chan-mech] relu(adamw) seed=2 epoch= 15/25 (13.1s)
[chan-mech] relu(adamw) seed=2 epoch= 16/25 (13.2s)
[chan-mech] relu(adamw) seed=2 epoch= 17/25 (13.2s)
[chan-mech] relu(adamw) seed=2 epoch= 18/25 [MECH] n_channels=3904 test_acc=0.908 mean_active_frac=0.446 (15.1s)
[chan-mech] relu(adamw) seed=2 epoch= 19/25 (13.2s)
[chan-mech] relu(adamw) seed=2 epoch= 20/25 (13.1s)
[chan-mech] relu(adamw) seed=2 epoch= 21/25 (13.1s)
[chan-mech] relu(adamw) seed=2 epoch= 22/25 (13.2s)
[chan-mech] relu(adamw) seed=2 epoch= 23/25 (13.1s)
[chan-mech] relu(adamw) seed=2 epoch= 24/25 [MECH] n_channels=3904 test_acc=0.914 mean_active_frac=0.444 (15.0s)
[chan-mech] relu(adamw) seed=2 done in 5.7 min
[chan-mech] gelu(adamw) seed=0 epoch=  0/25 [MECH] n_channels=3904 test_acc=0.537 mean_active_frac=0.976 (15.5s)
[chan-mech] gelu(adamw) seed=0 epoch=  1/25 (13.1s)
[chan-mech] gelu(adamw) seed=0 epoch=  2/25 (13.2s)
[chan-mech] gelu(adamw) seed=0 epoch=  3/25 (13.2s)
[chan-mech] gelu(adamw) seed=0 epoch=  4/25 (13.0s)
[chan-mech] gelu(adamw) seed=0 epoch=  5/25 (13.2s)
[chan-mech] gelu(adamw) seed=0 epoch=  6/25 [MECH] n_channels=3904 test_acc=0.837 mean_active_frac=0.975 (14.9s)
[chan-mech] gelu(adamw) seed=0 epoch=  7/25 (13.1s)
[chan-mech] gelu(adamw) seed=0 epoch=  8/25 (13.2s)
[chan-mech] gelu(adamw) seed=0 epoch=  9/25 (13.1s)
[chan-mech] gelu(adamw) seed=0 epoch= 10/25 (13.1s)
[chan-mech] gelu(adamw) seed=0 epoch= 11/25 (13.1s)
[chan-mech] gelu(adamw) seed=0 epoch= 12/25 [MECH] n_channels=3904 test_acc=0.886 mean_active_frac=0.972 (15.0s)
[chan-mech] gelu(adamw) seed=0 epoch= 13/25 (13.1s)
[chan-mech] gelu(adamw) seed=0 epoch= 14/25 (13.0s)
[chan-mech] gelu(adamw) seed=0 epoch= 15/25 (13.1s)
[chan-mech] gelu(adamw) seed=0 epoch= 16/25 (13.1s)
[chan-mech] gelu(adamw) seed=0 epoch= 17/25 (13.1s)
[chan-mech] gelu(adamw) seed=0 epoch= 18/25 [MECH] n_channels=3904 test_acc=0.909 mean_active_frac=0.963 (15.0s)
[chan-mech] gelu(adamw) seed=0 epoch= 19/25 (13.0s)
[chan-mech] gelu(adamw) seed=0 epoch= 20/25 (13.0s)
[chan-mech] gelu(adamw) seed=0 epoch= 21/25 (13.1s)
[chan-mech] gelu(adamw) seed=0 epoch= 22/25 (13.1s)
[chan-mech] gelu(adamw) seed=0 epoch= 23/25 (13.0s)
[chan-mech] gelu(adamw) seed=0 epoch= 24/25 [MECH] n_channels=3904 test_acc=0.921 mean_active_frac=0.958 (15.2s)
[chan-mech] gelu(adamw) seed=0 done in 5.6 min
[chan-mech] gelu(adamw) seed=1 epoch=  0/25 [MECH] n_channels=3904 test_acc=0.581 mean_active_frac=0.977 (14.9s)
[chan-mech] gelu(adamw) seed=1 epoch=  1/25 (13.2s)
[chan-mech] gelu(adamw) seed=1 epoch=  2/25 (13.1s)
[chan-mech] gelu(adamw) seed=1 epoch=  3/25 (13.1s)
[chan-mech] gelu(adamw) seed=1 epoch=  4/25 (13.2s)
[chan-mech] gelu(adamw) seed=1 epoch=  5/25 (13.1s)
[chan-mech] gelu(adamw) seed=1 epoch=  6/25 [MECH] n_channels=3904 test_acc=0.846 mean_active_frac=0.976 (15.1s)
[chan-mech] gelu(adamw) seed=1 epoch=  7/25 (13.1s)
[chan-mech] gelu(adamw) seed=1 epoch=  8/25 (13.1s)
[chan-mech] gelu(adamw) seed=1 epoch=  9/25 (13.1s)
[chan-mech] gelu(adamw) seed=1 epoch= 10/25 (13.1s)
[chan-mech] gelu(adamw) seed=1 epoch= 11/25 (13.2s)
[chan-mech] gelu(adamw) seed=1 epoch= 12/25 [MECH] n_channels=3904 test_acc=0.899 mean_active_frac=0.974 (15.1s)
[chan-mech] gelu(adamw) seed=1 epoch= 13/25 (13.1s)
[chan-mech] gelu(adamw) seed=1 epoch= 14/25 (13.1s)
[chan-mech] gelu(adamw) seed=1 epoch= 15/25 (13.1s)
[chan-mech] gelu(adamw) seed=1 epoch= 16/25 (13.1s)
[chan-mech] gelu(adamw) seed=1 epoch= 17/25 (13.0s)
[chan-mech] gelu(adamw) seed=1 epoch= 18/25 [MECH] n_channels=3904 test_acc=0.920 mean_active_frac=0.965 (15.0s)
[chan-mech] gelu(adamw) seed=1 epoch= 19/25 (13.0s)
[chan-mech] gelu(adamw) seed=1 epoch= 20/25 (13.1s)
[chan-mech] gelu(adamw) seed=1 epoch= 21/25 (13.1s)
[chan-mech] gelu(adamw) seed=1 epoch= 22/25 (13.0s)
[chan-mech] gelu(adamw) seed=1 epoch= 23/25 (13.0s)
[chan-mech] gelu(adamw) seed=1 epoch= 24/25 [MECH] n_channels=3904 test_acc=0.922 mean_active_frac=0.956 (14.9s)
[chan-mech] gelu(adamw) seed=1 done in 5.6 min
[chan-mech] gelu(adamw) seed=2 epoch=  0/25 [MECH] n_channels=3904 test_acc=0.571 mean_active_frac=0.977 (15.2s)
[chan-mech] gelu(adamw) seed=2 epoch=  1/25 (13.0s)
[chan-mech] gelu(adamw) seed=2 epoch=  2/25 (13.0s)
[chan-mech] gelu(adamw) seed=2 epoch=  3/25 (13.1s)
[chan-mech] gelu(adamw) seed=2 epoch=  4/25 (13.0s)
[chan-mech] gelu(adamw) seed=2 epoch=  5/25 (13.0s)
[chan-mech] gelu(adamw) seed=2 epoch=  6/25 [MECH] n_channels=3904 test_acc=0.847 mean_active_frac=0.975 (14.9s)
[chan-mech] gelu(adamw) seed=2 epoch=  7/25 (13.0s)
[chan-mech] gelu(adamw) seed=2 epoch=  8/25 (13.0s)
[chan-mech] gelu(adamw) seed=2 epoch=  9/25 (13.0s)
[chan-mech] gelu(adamw) seed=2 epoch= 10/25 (13.0s)
[chan-mech] gelu(adamw) seed=2 epoch= 11/25 (13.0s)
[chan-mech] gelu(adamw) seed=2 epoch= 12/25 [MECH] n_channels=3904 test_acc=0.896 mean_active_frac=0.973 (15.0s)
[chan-mech] gelu(adamw) seed=2 epoch= 13/25 (13.0s)
[chan-mech] gelu(adamw) seed=2 epoch= 14/25 (13.2s)
[chan-mech] gelu(adamw) seed=2 epoch= 15/25 (13.1s)
[chan-mech] gelu(adamw) seed=2 epoch= 16/25 (13.1s)
[chan-mech] gelu(adamw) seed=2 epoch= 17/25 (13.1s)
[chan-mech] gelu(adamw) seed=2 epoch= 18/25 [MECH] n_channels=3904 test_acc=0.916 mean_active_frac=0.966 (15.0s)
[chan-mech] gelu(adamw) seed=2 epoch= 19/25 (13.0s)
[chan-mech] gelu(adamw) seed=2 epoch= 20/25 (13.0s)
[chan-mech] gelu(adamw) seed=2 epoch= 21/25 (13.0s)
[chan-mech] gelu(adamw) seed=2 epoch= 22/25 (13.0s)
[chan-mech] gelu(adamw) seed=2 epoch= 23/25 (13.0s)
[chan-mech] gelu(adamw) seed=2 epoch= 24/25 [MECH] n_channels=3904 test_acc=0.923 mean_active_frac=0.957 (15.1s)
[chan-mech] gelu(adamw) seed=2 done in 5.6 min
[chan-mech] silu(adamw) seed=0 epoch=  0/25 [MECH] n_channels=3904 test_acc=0.530 mean_active_frac=0.987 (15.4s)
[chan-mech] silu(adamw) seed=0 epoch=  1/25 (13.1s)
[chan-mech] silu(adamw) seed=0 epoch=  2/25 (13.0s)
[chan-mech] silu(adamw) seed=0 epoch=  3/25 (13.2s)
[chan-mech] silu(adamw) seed=0 epoch=  4/25 (13.1s)
[chan-mech] silu(adamw) seed=0 epoch=  5/25 (13.0s)
[chan-mech] silu(adamw) seed=0 epoch=  6/25 [MECH] n_channels=3904 test_acc=0.847 mean_active_frac=0.984 (14.9s)
[chan-mech] silu(adamw) seed=0 epoch=  7/25 (13.0s)
[chan-mech] silu(adamw) seed=0 epoch=  8/25 (13.1s)
[chan-mech] silu(adamw) seed=0 epoch=  9/25 (13.0s)
[chan-mech] silu(adamw) seed=0 epoch= 10/25 (13.2s)
[chan-mech] silu(adamw) seed=0 epoch= 11/25 (13.0s)
[chan-mech] silu(adamw) seed=0 epoch= 12/25 [MECH] n_channels=3904 test_acc=0.890 mean_active_frac=0.983 (15.0s)
[chan-mech] silu(adamw) seed=0 epoch= 13/25 (13.2s)
[chan-mech] silu(adamw) seed=0 epoch= 14/25 (13.2s)
[chan-mech] silu(adamw) seed=0 epoch= 15/25 (13.1s)
[chan-mech] silu(adamw) seed=0 epoch= 16/25 (13.0s)
[chan-mech] silu(adamw) seed=0 epoch= 17/25 (13.1s)
[chan-mech] silu(adamw) seed=0 epoch= 18/25 [MECH] n_channels=3904 test_acc=0.915 mean_active_frac=0.976 (15.0s)
[chan-mech] silu(adamw) seed=0 epoch= 19/25 (13.0s)
[chan-mech] silu(adamw) seed=0 epoch= 20/25 (13.0s)
[chan-mech] silu(adamw) seed=0 epoch= 21/25 (13.1s)
[chan-mech] silu(adamw) seed=0 epoch= 22/25 (13.1s)
[chan-mech] silu(adamw) seed=0 epoch= 23/25 (13.1s)
[chan-mech] silu(adamw) seed=0 epoch= 24/25 [MECH] n_channels=3904 test_acc=0.920 mean_active_frac=0.971 (14.9s)
[chan-mech] silu(adamw) seed=0 done in 5.6 min
[chan-mech] silu(adamw) seed=1 epoch=  0/25 [MECH] n_channels=3904 test_acc=0.538 mean_active_frac=0.987 (15.0s)
[chan-mech] silu(adamw) seed=1 epoch=  1/25 (13.1s)
[chan-mech] silu(adamw) seed=1 epoch=  2/25 (13.1s)
[chan-mech] silu(adamw) seed=1 epoch=  3/25 (13.1s)
[chan-mech] silu(adamw) seed=1 epoch=  4/25 (13.1s)
[chan-mech] silu(adamw) seed=1 epoch=  5/25 (13.0s)
[chan-mech] silu(adamw) seed=1 epoch=  6/25 [MECH] n_channels=3904 test_acc=0.854 mean_active_frac=0.984 (15.0s)
[chan-mech] silu(adamw) seed=1 epoch=  7/25 (13.0s)
[chan-mech] silu(adamw) seed=1 epoch=  8/25 (13.1s)
[chan-mech] silu(adamw) seed=1 epoch=  9/25 (13.0s)
[chan-mech] silu(adamw) seed=1 epoch= 10/25 (13.0s)
[chan-mech] silu(adamw) seed=1 epoch= 11/25 (13.1s)
[chan-mech] silu(adamw) seed=1 epoch= 12/25 [MECH] n_channels=3904 test_acc=0.893 mean_active_frac=0.983 (15.0s)
[chan-mech] silu(adamw) seed=1 epoch= 13/25 (13.1s)
[chan-mech] silu(adamw) seed=1 epoch= 14/25 (13.1s)
[chan-mech] silu(adamw) seed=1 epoch= 15/25 (13.1s)
[chan-mech] silu(adamw) seed=1 epoch= 16/25 (13.1s)
[chan-mech] silu(adamw) seed=1 epoch= 17/25 (13.0s)
[chan-mech] silu(adamw) seed=1 epoch= 18/25 [MECH] n_channels=3904 test_acc=0.912 mean_active_frac=0.977 (15.0s)
[chan-mech] silu(adamw) seed=1 epoch= 19/25 (13.1s)
[chan-mech] silu(adamw) seed=1 epoch= 20/25 (13.1s)
[chan-mech] silu(adamw) seed=1 epoch= 21/25 (13.0s)
[chan-mech] silu(adamw) seed=1 epoch= 22/25 (13.0s)
[chan-mech] silu(adamw) seed=1 epoch= 23/25 (13.2s)
[chan-mech] silu(adamw) seed=1 epoch= 24/25 [MECH] n_channels=3904 test_acc=0.917 mean_active_frac=0.972 (14.9s)
[chan-mech] silu(adamw) seed=1 done in 5.6 min
[chan-mech] silu(adamw) seed=2 epoch=  0/25 [MECH] n_channels=3904 test_acc=0.538 mean_active_frac=0.986 (15.0s)
[chan-mech] silu(adamw) seed=2 epoch=  1/25 (13.1s)
[chan-mech] silu(adamw) seed=2 epoch=  2/25 (13.1s)
[chan-mech] silu(adamw) seed=2 epoch=  3/25 (13.0s)
[chan-mech] silu(adamw) seed=2 epoch=  4/25 (13.0s)
[chan-mech] silu(adamw) seed=2 epoch=  5/25 (13.0s)
[chan-mech] silu(adamw) seed=2 epoch=  6/25 [MECH] n_channels=3904 test_acc=0.832 mean_active_frac=0.984 (14.9s)
[chan-mech] silu(adamw) seed=2 epoch=  7/25 (13.0s)
[chan-mech] silu(adamw) seed=2 epoch=  8/25 (13.1s)
[chan-mech] silu(adamw) seed=2 epoch=  9/25 (13.0s)
[chan-mech] silu(adamw) seed=2 epoch= 10/25 (13.0s)
[chan-mech] silu(adamw) seed=2 epoch= 11/25 (13.0s)
[chan-mech] silu(adamw) seed=2 epoch= 12/25 [MECH] n_channels=3904 test_acc=0.886 mean_active_frac=0.983 (14.9s)
[chan-mech] silu(adamw) seed=2 epoch= 13/25 (13.0s)
[chan-mech] silu(adamw) seed=2 epoch= 14/25 (13.0s)
[chan-mech] silu(adamw) seed=2 epoch= 15/25 (13.1s)
[chan-mech] silu(adamw) seed=2 epoch= 16/25 (13.0s)
[chan-mech] silu(adamw) seed=2 epoch= 17/25 (13.0s)
[chan-mech] silu(adamw) seed=2 epoch= 18/25 [MECH] n_channels=3904 test_acc=0.912 mean_active_frac=0.980 (15.0s)
[chan-mech] silu(adamw) seed=2 epoch= 19/25 (13.0s)
[chan-mech] silu(adamw) seed=2 epoch= 20/25 (13.0s)
[chan-mech] silu(adamw) seed=2 epoch= 21/25 (13.1s)
[chan-mech] silu(adamw) seed=2 epoch= 22/25 (13.1s)
[chan-mech] silu(adamw) seed=2 epoch= 23/25 (13.0s)
[chan-mech] silu(adamw) seed=2 epoch= 24/25 [MECH] n_channels=3904 test_acc=0.919 mean_active_frac=0.974 (15.0s)
[chan-mech] silu(adamw) seed=2 done in 5.6 min
[chan-mech] mish(adamw) seed=0 epoch=  0/25 [MECH] n_channels=3904 test_acc=0.557 mean_active_frac=0.987 (15.5s)
[chan-mech] mish(adamw) seed=0 epoch=  1/25 (13.1s)
[chan-mech] mish(adamw) seed=0 epoch=  2/25 (13.1s)
[chan-mech] mish(adamw) seed=0 epoch=  3/25 (13.1s)
[chan-mech] mish(adamw) seed=0 epoch=  4/25 (13.2s)
[chan-mech] mish(adamw) seed=0 epoch=  5/25 (13.0s)
[chan-mech] mish(adamw) seed=0 epoch=  6/25 [MECH] n_channels=3904 test_acc=0.839 mean_active_frac=0.985 (15.0s)
[chan-mech] mish(adamw) seed=0 epoch=  7/25 (13.0s)
[chan-mech] mish(adamw) seed=0 epoch=  8/25 (13.0s)
[chan-mech] mish(adamw) seed=0 epoch=  9/25 (13.1s)
[chan-mech] mish(adamw) seed=0 epoch= 10/25 (13.1s)
[chan-mech] mish(adamw) seed=0 epoch= 11/25 (13.0s)
[chan-mech] mish(adamw) seed=0 epoch= 12/25 [MECH] n_channels=3904 test_acc=0.891 mean_active_frac=0.984 (15.0s)
[chan-mech] mish(adamw) seed=0 epoch= 13/25 (13.1s)
[chan-mech] mish(adamw) seed=0 epoch= 14/25 (13.1s)
[chan-mech] mish(adamw) seed=0 epoch= 15/25 (13.0s)
[chan-mech] mish(adamw) seed=0 epoch= 16/25 (13.2s)
[chan-mech] mish(adamw) seed=0 epoch= 17/25 (13.1s)
[chan-mech] mish(adamw) seed=0 epoch= 18/25 [MECH] n_channels=3904 test_acc=0.914 mean_active_frac=0.981 (15.0s)
[chan-mech] mish(adamw) seed=0 epoch= 19/25 (13.1s)
[chan-mech] mish(adamw) seed=0 epoch= 20/25 (13.0s)
[chan-mech] mish(adamw) seed=0 epoch= 21/25 (13.1s)
[chan-mech] mish(adamw) seed=0 epoch= 22/25 (13.1s)
[chan-mech] mish(adamw) seed=0 epoch= 23/25 (13.0s)
[chan-mech] mish(adamw) seed=0 epoch= 24/25 [MECH] n_channels=3904 test_acc=0.921 mean_active_frac=0.970 (15.0s)
[chan-mech] mish(adamw) seed=0 done in 5.6 min
[chan-mech] mish(adamw) seed=1 epoch=  0/25 [MECH] n_channels=3904 test_acc=0.573 mean_active_frac=0.987 (14.9s)
[chan-mech] mish(adamw) seed=1 epoch=  1/25 (13.1s)
[chan-mech] mish(adamw) seed=1 epoch=  2/25 (13.0s)
[chan-mech] mish(adamw) seed=1 epoch=  3/25 (13.1s)
[chan-mech] mish(adamw) seed=1 epoch=  4/25 (13.1s)
[chan-mech] mish(adamw) seed=1 epoch=  5/25 (13.0s)
[chan-mech] mish(adamw) seed=1 epoch=  6/25 [MECH] n_channels=3904 test_acc=0.853 mean_active_frac=0.985 (15.2s)
[chan-mech] mish(adamw) seed=1 epoch=  7/25 (13.2s)
[chan-mech] mish(adamw) seed=1 epoch=  8/25 (13.1s)
[chan-mech] mish(adamw) seed=1 epoch=  9/25 (13.1s)
[chan-mech] mish(adamw) seed=1 epoch= 10/25 (13.0s)
[chan-mech] mish(adamw) seed=1 epoch= 11/25 (13.0s)
[chan-mech] mish(adamw) seed=1 epoch= 12/25 [MECH] n_channels=3904 test_acc=0.893 mean_active_frac=0.984 (15.1s)
[chan-mech] mish(adamw) seed=1 epoch= 13/25 (13.0s)
[chan-mech] mish(adamw) seed=1 epoch= 14/25 (13.1s)
[chan-mech] mish(adamw) seed=1 epoch= 15/25 (13.1s)
[chan-mech] mish(adamw) seed=1 epoch= 16/25 (13.1s)
[chan-mech] mish(adamw) seed=1 epoch= 17/25 (13.1s)
[chan-mech] mish(adamw) seed=1 epoch= 18/25 [MECH] n_channels=3904 test_acc=0.915 mean_active_frac=0.974 (14.9s)
[chan-mech] mish(adamw) seed=1 epoch= 19/25 (13.1s)
[chan-mech] mish(adamw) seed=1 epoch= 20/25 (13.1s)
[chan-mech] mish(adamw) seed=1 epoch= 21/25 (13.1s)
[chan-mech] mish(adamw) seed=1 epoch= 22/25 (13.1s)
[chan-mech] mish(adamw) seed=1 epoch= 23/25 (13.0s)
[chan-mech] mish(adamw) seed=1 epoch= 24/25 [MECH] n_channels=3904 test_acc=0.921 mean_active_frac=0.969 (15.0s)
[chan-mech] mish(adamw) seed=1 done in 5.6 min
[chan-mech] mish(adamw) seed=2 epoch=  0/25 [MECH] n_channels=3904 test_acc=0.542 mean_active_frac=0.986 (15.0s)
[chan-mech] mish(adamw) seed=2 epoch=  1/25 (13.0s)
[chan-mech] mish(adamw) seed=2 epoch=  2/25 (13.1s)
[chan-mech] mish(adamw) seed=2 epoch=  3/25 (13.2s)
[chan-mech] mish(adamw) seed=2 epoch=  4/25 (13.0s)
[chan-mech] mish(adamw) seed=2 epoch=  5/25 (13.1s)
[chan-mech] mish(adamw) seed=2 epoch=  6/25 [MECH] n_channels=3904 test_acc=0.839 mean_active_frac=0.985 (15.0s)
[chan-mech] mish(adamw) seed=2 epoch=  7/25 (13.1s)
[chan-mech] mish(adamw) seed=2 epoch=  8/25 (14.4s)
[chan-mech] mish(adamw) seed=2 epoch=  9/25 (31.3s)
[chan-mech] mish(adamw) seed=2 epoch= 10/25 (13.3s)
[chan-mech] mish(adamw) seed=2 epoch= 11/25 (13.2s)
[chan-mech] mish(adamw) seed=2 epoch= 12/25 [MECH] n_channels=3904 test_acc=0.887 mean_active_frac=0.984 (18.5s)
[chan-mech] mish(adamw) seed=2 epoch= 13/25 (13.3s)
[chan-mech] mish(adamw) seed=2 epoch= 14/25 (13.2s)
[chan-mech] mish(adamw) seed=2 epoch= 15/25 (13.2s)
[chan-mech] mish(adamw) seed=2 epoch= 16/25 (13.2s)
[chan-mech] mish(adamw) seed=2 epoch= 17/25 (13.5s)
[chan-mech] mish(adamw) seed=2 epoch= 18/25 [MECH] n_channels=3904 test_acc=0.911 mean_active_frac=0.979 (15.3s)
[chan-mech] mish(adamw) seed=2 epoch= 19/25 (13.3s)
[chan-mech] mish(adamw) seed=2 epoch= 20/25 (13.3s)
[chan-mech] mish(adamw) seed=2 epoch= 21/25 (13.4s)
[chan-mech] mish(adamw) seed=2 epoch= 22/25 (13.2s)
[chan-mech] mish(adamw) seed=2 epoch= 23/25 (13.4s)
[chan-mech] mish(adamw) seed=2 epoch= 24/25 [MECH] n_channels=3904 test_acc=0.921 mean_active_frac=0.973 (15.4s)
[chan-mech] mish(adamw) seed=2 done in 6.1 min
Job complete at Sat Jun 20 20:31:48 EDT 2026
